<?xml version="1.0" encoding="UTF-8"?>
<coverage generated="1782973323625" clover="3.2.0">
  <project timestamp="1782973323625" name="All files">
    <metrics statements="5107" coveredstatements="2162" conditionals="4423" coveredconditionals="1171" methods="746" coveredmethods="233" elements="10276" coveredelements="3566" complexity="0" loc="5107" ncloc="5107" packages="18" files="68" classes="68"/>
    <package name="src">
      <metrics statements="203" coveredstatements="89" conditionals="87" coveredconditionals="14" methods="44" coveredmethods="3"/>
      <file name="server.js" path="C:\Users\admin\mushroom-shop\backend\src\server.js">
        <metrics statements="203" coveredstatements="89" conditionals="87" coveredconditionals="14" methods="44" coveredmethods="3"/>
        <line num="1" count="25" type="stmt"/>
        <line num="2" count="25" type="stmt"/>
        <line num="3" count="25" type="stmt"/>
        <line num="4" count="25" type="stmt"/>
        <line num="5" count="25" type="stmt"/>
        <line num="6" count="25" type="stmt"/>
        <line num="7" count="25" type="stmt"/>
        <line num="8" count="25" type="stmt"/>
        <line num="9" count="25" type="stmt"/>
        <line num="10" count="25" type="stmt"/>
        <line num="12" count="25" type="stmt"/>
        <line num="13" count="25" type="stmt"/>
        <line num="14" count="25" type="stmt"/>
        <line num="15" count="25" type="stmt"/>
        <line num="16" count="25" type="stmt"/>
        <line num="17" count="25" type="stmt"/>
        <line num="18" count="25" type="stmt"/>
        <line num="19" count="25" type="stmt"/>
        <line num="20" count="25" type="stmt"/>
        <line num="21" count="25" type="stmt"/>
        <line num="22" count="25" type="stmt"/>
        <line num="23" count="25" type="stmt"/>
        <line num="24" count="25" type="stmt"/>
        <line num="25" count="25" type="stmt"/>
        <line num="26" count="25" type="stmt"/>
        <line num="29" count="25" type="stmt"/>
        <line num="30" count="25" type="stmt"/>
        <line num="32" count="25" type="stmt"/>
        <line num="33" count="25" type="stmt"/>
        <line num="35" count="25" type="stmt"/>
        <line num="36" count="25" type="cond" truecount="1" falsecount="1"/>
        <line num="38" count="25" type="cond" truecount="1" falsecount="1"/>
        <line num="39" count="0" type="stmt"/>
        <line num="42" count="0" type="stmt"/>
        <line num="50" count="25" type="stmt"/>
        <line num="53" count="25" type="stmt"/>
        <line num="56" count="25" type="stmt"/>
        <line num="66" count="25" type="cond" truecount="1" falsecount="2"/>
        <line num="67" count="25" type="stmt"/>
        <line num="75" count="25" type="stmt"/>
        <line num="83" count="25" type="stmt"/>
        <line num="89" count="106" type="stmt"/>
        <line num="93" count="25" type="stmt"/>
        <line num="94" count="25" type="stmt"/>
        <line num="95" count="25" type="stmt"/>
        <line num="96" count="25" type="stmt"/>
        <line num="97" count="25" type="stmt"/>
        <line num="101" count="25" type="stmt"/>
        <line num="104" count="76" type="cond" truecount="4" falsecount="0"/>
        <line num="105" count="13" type="stmt"/>
        <line num="110" count="25" type="stmt"/>
        <line num="112" count="25" type="stmt"/>
        <line num="113" count="0" type="cond" truecount="0" falsecount="5"/>
        <line num="114" count="0" type="stmt"/>
        <line num="120" count="0" type="stmt"/>
        <line num="124" count="25" type="stmt"/>
        <line num="125" count="25" type="stmt"/>
        <line num="128" count="25" type="stmt"/>
        <line num="129" count="25" type="stmt"/>
        <line num="130" count="25" type="stmt"/>
        <line num="131" count="25" type="stmt"/>
        <line num="132" count="25" type="stmt"/>
        <line num="133" count="25" type="stmt"/>
        <line num="134" count="25" type="stmt"/>
        <line num="135" count="25" type="stmt"/>
        <line num="136" count="25" type="stmt"/>
        <line num="137" count="25" type="stmt"/>
        <line num="138" count="25" type="stmt"/>
        <line num="139" count="25" type="stmt"/>
        <line num="140" count="25" type="stmt"/>
        <line num="143" count="25" type="stmt"/>
        <line num="144" count="25" type="stmt"/>
        <line num="146" count="25" type="stmt"/>
        <line num="149" count="25" type="stmt"/>
        <line num="150" count="25" type="stmt"/>
        <line num="151" count="25" type="stmt"/>
        <line num="152" count="25" type="stmt"/>
        <line num="155" count="25" type="stmt"/>
        <line num="156" count="25" type="stmt"/>
        <line num="159" count="25" type="stmt"/>
        <line num="160" count="25" type="stmt"/>
        <line num="165" count="25" type="stmt"/>
        <line num="166" count="0" type="cond" truecount="0" falsecount="4"/>
        <line num="168" count="25" type="stmt"/>
        <line num="169" count="0" type="cond" truecount="0" falsecount="2"/>
        <line num="174" count="25" type="stmt"/>
        <line num="175" count="0" type="cond" truecount="0" falsecount="2"/>
        <line num="176" count="0" type="stmt"/>
        <line num="178" count="0" type="stmt"/>
        <line num="179" count="0" type="stmt"/>
        <line num="180" count="0" type="stmt"/>
        <line num="184" count="25" type="stmt"/>
        <line num="185" count="0" type="stmt"/>
        <line num="194" count="25" type="stmt"/>
        <line num="195" count="1" type="stmt"/>
        <line num="203" count="25" type="stmt"/>
        <line num="206" count="25" type="cond" truecount="1" falsecount="1"/>
        <line num="207" count="25" type="stmt"/>
        <line num="211" count="0" type="cond" truecount="0" falsecount="2"/>
        <line num="212" count="0" type="stmt"/>
        <line num="213" count="0" type="stmt"/>
        <line num="214" count="0" type="cond" truecount="0" falsecount="2"/>
        <line num="215" count="0" type="cond" truecount="0" falsecount="2"/>
        <line num="216" count="0" type="stmt"/>
        <line num="217" count="0" type="cond" truecount="0" falsecount="4"/>
        <line num="219" count="0" type="stmt"/>
        <line num="227" count="0" type="stmt"/>
        <line num="230" count="0" type="stmt"/>
        <line num="568" count="0" type="stmt"/>
        <line num="569" count="0" type="stmt"/>
        <line num="573" count="0" type="stmt"/>
        <line num="574" count="0" type="stmt"/>
        <line num="575" count="0" type="stmt"/>
        <line num="577" count="0" type="stmt"/>
        <line num="583" count="0" type="stmt"/>
        <line num="585" count="0" type="stmt"/>
        <line num="586" count="0" type="stmt"/>
        <line num="587" count="0" type="stmt"/>
        <line num="588" count="0" type="stmt"/>
        <line num="590" count="0" type="cond" truecount="0" falsecount="2"/>
        <line num="591" count="0" type="stmt"/>
        <line num="592" count="0" type="stmt"/>
        <line num="597" count="0" type="stmt"/>
        <line num="598" count="0" type="stmt"/>
        <line num="599" count="0" type="stmt"/>
        <line num="601" count="0" type="cond" truecount="0" falsecount="2"/>
        <line num="602" count="0" type="stmt"/>
        <line num="603" count="0" type="stmt"/>
        <line num="604" count="0" type="cond" truecount="0" falsecount="2"/>
        <line num="605" count="0" type="stmt"/>
        <line num="613" count="0" type="stmt"/>
        <line num="614" count="0" type="stmt"/>
        <line num="615" count="0" type="stmt"/>
        <line num="618" count="0" type="stmt"/>
        <line num="619" count="0" type="stmt"/>
        <line num="620" count="0" type="stmt"/>
        <line num="622" count="0" type="stmt"/>
        <line num="624" count="0" type="cond" truecount="0" falsecount="2"/>
        <line num="625" count="0" type="stmt"/>
        <line num="626" count="0" type="stmt"/>
        <line num="627" count="0" type="cond" truecount="0" falsecount="2"/>
        <line num="628" count="0" type="cond" truecount="0" falsecount="2"/>
        <line num="629" count="0" type="cond" truecount="0" falsecount="2"/>
        <line num="630" count="0" type="stmt"/>
        <line num="632" count="0" type="cond" truecount="0" falsecount="2"/>
        <line num="633" count="0" type="stmt"/>
        <line num="634" count="0" type="stmt"/>
        <line num="635" count="0" type="cond" truecount="0" falsecount="2"/>
        <line num="636" count="0" type="cond" truecount="0" falsecount="2"/>
        <line num="637" count="0" type="stmt"/>
        <line num="646" count="0" type="stmt"/>
        <line num="647" count="0" type="stmt"/>
        <line num="648" count="0" type="stmt"/>
        <line num="649" count="0" type="stmt"/>
        <line num="652" count="0" type="stmt"/>
        <line num="655" count="0" type="cond" truecount="0" falsecount="2"/>
        <line num="656" count="0" type="stmt"/>
        <line num="660" count="0" type="stmt"/>
        <line num="661" count="0" type="stmt"/>
        <line num="662" count="0" type="stmt"/>
        <line num="663" count="0" type="stmt"/>
        <line num="664" count="0" type="stmt"/>
        <line num="667" count="0" type="stmt"/>
        <line num="668" count="0" type="stmt"/>
        <line num="669" count="0" type="stmt"/>
        <line num="670" count="0" type="stmt"/>
        <line num="674" count="0" type="stmt"/>
        <line num="675" count="0" type="stmt"/>
        <line num="676" count="0" type="stmt"/>
        <line num="678" count="0" type="stmt"/>
        <line num="679" count="0" type="stmt"/>
        <line num="680" count="0" type="stmt"/>
        <line num="683" count="0" type="stmt"/>
        <line num="684" count="0" type="stmt"/>
        <line num="687" count="0" type="stmt"/>
        <line num="688" count="0" type="stmt"/>
        <line num="691" count="0" type="stmt"/>
        <line num="692" count="0" type="stmt"/>
        <line num="694" count="0" type="stmt"/>
        <line num="697" count="0" type="stmt"/>
        <line num="698" count="0" type="cond" truecount="0" falsecount="4"/>
        <line num="699" count="0" type="stmt"/>
        <line num="700" count="0" type="stmt"/>
        <line num="701" count="0" type="stmt"/>
        <line num="703" count="0" type="stmt"/>
        <line num="704" count="0" type="stmt"/>
        <line num="709" count="25" type="cond" truecount="1" falsecount="1"/>
        <line num="711" count="0" type="stmt"/>
        <line num="715" count="25" type="stmt"/>
        <line num="716" count="0" type="stmt"/>
        <line num="717" count="0" type="stmt"/>
        <line num="718" count="0" type="stmt"/>
        <line num="719" count="0" type="stmt"/>
        <line num="720" count="0" type="stmt"/>
        <line num="721" count="0" type="stmt"/>
        <line num="724" count="25" type="stmt"/>
        <line num="725" count="0" type="stmt"/>
        <line num="726" count="0" type="stmt"/>
        <line num="727" count="0" type="stmt"/>
        <line num="728" count="0" type="stmt"/>
        <line num="729" count="0" type="stmt"/>
        <line num="730" count="0" type="stmt"/>
        <line num="733" count="25" type="stmt"/>
      </file>
    </package>
    <package name="src.config">
      <metrics statements="384" coveredstatements="275" conditionals="232" coveredconditionals="141" methods="78" coveredmethods="36"/>
      <file name="db.js" path="C:\Users\admin\mushroom-shop\backend\src\config\db.js">
        <metrics statements="329" coveredstatements="240" conditionals="191" coveredconditionals="123" methods="70" coveredmethods="33"/>
        <line num="1" count="30" type="stmt"/>
        <line num="2" count="30" type="stmt"/>
        <line num="3" count="30" type="stmt"/>
        <line num="4" count="30" type="stmt"/>
        <line num="5" count="30" type="stmt"/>
        <line num="7" count="30" type="cond" truecount="2" falsecount="0"/>
        <line num="8" count="30" type="cond" truecount="2" falsecount="0"/>
        <line num="12" count="30" type="cond" truecount="1" falsecount="6"/>
        <line num="20" count="30" type="stmt"/>
        <line num="21" count="30" type="cond" truecount="1" falsecount="1"/>
        <line num="23" count="0" type="stmt"/>
        <line num="27" count="30" type="stmt"/>
        <line num="455" count="30" type="stmt"/>
        <line num="456" count="30" type="stmt"/>
        <line num="457" count="30" type="stmt"/>
        <line num="458" count="750" type="stmt"/>
        <line num="459" count="30" type="stmt"/>
        <line num="460" count="300" type="stmt"/>
        <line num="461" count="30" type="stmt"/>
        <line num="470" count="75240" type="stmt"/>
        <line num="474" count="30" type="stmt"/>
        <line num="476" count="30" type="stmt"/>
        <line num="477" count="900" type="stmt"/>
        <line num="478" count="900" type="cond" truecount="2" falsecount="0"/>
        <line num="479" count="900" type="cond" truecount="2" falsecount="0"/>
        <line num="480" count="900" type="stmt"/>
        <line num="483" count="900" type="stmt"/>
        <line num="484" count="19680" type="stmt"/>
        <line num="485" count="19680" type="stmt"/>
        <line num="486" count="19680" type="stmt"/>
        <line num="487" count="19680" type="stmt"/>
        <line num="489" count="19680" type="stmt"/>
        <line num="490" count="19680" type="stmt"/>
        <line num="491" count="118080" type="cond" truecount="2" falsecount="0"/>
        <line num="494" count="19680" type="stmt"/>
        <line num="495" count="53520" type="stmt"/>
        <line num="496" count="53520" type="stmt"/>
        <line num="497" count="53520" type="stmt"/>
        <line num="498" count="53520" type="cond" truecount="4" falsecount="0"/>
        <line num="499" count="53520" type="stmt"/>
        <line num="501" count="53520" type="cond" truecount="2" falsecount="0"/>
        <line num="502" count="18990" type="stmt"/>
        <line num="503" count="18990" type="stmt"/>
        <line num="504" count="18990" type="cond" truecount="4" falsecount="0"/>
        <line num="505" count="18990" type="cond" truecount="2" falsecount="0"/>
        <line num="506" count="18990" type="cond" truecount="4" falsecount="0"/>
        <line num="507" count="18990" type="cond" truecount="2" falsecount="0"/>
        <line num="508" count="2430" type="stmt"/>
        <line num="509" count="2430" type="stmt"/>
        <line num="510" count="2430" type="stmt"/>
        <line num="511" count="2430" type="stmt"/>
        <line num="512" count="5010" type="stmt"/>
        <line num="513" count="5010" type="stmt"/>
        <line num="514" count="5010" type="stmt"/>
        <line num="515" count="5010" type="stmt"/>
        <line num="516" count="5010" type="stmt"/>
        <line num="518" count="2430" type="stmt"/>
        <line num="519" count="2430" type="stmt"/>
        <line num="520" count="2430" type="stmt"/>
        <line num="521" count="2430" type="stmt"/>
        <line num="525" count="53520" type="stmt"/>
        <line num="538" count="19680" type="cond" truecount="5" falsecount="0"/>
        <line num="539" count="780" type="cond" truecount="2" falsecount="0"/>
        <line num="540" count="510" type="stmt"/>
        <line num="541" count="510" type="stmt"/>
        <line num="546" count="19680" type="cond" truecount="5" falsecount="0"/>
        <line num="547" count="600" type="cond" truecount="2" falsecount="0"/>
        <line num="548" count="150" type="stmt"/>
        <line num="549" count="150" type="stmt"/>
        <line num="556" count="30" type="stmt"/>
        <line num="557" count="30" type="stmt"/>
        <line num="558" count="30" type="stmt"/>
        <line num="559" count="150" type="stmt"/>
        <line num="560" count="150" type="stmt"/>
        <line num="561" count="150" type="stmt"/>
        <line num="563" count="30" type="stmt"/>
        <line num="564" count="30" type="stmt"/>
        <line num="565" count="30" type="stmt"/>
        <line num="566" count="30" type="stmt"/>
        <line num="568" count="30" type="stmt"/>
        <line num="822" count="30" type="stmt"/>
        <line num="823" count="30" type="stmt"/>
        <line num="824" count="30" type="stmt"/>
        <line num="990" count="30" type="stmt"/>
        <line num="991" count="30" type="cond" truecount="3" falsecount="1"/>
        <line num="992" count="0" type="stmt"/>
        <line num="996" count="30" type="stmt"/>
        <line num="999" count="30" type="stmt"/>
        <line num="1009" count="30" type="stmt"/>
        <line num="1019" count="30" type="stmt"/>
        <line num="1029" count="30" type="stmt"/>
        <line num="1040" count="30" type="stmt"/>
        <line num="1051" count="30" type="stmt"/>
        <line num="1058" count="644" type="stmt"/>
        <line num="1059" count="644" type="stmt"/>
        <line num="1060" count="644" type="stmt"/>
        <line num="1061" count="644" type="stmt"/>
        <line num="1062" count="644" type="stmt"/>
        <line num="1063" count="644" type="stmt"/>
        <line num="1067" count="362" type="cond" truecount="2" falsecount="0"/>
        <line num="1068" count="362" type="stmt"/>
        <line num="1072" count="1048" type="stmt"/>
        <line num="1073" count="474" type="stmt"/>
        <line num="1077" count="644" type="cond" truecount="2" falsecount="0"/>
        <line num="1078" count="140" type="stmt"/>
        <line num="1079" count="140" type="stmt"/>
        <line num="1080" count="140" type="cond" truecount="1" falsecount="1"/>
        <line num="1082" count="140" type="stmt"/>
        <line num="1083" count="140" type="stmt"/>
        <line num="1090" count="140" type="cond" truecount="2" falsecount="0"/>
        <line num="1091" count="35" type="cond" truecount="2" falsecount="0"/>
        <line num="1092" count="35" type="cond" truecount="2" falsecount="0"/>
        <line num="1093" count="35" type="cond" truecount="2" falsecount="0"/>
        <line num="1094" count="35" type="cond" truecount="2" falsecount="0"/>
        <line num="1095" count="35" type="cond" truecount="2" falsecount="0"/>
        <line num="1096" count="35" type="cond" truecount="2" falsecount="0"/>
        <line num="1097" count="35" type="stmt"/>
        <line num="1099" count="140" type="cond" truecount="2" falsecount="0"/>
        <line num="1100" count="3" type="cond" truecount="1" falsecount="1"/>
        <line num="1102" count="140" type="cond" truecount="2" falsecount="0"/>
        <line num="1103" count="15" type="cond" truecount="1" falsecount="1"/>
        <line num="1105" count="140" type="cond" truecount="2" falsecount="0"/>
        <line num="1106" count="15" type="cond" truecount="1" falsecount="2"/>
        <line num="1107" count="15" type="cond" truecount="1" falsecount="1"/>
        <line num="1108" count="15" type="stmt"/>
        <line num="1109" count="15" type="stmt"/>
        <line num="1110" count="15" type="cond" truecount="1" falsecount="1"/>
        <line num="1112" count="140" type="stmt"/>
        <line num="1113" count="140" type="stmt"/>
        <line num="1116" count="140" type="stmt"/>
        <line num="1117" count="140" type="stmt"/>
        <line num="1120" count="644" type="cond" truecount="2" falsecount="0"/>
        <line num="1121" count="138" type="stmt"/>
        <line num="1122" count="138" type="cond" truecount="2" falsecount="0"/>
        <line num="1123" count="13" type="cond" truecount="1" falsecount="1"/>
        <line num="1124" count="13" type="cond" truecount="1" falsecount="1"/>
        <line num="1125" count="13" type="cond" truecount="1" falsecount="1"/>
        <line num="1127" count="138" type="stmt"/>
        <line num="1128" count="138" type="stmt"/>
        <line num="1129" count="477" type="cond" truecount="1" falsecount="1"/>
        <line num="1130" count="477" type="stmt"/>
        <line num="1132" count="477" type="stmt"/>
        <line num="1136" count="138" type="stmt"/>
        <line num="1137" count="138" type="stmt"/>
        <line num="1138" count="138" type="stmt"/>
        <line num="1140" count="138" type="stmt"/>
        <line num="1141" count="194" type="cond" truecount="2" falsecount="0"/>
        <line num="1143" count="137" type="cond" truecount="2" falsecount="3"/>
        <line num="1144" count="0" type="stmt"/>
        <line num="1146" count="137" type="stmt"/>
        <line num="1147" count="137" type="cond" truecount="2" falsecount="0"/>
        <line num="1148" count="75" type="cond" truecount="1" falsecount="1"/>
        <line num="1150" count="137" type="stmt"/>
        <line num="1152" count="57" type="stmt"/>
        <line num="1154" count="138" type="stmt"/>
        <line num="1155" count="137" type="cond" truecount="1" falsecount="1"/>
        <line num="1156" count="137" type="cond" truecount="2" falsecount="3"/>
        <line num="1157" count="0" type="stmt"/>
        <line num="1159" count="137" type="cond" truecount="2" falsecount="0"/>
        <line num="1161" count="0" type="stmt"/>
        <line num="1163" count="138" type="stmt"/>
        <line num="1166" count="644" type="cond" truecount="2" falsecount="0"/>
        <line num="1167" count="4" type="stmt"/>
        <line num="1168" count="4" type="stmt"/>
        <line num="1169" count="39" type="stmt"/>
        <line num="1171" count="4" type="stmt"/>
        <line num="1172" count="39" type="stmt"/>
        <line num="1174" count="4" type="stmt"/>
        <line num="1175" count="4" type="stmt"/>
        <line num="1180" count="410" type="stmt"/>
        <line num="1181" count="410" type="cond" truecount="2" falsecount="0"/>
        <line num="1182" count="24" type="stmt"/>
        <line num="1187" count="386" type="stmt"/>
        <line num="1191" count="140" type="stmt"/>
        <line num="1192" count="140" type="stmt"/>
        <line num="1196" count="138" type="stmt"/>
        <line num="1197" count="138" type="stmt"/>
        <line num="1201" count="19" type="cond" truecount="1" falsecount="1"/>
        <line num="1202" count="19" type="stmt"/>
        <line num="1203" count="182" type="stmt"/>
        <line num="1204" count="182" type="stmt"/>
        <line num="1205" count="182" type="cond" truecount="2" falsecount="0"/>
        <line num="1206" count="182" type="cond" truecount="2" falsecount="0"/>
        <line num="1207" count="182" type="cond" truecount="2" falsecount="2"/>
        <line num="1208" count="182" type="cond" truecount="1" falsecount="3"/>
        <line num="1209" count="182" type="cond" truecount="1" falsecount="3"/>
        <line num="1210" count="182" type="cond" truecount="1" falsecount="3"/>
        <line num="1211" count="182" type="cond" truecount="3" falsecount="1"/>
        <line num="1212" count="27" type="stmt"/>
        <line num="1214" count="19" type="stmt"/>
        <line num="1218" count="0" type="stmt"/>
        <line num="1219" count="0" type="stmt"/>
        <line num="1224" count="0" type="stmt"/>
        <line num="1225" count="0" type="stmt"/>
        <line num="1226" count="0" type="stmt"/>
        <line num="1227" count="0" type="stmt"/>
        <line num="1228" count="0" type="cond" truecount="0" falsecount="2"/>
        <line num="1229" count="0" type="stmt"/>
        <line num="1230" count="0" type="stmt"/>
        <line num="1231" count="0" type="stmt"/>
        <line num="1232" count="0" type="cond" truecount="0" falsecount="2"/>
        <line num="1233" count="0" type="stmt"/>
        <line num="1234" count="0" type="stmt"/>
        <line num="1235" count="0" type="cond" truecount="0" falsecount="2"/>
        <line num="1237" count="0" type="stmt"/>
        <line num="1240" count="0" type="stmt"/>
        <line num="1244" count="0" type="stmt"/>
        <line num="1245" count="0" type="stmt"/>
        <line num="1246" count="0" type="cond" truecount="0" falsecount="2"/>
        <line num="1247" count="0" type="stmt"/>
        <line num="1251" count="2" type="cond" truecount="1" falsecount="1"/>
        <line num="1252" count="5" type="stmt"/>
        <line num="1253" count="2" type="stmt"/>
        <line num="1257" count="0" type="stmt"/>
        <line num="1258" count="0" type="stmt"/>
        <line num="1262" count="3" type="stmt"/>
        <line num="1263" count="1" type="stmt"/>
        <line num="1267" count="0" type="stmt"/>
        <line num="1268" count="0" type="stmt"/>
        <line num="1272" count="0" type="stmt"/>
        <line num="1273" count="0" type="stmt"/>
        <line num="1277" count="0" type="stmt"/>
        <line num="1278" count="0" type="stmt"/>
        <line num="1282" count="4" type="stmt"/>
        <line num="1283" count="4" type="stmt"/>
        <line num="1287" count="12" type="stmt"/>
        <line num="1288" count="12" type="stmt"/>
        <line num="1289" count="12" type="cond" truecount="1" falsecount="1"/>
        <line num="1290" count="0" type="stmt"/>
        <line num="1292" count="12" type="stmt"/>
        <line num="1296" count="0" type="stmt"/>
        <line num="1297" count="0" type="stmt"/>
        <line num="1298" count="0" type="cond" truecount="0" falsecount="2"/>
        <line num="1299" count="0" type="stmt"/>
        <line num="1301" count="0" type="stmt"/>
        <line num="1305" count="222" type="stmt"/>
        <line num="1306" count="222" type="stmt"/>
        <line num="1307" count="222" type="cond" truecount="1" falsecount="1"/>
        <line num="1308" count="0" type="stmt"/>
        <line num="1310" count="222" type="stmt"/>
        <line num="1319" count="0" type="stmt"/>
        <line num="1320" count="0" type="stmt"/>
        <line num="1324" count="0" type="stmt"/>
        <line num="1325" count="0" type="stmt"/>
        <line num="1329" count="0" type="stmt"/>
        <line num="1330" count="0" type="stmt"/>
        <line num="1331" count="0" type="stmt"/>
        <line num="1335" count="0" type="stmt"/>
        <line num="1336" count="0" type="stmt"/>
        <line num="1337" count="0" type="stmt"/>
        <line num="1341" count="0" type="stmt"/>
        <line num="1342" count="0" type="stmt"/>
        <line num="1343" count="0" type="stmt"/>
        <line num="1347" count="0" type="stmt"/>
        <line num="1348" count="0" type="stmt"/>
        <line num="1352" count="0" type="stmt"/>
        <line num="1353" count="0" type="stmt"/>
        <line num="1357" count="0" type="stmt"/>
        <line num="1358" count="0" type="stmt"/>
        <line num="1362" count="0" type="stmt"/>
        <line num="1363" count="0" type="stmt"/>
        <line num="1367" count="0" type="stmt"/>
        <line num="1368" count="0" type="stmt"/>
        <line num="1372" count="0" type="stmt"/>
        <line num="1373" count="0" type="stmt"/>
        <line num="1377" count="0" type="stmt"/>
        <line num="1378" count="0" type="stmt"/>
        <line num="1382" count="0" type="stmt"/>
        <line num="1383" count="0" type="stmt"/>
        <line num="1387" count="0" type="stmt"/>
        <line num="1388" count="0" type="stmt"/>
        <line num="1392" count="0" type="stmt"/>
        <line num="1393" count="0" type="stmt"/>
        <line num="1397" count="0" type="cond" truecount="0" falsecount="2"/>
        <line num="1398" count="0" type="stmt"/>
        <line num="1399" count="0" type="stmt"/>
        <line num="1401" count="0" type="stmt"/>
        <line num="1403" count="0" type="stmt"/>
        <line num="1407" count="0" type="cond" truecount="0" falsecount="2"/>
        <line num="1408" count="0" type="stmt"/>
        <line num="1409" count="0" type="stmt"/>
        <line num="1411" count="0" type="stmt"/>
        <line num="1415" count="30" type="stmt"/>
        <line num="1418" count="644" type="cond" truecount="1" falsecount="1"/>
        <line num="1419" count="0" type="stmt"/>
        <line num="1421" count="644" type="stmt"/>
        <line num="1430" count="30" type="cond" truecount="2" falsecount="2"/>
        <line num="1432" count="0" type="stmt"/>
        <line num="1441" count="0" type="cond" truecount="0" falsecount="2"/>
        <line num="1442" count="0" type="stmt"/>
        <line num="1443" count="0" type="cond" truecount="0" falsecount="2"/>
        <line num="1444" count="0" type="stmt"/>
        <line num="1446" count="0" type="stmt"/>
        <line num="1451" count="5" type="stmt"/>
        <line num="1452" count="5" type="stmt"/>
        <line num="1453" count="5" type="stmt"/>
        <line num="1454" count="5" type="stmt"/>
        <line num="1455" count="5" type="stmt"/>
        <line num="1456" count="5" type="stmt"/>
        <line num="1457" count="5" type="stmt"/>
        <line num="1458" count="5" type="stmt"/>
        <line num="1459" count="5" type="stmt"/>
        <line num="1460" count="5" type="stmt"/>
        <line num="1461" count="5" type="stmt"/>
        <line num="1462" count="5" type="stmt"/>
        <line num="1463" count="5" type="stmt"/>
        <line num="1464" count="5" type="stmt"/>
        <line num="1465" count="5" type="stmt"/>
        <line num="1466" count="5" type="stmt"/>
        <line num="1467" count="5" type="stmt"/>
        <line num="1468" count="5" type="stmt"/>
        <line num="1469" count="5" type="stmt"/>
        <line num="1470" count="5" type="stmt"/>
        <line num="1471" count="5" type="stmt"/>
        <line num="1472" count="5" type="stmt"/>
        <line num="1473" count="5" type="stmt"/>
        <line num="1474" count="5" type="stmt"/>
        <line num="1475" count="5" type="stmt"/>
        <line num="1476" count="5" type="stmt"/>
        <line num="1477" count="5" type="stmt"/>
        <line num="1478" count="5" type="stmt"/>
        <line num="1479" count="5" type="stmt"/>
        <line num="1480" count="5" type="stmt"/>
        <line num="1481" count="5" type="stmt"/>
        <line num="1484" count="30" type="stmt"/>
        <line num="1485" count="30" type="stmt"/>
        <line num="1486" count="30" type="stmt"/>
        <line num="1487" count="94" type="stmt"/>
        <line num="1488" count="30" type="stmt"/>
      </file>
      <file name="featureFlags.js" path="C:\Users\admin\mushroom-shop\backend\src\config\featureFlags.js">
        <metrics statements="1" coveredstatements="1" conditionals="0" coveredconditionals="0" methods="0" coveredmethods="0"/>
        <line num="1" count="25" type="stmt"/>
      </file>
      <file name="jwt.js" path="C:\Users\admin\mushroom-shop\backend\src\config\jwt.js">
        <metrics statements="10" coveredstatements="6" conditionals="8" coveredconditionals="4" methods="0" coveredmethods="0"/>
        <line num="1" count="25" type="stmt"/>
        <line num="2" count="25" type="stmt"/>
        <line num="4" count="25" type="cond" truecount="1" falsecount="1"/>
        <line num="5" count="0" type="cond" truecount="0" falsecount="2"/>
        <line num="6" count="0" type="stmt"/>
        <line num="7" count="0" type="stmt"/>
        <line num="9" count="0" type="stmt"/>
        <line num="15" count="25" type="cond" truecount="1" falsecount="1"/>
        <line num="17" count="25" type="cond" truecount="2" falsecount="0"/>
        <line num="19" count="25" type="stmt"/>
      </file>
      <file name="razorpay.js" path="C:\Users\admin\mushroom-shop\backend\src\config\razorpay.js">
        <metrics statements="26" coveredstatements="18" conditionals="19" coveredconditionals="12" methods="6" coveredmethods="3"/>
        <line num="1" count="25" type="stmt"/>
        <line num="2" count="25" type="stmt"/>
        <line num="3" count="25" type="stmt"/>
        <line num="5" count="25" type="cond" truecount="2" falsecount="0"/>
        <line num="6" count="25" type="cond" truecount="2" falsecount="0"/>
        <line num="8" count="25" type="cond" truecount="2" falsecount="1"/>
        <line num="10" count="25" type="stmt"/>
        <line num="11" count="25" type="cond" truecount="1" falsecount="1"/>
        <line num="12" count="0" type="stmt"/>
        <line num="18" count="25" type="stmt"/>
        <line num="22" count="7" type="stmt"/>
        <line num="24" count="7" type="stmt"/>
        <line num="42" count="2" type="stmt"/>
        <line num="43" count="2" type="cond" truecount="1" falsecount="1"/>
        <line num="45" count="2" type="stmt"/>
        <line num="46" count="2" type="stmt"/>
        <line num="49" count="0" type="stmt"/>
        <line num="54" count="0" type="stmt"/>
        <line num="57" count="10" type="stmt"/>
        <line num="58" count="10" type="stmt"/>
        <line num="69" count="25" type="cond" truecount="1" falsecount="1"/>
        <line num="74" count="0" type="stmt"/>
        <line num="79" count="0" type="stmt"/>
        <line num="80" count="0" type="stmt"/>
        <line num="84" count="0" type="stmt"/>
        <line num="87" count="0" type="stmt"/>
      </file>
      <file name="supabase.js" path="C:\Users\admin\mushroom-shop\backend\src\config\supabase.js">
        <metrics statements="18" coveredstatements="10" conditionals="14" coveredconditionals="2" methods="2" coveredmethods="0"/>
        <line num="1" count="30" type="stmt"/>
        <line num="2" count="30" type="stmt"/>
        <line num="4" count="30" type="stmt"/>
        <line num="5" count="30" type="stmt"/>
        <line num="6" count="30" type="stmt"/>
        <line num="8" count="30" type="stmt"/>
        <line num="9" count="30" type="stmt"/>
        <line num="11" count="30" type="cond" truecount="2" falsecount="2"/>
        <line num="12" count="30" type="stmt"/>
        <line num="14" count="0" type="cond" truecount="0" falsecount="2"/>
        <line num="15" count="0" type="stmt"/>
        <line num="20" count="0" type="stmt"/>
        <line num="27" count="0" type="cond" truecount="0" falsecount="2"/>
        <line num="36" count="0" type="stmt"/>
        <line num="48" count="0" type="cond" truecount="0" falsecount="6"/>
        <line num="49" count="0" type="stmt"/>
        <line num="51" count="0" type="stmt"/>
        <line num="62" count="30" type="stmt"/>
      </file>
    </package>
    <package name="src.constants">
      <metrics statements="2" coveredstatements="2" conditionals="0" coveredconditionals="0" methods="0" coveredmethods="0"/>
      <file name="index.js" path="C:\Users\admin\mushroom-shop\backend\src\constants\index.js">
        <metrics statements="2" coveredstatements="2" conditionals="0" coveredconditionals="0" methods="0" coveredmethods="0"/>
        <line num="1" count="25" type="stmt"/>
        <line num="41" count="25" type="stmt"/>
      </file>
    </package>
    <package name="src.controllers">
      <metrics statements="144" coveredstatements="46" conditionals="168" coveredconditionals="5" methods="12" coveredmethods="2"/>
      <file name="authController.js" path="C:\Users\admin\mushroom-shop\backend\src\controllers\authController.js">
        <metrics statements="144" coveredstatements="46" conditionals="168" coveredconditionals="5" methods="12" coveredmethods="2"/>
        <line num="1" count="25" type="stmt"/>
        <line num="3" count="25" type="stmt"/>
        <line num="4" count="25" type="stmt"/>
        <line num="5" count="25" type="stmt"/>
        <line num="6" count="25" type="stmt"/>
        <line num="7" count="25" type="stmt"/>
        <line num="8" count="25" type="stmt"/>
        <line num="9" count="25" type="stmt"/>
        <line num="10" count="25" type="stmt"/>
        <line num="11" count="25" type="stmt"/>
        <line num="12" count="25" type="stmt"/>
        <line num="13" count="25" type="stmt"/>
        <line num="14" count="25" type="stmt"/>
        <line num="16" count="25" type="stmt"/>
        <line num="38" count="25" type="stmt"/>
        <line num="39" count="0" type="cond" truecount="0" falsecount="4"/>
        <line num="40" count="0" type="stmt"/>
        <line num="47" count="0" type="cond" truecount="0" falsecount="1"/>
        <line num="49" count="0" type="stmt"/>
        <line num="50" count="0" type="stmt"/>
        <line num="57" count="0" type="cond" truecount="0" falsecount="2"/>
        <line num="60" count="0" type="stmt"/>
        <line num="67" count="0" type="stmt"/>
        <line num="77" count="0" type="cond" truecount="0" falsecount="2"/>
        <line num="81" count="25" type="stmt"/>
        <line num="96" count="25" type="stmt"/>
        <line num="97" count="0" type="cond" truecount="0" falsecount="4"/>
        <line num="99" count="0" type="stmt"/>
        <line num="106" count="0" type="stmt"/>
        <line num="108" count="0" type="stmt"/>
        <line num="109" count="0" type="stmt"/>
        <line num="113" count="0" type="cond" truecount="0" falsecount="2"/>
        <line num="116" count="0" type="stmt"/>
        <line num="122" count="0" type="stmt"/>
        <line num="124" count="0" type="stmt"/>
        <line num="139" count="0" type="cond" truecount="0" falsecount="2"/>
        <line num="148" count="25" type="stmt"/>
        <line num="149" count="0" type="stmt"/>
        <line num="151" count="0" type="cond" truecount="0" falsecount="4"/>
        <line num="152" count="0" type="stmt"/>
        <line num="153" count="0" type="cond" truecount="0" falsecount="2"/>
        <line num="154" count="0" type="cond" truecount="0" falsecount="2"/>
        <line num="158" count="0" type="stmt"/>
        <line num="159" count="0" type="cond" truecount="0" falsecount="2"/>
        <line num="160" count="0" type="stmt"/>
        <line num="167" count="0" type="stmt"/>
        <line num="168" count="0" type="stmt"/>
        <line num="171" count="25" type="stmt"/>
        <line num="185" count="25" type="stmt"/>
        <line num="189" count="0" type="stmt"/>
        <line num="190" count="0" type="stmt"/>
        <line num="191" count="0" type="stmt"/>
        <line num="197" count="0" type="stmt"/>
        <line num="199" count="0" type="stmt"/>
        <line num="212" count="25" type="stmt"/>
        <line num="213" count="0" type="stmt"/>
        <line num="214" count="0" type="cond" truecount="0" falsecount="2"/>
        <line num="215" count="0" type="cond" truecount="0" falsecount="2"/>
        <line num="216" count="0" type="stmt"/>
        <line num="217" count="0" type="stmt"/>
        <line num="219" count="0" type="cond" truecount="0" falsecount="4"/>
        <line num="223" count="25" type="stmt"/>
        <line num="243" count="25" type="stmt"/>
        <line num="244" count="0" type="stmt"/>
        <line num="245" count="0" type="stmt"/>
        <line num="246" count="0" type="stmt"/>
        <line num="250" count="0" type="cond" truecount="0" falsecount="2"/>
        <line num="251" count="0" type="stmt"/>
        <line num="253" count="0" type="stmt"/>
        <line num="261" count="25" type="stmt"/>
        <line num="290" count="25" type="stmt"/>
        <line num="295" count="0" type="stmt"/>
        <line num="296" count="0" type="stmt"/>
        <line num="297" count="0" type="stmt"/>
        <line num="311" count="0" type="stmt"/>
        <line num="313" count="0" type="stmt"/>
        <line num="330" count="0" type="stmt"/>
        <line num="343" count="25" type="stmt"/>
        <line num="347" count="25" type="stmt"/>
        <line num="348" count="0" type="stmt"/>
        <line num="349" count="0" type="stmt"/>
        <line num="350" count="0" type="cond" truecount="0" falsecount="2"/>
        <line num="351" count="0" type="stmt"/>
        <line num="352" count="0" type="stmt"/>
        <line num="354" count="0" type="stmt"/>
        <line num="362" count="25" type="stmt"/>
        <line num="369" count="25" type="stmt"/>
        <line num="387" count="25" type="stmt"/>
        <line num="391" count="3" type="stmt"/>
        <line num="392" count="3" type="stmt"/>
        <line num="393" count="3" type="stmt"/>
        <line num="394" count="2" type="stmt"/>
        <line num="396" count="1" type="stmt"/>
        <line num="409" count="25" type="stmt"/>
        <line num="413" count="2" type="stmt"/>
        <line num="414" count="2" type="stmt"/>
        <line num="415" count="2" type="stmt"/>
        <line num="416" count="1" type="cond" truecount="1" falsecount="1"/>
        <line num="417" count="1" type="stmt"/>
        <line num="419" count="1" type="stmt"/>
        <line num="428" count="25" type="stmt"/>
        <line num="440" count="25" type="stmt"/>
        <line num="441" count="0" type="stmt"/>
        <line num="442" count="0" type="stmt"/>
        <line num="444" count="0" type="stmt"/>
        <line num="445" count="0" type="stmt"/>
        <line num="447" count="0" type="cond" truecount="0" falsecount="2"/>
        <line num="448" count="0" type="stmt"/>
        <line num="449" count="0" type="stmt"/>
        <line num="450" count="0" type="cond" truecount="0" falsecount="2"/>
        <line num="451" count="0" type="cond" truecount="0" falsecount="3"/>
        <line num="453" count="0" type="stmt"/>
        <line num="454" count="0" type="stmt"/>
        <line num="455" count="0" type="cond" truecount="0" falsecount="2"/>
        <line num="456" count="0" type="stmt"/>
        <line num="461" count="0" type="stmt"/>
        <line num="462" count="0" type="stmt"/>
        <line num="463" count="0" type="stmt"/>
        <line num="464" count="0" type="cond" truecount="0" falsecount="2"/>
        <line num="465" count="0" type="stmt"/>
        <line num="467" count="0" type="stmt"/>
        <line num="468" count="0" type="stmt"/>
        <line num="472" count="0" type="stmt"/>
        <line num="473" count="0" type="cond" truecount="0" falsecount="2"/>
        <line num="474" count="0" type="cond" truecount="0" falsecount="2"/>
        <line num="476" count="0" type="stmt"/>
        <line num="477" count="0" type="stmt"/>
        <line num="481" count="0" type="cond" truecount="0" falsecount="2"/>
        <line num="482" count="0" type="stmt"/>
        <line num="485" count="0" type="stmt"/>
        <line num="487" count="0" type="cond" truecount="0" falsecount="2"/>
        <line num="488" count="0" type="stmt"/>
        <line num="491" count="0" type="cond" truecount="0" falsecount="4"/>
        <line num="492" count="0" type="stmt"/>
        <line num="495" count="0" type="stmt"/>
        <line num="501" count="0" type="stmt"/>
        <line num="502" count="0" type="stmt"/>
        <line num="514" count="0" type="stmt"/>
        <line num="526" count="25" type="stmt"/>
        <line num="527" count="0" type="stmt"/>
        <line num="528" count="0" type="stmt"/>
        <line num="529" count="0" type="stmt"/>
        <line num="545" count="0" type="stmt"/>
        <line num="553" count="25" type="stmt"/>
      </file>
    </package>
    <package name="src.errors">
      <metrics statements="16" coveredstatements="10" conditionals="15" coveredconditionals="1" methods="8" coveredmethods="2"/>
      <file name="AppError.js" path="C:\Users\admin\mushroom-shop\backend\src\errors\AppError.js">
        <metrics statements="16" coveredstatements="10" conditionals="15" coveredconditionals="1" methods="8" coveredmethods="2"/>
        <line num="9" count="1" type="stmt"/>
        <line num="10" count="1" type="stmt"/>
        <line num="11" count="1" type="stmt"/>
        <line num="12" count="1" type="stmt"/>
        <line num="13" count="1" type="stmt"/>
        <line num="14" count="1" type="stmt"/>
        <line num="15" count="1" type="stmt"/>
        <line num="16" count="1" type="stmt"/>
        <line num="20" count="0" type="stmt"/>
        <line num="29" count="0" type="stmt"/>
        <line num="33" count="0" type="stmt"/>
        <line num="37" count="1" type="stmt"/>
        <line num="41" count="0" type="stmt"/>
        <line num="45" count="0" type="stmt"/>
        <line num="49" count="0" type="stmt"/>
        <line num="53" count="25" type="stmt"/>
      </file>
    </package>
    <package name="src.lib">
      <metrics statements="77" coveredstatements="24" conditionals="42" coveredconditionals="6" methods="13" coveredmethods="4"/>
      <file name="authCookie.js" path="C:\Users\admin\mushroom-shop\backend\src\lib\authCookie.js">
        <metrics statements="4" coveredstatements="3" conditionals="0" coveredconditionals="0" methods="2" coveredmethods="1"/>
        <line num="5" count="1" type="stmt"/>
        <line num="6" count="1" type="stmt"/>
        <line num="19" count="0" type="stmt"/>
        <line num="27" count="25" type="stmt"/>
      </file>
      <file name="response.js" path="C:\Users\admin\mushroom-shop\backend\src\lib\response.js">
        <metrics statements="3" coveredstatements="3" conditionals="6" coveredconditionals="3" methods="2" coveredmethods="2"/>
        <line num="2" count="63" type="stmt"/>
        <line num="11" count="28" type="stmt"/>
        <line num="14" count="25" type="stmt"/>
      </file>
      <file name="sse.js" path="C:\Users\admin\mushroom-shop\backend\src\lib\sse.js">
        <metrics statements="70" coveredstatements="18" conditionals="36" coveredconditionals="3" methods="9" coveredmethods="1"/>
        <line num="1" count="25" type="stmt"/>
        <line num="2" count="25" type="stmt"/>
        <line num="3" count="25" type="stmt"/>
        <line num="6" count="25" type="stmt"/>
        <line num="9" count="25" type="stmt"/>
        <line num="10" count="0" type="stmt"/>
        <line num="11" count="0" type="stmt"/>
        <line num="12" count="0" type="cond" truecount="0" falsecount="5"/>
        <line num="13" count="0" type="stmt"/>
        <line num="14" count="0" type="stmt"/>
        <line num="17" count="0" type="cond" truecount="0" falsecount="2"/>
        <line num="18" count="0" type="stmt"/>
        <line num="23" count="0" type="stmt"/>
        <line num="26" count="0" type="stmt"/>
        <line num="31" count="0" type="stmt"/>
        <line num="34" count="0" type="stmt"/>
        <line num="35" count="0" type="stmt"/>
        <line num="36" count="0" type="cond" truecount="0" falsecount="4"/>
        <line num="37" count="0" type="stmt"/>
        <line num="38" count="0" type="stmt"/>
        <line num="40" count="0" type="stmt"/>
        <line num="42" count="0" type="stmt"/>
        <line num="43" count="0" type="stmt"/>
        <line num="47" count="0" type="stmt"/>
        <line num="48" count="0" type="stmt"/>
        <line num="49" count="0" type="stmt"/>
        <line num="50" count="0" type="cond" truecount="0" falsecount="4"/>
        <line num="51" count="0" type="stmt"/>
        <line num="56" count="0" type="cond" truecount="0" falsecount="2"/>
        <line num="57" count="0" type="stmt"/>
        <line num="61" count="0" type="stmt"/>
        <line num="69" count="0" type="cond" truecount="0" falsecount="2"/>
        <line num="71" count="0" type="stmt"/>
        <line num="72" count="0" type="stmt"/>
        <line num="73" count="0" type="stmt"/>
        <line num="76" count="0" type="stmt"/>
        <line num="77" count="0" type="stmt"/>
        <line num="78" count="0" type="stmt"/>
        <line num="81" count="0" type="stmt"/>
        <line num="82" count="0" type="stmt"/>
        <line num="86" count="22" type="stmt"/>
        <line num="92" count="22" type="stmt"/>
        <line num="95" count="22" type="stmt"/>
        <line num="96" count="0" type="cond" truecount="0" falsecount="5"/>
        <line num="98" count="0" type="stmt"/>
        <line num="99" count="0" type="stmt"/>
        <line num="100" count="0" type="stmt"/>
        <line num="103" count="0" type="stmt"/>
        <line num="106" count="0" type="stmt"/>
        <line num="107" count="0" type="stmt"/>
        <line num="109" count="0" type="stmt"/>
        <line num="113" count="22" type="cond" truecount="2" falsecount="0"/>
        <line num="114" count="21" type="stmt"/>
        <line num="115" count="21" type="stmt"/>
        <line num="116" count="0" type="stmt"/>
        <line num="118" count="0" type="cond" truecount="0" falsecount="2"/>
        <line num="119" count="0" type="cond" truecount="0" falsecount="2"/>
        <line num="120" count="0" type="stmt"/>
        <line num="123" count="0" type="stmt"/>
        <line num="126" count="0" type="cond" truecount="0" falsecount="2"/>
        <line num="127" count="0" type="stmt"/>
        <line num="128" count="0" type="stmt"/>
        <line num="132" count="21" type="stmt"/>
        <line num="135" count="21" type="stmt"/>
        <line num="139" count="1" type="stmt"/>
        <line num="140" count="1" type="stmt"/>
        <line num="141" count="0" type="cond" truecount="0" falsecount="2"/>
        <line num="144" count="1" type="stmt"/>
        <line num="147" count="1" type="stmt"/>
        <line num="150" count="25" type="stmt"/>
      </file>
    </package>
    <package name="src.middleware">
      <metrics statements="96" coveredstatements="52" conditionals="104" coveredconditionals="61" methods="17" coveredmethods="8"/>
      <file name="auth.js" path="C:\Users\admin\mushroom-shop\backend\src\middleware\auth.js">
        <metrics statements="46" coveredstatements="20" conditionals="81" coveredconditionals="51" methods="3" coveredmethods="1"/>
        <line num="1" count="25" type="stmt"/>
        <line num="2" count="25" type="stmt"/>
        <line num="3" count="25" type="stmt"/>
        <line num="4" count="25" type="stmt"/>
        <line num="14" count="25" type="stmt"/>
        <line num="15" count="77" type="stmt"/>
        <line num="16" count="77" type="stmt"/>
        <line num="17" count="77" type="cond" truecount="2" falsecount="0"/>
        <line num="20" count="77" type="cond" truecount="4" falsecount="1"/>
        <line num="21" count="0" type="stmt"/>
        <line num="24" count="77" type="cond" truecount="2" falsecount="0"/>
        <line num="26" count="2" type="cond" truecount="1" falsecount="1"/>
        <line num="27" count="0" type="stmt"/>
        <line num="28" count="0" type="stmt"/>
        <line num="30" count="2" type="stmt"/>
        <line num="34" count="75" type="cond" truecount="1" falsecount="1"/>
        <line num="35" count="75" type="stmt"/>
        <line num="36" count="75" type="stmt"/>
        <line num="37" count="75" type="stmt"/>
        <line num="42" count="75" type="stmt"/>
        <line num="57" count="75" type="stmt"/>
        <line num="59" count="0" type="stmt"/>
        <line num="64" count="0" type="stmt"/>
        <line num="65" count="0" type="stmt"/>
        <line num="71" count="0" type="stmt"/>
        <line num="73" count="0" type="cond" truecount="0" falsecount="4"/>
        <line num="76" count="0" type="stmt"/>
        <line num="84" count="0" type="cond" truecount="0" falsecount="2"/>
        <line num="88" count="0" type="cond" truecount="0" falsecount="2"/>
        <line num="89" count="0" type="stmt"/>
        <line num="100" count="0" type="stmt"/>
        <line num="101" count="0" type="cond" truecount="0" falsecount="2"/>
        <line num="102" count="0" type="stmt"/>
        <line num="104" count="0" type="stmt"/>
        <line num="114" count="0" type="stmt"/>
        <line num="118" count="0" type="stmt"/>
        <line num="119" count="0" type="stmt"/>
        <line num="120" count="0" type="stmt"/>
        <line num="121" count="0" type="stmt"/>
        <line num="123" count="0" type="stmt"/>
        <line num="126" count="0" type="stmt"/>
        <line num="127" count="0" type="stmt"/>
        <line num="131" count="25" type="stmt"/>
        <line num="132" count="0" type="stmt"/>
        <line num="133" count="0" type="stmt"/>
        <line num="136" count="25" type="stmt"/>
      </file>
      <file name="orderValidation.js" path="C:\Users\admin\mushroom-shop\backend\src\middleware\orderValidation.js">
        <metrics statements="17" coveredstatements="8" conditionals="6" coveredconditionals="1" methods="6" coveredmethods="1"/>
        <line num="1" count="25" type="stmt"/>
        <line num="3" count="25" type="stmt"/>
        <line num="12" count="2" type="stmt"/>
        <line num="13" count="2" type="cond" truecount="1" falsecount="1"/>
        <line num="14" count="0" type="stmt"/>
        <line num="16" count="2" type="stmt"/>
        <line num="19" count="25" type="stmt"/>
        <line num="31" count="25" type="stmt"/>
        <line num="36" count="0" type="stmt"/>
        <line num="37" count="0" type="cond" truecount="0" falsecount="2"/>
        <line num="38" count="0" type="stmt"/>
        <line num="40" count="0" type="stmt"/>
        <line num="44" count="0" type="stmt"/>
        <line num="45" count="0" type="cond" truecount="0" falsecount="2"/>
        <line num="46" count="0" type="stmt"/>
        <line num="48" count="0" type="stmt"/>
        <line num="51" count="25" type="stmt"/>
      </file>
      <file name="roles.js" path="C:\Users\admin\mushroom-shop\backend\src\middleware\roles.js">
        <metrics statements="13" coveredstatements="5" conditionals="9" coveredconditionals="2" methods="4" coveredmethods="2"/>
        <line num="14" count="100" type="stmt"/>
        <line num="15" count="7" type="cond" truecount="1" falsecount="1"/>
        <line num="16" count="0" type="stmt"/>
        <line num="19" count="7" type="cond" truecount="1" falsecount="1"/>
        <line num="20" count="7" type="stmt"/>
        <line num="23" count="0" type="stmt"/>
        <line num="30" count="0" type="stmt"/>
        <line num="31" count="0" type="cond" truecount="0" falsecount="2"/>
        <line num="32" count="0" type="stmt"/>
        <line num="34" count="0" type="cond" truecount="0" falsecount="2"/>
        <line num="35" count="0" type="stmt"/>
        <line num="37" count="0" type="stmt"/>
        <line num="43" count="25" type="stmt"/>
      </file>
      <file name="selectDb.js" path="C:\Users\admin\mushroom-shop\backend\src\middleware\selectDb.js">
        <metrics statements="10" coveredstatements="9" conditionals="6" coveredconditionals="5" methods="1" coveredmethods="1"/>
        <line num="1" count="25" type="stmt"/>
        <line num="17" count="106" type="cond" truecount="2" falsecount="0"/>
        <line num="18" count="105" type="stmt"/>
        <line num="19" count="105" type="stmt"/>
        <line num="22" count="1" type="cond" truecount="1" falsecount="1"/>
        <line num="24" count="0" type="stmt"/>
        <line num="27" count="1" type="stmt"/>
        <line num="28" count="1" type="cond" truecount="2" falsecount="0"/>
        <line num="31" count="1" type="stmt"/>
        <line num="34" count="25" type="stmt"/>
      </file>
      <file name="validate.js" path="C:\Users\admin\mushroom-shop\backend\src\middleware\validate.js">
        <metrics statements="10" coveredstatements="10" conditionals="2" coveredconditionals="2" methods="3" coveredmethods="3"/>
        <line num="1" count="25" type="stmt"/>
        <line num="2" count="25" type="stmt"/>
        <line num="5" count="1100" type="stmt"/>
        <line num="6" count="40" type="stmt"/>
        <line num="10" count="40" type="cond" truecount="2" falsecount="0"/>
        <line num="11" count="2" type="stmt"/>
        <line num="12" count="2" type="stmt"/>
        <line num="14" count="38" type="stmt"/>
        <line num="15" count="38" type="stmt"/>
        <line num="19" count="25" type="stmt"/>
      </file>
    </package>
    <package name="src.modules.coupons">
      <metrics statements="4" coveredstatements="4" conditionals="0" coveredconditionals="0" methods="1" coveredmethods="0"/>
      <file name="index.js" path="C:\Users\admin\mushroom-shop\backend\src\modules\coupons\index.js">
        <metrics statements="4" coveredstatements="4" conditionals="0" coveredconditionals="0" methods="1" coveredmethods="0"/>
        <line num="1" count="25" type="stmt"/>
        <line num="2" count="25" type="stmt"/>
        <line num="4" count="25" type="stmt"/>
        <line num="6" count="25" type="stmt"/>
      </file>
    </package>
    <package name="src.modules.inventory">
      <metrics statements="4" coveredstatements="4" conditionals="0" coveredconditionals="0" methods="1" coveredmethods="0"/>
      <file name="index.js" path="C:\Users\admin\mushroom-shop\backend\src\modules\inventory\index.js">
        <metrics statements="4" coveredstatements="4" conditionals="0" coveredconditionals="0" methods="1" coveredmethods="0"/>
        <line num="1" count="25" type="stmt"/>
        <line num="2" count="25" type="stmt"/>
        <line num="4" count="25" type="stmt"/>
        <line num="6" count="25" type="stmt"/>
      </file>
    </package>
    <package name="src.modules.orders">
      <metrics statements="237" coveredstatements="112" conditionals="251" coveredconditionals="76" methods="24" coveredmethods="14"/>
      <file name="OrderStateService.js" path="C:\Users\admin\mushroom-shop\backend\src\modules\orders\OrderStateService.js">
        <metrics statements="237" coveredstatements="112" conditionals="251" coveredconditionals="76" methods="24" coveredmethods="14"/>
        <line num="1" count="25" type="stmt"/>
        <line num="2" count="25" type="stmt"/>
        <line num="3" count="25" type="stmt"/>
        <line num="4" count="25" type="stmt"/>
        <line num="5" count="25" type="stmt"/>
        <line num="6" count="25" type="stmt"/>
        <line num="7" count="25" type="stmt"/>
        <line num="10" count="25" type="stmt"/>
        <line num="36" count="25" type="stmt"/>
        <line num="158" count="25" type="stmt"/>
        <line num="172" count="0" type="cond" truecount="0" falsecount="2"/>
        <line num="173" count="0" type="stmt"/>
        <line num="177" count="30" type="cond" truecount="2" falsecount="0"/>
        <line num="179" count="28" type="cond" truecount="1" falsecount="1"/>
        <line num="180" count="0" type="stmt"/>
        <line num="181" count="0" type="cond" truecount="0" falsecount="2"/>
        <line num="182" count="0" type="stmt"/>
        <line num="185" count="28" type="stmt"/>
        <line num="186" count="28" type="cond" truecount="2" falsecount="0"/>
        <line num="187" count="26" type="stmt"/>
        <line num="193" count="8" type="cond" truecount="3" falsecount="1"/>
        <line num="194" count="8" type="stmt"/>
        <line num="195" count="8" type="cond" truecount="1" falsecount="1"/>
        <line num="196" count="8" type="stmt"/>
        <line num="199" count="0" type="cond" truecount="0" falsecount="2"/>
        <line num="200" count="0" type="stmt"/>
        <line num="205" count="0" type="stmt"/>
        <line num="208" count="0" type="stmt"/>
        <line num="209" count="0" type="stmt"/>
        <line num="210" count="0" type="cond" truecount="0" falsecount="2"/>
        <line num="211" count="0" type="cond" truecount="0" falsecount="4"/>
        <line num="212" count="0" type="stmt"/>
        <line num="213" count="0" type="stmt"/>
        <line num="214" count="0" type="stmt"/>
        <line num="216" count="0" type="stmt"/>
        <line num="221" count="11" type="cond" truecount="3" falsecount="1"/>
        <line num="222" count="11" type="stmt"/>
        <line num="223" count="11" type="stmt"/>
        <line num="226" count="0" type="cond" truecount="0" falsecount="2"/>
        <line num="227" count="0" type="stmt"/>
        <line num="228" count="0" type="stmt"/>
        <line num="231" count="0" type="stmt"/>
        <line num="232" count="0" type="stmt"/>
        <line num="239" count="4" type="cond" truecount="1" falsecount="1"/>
        <line num="241" count="4" type="stmt"/>
        <line num="242" count="4" type="cond" truecount="1" falsecount="1"/>
        <line num="244" count="4" type="cond" truecount="2" falsecount="2"/>
        <line num="245" count="0" type="stmt"/>
        <line num="248" count="4" type="cond" truecount="6" falsecount="0"/>
        <line num="249" count="1" type="stmt"/>
        <line num="252" count="3" type="cond" truecount="2" falsecount="0"/>
        <line num="253" count="2" type="stmt"/>
        <line num="256" count="1" type="cond" truecount="1" falsecount="1"/>
        <line num="257" count="0" type="stmt"/>
        <line num="260" count="1" type="stmt"/>
        <line num="270" count="1" type="stmt"/>
        <line num="271" count="1" type="stmt"/>
        <line num="272" count="1" type="stmt"/>
        <line num="273" count="1" type="stmt"/>
        <line num="275" count="0" type="stmt"/>
        <line num="276" count="0" type="stmt"/>
        <line num="279" count="1" type="cond" truecount="1" falsecount="1"/>
        <line num="280" count="0" type="stmt"/>
        <line num="283" count="1" type="stmt"/>
        <line num="287" count="3" type="cond" truecount="3" falsecount="1"/>
        <line num="289" count="3" type="stmt"/>
        <line num="290" count="3" type="cond" truecount="1" falsecount="1"/>
        <line num="292" count="3" type="cond" truecount="4" falsecount="1"/>
        <line num="293" count="0" type="stmt"/>
        <line num="296" count="3" type="cond" truecount="1" falsecount="1"/>
        <line num="297" count="0" type="stmt"/>
        <line num="300" count="3" type="stmt"/>
        <line num="309" count="3" type="stmt"/>
        <line num="310" count="3" type="stmt"/>
        <line num="311" count="3" type="stmt"/>
        <line num="312" count="3" type="cond" truecount="2" falsecount="0"/>
        <line num="313" count="2" type="stmt"/>
        <line num="315" count="1" type="stmt"/>
        <line num="318" count="0" type="stmt"/>
        <line num="319" count="0" type="stmt"/>
        <line num="322" count="3" type="stmt"/>
        <line num="323" count="3" type="stmt"/>
        <line num="324" count="3" type="stmt"/>
        <line num="326" count="0" type="stmt"/>
        <line num="329" count="3" type="cond" truecount="1" falsecount="1"/>
        <line num="330" count="0" type="stmt"/>
        <line num="332" count="3" type="stmt"/>
        <line num="336" count="1" type="stmt"/>
        <line num="337" count="1" type="cond" truecount="1" falsecount="1"/>
        <line num="339" count="1" type="cond" truecount="2" falsecount="3"/>
        <line num="340" count="0" type="stmt"/>
        <line num="343" count="1" type="stmt"/>
        <line num="350" count="1" type="stmt"/>
        <line num="354" count="3" type="stmt"/>
        <line num="355" count="3" type="cond" truecount="1" falsecount="1"/>
        <line num="356" count="3" type="cond" truecount="1" falsecount="1"/>
        <line num="358" count="3" type="stmt"/>
        <line num="359" count="3" type="stmt"/>
        <line num="364" count="3" type="stmt"/>
        <line num="368" count="0" type="stmt"/>
        <line num="369" count="0" type="cond" truecount="0" falsecount="4"/>
        <line num="371" count="0" type="cond" truecount="0" falsecount="2"/>
        <line num="372" count="0" type="stmt"/>
        <line num="375" count="0" type="stmt"/>
        <line num="376" count="0" type="stmt"/>
        <line num="377" count="0" type="stmt"/>
        <line num="379" count="0" type="cond" truecount="0" falsecount="2"/>
        <line num="380" count="0" type="stmt"/>
        <line num="383" count="0" type="cond" truecount="0" falsecount="2"/>
        <line num="384" count="0" type="stmt"/>
        <line num="387" count="0" type="stmt"/>
        <line num="391" count="1" type="stmt"/>
        <line num="396" count="1" type="cond" truecount="3" falsecount="1"/>
        <line num="398" count="2" type="stmt"/>
        <line num="400" count="1" type="cond" truecount="1" falsecount="1"/>
        <line num="401" count="0" type="stmt"/>
        <line num="402" count="0" type="stmt"/>
        <line num="403" count="0" type="cond" truecount="0" falsecount="2"/>
        <line num="404" count="0" type="stmt"/>
        <line num="410" count="1" type="stmt"/>
        <line num="416" count="1" type="stmt"/>
        <line num="417" count="1" type="stmt"/>
        <line num="422" count="25" type="stmt"/>
        <line num="425" count="16" type="cond" truecount="1" falsecount="1"/>
        <line num="426" count="16" type="cond" truecount="2" falsecount="0"/>
        <line num="427" count="15" type="stmt"/>
        <line num="431" count="16" type="cond" truecount="4" falsecount="0"/>
        <line num="433" count="15" type="cond" truecount="2" falsecount="0"/>
        <line num="434" count="2" type="stmt"/>
        <line num="435" count="2" type="stmt"/>
        <line num="437" count="13" type="stmt"/>
        <line num="438" count="13" type="stmt"/>
        <line num="439" count="13" type="cond" truecount="1" falsecount="1"/>
        <line num="440" count="0" type="stmt"/>
        <line num="441" count="0" type="stmt"/>
        <line num="445" count="13" type="stmt"/>
        <line num="447" count="13" type="cond" truecount="2" falsecount="2"/>
        <line num="448" count="0" type="stmt"/>
        <line num="449" count="0" type="stmt"/>
        <line num="450" count="0" type="stmt"/>
        <line num="452" count="0" type="stmt"/>
        <line num="453" count="0" type="stmt"/>
        <line num="455" count="0" type="stmt"/>
        <line num="456" count="0" type="cond" truecount="0" falsecount="2"/>
        <line num="457" count="0" type="cond" truecount="0" falsecount="2"/>
        <line num="458" count="0" type="cond" truecount="0" falsecount="2"/>
        <line num="459" count="0" type="stmt"/>
        <line num="460" count="0" type="cond" truecount="0" falsecount="2"/>
        <line num="461" count="0" type="stmt"/>
        <line num="462" count="0" type="stmt"/>
        <line num="464" count="0" type="cond" truecount="0" falsecount="2"/>
        <line num="465" count="0" type="stmt"/>
        <line num="468" count="0" type="stmt"/>
        <line num="473" count="0" type="stmt"/>
        <line num="476" count="13" type="cond" truecount="1" falsecount="1"/>
        <line num="477" count="0" type="stmt"/>
        <line num="478" count="0" type="cond" truecount="0" falsecount="2"/>
        <line num="479" count="0" type="stmt"/>
        <line num="480" count="0" type="cond" truecount="0" falsecount="2"/>
        <line num="481" count="0" type="cond" truecount="0" falsecount="2"/>
        <line num="482" count="0" type="stmt"/>
        <line num="484" count="0" type="stmt"/>
        <line num="488" count="13" type="stmt"/>
        <line num="489" count="13" type="cond" truecount="1" falsecount="1"/>
        <line num="490" count="13" type="stmt"/>
        <line num="491" count="13" type="stmt"/>
        <line num="492" count="13" type="cond" truecount="1" falsecount="1"/>
        <line num="493" count="13" type="cond" truecount="1" falsecount="1"/>
        <line num="494" count="13" type="cond" truecount="1" falsecount="1"/>
        <line num="495" count="13" type="stmt"/>
        <line num="497" count="0" type="stmt"/>
        <line num="502" count="13" type="stmt"/>
        <line num="503" count="13" type="stmt"/>
        <line num="505" count="0" type="stmt"/>
        <line num="510" count="0" type="cond" truecount="0" falsecount="2"/>
        <line num="511" count="0" type="stmt"/>
        <line num="513" count="0" type="cond" truecount="0" falsecount="2"/>
        <line num="514" count="0" type="cond" truecount="0" falsecount="2"/>
        <line num="515" count="0" type="cond" truecount="0" falsecount="2"/>
        <line num="516" count="0" type="cond" truecount="0" falsecount="2"/>
        <line num="517" count="0" type="cond" truecount="0" falsecount="2"/>
        <line num="518" count="0" type="cond" truecount="0" falsecount="2"/>
        <line num="519" count="0" type="cond" truecount="0" falsecount="2"/>
        <line num="520" count="0" type="cond" truecount="0" falsecount="2"/>
        <line num="521" count="0" type="cond" truecount="0" falsecount="2"/>
        <line num="522" count="0" type="cond" truecount="0" falsecount="2"/>
        <line num="523" count="0" type="cond" truecount="0" falsecount="2"/>
        <line num="524" count="0" type="cond" truecount="0" falsecount="2"/>
        <line num="525" count="0" type="cond" truecount="0" falsecount="2"/>
        <line num="526" count="0" type="cond" truecount="0" falsecount="2"/>
        <line num="528" count="0" type="cond" truecount="0" falsecount="2"/>
        <line num="529" count="0" type="cond" truecount="0" falsecount="2"/>
        <line num="530" count="0" type="cond" truecount="0" falsecount="2"/>
        <line num="531" count="0" type="cond" truecount="0" falsecount="2"/>
        <line num="532" count="0" type="cond" truecount="0" falsecount="2"/>
        <line num="533" count="0" type="cond" truecount="0" falsecount="2"/>
        <line num="534" count="0" type="cond" truecount="0" falsecount="2"/>
        <line num="535" count="0" type="cond" truecount="0" falsecount="2"/>
        <line num="537" count="0" type="cond" truecount="0" falsecount="5"/>
        <line num="538" count="0" type="cond" truecount="0" falsecount="2"/>
        <line num="539" count="0" type="cond" truecount="0" falsecount="2"/>
        <line num="541" count="0" type="cond" truecount="0" falsecount="2"/>
        <line num="542" count="0" type="cond" truecount="0" falsecount="2"/>
        <line num="543" count="0" type="cond" truecount="0" falsecount="2"/>
        <line num="544" count="0" type="cond" truecount="0" falsecount="2"/>
        <line num="545" count="0" type="cond" truecount="0" falsecount="2"/>
        <line num="546" count="0" type="cond" truecount="0" falsecount="2"/>
        <line num="547" count="0" type="cond" truecount="0" falsecount="2"/>
        <line num="550" count="0" type="cond" truecount="0" falsecount="4"/>
        <line num="551" count="0" type="cond" truecount="0" falsecount="2"/>
        <line num="552" count="0" type="cond" truecount="0" falsecount="2"/>
        <line num="553" count="0" type="cond" truecount="0" falsecount="2"/>
        <line num="554" count="0" type="cond" truecount="0" falsecount="4"/>
        <line num="556" count="0" type="cond" truecount="0" falsecount="2"/>
        <line num="560" count="0" type="cond" truecount="0" falsecount="2"/>
        <line num="561" count="0" type="stmt"/>
        <line num="562" count="0" type="stmt"/>
        <line num="563" count="0" type="stmt"/>
        <line num="564" count="0" type="cond" truecount="0" falsecount="4"/>
        <line num="565" count="0" type="cond" truecount="0" falsecount="2"/>
        <line num="566" count="0" type="stmt"/>
        <line num="568" count="0" type="stmt"/>
        <line num="572" count="2" type="cond" truecount="1" falsecount="1"/>
        <line num="573" count="2" type="stmt"/>
        <line num="574" count="2" type="cond" truecount="1" falsecount="1"/>
        <line num="575" count="2" type="cond" truecount="1" falsecount="1"/>
        <line num="576" count="2" type="stmt"/>
        <line num="580" count="9" type="cond" truecount="2" falsecount="0"/>
        <line num="581" count="8" type="cond" truecount="2" falsecount="0"/>
        <line num="582" count="6" type="cond" truecount="2" falsecount="0"/>
        <line num="583" count="4" type="cond" truecount="2" falsecount="0"/>
        <line num="584" count="3" type="stmt"/>
        <line num="588" count="2" type="stmt"/>
        <line num="589" count="2" type="stmt"/>
        <line num="590" count="2" type="cond" truecount="1" falsecount="1"/>
        <line num="591" count="2" type="stmt"/>
        <line num="594" count="25" type="stmt"/>
      </file>
    </package>
    <package name="src.modules.payments">
      <metrics statements="20" coveredstatements="16" conditionals="6" coveredconditionals="4" methods="3" coveredmethods="3"/>
      <file name="PaymentService.js" path="C:\Users\admin\mushroom-shop\backend\src\modules\payments\PaymentService.js">
        <metrics statements="20" coveredstatements="16" conditionals="6" coveredconditionals="4" methods="3" coveredmethods="3"/>
        <line num="1" count="25" type="stmt"/>
        <line num="2" count="25" type="stmt"/>
        <line num="3" count="25" type="stmt"/>
        <line num="13" count="16" type="stmt"/>
        <line num="14" count="16" type="stmt"/>
        <line num="17" count="16" type="stmt"/>
        <line num="35" count="10" type="stmt"/>
        <line num="36" count="10" type="stmt"/>
        <line num="38" count="10" type="stmt"/>
        <line num="48" count="10" type="stmt"/>
        <line num="49" count="10" type="stmt"/>
        <line num="51" count="0" type="stmt"/>
        <line num="52" count="0" type="stmt"/>
        <line num="64" count="5" type="cond" truecount="3" falsecount="1"/>
        <line num="65" count="5" type="stmt"/>
        <line num="66" count="5" type="stmt"/>
        <line num="70" count="5" type="stmt"/>
        <line num="72" count="0" type="stmt"/>
        <line num="73" count="0" type="stmt"/>
        <line num="77" count="25" type="stmt"/>
      </file>
    </package>
    <package name="src.modules.refunds">
      <metrics statements="702" coveredstatements="288" conditionals="524" coveredconditionals="127" methods="83" coveredmethods="28"/>
      <file name="RefundAuditService.js" path="C:\Users\admin\mushroom-shop\backend\src\modules\refunds\RefundAuditService.js">
        <metrics statements="16" coveredstatements="13" conditionals="21" coveredconditionals="15" methods="1" coveredmethods="1"/>
        <line num="1" count="25" type="stmt"/>
        <line num="2" count="25" type="stmt"/>
        <line num="14" count="33" type="stmt"/>
        <line num="16" count="33" type="stmt"/>
        <line num="17" count="33" type="stmt"/>
        <line num="18" count="33" type="cond" truecount="4" falsecount="0"/>
        <line num="19" count="24" type="cond" truecount="1" falsecount="2"/>
        <line num="20" count="24" type="cond" truecount="1" falsecount="1"/>
        <line num="21" count="9" type="cond" truecount="3" falsecount="1"/>
        <line num="23" count="0" type="stmt"/>
        <line num="24" count="0" type="stmt"/>
        <line num="27" count="33" type="stmt"/>
        <line num="39" count="33" type="cond" truecount="2" falsecount="0"/>
        <line num="41" count="33" type="stmt"/>
        <line num="43" count="0" type="stmt"/>
        <line num="48" count="25" type="stmt"/>
      </file>
      <file name="RefundController.js" path="C:\Users\admin\mushroom-shop\backend\src\modules\refunds\RefundController.js">
        <metrics statements="133" coveredstatements="47" conditionals="76" coveredconditionals="1" methods="28" coveredmethods="4"/>
        <line num="1" count="25" type="stmt"/>
        <line num="2" count="25" type="stmt"/>
        <line num="3" count="25" type="stmt"/>
        <line num="4" count="25" type="stmt"/>
        <line num="5" count="25" type="stmt"/>
        <line num="6" count="25" type="stmt"/>
        <line num="7" count="25" type="stmt"/>
        <line num="8" count="25" type="stmt"/>
        <line num="9" count="25" type="stmt"/>
        <line num="10" count="25" type="stmt"/>
        <line num="11" count="25" type="stmt"/>
        <line num="12" count="25" type="stmt"/>
        <line num="14" count="25" type="stmt"/>
        <line num="20" count="25" type="stmt"/>
        <line num="23" count="25" type="stmt"/>
        <line num="27" count="7" type="cond" truecount="1" falsecount="1"/>
        <line num="28" count="0" type="stmt"/>
        <line num="30" count="7" type="stmt"/>
        <line num="36" count="25" type="stmt"/>
        <line num="41" count="2" type="stmt"/>
        <line num="42" count="2" type="stmt"/>
        <line num="43" count="2" type="stmt"/>
        <line num="44" count="2" type="stmt"/>
        <line num="45" count="2" type="stmt"/>
        <line num="49" count="0" type="cond" truecount="0" falsecount="4"/>
        <line num="53" count="2" type="stmt"/>
        <line num="59" count="0" type="stmt"/>
        <line num="67" count="25" type="stmt"/>
        <line num="72" count="2" type="stmt"/>
        <line num="73" count="2" type="stmt"/>
        <line num="74" count="2" type="stmt"/>
        <line num="75" count="2" type="stmt"/>
        <line num="76" count="2" type="stmt"/>
        <line num="80" count="0" type="cond" truecount="0" falsecount="4"/>
        <line num="84" count="2" type="stmt"/>
        <line num="89" count="0" type="stmt"/>
        <line num="97" count="25" type="stmt"/>
        <line num="102" count="0" type="stmt"/>
        <line num="103" count="0" type="stmt"/>
        <line num="104" count="0" type="stmt"/>
        <line num="105" count="0" type="stmt"/>
        <line num="106" count="0" type="stmt"/>
        <line num="110" count="0" type="cond" truecount="0" falsecount="4"/>
        <line num="114" count="0" type="stmt"/>
        <line num="120" count="0" type="stmt"/>
        <line num="128" count="25" type="stmt"/>
        <line num="133" count="3" type="stmt"/>
        <line num="134" count="3" type="stmt"/>
        <line num="135" count="3" type="stmt"/>
        <line num="136" count="2" type="stmt"/>
        <line num="137" count="2" type="stmt"/>
        <line num="141" count="0" type="cond" truecount="0" falsecount="4"/>
        <line num="145" count="2" type="stmt"/>
        <line num="151" count="1" type="stmt"/>
        <line num="159" count="25" type="stmt"/>
        <line num="163" count="0" type="stmt"/>
        <line num="164" count="0" type="stmt"/>
        <line num="165" count="0" type="stmt"/>
        <line num="166" count="0" type="stmt"/>
        <line num="170" count="0" type="cond" truecount="0" falsecount="4"/>
        <line num="174" count="0" type="stmt"/>
        <line num="180" count="0" type="stmt"/>
        <line num="188" count="25" type="stmt"/>
        <line num="193" count="0" type="stmt"/>
        <line num="194" count="0" type="stmt"/>
        <line num="195" count="0" type="stmt"/>
        <line num="196" count="0" type="stmt"/>
        <line num="197" count="0" type="stmt"/>
        <line num="201" count="0" type="cond" truecount="0" falsecount="4"/>
        <line num="205" count="0" type="stmt"/>
        <line num="211" count="0" type="stmt"/>
        <line num="219" count="25" type="stmt"/>
        <line num="224" count="0" type="stmt"/>
        <line num="225" count="0" type="stmt"/>
        <line num="226" count="0" type="stmt"/>
        <line num="227" count="0" type="stmt"/>
        <line num="228" count="0" type="stmt"/>
        <line num="232" count="0" type="cond" truecount="0" falsecount="4"/>
        <line num="236" count="0" type="stmt"/>
        <line num="241" count="0" type="stmt"/>
        <line num="250" count="25" type="stmt"/>
        <line num="255" count="0" type="stmt"/>
        <line num="256" count="0" type="stmt"/>
        <line num="257" count="0" type="stmt"/>
        <line num="258" count="0" type="stmt"/>
        <line num="259" count="0" type="stmt"/>
        <line num="263" count="0" type="cond" truecount="0" falsecount="4"/>
        <line num="267" count="0" type="stmt"/>
        <line num="272" count="0" type="stmt"/>
        <line num="280" count="25" type="stmt"/>
        <line num="284" count="0" type="stmt"/>
        <line num="285" count="0" type="cond" truecount="0" falsecount="2"/>
        <line num="286" count="0" type="cond" truecount="0" falsecount="2"/>
        <line num="287" count="0" type="stmt"/>
        <line num="289" count="0" type="stmt"/>
        <line num="290" count="0" type="stmt"/>
        <line num="291" count="0" type="stmt"/>
        <line num="294" count="0" type="cond" truecount="0" falsecount="4"/>
        <line num="296" count="0" type="stmt"/>
        <line num="297" count="0" type="stmt"/>
        <line num="300" count="0" type="stmt"/>
        <line num="301" count="0" type="stmt"/>
        <line num="304" count="0" type="stmt"/>
[...]
        <line num="255" count="0" type="stmt"/>
        <line num="256" count="0" type="stmt"/>
        <line num="257" count="0" type="stmt"/>
        <line num="260" count="3" type="stmt"/>
        <line num="284" count="3" type="stmt"/>
        <line num="285" count="3" type="cond" truecount="1" falsecount="1"/>
        <line num="286" count="0" type="stmt"/>
        <line num="287" count="0" type="stmt"/>
        <line num="288" count="0" type="stmt"/>
        <line num="290" count="3" type="stmt"/>
        <line num="295" count="1" type="cond" truecount="1" falsecount="1"/>
        <line num="296" count="0" type="stmt"/>
        <line num="297" count="0" type="stmt"/>
        <line num="298" count="0" type="stmt"/>
        <line num="302" count="1" type="stmt"/>
        <line num="303" count="1" type="cond" truecount="3" falsecount="1"/>
        <line num="304" count="0" type="stmt"/>
        <line num="305" count="0" type="stmt"/>
        <line num="306" count="0" type="stmt"/>
        <line num="309" count="1" type="stmt"/>
        <line num="310" count="1" type="cond" truecount="1" falsecount="1"/>
        <line num="311" count="1" type="cond" truecount="1" falsecount="1"/>
        <line num="312" count="0" type="stmt"/>
        <line num="313" count="1" type="cond" truecount="1" falsecount="1"/>
        <line num="314" count="1" type="cond" truecount="1" falsecount="1"/>
        <line num="315" count="0" type="stmt"/>
        <line num="316" count="1" type="cond" truecount="1" falsecount="1"/>
        <line num="317" count="1" type="cond" truecount="1" falsecount="1"/>
        <line num="318" count="1" type="cond" truecount="1" falsecount="1"/>
        <line num="319" count="0" type="stmt"/>
        <line num="320" count="0" type="cond" truecount="0" falsecount="2"/>
        <line num="321" count="0" type="stmt"/>
        <line num="323" count="0" type="cond" truecount="0" falsecount="2"/>
        <line num="324" count="0" type="stmt"/>
        <line num="325" count="0" type="stmt"/>
        <line num="326" count="0" type="stmt"/>
        <line num="328" count="0" type="stmt"/>
        <line num="329" count="0" type="cond" truecount="0" falsecount="2"/>
        <line num="332" count="0" type="stmt"/>
        <line num="335" count="0" type="cond" truecount="0" falsecount="2"/>
        <line num="336" count="0" type="stmt"/>
        <line num="339" count="0" type="stmt"/>
        <line num="340" count="0" type="stmt"/>
        <line num="342" count="0" type="stmt"/>
        <line num="344" count="1" type="cond" truecount="1" falsecount="1"/>
        <line num="345" count="0" type="stmt"/>
        <line num="346" count="1" type="cond" truecount="1" falsecount="1"/>
        <line num="347" count="0" type="stmt"/>
        <line num="348" count="1" type="cond" truecount="1" falsecount="1"/>
        <line num="349" count="1" type="cond" truecount="1" falsecount="1"/>
        <line num="350" count="1" type="cond" truecount="1" falsecount="1"/>
        <line num="351" count="1" type="cond" truecount="1" falsecount="1"/>
        <line num="352" count="1" type="cond" truecount="1" falsecount="1"/>
        <line num="353" count="1" type="cond" truecount="1" falsecount="1"/>
        <line num="354" count="1" type="cond" truecount="1" falsecount="1"/>
        <line num="355" count="1" type="cond" truecount="1" falsecount="1"/>
        <line num="357" count="1" type="cond" truecount="1" falsecount="1"/>
        <line num="359" count="0" type="stmt"/>
        <line num="360" count="0" type="cond" truecount="0" falsecount="2"/>
        <line num="361" count="0" type="stmt"/>
        <line num="362" count="0" type="stmt"/>
        <line num="363" count="0" type="stmt"/>
        <line num="367" count="0" type="cond" truecount="0" falsecount="4"/>
        <line num="368" count="0" type="cond" truecount="0" falsecount="2"/>
        <line num="369" count="0" type="stmt"/>
        <line num="370" count="0" type="stmt"/>
        <line num="371" count="0" type="stmt"/>
        <line num="375" count="0" type="stmt"/>
        <line num="376" count="0" type="stmt"/>
        <line num="377" count="0" type="cond" truecount="0" falsecount="2"/>
        <line num="378" count="0" type="stmt"/>
        <line num="381" count="0" type="stmt"/>
        <line num="382" count="0" type="stmt"/>
        <line num="387" count="0" type="stmt"/>
        <line num="388" count="0" type="cond" truecount="0" falsecount="4"/>
        <line num="389" count="0" type="stmt"/>
        <line num="390" count="0" type="stmt"/>
        <line num="393" count="0" type="stmt"/>
        <line num="394" count="0" type="stmt"/>
        <line num="398" count="0" type="stmt"/>
        <line num="400" count="0" type="stmt"/>
        <line num="401" count="0" type="cond" truecount="0" falsecount="2"/>
        <line num="402" count="0" type="cond" truecount="0" falsecount="4"/>
        <line num="406" count="1" type="cond" truecount="3" falsecount="1"/>
        <line num="407" count="1" type="stmt"/>
        <line num="408" count="1" type="cond" truecount="1" falsecount="1"/>
        <line num="409" count="1" type="stmt"/>
        <line num="410" count="14" type="cond" truecount="1" falsecount="1"/>
        <line num="413" count="1" type="cond" truecount="1" falsecount="1"/>
        <line num="414" count="0" type="stmt"/>
        <line num="415" count="0" type="stmt"/>
        <line num="416" count="0" type="stmt"/>
        <line num="421" count="1" type="stmt"/>
        <line num="425" count="1" type="cond" truecount="1" falsecount="1"/>
        <line num="426" count="0" type="stmt"/>
        <line num="427" count="0" type="stmt"/>
        <line num="428" count="0" type="stmt"/>
        <line num="430" count="1" type="stmt"/>
        <line num="434" count="2" type="stmt"/>
        <line num="435" count="2" type="cond" truecount="1" falsecount="1"/>
        <line num="436" count="0" type="stmt"/>
        <line num="437" count="0" type="stmt"/>
        <line num="438" count="0" type="stmt"/>
        <line num="440" count="2" type="stmt"/>
        <line num="443" count="27" type="stmt"/>
      </file>
      <file name="promoService.js" path="C:\Users\admin\mushroom-shop\backend\src\services\promoService.js">
        <metrics statements="9" coveredstatements="2" conditionals="6" coveredconditionals="0" methods="1" coveredmethods="0"/>
        <line num="1" count="25" type="stmt"/>
        <line num="7" count="0" type="cond" truecount="0" falsecount="4"/>
        <line num="8" count="0" type="stmt"/>
        <line num="11" count="0" type="stmt"/>
        <line num="12" count="0" type="stmt"/>
        <line num="14" count="0" type="cond" truecount="0" falsecount="2"/>
        <line num="15" count="0" type="stmt"/>
        <line num="18" count="0" type="stmt"/>
        <line num="26" count="25" type="stmt"/>
      </file>
      <file name="smsService.js" path="C:\Users\admin\mushroom-shop\backend\src\services\smsService.js">
        <metrics statements="43" coveredstatements="13" conditionals="46" coveredconditionals="12" methods="3" coveredmethods="1"/>
        <line num="1" count="25" type="stmt"/>
        <line num="2" count="25" type="stmt"/>
        <line num="5" count="0" type="stmt"/>
        <line num="6" count="0" type="cond" truecount="0" falsecount="4"/>
        <line num="7" count="0" type="cond" truecount="0" falsecount="2"/>
        <line num="8" count="0" type="cond" truecount="0" falsecount="2"/>
        <line num="9" count="0" type="cond" truecount="0" falsecount="4"/>
        <line num="10" count="0" type="stmt"/>
        <line num="14" count="0" type="cond" truecount="0" falsecount="2"/>
        <line num="16" count="0" type="cond" truecount="0" falsecount="2"/>
        <line num="17" count="0" type="cond" truecount="0" falsecount="2"/>
        <line num="18" count="0" type="cond" truecount="0" falsecount="2"/>
        <line num="20" count="0" type="cond" truecount="0" falsecount="6"/>
        <line num="22" count="0" type="cond" truecount="0" falsecount="4"/>
        <line num="23" count="0" type="stmt"/>
        <line num="24" count="0" type="stmt"/>
        <line num="25" count="0" type="stmt"/>
        <line num="26" count="0" type="stmt"/>
        <line num="29" count="0" type="stmt"/>
        <line num="30" count="0" type="stmt"/>
        <line num="31" count="0" type="stmt"/>
        <line num="32" count="0" type="stmt"/>
        <line num="33" count="0" type="stmt"/>
        <line num="34" count="0" type="stmt"/>
        <line num="36" count="0" type="stmt"/>
        <line num="37" count="0" type="stmt"/>
        <line num="42" count="2" type="cond" truecount="2" falsecount="0"/>
        <line num="43" count="2" type="cond" truecount="2" falsecount="0"/>
        <line num="44" count="2" type="cond" truecount="2" falsecount="0"/>
        <line num="45" count="2" type="cond" truecount="4" falsecount="0"/>
        <line num="47" count="2" type="cond" truecount="2" falsecount="4"/>
        <line num="48" count="2" type="stmt"/>
        <line num="49" count="2" type="stmt"/>
        <line num="50" count="2" type="stmt"/>
        <line num="51" count="2" type="stmt"/>
        <line num="52" count="2" type="stmt"/>
        <line num="55" count="0" type="stmt"/>
        <line num="56" count="0" type="stmt"/>
        <line num="57" count="0" type="stmt"/>
        <line num="58" count="0" type="stmt"/>
        <line num="59" count="0" type="stmt"/>
        <line num="61" count="0" type="stmt"/>
        <line num="65" count="25" type="stmt"/>
      </file>
    </package>
    <package name="src.services.shipping">
      <metrics statements="58" coveredstatements="41" conditionals="24" coveredconditionals="13" methods="15" coveredmethods="5"/>
      <file name="ProviderRegistry.js" path="C:\Users\admin\mushroom-shop\backend\src\services\shipping\ProviderRegistry.js">
        <metrics statements="29" coveredstatements="27" conditionals="16" coveredconditionals="11" methods="4" coveredmethods="4"/>
        <line num="1" count="25" type="stmt"/>
        <line num="2" count="25" type="stmt"/>
        <line num="4" count="25" type="stmt"/>
        <line num="7" count="33" type="cond" truecount="2" falsecount="0"/>
        <line num="8" count="30" type="stmt"/>
        <line num="11" count="3" type="stmt"/>
        <line num="17" count="3" type="cond" truecount="4" falsecount="0"/>
        <line num="18" count="1" type="stmt"/>
        <line num="22" count="2" type="stmt"/>
        <line num="23" count="2" type="stmt"/>
        <line num="25" count="0" type="stmt"/>
        <line num="26" count="0" type="stmt"/>
        <line num="29" count="2" type="cond" truecount="1" falsecount="1"/>
        <line num="30" count="2" type="stmt"/>
        <line num="31" count="2" type="stmt"/>
        <line num="35" count="3" type="stmt"/>
        <line num="40" count="3" type="cond" truecount="1" falsecount="1"/>
        <line num="42" count="3" type="stmt"/>
        <line num="43" count="3" type="stmt"/>
        <line num="44" count="3" type="stmt"/>
        <line num="45" count="3" type="cond" truecount="1" falsecount="1"/>
        <line num="47" count="3" type="stmt"/>
        <line num="51" count="17" type="stmt"/>
        <line num="57" count="17" type="cond" truecount="1" falsecount="1"/>
        <line num="58" count="17" type="stmt"/>
        <line num="59" count="17" type="cond" truecount="1" falsecount="1"/>
        <line num="60" count="17" type="stmt"/>
        <line num="64" count="1" type="stmt"/>
        <line num="67" count="25" type="stmt"/>
      </file>
      <file name="ShippingProviderAdapter.js" path="C:\Users\admin\mushroom-shop\backend\src\services\shipping\ShippingProviderAdapter.js">
        <metrics statements="10" coveredstatements="1" conditionals="0" coveredconditionals="0" methods="9" coveredmethods="0"/>
        <line num="3" count="0" type="stmt"/>
        <line num="7" count="0" type="stmt"/>
        <line num="11" count="0" type="stmt"/>
        <line num="15" count="0" type="stmt"/>
        <line num="19" count="0" type="stmt"/>
        <line num="23" count="0" type="stmt"/>
        <line num="27" count="0" type="stmt"/>
        <line num="31" count="0" type="stmt"/>
        <line num="35" count="0" type="stmt"/>
        <line num="39" count="1" type="stmt"/>
      </file>
      <file name="selectBestProvider.js" path="C:\Users\admin\mushroom-shop\backend\src\services\shipping\selectBestProvider.js">
        <metrics statements="19" coveredstatements="13" conditionals="8" coveredconditionals="2" methods="2" coveredmethods="1"/>
        <line num="1" count="25" type="stmt"/>
        <line num="2" count="25" type="stmt"/>
        <line num="5" count="2" type="stmt"/>
        <line num="6" count="2" type="cond" truecount="1" falsecount="1"/>
        <line num="7" count="0" type="stmt"/>
        <line num="10" count="2" type="stmt"/>
        <line num="11" count="2" type="stmt"/>
        <line num="12" count="2" type="stmt"/>
        <line num="13" count="2" type="stmt"/>
        <line num="14" count="2" type="stmt"/>
        <line num="16" count="0" type="stmt"/>
        <line num="20" count="2" type="cond" truecount="1" falsecount="1"/>
        <line num="21" count="0" type="stmt"/>
        <line num="24" count="2" type="stmt"/>
        <line num="25" count="0" type="cond" truecount="0" falsecount="2"/>
        <line num="26" count="0" type="cond" truecount="0" falsecount="2"/>
        <line num="27" count="0" type="stmt"/>
        <line num="30" count="2" type="stmt"/>
        <line num="33" count="25" type="stmt"/>
      </file>
    </package>
    <package name="src.services.shipping.adapters">
      <metrics statements="62" coveredstatements="38" conditionals="60" coveredconditionals="33" methods="14" coveredmethods="13"/>
      <file name="ShiprocketAdapter.js" path="C:\Users\admin\mushroom-shop\backend\src\services\shipping\adapters\ShiprocketAdapter.js">
        <metrics statements="62" coveredstatements="38" conditionals="60" coveredconditionals="33" methods="14" coveredmethods="13"/>
        <line num="1" count="1" type="stmt"/>
        <line num="2" count="1" type="stmt"/>
        <line num="3" count="1" type="stmt"/>
        <line num="5" count="1" type="stmt"/>
        <line num="9" count="12" type="stmt"/>
        <line num="10" count="12" type="cond" truecount="2" falsecount="0"/>
        <line num="11" count="12" type="cond" truecount="1" falsecount="1"/>
        <line num="12" count="12" type="cond" truecount="1" falsecount="1"/>
        <line num="13" count="12" type="cond" truecount="2" falsecount="0"/>
        <line num="17" count="1" type="cond" truecount="1" falsecount="1"/>
        <line num="19" count="0" type="stmt"/>
        <line num="25" count="0" type="cond" truecount="0" falsecount="4"/>
        <line num="26" count="0" type="stmt"/>
        <line num="27" count="0" type="cond" truecount="0" falsecount="5"/>
        <line num="28" count="0" type="stmt"/>
        <line num="32" count="0" type="stmt"/>
        <line num="33" count="0" type="stmt"/>
        <line num="37" count="0" type="stmt"/>
        <line num="41" count="0" type="stmt"/>
        <line num="46" count="0" type="cond" truecount="0" falsecount="2"/>
        <line num="47" count="0" type="stmt"/>
        <line num="48" count="0" type="stmt"/>
        <line num="50" count="0" type="stmt"/>
        <line num="51" count="0" type="stmt"/>
        <line num="55" count="63" type="cond" truecount="1" falsecount="1"/>
        <line num="57" count="0" type="stmt"/>
        <line num="58" count="0" type="stmt"/>
        <line num="59" count="0" type="stmt"/>
        <line num="66" count="0" type="cond" truecount="0" falsecount="2"/>
        <line num="68" count="0" type="stmt"/>
        <line num="69" count="0" type="stmt"/>
        <line num="70" count="0" type="cond" truecount="0" falsecount="2"/>
        <line num="71" count="0" type="cond" truecount="0" falsecount="2"/>
        <line num="73" count="0" type="stmt"/>
        <line num="77" count="63" type="cond" truecount="2" falsecount="0"/>
        <line num="78" count="3" type="stmt"/>
        <line num="91" count="60" type="cond" truecount="2" falsecount="0"/>
        <line num="92" count="14" type="stmt"/>
        <line num="98" count="46" type="cond" truecount="2" falsecount="0"/>
        <line num="99" count="14" type="stmt"/>
        <line num="104" count="32" type="cond" truecount="2" falsecount="0"/>
        <line num="105" count="14" type="stmt"/>
        <line num="110" count="18" type="cond" truecount="2" falsecount="0"/>
        <line num="111" count="3" type="stmt"/>
        <line num="113" count="15" type="cond" truecount="2" falsecount="0"/>
        <line num="114" count="14" type="stmt"/>
        <line num="119" count="1" type="cond" truecount="1" falsecount="1"/>
        <line num="120" count="1" type="stmt"/>
        <line num="133" count="0" type="stmt"/>
        <line num="137" count="3" type="cond" truecount="1" falsecount="1"/>
        <line num="141" count="14" type="stmt"/>
        <line num="145" count="14" type="stmt"/>
        <line num="152" count="14" type="stmt"/>
        <line num="158" count="3" type="stmt"/>
        <line num="164" count="14" type="stmt"/>
        <line num="170" count="1" type="stmt"/>
        <line num="174" count="10" type="cond" truecount="2" falsecount="0"/>
        <line num="175" count="1" type="stmt"/>
        <line num="176" count="1" type="stmt"/>
        <line num="180" count="9" type="cond" truecount="1" falsecount="1"/>
        <line num="181" count="9" type="stmt"/>
        <line num="193" count="1" type="stmt"/>
      </file>
    </package>
    <package name="src.utils">
      <metrics statements="22" coveredstatements="19" conditionals="28" coveredconditionals="18" methods="4" coveredmethods="4"/>
      <file name="errorHandler.js" path="C:\Users\admin\mushroom-shop\backend\src\utils\errorHandler.js">
        <metrics statements="10" coveredstatements="7" conditionals="12" coveredconditionals="6" methods="1" coveredmethods="1"/>
        <line num="1" count="25" type="stmt"/>
        <line num="4" count="1" type="cond" truecount="1" falsecount="1"/>
        <line num="6" count="1" type="stmt"/>
        <line num="14" count="1" type="cond" truecount="1" falsecount="1"/>
        <line num="15" count="0" type="stmt"/>
        <line num="18" count="1" type="cond" truecount="1" falsecount="1"/>
        <line num="19" count="1" type="stmt"/>
        <line num="22" count="0" type="stmt"/>
        <line num="23" count="0" type="stmt"/>
        <line num="26" count="25" type="stmt"/>
      </file>
      <file name="escapeRegExp.js" path="C:\Users\admin\mushroom-shop\backend\src\utils\escapeRegExp.js">
        <metrics statements="2" coveredstatements="2" conditionals="0" coveredconditionals="0" methods="1" coveredmethods="1"/>
        <line num="2" count="42" type="stmt"/>
        <line num="5" count="30" type="stmt"/>
      </file>
      <file name="logger.js" path="C:\Users\admin\mushroom-shop\backend\src\utils\logger.js">
        <metrics statements="10" coveredstatements="10" conditionals="16" coveredconditionals="12" methods="2" coveredmethods="2"/>
        <line num="1" count="30" type="stmt"/>
        <line num="2" count="30" type="stmt"/>
        <line num="4" count="30" type="cond" truecount="2" falsecount="0"/>
        <line num="6" count="30" type="stmt"/>
        <line num="18" count="126" type="cond" truecount="2" falsecount="0"/>
        <line num="21" count="126" type="cond" truecount="1" falsecount="1"/>
        <line num="27" count="30" type="stmt"/>
        <line num="36" count="126" type="cond" truecount="2" falsecount="0"/>
        <line num="39" count="126" type="cond" truecount="1" falsecount="1"/>
        <line num="46" count="30" type="stmt"/>
      </file>
    </package>
  </project>
</coverage>
