{"C:\\Users\\admin\\mushroom-shop\\backend\\src\\server.js": {"path":"C:\\Users\\admin\\mushroom-shop\\backend\\src\\server.js","statementMap":{"0":{"start":{"line":1,"column":0},"end":{"line":1,"column":79}},"1":{"start":{"line":2,"column":16},"end":{"line":2,"column":34}},"2":{"start":{"line":3,"column":13},"end":{"line":3,"column":28}},"3":{"start":{"line":4,"column":15},"end":{"line":4,"column":32}},"4":{"start":{"line":5,"column":21},"end":{"line":5,"column":45}},"5":{"start":{"line":6,"column":18},"end":{"line":6,"column":47}},"6":{"start":{"line":7,"column":11},"end":{"line":7,"column":33}},"7":{"start":{"line":8,"column":17},"end":{"line":8,"column":45}},"8":{"start":{"line":9,"column":17},"end":{"line":9,"column":45}},"9":{"start":{"line":10,"column":20},"end":{"line":10,"column":51}},"10":{"start":{"line":12,"column":19},"end":{"line":12,"column":58}},"11":{"start":{"line":13,"column":22},"end":{"line":13,"column":50}},"12":{"start":{"line":14,"column":20},"end":{"line":14,"column":46}},"13":{"start":{"line":15,"column":23},"end":{"line":15,"column":53}},"14":{"start":{"line":16,"column":23},"end":{"line":16,"column":52}},"15":{"start":{"line":17,"column":22},"end":{"line":17,"column":49}},"16":{"start":{"line":18,"column":19},"end":{"line":18,"column":44}},"17":{"start":{"line":19,"column":21},"end":{"line":19,"column":47}},"18":{"start":{"line":20,"column":20},"end":{"line":20,"column":45}},"19":{"start":{"line":21,"column":23},"end":{"line":21,"column":52}},"20":{"start":{"line":22,"column":35},"end":{"line":22,"column":68}},"21":{"start":{"line":23,"column":21},"end":{"line":23,"column":66}},"22":{"start":{"line":24,"column":15},"end":{"line":24,"column":40}},"23":{"start":{"line":26,"column":12},"end":{"line":26,"column":21}},"24":{"start":{"line":27,"column":13},"end":{"line":27,"column":37}},"25":{"start":{"line":29,"column":23},"end":{"line":38,"column":5}},"26":{"start":{"line":30,"column":50},"end":{"line":30,"column":58}},"27":{"start":{"line":33,"column":65},"end":{"line":33,"column":73}},"28":{"start":{"line":41,"column":0},"end":{"line":41,"column":18}},"29":{"start":{"line":44,"column":0},"end":{"line":44,"column":24}},"30":{"start":{"line":47,"column":0},"end":{"line":54,"column":2}},"31":{"start":{"line":57,"column":20},"end":{"line":57,"column":51}},"32":{"start":{"line":58,"column":19},"end":{"line":66,"column":4}},"33":{"start":{"line":59,"column":24},"end":{"line":59,"column":30}},"34":{"start":{"line":68,"column":20},"end":{"line":76,"column":4}},"35":{"start":{"line":69,"column":24},"end":{"line":69,"column":30}},"36":{"start":{"line":79,"column":0},"end":{"line":79,"column":45}},"37":{"start":{"line":80,"column":0},"end":{"line":80,"column":44}},"38":{"start":{"line":81,"column":0},"end":{"line":81,"column":45}},"39":{"start":{"line":82,"column":0},"end":{"line":82,"column":34}},"40":{"start":{"line":86,"column":0},"end":{"line":93,"column":4}},"41":{"start":{"line":89,"column":4},"end":{"line":91,"column":5}},"42":{"start":{"line":90,"column":6},"end":{"line":90,"column":24}},"43":{"start":{"line":95,"column":0},"end":{"line":95,"column":63}},"44":{"start":{"line":97,"column":0},"end":{"line":106,"column":3}},"45":{"start":{"line":98,"column":2},"end":{"line":104,"column":3}},"46":{"start":{"line":99,"column":4},"end":{"line":103,"column":6}},"47":{"start":{"line":105,"column":2},"end":{"line":105,"column":12}},"48":{"start":{"line":109,"column":0},"end":{"line":109,"column":33}},"49":{"start":{"line":110,"column":0},"end":{"line":110,"column":40}},"50":{"start":{"line":111,"column":0},"end":{"line":111,"column":36}},"51":{"start":{"line":112,"column":0},"end":{"line":112,"column":43}},"52":{"start":{"line":113,"column":0},"end":{"line":113,"column":42}},"53":{"start":{"line":114,"column":0},"end":{"line":114,"column":39}},"54":{"start":{"line":115,"column":0},"end":{"line":115,"column":34}},"55":{"start":{"line":116,"column":0},"end":{"line":116,"column":37}},"56":{"start":{"line":117,"column":0},"end":{"line":117,"column":35}},"57":{"start":{"line":118,"column":0},"end":{"line":118,"column":42}},"58":{"start":{"line":119,"column":0},"end":{"line":119,"column":38}},"59":{"start":{"line":122,"column":0},"end":{"line":129,"column":3}},"60":{"start":{"line":123,"column":2},"end":{"line":128,"column":5}},"61":{"start":{"line":132,"column":0},"end":{"line":138,"column":3}},"62":{"start":{"line":133,"column":2},"end":{"line":137,"column":4}},"63":{"start":{"line":141,"column":0},"end":{"line":141,"column":21}},"64":{"start":{"line":144,"column":21},"end":{"line":144,"column":53}},"65":{"start":{"line":145,"column":23},"end":{"line":145,"column":25}},"66":{"start":{"line":149,"column":2},"end":{"line":149,"column":24}},"67":{"start":{"line":149,"column":17},"end":{"line":149,"column":24}},"68":{"start":{"line":150,"column":2},"end":{"line":245,"column":3}},"69":{"start":{"line":151,"column":23},"end":{"line":151,"column":36}},"70":{"start":{"line":152,"column":24},"end":{"line":152,"column":54}},"71":{"start":{"line":153,"column":24},"end":{"line":153,"column":67}},"72":{"start":{"line":154,"column":16},"end":{"line":154,"column":70}},"73":{"start":{"line":155,"column":4},"end":{"line":155,"column":36}},"74":{"start":{"line":155,"column":29},"end":{"line":155,"column":36}},"75":{"start":{"line":157,"column":21},"end":{"line":164,"column":6}},"76":{"start":{"line":165,"column":4},"end":{"line":165,"column":29}},"77":{"start":{"line":168,"column":23},"end":{"line":233,"column":5}},"78":{"start":{"line":235,"column":4},"end":{"line":237,"column":5}},"79":{"start":{"line":236,"column":6},"end":{"line":236,"column":84}},"80":{"start":{"line":236,"column":43},"end":{"line":236,"column":82}},"81":{"start":{"line":240,"column":4},"end":{"line":240,"column":74}},"82":{"start":{"line":241,"column":4},"end":{"line":241,"column":25}},"83":{"start":{"line":242,"column":4},"end":{"line":242,"column":76}},"84":{"start":{"line":244,"column":4},"end":{"line":244,"column":72}},"85":{"start":{"line":250,"column":17},"end":{"line":271,"column":4}},"86":{"start":{"line":251,"column":4},"end":{"line":251,"column":70}},"87":{"start":{"line":252,"column":4},"end":{"line":252,"column":64}},"88":{"start":{"line":253,"column":4},"end":{"line":255,"column":6}},"89":{"start":{"line":256,"column":4},"end":{"line":258,"column":6}},"90":{"start":{"line":259,"column":4},"end":{"line":261,"column":5}},"91":{"start":{"line":260,"column":6},"end":{"line":260,"column":31}},"92":{"start":{"line":264,"column":35},"end":{"line":264,"column":77}},"93":{"start":{"line":265,"column":4},"end":{"line":265,"column":112}},"94":{"start":{"line":265,"column":38},"end":{"line":265,"column":110}},"95":{"start":{"line":266,"column":4},"end":{"line":268,"column":22}},"96":{"start":{"line":267,"column":6},"end":{"line":267,"column":106}},"97":{"start":{"line":267,"column":40},"end":{"line":267,"column":104}},"98":{"start":{"line":270,"column":4},"end":{"line":270,"column":70}},"99":{"start":{"line":273,"column":2},"end":{"line":282,"column":5}},"100":{"start":{"line":274,"column":4},"end":{"line":281,"column":5}},"101":{"start":{"line":275,"column":23},"end":{"line":275,"column":31}},"102":{"start":{"line":276,"column":6},"end":{"line":276,"column":72}},"103":{"start":{"line":277,"column":6},"end":{"line":277,"column":42}},"104":{"start":{"line":279,"column":6},"end":{"line":279,"column":61}},"105":{"start":{"line":280,"column":6},"end":{"line":280,"column":22}},"106":{"start":{"line":285,"column":0},"end":{"line":288,"column":1}},"107":{"start":{"line":287,"column":2},"end":{"line":287,"column":59}},"108":{"start":{"line":287,"column":32},"end":{"line":287,"column":57}},"109":{"start":{"line":290,"column":0},"end":{"line":290,"column":21}}},"fnMap":{"0":{"name":"(anonymous_0)","decl":{"start":{"line":30,"column":43},"end":{"line":30,"column":44}},"loc":{"start":{"line":30,"column":50},"end":{"line":30,"column":58}},"line":30},"1":{"name":"(anonymous_1)","decl":{"start":{"line":33,"column":58},"end":{"line":33,"column":59}},"loc":{"start":{"line":33,"column":65},"end":{"line":33,"column":73}},"line":33},"2":{"name":"(anonymous_2)","decl":{"start":{"line":59,"column":4},"end":{"line":59,"column":5}},"loc":{"start":{"line":59,"column":24},"end":{"line":59,"column":30}},"line":59},"3":{"name":"(anonymous_3)","decl":{"start":{"line":69,"column":4},"end":{"line":69,"column":5}},"loc":{"start":{"line":69,"column":24},"end":{"line":69,"column":30}},"line":69},"4":{"name":"(anonymous_4)","decl":{"start":{"line":88,"column":10},"end":{"line":88,"column":11}},"loc":{"start":{"line":88,"column":29},"end":{"line":92,"column":3}},"line":88},"5":{"name":"(anonymous_5)","decl":{"start":{"line":97,"column":8},"end":{"line":97,"column":9}},"loc":{"start":{"line":97,"column":33},"end":{"line":106,"column":1}},"line":97},"6":{"name":"(anonymous_6)","decl":{"start":{"line":122,"column":23},"end":{"line":122,"column":24}},"loc":{"start":{"line":122,"column":37},"end":{"line":129,"column":1}},"line":122},"7":{"name":"(anonymous_7)","decl":{"start":{"line":132,"column":8},"end":{"line":132,"column":9}},"loc":{"start":{"line":132,"column":28},"end":{"line":138,"column":1}},"line":132},"8":{"name":"runMigrations","decl":{"start":{"line":148,"column":15},"end":{"line":148,"column":28}},"loc":{"start":{"line":148,"column":31},"end":{"line":246,"column":1}},"line":148},"9":{"name":"(anonymous_9)","decl":{"start":{"line":236,"column":38},"end":{"line":236,"column":39}},"loc":{"start":{"line":236,"column":43},"end":{"line":236,"column":82}},"line":236},"10":{"name":"(anonymous_10)","decl":{"start":{"line":240,"column":64},"end":{"line":240,"column":65}},"loc":{"start":{"line":240,"column":70},"end":{"line":240,"column":72}},"line":240},"11":{"name":"startServer","decl":{"start":{"line":249,"column":9},"end":{"line":249,"column":20}},"loc":{"start":{"line":249,"column":41},"end":{"line":283,"column":1}},"line":249},"12":{"name":"(anonymous_12)","decl":{"start":{"line":250,"column":34},"end":{"line":250,"column":35}},"loc":{"start":{"line":250,"column":40},"end":{"line":271,"column":3}},"line":250},"13":{"name":"(anonymous_13)","decl":{"start":{"line":265,"column":31},"end":{"line":265,"column":32}},"loc":{"start":{"line":265,"column":38},"end":{"line":265,"column":110}},"line":265},"14":{"name":"(anonymous_14)","decl":{"start":{"line":266,"column":16},"end":{"line":266,"column":17}},"loc":{"start":{"line":266,"column":22},"end":{"line":268,"column":5}},"line":266},"15":{"name":"(anonymous_15)","decl":{"start":{"line":267,"column":33},"end":{"line":267,"column":34}},"loc":{"start":{"line":267,"column":40},"end":{"line":267,"column":104}},"line":267},"16":{"name":"(anonymous_16)","decl":{"start":{"line":273,"column":21},"end":{"line":273,"column":22}},"loc":{"start":{"line":273,"column":32},"end":{"line":282,"column":3}},"line":273},"17":{"name":"(anonymous_17)","decl":{"start":{"line":287,"column":26},"end":{"line":287,"column":27}},"loc":{"start":{"line":287,"column":32},"end":{"line":287,"column":57}},"line":287}},"branchMap":{"0":{"loc":{"start":{"line":27,"column":13},"end":{"line":27,"column":37}},"type":"binary-expr","locations":[{"start":{"line":27,"column":13},"end":{"line":27,"column":29}},{"start":{"line":27,"column":33},"end":{"line":27,"column":37}}],"line":27},"1":{"loc":{"start":{"line":29,"column":23},"end":{"line":38,"column":5}},"type":"cond-expr","locations":[{"start":{"line":30,"column":4},"end":{"line":30,"column":59}},{"start":{"line":31,"column":4},"end":{"line":38,"column":5}}],"line":29},"2":{"loc":{"start":{"line":31,"column":4},"end":{"line":38,"column":5}},"type":"cond-expr","locations":[{"start":{"line":32,"column":6},"end":{"line":34,"column":13}},{"start":{"line":35,"column":6},"end":{"line":38,"column":5}}],"line":31},"3":{"loc":{"start":{"line":32,"column":6},"end":{"line":34,"column":13}},"type":"cond-expr","locations":[{"start":{"line":33,"column":8},"end":{"line":33,"column":74}},{"start":{"line":34,"column":8},"end":{"line":34,"column":13}}],"line":32},"4":{"loc":{"start":{"line":49,"column":12},"end":{"line":49,"column":62}},"type":"cond-expr","locations":[{"start":{"line":49,"column":40},"end":{"line":49,"column":54}},{"start":{"line":49,"column":57},"end":{"line":49,"column":62}}],"line":49},"5":{"loc":{"start":{"line":58,"column":19},"end":{"line":66,"column":4}},"type":"cond-expr","locations":[{"start":{"line":59,"column":4},"end":{"line":59,"column":30}},{"start":{"line":60,"column":4},"end":{"line":66,"column":4}}],"line":58},"6":{"loc":{"start":{"line":68,"column":20},"end":{"line":76,"column":4}},"type":"cond-expr","locations":[{"start":{"line":69,"column":4},"end":{"line":69,"column":30}},{"start":{"line":70,"column":4},"end":{"line":76,"column":4}}],"line":68},"7":{"loc":{"start":{"line":89,"column":4},"end":{"line":91,"column":5}},"type":"if","locations":[{"start":{"line":89,"column":4},"end":{"line":91,"column":5}},{"start":{},"end":{}}],"line":89},"8":{"loc":{"start":{"line":89,"column":8},"end":{"line":89,"column":62}},"type":"binary-expr","locations":[{"start":{"line":89,"column":8},"end":{"line":89,"column":23}},{"start":{"line":89,"column":27},"end":{"line":89,"column":62}}],"line":89},"9":{"loc":{"start":{"line":98,"column":2},"end":{"line":104,"column":3}},"type":"if","locations":[{"start":{"line":98,"column":2},"end":{"line":104,"column":3}},{"start":{},"end":{}}],"line":98},"10":{"loc":{"start":{"line":98,"column":6},"end":{"line":98,"column":71}},"type":"binary-expr","locations":[{"start":{"line":98,"column":6},"end":{"line":98,"column":32}},{"start":{"line":98,"column":36},"end":{"line":98,"column":54}},{"start":{"line":98,"column":58},"end":{"line":98,"column":71}}],"line":98},"11":{"loc":{"start":{"line":125,"column":18},"end":{"line":125,"column":70}},"type":"cond-expr","locations":[{"start":{"line":125,"column":30},"end":{"line":125,"column":46}},{"start":{"line":125,"column":49},"end":{"line":125,"column":70}}],"line":125},"12":{"loc":{"start":{"line":126,"column":17},"end":{"line":126,"column":75}},"type":"cond-expr","locations":[{"start":{"line":126,"column":35},"end":{"line":126,"column":51}},{"start":{"line":126,"column":54},"end":{"line":126,"column":75}}],"line":126},"13":{"loc":{"start":{"line":144,"column":21},"end":{"line":144,"column":53}},"type":"binary-expr","locations":[{"start":{"line":144,"column":21},"end":{"line":144,"column":45}},{"start":{"line":144,"column":49},"end":{"line":144,"column":53}}],"line":144},"14":{"loc":{"start":{"line":149,"column":2},"end":{"line":149,"column":24}},"type":"if","locations":[{"start":{"line":149,"column":2},"end":{"line":149,"column":24}},{"start":{},"end":{}}],"line":149},"15":{"loc":{"start":{"line":152,"column":24},"end":{"line":152,"column":54}},"type":"binary-expr","locations":[{"start":{"line":152,"column":24},"end":{"line":152,"column":48}},{"start":{"line":152,"column":52},"end":{"line":152,"column":54}}],"line":152},"16":{"loc":{"start":{"line":153,"column":24},"end":{"line":153,"column":67}},"type":"binary-expr","locations":[{"start":{"line":153,"column":24},"end":{"line":153,"column":61}},{"start":{"line":153,"column":65},"end":{"line":153,"column":67}}],"line":153},"17":{"loc":{"start":{"line":155,"column":4},"end":{"line":155,"column":36}},"type":"if","locations":[{"start":{"line":155,"column":4},"end":{"line":155,"column":36}},{"start":{},"end":{}}],"line":155},"18":{"loc":{"start":{"line":155,"column":8},"end":{"line":155,"column":27}},"type":"binary-expr","locations":[{"start":{"line":155,"column":8},"end":{"line":155,"column":12}},{"start":{"line":155,"column":16},"end":{"line":155,"column":27}}],"line":155},"19":{"loc":{"start":{"line":249,"column":27},"end":{"line":249,"column":39}},"type":"default-arg","locations":[{"start":{"line":249,"column":38},"end":{"line":249,"column":39}}],"line":249},"20":{"loc":{"start":{"line":254,"column":29},"end":{"line":254,"column":78}},"type":"cond-expr","locations":[{"start":{"line":254,"column":41},"end":{"line":254,"column":63}},{"start":{"line":254,"column":66},"end":{"line":254,"column":78}}],"line":254},"21":{"loc":{"start":{"line":257,"column":27},"end":{"line":257,"column":82}},"type":"cond-expr","locations":[{"start":{"line":257,"column":45},"end":{"line":257,"column":67}},{"start":{"line":257,"column":70},"end":{"line":257,"column":82}}],"line":257},"22":{"loc":{"start":{"line":259,"column":4},"end":{"line":261,"column":5}},"type":"if","locations":[{"start":{"line":259,"column":4},"end":{"line":261,"column":5}},{"start":{},"end":{}}],"line":259},"23":{"loc":{"start":{"line":274,"column":4},"end":{"line":281,"column":5}},"type":"if","locations":[{"start":{"line":274,"column":4},"end":{"line":281,"column":5}},{"start":{"line":278,"column":11},"end":{"line":281,"column":5}}],"line":274},"24":{"loc":{"start":{"line":274,"column":8},"end":{"line":274,"column":64}},"type":"binary-expr","locations":[{"start":{"line":274,"column":8},"end":{"line":274,"column":35}},{"start":{"line":274,"column":39},"end":{"line":274,"column":64}}],"line":274},"25":{"loc":{"start":{"line":285,"column":0},"end":{"line":288,"column":1}},"type":"if","locations":[{"start":{"line":285,"column":0},"end":{"line":288,"column":1}},{"start":{},"end":{}}],"line":285}},"s":{"0":8,"1":8,"2":8,"3":8,"4":8,"5":8,"6":8,"7":8,"8":8,"9":8,"10":8,"11":8,"12":8,"13":8,"14":8,"15":8,"16":8,"17":8,"18":8,"19":8,"20":8,"21":8,"22":8,"23":8,"24":8,"25":8,"26":0,"27":0,"28":8,"29":8,"30":8,"31":8,"32":8,"33":3,"34":8,"35":5,"36":8,"37":8,"38":8,"39":8,"40":8,"41":14,"42":1,"43":8,"44":8,"45":0,"46":0,"47":0,"48":8,"49":8,"50":8,"51":8,"52":8,"53":8,"54":8,"55":8,"56":8,"57":8,"58":8,"59":8,"60":0,"61":8,"62":0,"63":8,"64":8,"65":8,"66":0,"67":0,"68":0,"69":0,"70":0,"71":0,"72":0,"73":0,"74":0,"75":0,"76":0,"77":0,"78":0,"79":0,"80":0,"81":0,"82":0,"83":0,"84":0,"85":0,"86":0,"87":0,"88":0,"89":0,"90":0,"91":0,"92":0,"93":0,"94":0,"95":0,"96":0,"97":0,"98":0,"99":0,"100":0,"101":0,"102":0,"103":0,"104":0,"105":0,"106":8,"107":0,"108":0,"109":8},"f":{"0":0,"1":0,"2":3,"3":5,"4":14,"5":0,"6":0,"7":0,"8":0,"9":0,"10":0,"11":0,"12":0,"13":0,"14":0,"15":0,"16":0,"17":0},"b":{"0":[8,0],"1":[0,8],"2":[0,8],"3":[0,0],"4":[8,0],"5":[8,0],"6":[8,0],"7":[1,13],"8":[14,14],"9":[0,0],"10":[0,0,0],"11":[0,0],"12":[0,0],"13":[8,0],"14":[0,0],"15":[0,0],"16":[0,0],"17":[0,0],"18":[0,0],"19":[0],"20":[0,0],"21":[0,0],"22":[0,0],"23":[0,0],"24":[0,0],"25":[0,8]},"_coverageSchema":"1a1c01bbd47fc00a2c39e90264f33305004495a9","hash":"5d0e4efae0accf9ca0d27d4a45c631f08b175ef2"}
,"C:\\Users\\admin\\mushroom-shop\\backend\\src\\config\\db.js": {"path":"C:\\Users\\admin\\mushroom-shop\\backend\\src\\config\\db.js","statementMap":{"0":{"start":{"line":1,"column":25},"end":{"line":1,"column":57}},"1":{"start":{"line":2,"column":15},"end":{"line":2,"column":34}},"2":{"start":{"line":3,"column":26},"end":{"line":3,"column":47}},"3":{"start":{"line":4,"column":15},"end":{"line":4,"column":41}},"4":{"start":{"line":5,"column":21},"end":{"line":5,"column":53}},"5":{"start":{"line":7,"column":20},"end":{"line":7,"column":50}},"6":{"start":{"line":8,"column":27},"end":{"line":8,"column":70}},"7":{"start":{"line":12,"column":2},"end":{"line":18,"column":16}},"8":{"start":{"line":20,"column":23},"end":{"line":20,"column":27}},"9":{"start":{"line":21,"column":0},"end":{"line":24,"column":1}},"10":{"start":{"line":23,"column":2},"end":{"line":23,"column":35}},"11":{"start":{"line":27,"column":18},"end":{"line":398,"column":1}},"12":{"start":{"line":401,"column":28},"end":{"line":401,"column":59}},"13":{"start":{"line":402,"column":0},"end":{"line":406,"column":1}},"14":{"start":{"line":403,"column":2},"end":{"line":405,"column":4}},"15":{"start":{"line":407,"column":26},"end":{"line":407,"column":66}},"16":{"start":{"line":410,"column":0},"end":{"line":417,"column":3}},"17":{"start":{"line":420,"column":0},"end":{"line":427,"column":3}},"18":{"start":{"line":430,"column":0},"end":{"line":437,"column":3}},"19":{"start":{"line":440,"column":0},"end":{"line":448,"column":3}},"20":{"start":{"line":451,"column":0},"end":{"line":459,"column":3}},"21":{"start":{"line":466,"column":4},"end":{"line":466,"column":23}},"22":{"start":{"line":467,"column":4},"end":{"line":467,"column":38}},"23":{"start":{"line":468,"column":4},"end":{"line":468,"column":22}},"24":{"start":{"line":469,"column":4},"end":{"line":469,"column":27}},"25":{"start":{"line":470,"column":4},"end":{"line":470,"column":27}},"26":{"start":{"line":471,"column":4},"end":{"line":471,"column":30}},"27":{"start":{"line":475,"column":4},"end":{"line":475,"column":37}},"28":{"start":{"line":476,"column":4},"end":{"line":476,"column":16}},"29":{"start":{"line":480,"column":4},"end":{"line":480,"column":67}},"30":{"start":{"line":480,"column":43},"end":{"line":480,"column":65}},"31":{"start":{"line":481,"column":4},"end":{"line":481,"column":16}},"32":{"start":{"line":485,"column":4},"end":{"line":517,"column":5}},"33":{"start":{"line":486,"column":19},"end":{"line":486,"column":34}},"34":{"start":{"line":487,"column":22},"end":{"line":487,"column":41}},"35":{"start":{"line":488,"column":27},"end":{"line":488,"column":50}},"36":{"start":{"line":490,"column":23},"end":{"line":513,"column":8}},"37":{"start":{"line":491,"column":23},"end":{"line":497,"column":9}},"38":{"start":{"line":498,"column":8},"end":{"line":503,"column":9}},"39":{"start":{"line":499,"column":10},"end":{"line":499,"column":69}},"40":{"start":{"line":500,"column":10},"end":{"line":500,"column":64}},"41":{"start":{"line":501,"column":10},"end":{"line":501,"column":54}},"42":{"start":{"line":502,"column":10},"end":{"line":502,"column":78}},"43":{"start":{"line":504,"column":8},"end":{"line":510,"column":9}},"44":{"start":{"line":505,"column":10},"end":{"line":505,"column":79}},"45":{"start":{"line":506,"column":10},"end":{"line":506,"column":93}},"46":{"start":{"line":507,"column":10},"end":{"line":507,"column":47}},"47":{"start":{"line":508,"column":10},"end":{"line":508,"column":47}},"48":{"start":{"line":509,"column":10},"end":{"line":509,"column":75}},"49":{"start":{"line":511,"column":8},"end":{"line":511,"column":43}},"50":{"start":{"line":512,"column":8},"end":{"line":512,"column":22}},"51":{"start":{"line":515,"column":6},"end":{"line":515,"column":27}},"52":{"start":{"line":516,"column":6},"end":{"line":516,"column":29}},"53":{"start":{"line":519,"column":4},"end":{"line":547,"column":5}},"54":{"start":{"line":520,"column":20},"end":{"line":520,"column":42}},"55":{"start":{"line":521,"column":6},"end":{"line":525,"column":7}},"56":{"start":{"line":522,"column":8},"end":{"line":522,"column":81}},"57":{"start":{"line":522,"column":42},"end":{"line":522,"column":81}},"58":{"start":{"line":523,"column":8},"end":{"line":523,"column":81}},"59":{"start":{"line":523,"column":42},"end":{"line":523,"column":81}},"60":{"start":{"line":524,"column":8},"end":{"line":524,"column":92}},"61":{"start":{"line":524,"column":48},"end":{"line":524,"column":92}},"62":{"start":{"line":526,"column":24},"end":{"line":526,"column":65}},"63":{"start":{"line":526,"column":56},"end":{"line":526,"column":63}},"64":{"start":{"line":527,"column":26},"end":{"line":532,"column":12}},"65":{"start":{"line":528,"column":8},"end":{"line":530,"column":9}},"66":{"start":{"line":529,"column":10},"end":{"line":529,"column":34}},"67":{"start":{"line":531,"column":8},"end":{"line":531,"column":19}},"68":{"start":{"line":533,"column":6},"end":{"line":539,"column":9}},"69":{"start":{"line":534,"column":8},"end":{"line":537,"column":9}},"70":{"start":{"line":535,"column":30},"end":{"line":535,"column":57}},"71":{"start":{"line":536,"column":10},"end":{"line":536,"column":29}},"72":{"start":{"line":538,"column":8},"end":{"line":538,"column":20}},"73":{"start":{"line":540,"column":6},"end":{"line":545,"column":9}},"74":{"start":{"line":541,"column":8},"end":{"line":543,"column":9}},"75":{"start":{"line":542,"column":10},"end":{"line":542,"column":45}},"76":{"start":{"line":544,"column":8},"end":{"line":544,"column":20}},"77":{"start":{"line":546,"column":6},"end":{"line":546,"column":29}},"78":{"start":{"line":549,"column":4},"end":{"line":559,"column":5}},"79":{"start":{"line":550,"column":24},"end":{"line":550,"column":65}},"80":{"start":{"line":550,"column":56},"end":{"line":550,"column":63}},"81":{"start":{"line":551,"column":27},"end":{"line":553,"column":7}},"82":{"start":{"line":552,"column":8},"end":{"line":552,"column":30}},"83":{"start":{"line":554,"column":6},"end":{"line":556,"column":8}},"84":{"start":{"line":555,"column":18},"end":{"line":555,"column":41}},"85":{"start":{"line":557,"column":6},"end":{"line":557,"column":31}},"86":{"start":{"line":558,"column":6},"end":{"line":558,"column":32}},"87":{"start":{"line":563,"column":4},"end":{"line":563,"column":19}},"88":{"start":{"line":564,"column":4},"end":{"line":569,"column":5}},"89":{"start":{"line":565,"column":6},"end":{"line":568,"column":9}},"90":{"start":{"line":570,"column":4},"end":{"line":570,"column":64}},"91":{"start":{"line":574,"column":4},"end":{"line":574,"column":27}},"92":{"start":{"line":575,"column":4},"end":{"line":575,"column":16}},"93":{"start":{"line":579,"column":4},"end":{"line":579,"column":30}},"94":{"start":{"line":580,"column":4},"end":{"line":580,"column":16}},"95":{"start":{"line":584,"column":53},"end":{"line":584,"column":57}},"96":{"start":{"line":585,"column":4},"end":{"line":596,"column":7}},"97":{"start":{"line":586,"column":19},"end":{"line":586,"column":28}},"98":{"start":{"line":587,"column":19},"end":{"line":587,"column":28}},"99":{"start":{"line":588,"column":22},"end":{"line":588,"column":57}},"100":{"start":{"line":589,"column":22},"end":{"line":589,"column":57}},"101":{"start":{"line":590,"column":6},"end":{"line":590,"column":39}},"102":{"start":{"line":590,"column":30},"end":{"line":590,"column":39}},"103":{"start":{"line":591,"column":6},"end":{"line":591,"column":46}},"104":{"start":{"line":591,"column":19},"end":{"line":591,"column":46}},"105":{"start":{"line":592,"column":6},"end":{"line":592,"column":46}},"106":{"start":{"line":592,"column":19},"end":{"line":592,"column":46}},"107":{"start":{"line":593,"column":6},"end":{"line":593,"column":49}},"108":{"start":{"line":593,"column":23},"end":{"line":593,"column":49}},"109":{"start":{"line":594,"column":6},"end":{"line":594,"column":49}},"110":{"start":{"line":594,"column":23},"end":{"line":594,"column":49}},"111":{"start":{"line":595,"column":6},"end":{"line":595,"column":15}},"112":{"start":{"line":597,"column":4},"end":{"line":597,"column":16}},"113":{"start":{"line":601,"column":4},"end":{"line":601,"column":46}},"114":{"start":{"line":602,"column":4},"end":{"line":602,"column":16}},"115":{"start":{"line":607,"column":23},"end":{"line":607,"column":46}},"116":{"start":{"line":608,"column":4},"end":{"line":622,"column":6}},"117":{"start":{"line":609,"column":6},"end":{"line":621,"column":8}},"118":{"start":{"line":610,"column":22},"end":{"line":610,"column":37}},"119":{"start":{"line":611,"column":8},"end":{"line":611,"column":43}},"120":{"start":{"line":611,"column":30},"end":{"line":611,"column":43}},"121":{"start":{"line":612,"column":23},"end":{"line":612,"column":31}},"122":{"start":{"line":613,"column":19},"end":{"line":613,"column":27}},"123":{"start":{"line":614,"column":24},"end":{"line":614,"column":48}},"124":{"start":{"line":615,"column":8},"end":{"line":619,"column":9}},"125":{"start":{"line":616,"column":26},"end":{"line":616,"column":83}},"126":{"start":{"line":616,"column":56},"end":{"line":616,"column":71}},"127":{"start":{"line":617,"column":24},"end":{"line":617,"column":48}},"128":{"start":{"line":618,"column":10},"end":{"line":618,"column":48}},"129":{"start":{"line":620,"column":8},"end":{"line":620,"column":21}},"130":{"start":{"line":623,"column":4},"end":{"line":623,"column":16}},"131":{"start":{"line":627,"column":20},"end":{"line":627,"column":77}},"132":{"start":{"line":627,"column":50},"end":{"line":627,"column":65}},"133":{"start":{"line":628,"column":18},"end":{"line":628,"column":42}},"134":{"start":{"line":629,"column":4},"end":{"line":629,"column":75}},"135":{"start":{"line":629,"column":43},"end":{"line":629,"column":73}},"136":{"start":{"line":630,"column":4},"end":{"line":630,"column":16}},"137":{"start":{"line":634,"column":4},"end":{"line":634,"column":67}},"138":{"start":{"line":634,"column":43},"end":{"line":634,"column":65}},"139":{"start":{"line":635,"column":4},"end":{"line":635,"column":16}},"140":{"start":{"line":639,"column":4},"end":{"line":639,"column":65}},"141":{"start":{"line":639,"column":43},"end":{"line":639,"column":63}},"142":{"start":{"line":640,"column":4},"end":{"line":640,"column":16}},"143":{"start":{"line":644,"column":4},"end":{"line":644,"column":65}},"144":{"start":{"line":644,"column":43},"end":{"line":644,"column":63}},"145":{"start":{"line":645,"column":4},"end":{"line":645,"column":16}},"146":{"start":{"line":649,"column":4},"end":{"line":649,"column":29}},"147":{"start":{"line":650,"column":4},"end":{"line":650,"column":16}},"148":{"start":{"line":654,"column":4},"end":{"line":654,"column":19}},"149":{"start":{"line":655,"column":19},"end":{"line":655,"column":57}},"150":{"start":{"line":656,"column":4},"end":{"line":658,"column":5}},"151":{"start":{"line":657,"column":6},"end":{"line":657,"column":38}},"152":{"start":{"line":659,"column":4},"end":{"line":659,"column":53}},"153":{"start":{"line":668,"column":4},"end":{"line":668,"column":27}},"154":{"start":{"line":669,"column":4},"end":{"line":669,"column":28}},"155":{"start":{"line":673,"column":4},"end":{"line":673,"column":53}},"156":{"start":{"line":674,"column":4},"end":{"line":674,"column":16}},"157":{"start":{"line":678,"column":4},"end":{"line":678,"column":45}},"158":{"start":{"line":679,"column":4},"end":{"line":679,"column":27}},"159":{"start":{"line":680,"column":4},"end":{"line":680,"column":16}},"160":{"start":{"line":684,"column":4},"end":{"line":684,"column":48}},"161":{"start":{"line":685,"column":4},"end":{"line":685,"column":27}},"162":{"start":{"line":686,"column":4},"end":{"line":686,"column":16}},"163":{"start":{"line":690,"column":4},"end":{"line":690,"column":41}},"164":{"start":{"line":691,"column":4},"end":{"line":691,"column":27}},"165":{"start":{"line":692,"column":4},"end":{"line":692,"column":16}},"166":{"start":{"line":696,"column":4},"end":{"line":696,"column":50}},"167":{"start":{"line":697,"column":4},"end":{"line":697,"column":16}},"168":{"start":{"line":701,"column":4},"end":{"line":701,"column":51}},"169":{"start":{"line":702,"column":4},"end":{"line":702,"column":16}},"170":{"start":{"line":706,"column":4},"end":{"line":706,"column":50}},"171":{"start":{"line":707,"column":4},"end":{"line":707,"column":16}},"172":{"start":{"line":711,"column":4},"end":{"line":711,"column":50}},"173":{"start":{"line":712,"column":4},"end":{"line":712,"column":16}},"174":{"start":{"line":716,"column":4},"end":{"line":716,"column":55}},"175":{"start":{"line":717,"column":4},"end":{"line":717,"column":16}},"176":{"start":{"line":721,"column":4},"end":{"line":721,"column":49}},"177":{"start":{"line":722,"column":4},"end":{"line":722,"column":16}},"178":{"start":{"line":726,"column":4},"end":{"line":726,"column":52}},"179":{"start":{"line":727,"column":4},"end":{"line":727,"column":16}},"180":{"start":{"line":731,"column":4},"end":{"line":731,"column":48}},"181":{"start":{"line":732,"column":4},"end":{"line":732,"column":16}},"182":{"start":{"line":736,"column":4},"end":{"line":741,"column":5}},"183":{"start":{"line":737,"column":6},"end":{"line":737,"column":30}},"184":{"start":{"line":738,"column":6},"end":{"line":738,"column":52}},"185":{"start":{"line":740,"column":6},"end":{"line":740,"column":43}},"186":{"start":{"line":742,"column":4},"end":{"line":742,"column":24}},"187":{"start":{"line":746,"column":4},"end":{"line":749,"column":5}},"188":{"start":{"line":747,"column":6},"end":{"line":747,"column":30}},"189":{"start":{"line":748,"column":6},"end":{"line":748,"column":43}},"190":{"start":{"line":750,"column":4},"end":{"line":750,"column":54}},"191":{"start":{"line":754,"column":11},"end":{"line":762,"column":1}},"192":{"start":{"line":757,"column":4},"end":{"line":759,"column":5}},"193":{"start":{"line":758,"column":6},"end":{"line":758,"column":75}},"194":{"start":{"line":760,"column":4},"end":{"line":760,"column":39}},"195":{"start":{"line":764,"column":0},"end":{"line":764,"column":20}},"196":{"start":{"line":765,"column":0},"end":{"line":765,"column":47}},"197":{"start":{"line":765,"column":37},"end":{"line":765,"column":46}}},"fnMap":{"0":{"name":"(anonymous_0)","decl":{"start":{"line":465,"column":2},"end":{"line":465,"column":3}},"loc":{"start":{"line":465,"column":21},"end":{"line":472,"column":3}},"line":465},"1":{"name":"(anonymous_1)","decl":{"start":{"line":474,"column":2},"end":{"line":474,"column":3}},"loc":{"start":{"line":474,"column":34},"end":{"line":477,"column":3}},"line":474},"2":{"name":"(anonymous_2)","decl":{"start":{"line":479,"column":2},"end":{"line":479,"column":3}},"loc":{"start":{"line":479,"column":20},"end":{"line":482,"column":3}},"line":479},"3":{"name":"(anonymous_3)","decl":{"start":{"line":480,"column":33},"end":{"line":480,"column":34}},"loc":{"start":{"line":480,"column":43},"end":{"line":480,"column":65}},"line":480},"4":{"name":"(anonymous_4)","decl":{"start":{"line":484,"column":2},"end":{"line":484,"column":3}},"loc":{"start":{"line":484,"column":12},"end":{"line":560,"column":3}},"line":484},"5":{"name":"(anonymous_5)","decl":{"start":{"line":490,"column":40},"end":{"line":490,"column":41}},"loc":{"start":{"line":490,"column":49},"end":{"line":513,"column":7}},"line":490},"6":{"name":"(anonymous_6)","decl":{"start":{"line":526,"column":46},"end":{"line":526,"column":47}},"loc":{"start":{"line":526,"column":56},"end":{"line":526,"column":63}},"line":526},"7":{"name":"(anonymous_7)","decl":{"start":{"line":527,"column":54},"end":{"line":527,"column":55}},"loc":{"start":{"line":527,"column":68},"end":{"line":532,"column":7}},"line":527},"8":{"name":"(anonymous_8)","decl":{"start":{"line":533,"column":56},"end":{"line":533,"column":57}},"loc":{"start":{"line":533,"column":66},"end":{"line":539,"column":7}},"line":533},"9":{"name":"(anonymous_9)","decl":{"start":{"line":540,"column":32},"end":{"line":540,"column":33}},"loc":{"start":{"line":540,"column":42},"end":{"line":545,"column":7}},"line":540},"10":{"name":"(anonymous_10)","decl":{"start":{"line":550,"column":46},"end":{"line":550,"column":47}},"loc":{"start":{"line":550,"column":56},"end":{"line":550,"column":63}},"line":550},"11":{"name":"(anonymous_11)","decl":{"start":{"line":551,"column":56},"end":{"line":551,"column":57}},"loc":{"start":{"line":552,"column":8},"end":{"line":552,"column":30}},"line":552},"12":{"name":"(anonymous_12)","decl":{"start":{"line":555,"column":8},"end":{"line":555,"column":9}},"loc":{"start":{"line":555,"column":18},"end":{"line":555,"column":41}},"line":555},"13":{"name":"(anonymous_13)","decl":{"start":{"line":562,"column":2},"end":{"line":562,"column":3}},"loc":{"start":{"line":562,"column":11},"end":{"line":571,"column":3}},"line":562},"14":{"name":"(anonymous_14)","decl":{"start":{"line":573,"column":2},"end":{"line":573,"column":3}},"loc":{"start":{"line":573,"column":15},"end":{"line":576,"column":3}},"line":573},"15":{"name":"(anonymous_15)","decl":{"start":{"line":578,"column":2},"end":{"line":578,"column":3}},"loc":{"start":{"line":578,"column":18},"end":{"line":581,"column":3}},"line":578},"16":{"name":"(anonymous_16)","decl":{"start":{"line":583,"column":2},"end":{"line":583,"column":3}},"loc":{"start":{"line":583,"column":44},"end":{"line":598,"column":3}},"line":583},"17":{"name":"(anonymous_17)","decl":{"start":{"line":585,"column":19},"end":{"line":585,"column":20}},"loc":{"start":{"line":585,"column":29},"end":{"line":596,"column":5}},"line":585},"18":{"name":"(anonymous_18)","decl":{"start":{"line":600,"column":2},"end":{"line":600,"column":3}},"loc":{"start":{"line":600,"column":18},"end":{"line":603,"column":3}},"line":600},"19":{"name":"(anonymous_19)","decl":{"start":{"line":605,"column":2},"end":{"line":605,"column":3}},"loc":{"start":{"line":605,"column":19},"end":{"line":624,"column":3}},"line":605},"20":{"name":"(anonymous_20)","decl":{"start":{"line":608,"column":33},"end":{"line":608,"column":34}},"loc":{"start":{"line":609,"column":6},"end":{"line":621,"column":8}},"line":609},"21":{"name":"(anonymous_21)","decl":{"start":{"line":609,"column":22},"end":{"line":609,"column":23}},"loc":{"start":{"line":609,"column":32},"end":{"line":621,"column":7}},"line":609},"22":{"name":"(anonymous_22)","decl":{"start":{"line":616,"column":49},"end":{"line":616,"column":50}},"loc":{"start":{"line":616,"column":56},"end":{"line":616,"column":71}},"line":616},"23":{"name":"(anonymous_23)","decl":{"start":{"line":626,"column":2},"end":{"line":626,"column":3}},"loc":{"start":{"line":626,"column":25},"end":{"line":631,"column":3}},"line":626},"24":{"name":"(anonymous_24)","decl":{"start":{"line":627,"column":43},"end":{"line":627,"column":44}},"loc":{"start":{"line":627,"column":50},"end":{"line":627,"column":65}},"line":627},"25":{"name":"(anonymous_25)","decl":{"start":{"line":629,"column":33},"end":{"line":629,"column":34}},"loc":{"start":{"line":629,"column":43},"end":{"line":629,"column":73}},"line":629},"26":{"name":"(anonymous_26)","decl":{"start":{"line":633,"column":2},"end":{"line":633,"column":3}},"loc":{"start":{"line":633,"column":21},"end":{"line":636,"column":3}},"line":633},"27":{"name":"(anonymous_27)","decl":{"start":{"line":634,"column":33},"end":{"line":634,"column":34}},"loc":{"start":{"line":634,"column":43},"end":{"line":634,"column":65}},"line":634},"28":{"name":"(anonymous_28)","decl":{"start":{"line":638,"column":2},"end":{"line":638,"column":3}},"loc":{"start":{"line":638,"column":20},"end":{"line":641,"column":3}},"line":638},"29":{"name":"(anonymous_29)","decl":{"start":{"line":639,"column":33},"end":{"line":639,"column":34}},"loc":{"start":{"line":639,"column":43},"end":{"line":639,"column":63}},"line":639},"30":{"name":"(anonymous_30)","decl":{"start":{"line":643,"column":2},"end":{"line":643,"column":3}},"loc":{"start":{"line":643,"column":20},"end":{"line":646,"column":3}},"line":643},"31":{"name":"(anonymous_31)","decl":{"start":{"line":644,"column":33},"end":{"line":644,"column":34}},"loc":{"start":{"line":644,"column":43},"end":{"line":644,"column":63}},"line":644},"32":{"name":"(anonymous_32)","decl":{"start":{"line":648,"column":2},"end":{"line":648,"column":3}},"loc":{"start":{"line":648,"column":11},"end":{"line":651,"column":3}},"line":648},"33":{"name":"(anonymous_33)","decl":{"start":{"line":653,"column":2},"end":{"line":653,"column":3}},"loc":{"start":{"line":653,"column":20},"end":{"line":660,"column":3}},"line":653},"34":{"name":"(anonymous_34)","decl":{"start":{"line":667,"column":2},"end":{"line":667,"column":3}},"loc":{"start":{"line":667,"column":23},"end":{"line":670,"column":3}},"line":667},"35":{"name":"(anonymous_35)","decl":{"start":{"line":672,"column":2},"end":{"line":672,"column":3}},"loc":{"start":{"line":672,"column":34},"end":{"line":675,"column":3}},"line":672},"36":{"name":"(anonymous_36)","decl":{"start":{"line":677,"column":2},"end":{"line":677,"column":3}},"loc":{"start":{"line":677,"column":15},"end":{"line":681,"column":3}},"line":677},"37":{"name":"(anonymous_37)","decl":{"start":{"line":683,"column":2},"end":{"line":683,"column":3}},"loc":{"start":{"line":683,"column":18},"end":{"line":687,"column":3}},"line":683},"38":{"name":"(anonymous_38)","decl":{"start":{"line":689,"column":2},"end":{"line":689,"column":3}},"loc":{"start":{"line":689,"column":11},"end":{"line":693,"column":3}},"line":689},"39":{"name":"(anonymous_39)","decl":{"start":{"line":695,"column":2},"end":{"line":695,"column":3}},"loc":{"start":{"line":695,"column":20},"end":{"line":698,"column":3}},"line":695},"40":{"name":"(anonymous_40)","decl":{"start":{"line":700,"column":2},"end":{"line":700,"column":3}},"loc":{"start":{"line":700,"column":21},"end":{"line":703,"column":3}},"line":700},"41":{"name":"(anonymous_41)","decl":{"start":{"line":705,"column":2},"end":{"line":705,"column":3}},"loc":{"start":{"line":705,"column":20},"end":{"line":708,"column":3}},"line":705},"42":{"name":"(anonymous_42)","decl":{"start":{"line":710,"column":2},"end":{"line":710,"column":3}},"loc":{"start":{"line":710,"column":20},"end":{"line":713,"column":3}},"line":710},"43":{"name":"(anonymous_43)","decl":{"start":{"line":715,"column":2},"end":{"line":715,"column":3}},"loc":{"start":{"line":715,"column":25},"end":{"line":718,"column":3}},"line":715},"44":{"name":"(anonymous_44)","decl":{"start":{"line":720,"column":2},"end":{"line":720,"column":3}},"loc":{"start":{"line":720,"column":19},"end":{"line":723,"column":3}},"line":720},"45":{"name":"(anonymous_45)","decl":{"start":{"line":725,"column":2},"end":{"line":725,"column":3}},"loc":{"start":{"line":725,"column":22},"end":{"line":728,"column":3}},"line":725},"46":{"name":"(anonymous_46)","decl":{"start":{"line":730,"column":2},"end":{"line":730,"column":3}},"loc":{"start":{"line":730,"column":18},"end":{"line":733,"column":3}},"line":730},"47":{"name":"(anonymous_47)","decl":{"start":{"line":735,"column":2},"end":{"line":735,"column":3}},"loc":{"start":{"line":735,"column":11},"end":{"line":743,"column":3}},"line":735},"48":{"name":"(anonymous_48)","decl":{"start":{"line":745,"column":2},"end":{"line":745,"column":3}},"loc":{"start":{"line":745,"column":32},"end":{"line":751,"column":3}},"line":745},"49":{"name":"(anonymous_49)","decl":{"start":{"line":756,"column":8},"end":{"line":756,"column":9}},"loc":{"start":{"line":756,"column":19},"end":{"line":761,"column":3}},"line":756},"50":{"name":"(anonymous_50)","decl":{"start":{"line":765,"column":31},"end":{"line":765,"column":32}},"loc":{"start":{"line":765,"column":37},"end":{"line":765,"column":46}},"line":765}},"branchMap":{"0":{"loc":{"start":{"line":7,"column":20},"end":{"line":7,"column":50}},"type":"binary-expr","locations":[{"start":{"line":7,"column":20},"end":{"line":7,"column":44}},{"start":{"line":7,"column":48},"end":{"line":7,"column":50}}],"line":7},"1":{"loc":{"start":{"line":8,"column":27},"end":{"line":8,"column":70}},"type":"binary-expr","locations":[{"start":{"line":8,"column":27},"end":{"line":8,"column":64}},{"start":{"line":8,"column":68},"end":{"line":8,"column":70}}],"line":8},"2":{"loc":{"start":{"line":12,"column":2},"end":{"line":18,"column":16}},"type":"binary-expr","locations":[{"start":{"line":12,"column":2},"end":{"line":12,"column":35}},{"start":{"line":13,"column":2},"end":{"line":13,"column":14}},{"start":{"line":14,"column":2},"end":{"line":14,"column":43}},{"start":{"line":15,"column":2},"end":{"line":15,"column":37}},{"start":{"line":16,"column":2},"end":{"line":16,"column":21}},{"start":{"line":17,"column":2},"end":{"line":17,"column":46}},{"start":{"line":18,"column":2},"end":{"line":18,"column":16}}],"line":12},"3":{"loc":{"start":{"line":21,"column":0},"end":{"line":24,"column":1}},"type":"if","locations":[{"start":{"line":21,"column":0},"end":{"line":24,"column":1}},{"start":{},"end":{}}],"line":21},"4":{"loc":{"start":{"line":402,"column":0},"end":{"line":406,"column":1}},"type":"if","locations":[{"start":{"line":402,"column":0},"end":{"line":406,"column":1}},{"start":{},"end":{}}],"line":402},"5":{"loc":{"start":{"line":402,"column":4},"end":{"line":402,"column":62}},"type":"binary-expr","locations":[{"start":{"line":402,"column":4},"end":{"line":402,"column":24}},{"start":{"line":402,"column":28},"end":{"line":402,"column":62}}],"line":402},"6":{"loc":{"start":{"line":474,"column":9},"end":{"line":474,"column":21}},"type":"default-arg","locations":[{"start":{"line":474,"column":18},"end":{"line":474,"column":21}}],"line":474},"7":{"loc":{"start":{"line":474,"column":23},"end":{"line":474,"column":32}},"type":"default-arg","locations":[{"start":{"line":474,"column":30},"end":{"line":474,"column":32}}],"line":474},"8":{"loc":{"start":{"line":475,"column":18},"end":{"line":475,"column":36}},"type":"binary-expr","locations":[{"start":{"line":475,"column":18},"end":{"line":475,"column":28}},{"start":{"line":475,"column":32},"end":{"line":475,"column":36}}],"line":475},"9":{"loc":{"start":{"line":485,"column":4},"end":{"line":517,"column":5}},"type":"if","locations":[{"start":{"line":485,"column":4},"end":{"line":517,"column":5}},{"start":{},"end":{}}],"line":485},"10":{"loc":{"start":{"line":488,"column":27},"end":{"line":488,"column":50}},"type":"cond-expr","locations":[{"start":{"line":488,"column":37},"end":{"line":488,"column":41}},{"start":{"line":488,"column":44},"end":{"line":488,"column":50}}],"line":488},"11":{"loc":{"start":{"line":493,"column":12},"end":{"line":494,"column":83}},"type":"binary-expr","locations":[{"start":{"line":493,"column":12},"end":{"line":493,"column":18}},{"start":{"line":494,"column":12},"end":{"line":494,"column":83}}],"line":493},"12":{"loc":{"start":{"line":498,"column":8},"end":{"line":503,"column":9}},"type":"if","locations":[{"start":{"line":498,"column":8},"end":{"line":503,"column":9}},{"start":{},"end":{}}],"line":498},"13":{"loc":{"start":{"line":499,"column":34},"end":{"line":499,"column":68}},"type":"binary-expr","locations":[{"start":{"line":499,"column":34},"end":{"line":499,"column":55}},{"start":{"line":499,"column":59},"end":{"line":499,"column":68}}],"line":499},"14":{"loc":{"start":{"line":500,"column":33},"end":{"line":500,"column":63}},"type":"binary-expr","locations":[{"start":{"line":500,"column":33},"end":{"line":500,"column":53}},{"start":{"line":500,"column":57},"end":{"line":500,"column":63}}],"line":500},"15":{"loc":{"start":{"line":501,"column":29},"end":{"line":501,"column":53}},"type":"binary-expr","locations":[{"start":{"line":501,"column":29},"end":{"line":501,"column":45}},{"start":{"line":501,"column":49},"end":{"line":501,"column":53}}],"line":501},"16":{"loc":{"start":{"line":502,"column":41},"end":{"line":502,"column":77}},"type":"binary-expr","locations":[{"start":{"line":502,"column":41},"end":{"line":502,"column":69}},{"start":{"line":502,"column":73},"end":{"line":502,"column":77}}],"line":502},"17":{"loc":{"start":{"line":504,"column":8},"end":{"line":510,"column":9}},"type":"if","locations":[{"start":{"line":504,"column":8},"end":{"line":510,"column":9}},{"start":{},"end":{}}],"line":504},"18":{"loc":{"start":{"line":505,"column":26},"end":{"line":505,"column":78}},"type":"binary-expr","locations":[{"start":{"line":505,"column":26},"end":{"line":505,"column":39}},{"start":{"line":505,"column":43},"end":{"line":505,"column":63}},{"start":{"line":505,"column":67},"end":{"line":505,"column":78}}],"line":505},"19":{"loc":{"start":{"line":506,"column":26},"end":{"line":506,"column":92}},"type":"cond-expr","locations":[{"start":{"line":506,"column":56},"end":{"line":506,"column":69}},{"start":{"line":506,"column":72},"end":{"line":506,"column":92}}],"line":506},"20":{"loc":{"start":{"line":509,"column":32},"end":{"line":509,"column":74}},"type":"binary-expr","locations":[{"start":{"line":509,"column":32},"end":{"line":509,"column":51}},{"start":{"line":509,"column":55},"end":{"line":509,"column":74}}],"line":509},"21":{"loc":{"start":{"line":519,"column":4},"end":{"line":547,"column":5}},"type":"if","locations":[{"start":{"line":519,"column":4},"end":{"line":547,"column":5}},{"start":{},"end":{}}],"line":519},"22":{"loc":{"start":{"line":521,"column":6},"end":{"line":525,"column":7}},"type":"if","locations":[{"start":{"line":521,"column":6},"end":{"line":525,"column":7}},{"start":{},"end":{}}],"line":521},"23":{"loc":{"start":{"line":522,"column":8},"end":{"line":522,"column":81}},"type":"if","locations":[{"start":{"line":522,"column":8},"end":{"line":522,"column":81}},{"start":{},"end":{}}],"line":522},"24":{"loc":{"start":{"line":523,"column":8},"end":{"line":523,"column":81}},"type":"if","locations":[{"start":{"line":523,"column":8},"end":{"line":523,"column":81}},{"start":{},"end":{}}],"line":523},"25":{"loc":{"start":{"line":524,"column":8},"end":{"line":524,"column":92}},"type":"if","locations":[{"start":{"line":524,"column":8},"end":{"line":524,"column":92}},{"start":{},"end":{}}],"line":524},"26":{"loc":{"start":{"line":528,"column":8},"end":{"line":530,"column":9}},"type":"if","locations":[{"start":{"line":528,"column":8},"end":{"line":530,"column":9}},{"start":{},"end":{}}],"line":528},"27":{"loc":{"start":{"line":534,"column":8},"end":{"line":537,"column":9}},"type":"if","locations":[{"start":{"line":534,"column":8},"end":{"line":537,"column":9}},{"start":{},"end":{}}],"line":534},"28":{"loc":{"start":{"line":541,"column":8},"end":{"line":543,"column":9}},"type":"if","locations":[{"start":{"line":541,"column":8},"end":{"line":543,"column":9}},{"start":{},"end":{}}],"line":541},"29":{"loc":{"start":{"line":549,"column":4},"end":{"line":559,"column":5}},"type":"if","locations":[{"start":{"line":549,"column":4},"end":{"line":559,"column":5}},{"start":{},"end":{}}],"line":549},"30":{"loc":{"start":{"line":564,"column":4},"end":{"line":569,"column":5}},"type":"if","locations":[{"start":{"line":564,"column":4},"end":{"line":569,"column":5}},{"start":{},"end":{}}],"line":564},"31":{"loc":{"start":{"line":583,"column":16},"end":{"line":583,"column":42}},"type":"default-arg","locations":[{"start":{"line":583,"column":23},"end":{"line":583,"column":42}}],"line":583},"32":{"loc":{"start":{"line":584,"column":12},"end":{"line":584,"column":28}},"type":"default-arg","locations":[{"start":{"line":584,"column":24},"end":{"line":584,"column":28}}],"line":584},"33":{"loc":{"start":{"line":584,"column":30},"end":{"line":584,"column":48}},"type":"default-arg","locations":[{"start":{"line":584,"column":43},"end":{"line":584,"column":48}}],"line":584},"34":{"loc":{"start":{"line":588,"column":22},"end":{"line":588,"column":57}},"type":"binary-expr","locations":[{"start":{"line":588,"column":22},"end":{"line":588,"column":35}},{"start":{"line":588,"column":39},"end":{"line":588,"column":57}}],"line":588},"35":{"loc":{"start":{"line":589,"column":22},"end":{"line":589,"column":57}},"type":"binary-expr","locations":[{"start":{"line":589,"column":22},"end":{"line":589,"column":35}},{"start":{"line":589,"column":39},"end":{"line":589,"column":57}}],"line":589},"36":{"loc":{"start":{"line":590,"column":6},"end":{"line":590,"column":39}},"type":"if","locations":[{"start":{"line":590,"column":6},"end":{"line":590,"column":39}},{"start":{},"end":{}}],"line":590},"37":{"loc":{"start":{"line":590,"column":10},"end":{"line":590,"column":28}},"type":"binary-expr","locations":[{"start":{"line":590,"column":10},"end":{"line":590,"column":17}},{"start":{"line":590,"column":21},"end":{"line":590,"column":28}}],"line":590},"38":{"loc":{"start":{"line":591,"column":6},"end":{"line":591,"column":46}},"type":"if","locations":[{"start":{"line":591,"column":6},"end":{"line":591,"column":46}},{"start":{},"end":{}}],"line":591},"39":{"loc":{"start":{"line":591,"column":26},"end":{"line":591,"column":45}},"type":"cond-expr","locations":[{"start":{"line":591,"column":39},"end":{"line":591,"column":41}},{"start":{"line":591,"column":44},"end":{"line":591,"column":45}}],"line":591},"40":{"loc":{"start":{"line":592,"column":6},"end":{"line":592,"column":46}},"type":"if","locations":[{"start":{"line":592,"column":6},"end":{"line":592,"column":46}},{"start":{},"end":{}}],"line":592},"41":{"loc":{"start":{"line":592,"column":26},"end":{"line":592,"column":45}},"type":"cond-expr","locations":[{"start":{"line":592,"column":39},"end":{"line":592,"column":40}},{"start":{"line":592,"column":43},"end":{"line":592,"column":45}}],"line":592},"42":{"loc":{"start":{"line":593,"column":6},"end":{"line":593,"column":49}},"type":"if","locations":[{"start":{"line":593,"column":6},"end":{"line":593,"column":49}},{"start":{},"end":{}}],"line":593},"43":{"loc":{"start":{"line":593,"column":30},"end":{"line":593,"column":48}},"type":"cond-expr","locations":[{"start":{"line":593,"column":42},"end":{"line":593,"column":44}},{"start":{"line":593,"column":47},"end":{"line":593,"column":48}}],"line":593},"44":{"loc":{"start":{"line":594,"column":6},"end":{"line":594,"column":49}},"type":"if","locations":[{"start":{"line":594,"column":6},"end":{"line":594,"column":49}},{"start":{},"end":{}}],"line":594},"45":{"loc":{"start":{"line":594,"column":30},"end":{"line":594,"column":48}},"type":"cond-expr","locations":[{"start":{"line":594,"column":42},"end":{"line":594,"column":43}},{"start":{"line":594,"column":46},"end":{"line":594,"column":48}}],"line":594},"46":{"loc":{"start":{"line":611,"column":8},"end":{"line":611,"column":43}},"type":"if","locations":[{"start":{"line":611,"column":8},"end":{"line":611,"column":43}},{"start":{},"end":{}}],"line":611},"47":{"loc":{"start":{"line":615,"column":8},"end":{"line":619,"column":9}},"type":"if","locations":[{"start":{"line":615,"column":8},"end":{"line":619,"column":9}},{"start":{},"end":{}}],"line":615},"48":{"loc":{"start":{"line":618,"column":28},"end":{"line":618,"column":46}},"type":"binary-expr","locations":[{"start":{"line":618,"column":28},"end":{"line":618,"column":40}},{"start":{"line":618,"column":44},"end":{"line":618,"column":46}}],"line":618},"49":{"loc":{"start":{"line":629,"column":54},"end":{"line":629,"column":72}},"type":"binary-expr","locations":[{"start":{"line":629,"column":54},"end":{"line":629,"column":66}},{"start":{"line":629,"column":70},"end":{"line":629,"column":72}}],"line":629},"50":{"loc":{"start":{"line":656,"column":4},"end":{"line":658,"column":5}},"type":"if","locations":[{"start":{"line":656,"column":4},"end":{"line":658,"column":5}},{"start":{},"end":{}}],"line":656},"51":{"loc":{"start":{"line":672,"column":9},"end":{"line":672,"column":21}},"type":"default-arg","locations":[{"start":{"line":672,"column":18},"end":{"line":672,"column":21}}],"line":672},"52":{"loc":{"start":{"line":672,"column":23},"end":{"line":672,"column":32}},"type":"default-arg","locations":[{"start":{"line":672,"column":30},"end":{"line":672,"column":32}}],"line":672},"53":{"loc":{"start":{"line":736,"column":4},"end":{"line":741,"column":5}},"type":"if","locations":[{"start":{"line":736,"column":4},"end":{"line":741,"column":5}},{"start":{"line":739,"column":11},"end":{"line":741,"column":5}}],"line":736},"54":{"loc":{"start":{"line":746,"column":4},"end":{"line":749,"column":5}},"type":"if","locations":[{"start":{"line":746,"column":4},"end":{"line":749,"column":5}},{"start":{},"end":{}}],"line":746},"55":{"loc":{"start":{"line":757,"column":4},"end":{"line":759,"column":5}},"type":"if","locations":[{"start":{"line":757,"column":4},"end":{"line":759,"column":5}},{"start":{},"end":{}}],"line":757}},"s":{"0":13,"1":13,"2":13,"3":13,"4":13,"5":13,"6":13,"7":13,"8":13,"9":13,"10":0,"11":13,"12":13,"13":13,"14":0,"15":13,"16":13,"17":13,"18":13,"19":13,"20":13,"21":120,"22":120,"23":120,"24":120,"25":120,"26":120,"27":60,"28":60,"29":77,"30":245,"31":77,"32":116,"33":28,"34":28,"35":28,"36":28,"37":28,"38":28,"39":11,"40":11,"41":11,"42":11,"43":28,"44":4,"45":4,"46":4,"47":4,"48":4,"49":28,"50":28,"51":28,"52":28,"53":116,"54":24,"55":24,"56":4,"57":4,"58":4,"59":0,"60":4,"61":0,"62":24,"63":24,"64":24,"65":66,"66":66,"67":66,"68":24,"69":47,"70":24,"71":24,"72":23,"73":24,"74":24,"75":24,"76":0,"77":24,"78":116,"79":4,"80":4,"81":4,"82":31,"83":4,"84":31,"85":4,"86":4,"87":83,"88":83,"89":7,"90":76,"91":28,"92":28,"93":28,"94":28,"95":2,"96":2,"97":0,"98":0,"99":0,"100":0,"101":0,"102":0,"103":0,"104":0,"105":0,"106":0,"107":0,"108":0,"109":0,"110":0,"111":0,"112":2,"113":0,"114":0,"115":0,"116":0,"117":0,"118":0,"119":0,"120":0,"121":0,"122":0,"123":0,"124":0,"125":0,"126":0,"127":0,"128":0,"129":0,"130":0,"131":0,"132":0,"133":0,"134":0,"135":0,"136":0,"137":0,"138":0,"139":0,"140":0,"141":0,"142":0,"143":0,"144":0,"145":0,"146":4,"147":4,"148":33,"149":33,"150":33,"151":0,"152":33,"153":0,"154":0,"155":0,"156":0,"157":0,"158":0,"159":0,"160":0,"161":0,"162":0,"163":0,"164":0,"165":0,"166":0,"167":0,"168":0,"169":0,"170":0,"171":0,"172":0,"173":0,"174":0,"175":0,"176":0,"177":0,"178":0,"179":0,"180":0,"181":0,"182":0,"183":0,"184":0,"185":0,"186":0,"187":0,"188":0,"189":0,"190":0,"191":13,"192":120,"193":0,"194":120,"195":13,"196":13,"197":11},"f":{"0":120,"1":60,"2":77,"3":245,"4":116,"5":28,"6":24,"7":66,"8":47,"9":24,"10":4,"11":31,"12":31,"13":83,"14":28,"15":28,"16":2,"17":0,"18":0,"19":0,"20":0,"21":0,"22":0,"23":0,"24":0,"25":0,"26":0,"27":0,"28":0,"29":0,"30":0,"31":0,"32":4,"33":33,"34":0,"35":0,"36":0,"37":0,"38":0,"39":0,"40":0,"41":0,"42":0,"43":0,"44":0,"45":0,"46":0,"47":0,"48":0,"49":120,"50":11},"b":{"0":[13,7],"1":[13,7],"2":[13,0,0,0,0,0,0],"3":[0,13],"4":[0,13],"5":[13,13],"6":[0],"7":[60],"8":[60,60],"9":[28,88],"10":[0,28],"11":[28,11],"12":[11,17],"13":[11,11],"14":[11,11],"15":[11,11],"16":[11,11],"17":[4,24],"18":[4,0,0],"19":[4,0],"20":[4,0],"21":[24,92],"22":[4,20],"23":[4,0],"24":[0,4],"25":[0,4],"26":[66,0],"27":[24,23],"28":[24,0],"29":[4,112],"30":[7,76],"31":[0],"32":[0],"33":[2],"34":[0,0],"35":[0,0],"36":[0,0],"37":[0,0],"38":[0,0],"39":[0,0],"40":[0,0],"41":[0,0],"42":[0,0],"43":[0,0],"44":[0,0],"45":[0,0],"46":[0,0],"47":[0,0],"48":[0,0],"49":[0,0],"50":[0,33],"51":[0],"52":[0],"53":[0,0],"54":[0,0],"55":[0,120]},"_coverageSchema":"1a1c01bbd47fc00a2c39e90264f33305004495a9","hash":"5011346a321411db835d551be542305f13836f13"}
,"C:\\Users\\admin\\mushroom-shop\\backend\\src\\config\\jwt.js": {"path":"C:\\Users\\admin\\mushroom-shop\\backend\\src\\config\\jwt.js","statementMap":{"0":{"start":{"line":1,"column":15},"end":{"line":1,"column":32}},"1":{"start":{"line":2,"column":15},"end":{"line":2,"column":41}},"2":{"start":{"line":4,"column":0},"end":{"line":12,"column":1}},"3":{"start":{"line":5,"column":2},"end":{"line":8,"column":3}},"4":{"start":{"line":6,"column":4},"end":{"line":6,"column":97}},"5":{"start":{"line":7,"column":4},"end":{"line":7,"column":20}},"6":{"start":{"line":9,"column":2},"end":{"line":11,"column":4}},"7":{"start":{"line":15,"column":2},"end":{"line":15,"column":95}},"8":{"start":{"line":17,"column":23},"end":{"line":17,"column":58}},"9":{"start":{"line":19,"column":0},"end":{"line":19,"column":48}}},"fnMap":{},"branchMap":{"0":{"loc":{"start":{"line":4,"column":0},"end":{"line":12,"column":1}},"type":"if","locations":[{"start":{"line":4,"column":0},"end":{"line":12,"column":1}},{"start":{},"end":{}}],"line":4},"1":{"loc":{"start":{"line":5,"column":2},"end":{"line":8,"column":3}},"type":"if","locations":[{"start":{"line":5,"column":2},"end":{"line":8,"column":3}},{"start":{},"end":{}}],"line":5},"2":{"loc":{"start":{"line":15,"column":2},"end":{"line":15,"column":95}},"type":"binary-expr","locations":[{"start":{"line":15,"column":2},"end":{"line":15,"column":24}},{"start":{"line":15,"column":28},"end":{"line":15,"column":95}}],"line":15},"3":{"loc":{"start":{"line":17,"column":23},"end":{"line":17,"column":58}},"type":"binary-expr","locations":[{"start":{"line":17,"column":23},"end":{"line":17,"column":49}},{"start":{"line":17,"column":53},"end":{"line":17,"column":58}}],"line":17}},"s":{"0":8,"1":8,"2":8,"3":0,"4":0,"5":0,"6":0,"7":8,"8":8,"9":8},"f":{},"b":{"0":[0,8],"1":[0,0],"2":[8,0],"3":[8,8]},"_coverageSchema":"1a1c01bbd47fc00a2c39e90264f33305004495a9","hash":"30d643444c231dfd51dec585161d255a6e06127d"}
,"C:\\Users\\admin\\mushroom-shop\\backend\\src\\config\\razorpay.js": {"path":"C:\\Users\\admin\\mushroom-shop\\backend\\src\\config\\razorpay.js","statementMap":{"0":{"start":{"line":1,"column":17},"end":{"line":1,"column":36}},"1":{"start":{"line":2,"column":15},"end":{"line":2,"column":32}},"2":{"start":{"line":3,"column":15},"end":{"line":3,"column":41}},"3":{"start":{"line":5,"column":14},"end":{"line":5,"column":47}},"4":{"start":{"line":6,"column":18},"end":{"line":6,"column":55}},"5":{"start":{"line":8,"column":15},"end":{"line":8,"column":61}},"6":{"start":{"line":10,"column":23},"end":{"line":10,"column":27}},"7":{"start":{"line":11,"column":0},"end":{"line":16,"column":1}},"8":{"start":{"line":12,"column":2},"end":{"line":15,"column":5}},"9":{"start":{"line":18,"column":21},"end":{"line":67,"column":1}},"10":{"start":{"line":22,"column":6},"end":{"line":22,"column":64}},"11":{"start":{"line":24,"column":6},"end":{"line":36,"column":8}},"12":{"start":{"line":42,"column":8},"end":{"line":42,"column":22}},"13":{"start":{"line":43,"column":6},"end":{"line":47,"column":7}},"14":{"start":{"line":45,"column":8},"end":{"line":45,"column":74}},"15":{"start":{"line":46,"column":8},"end":{"line":46,"column":20}},"16":{"start":{"line":49,"column":34},"end":{"line":52,"column":22}},"17":{"start":{"line":54,"column":6},"end":{"line":54,"column":56}},"18":{"start":{"line":57,"column":6},"end":{"line":57,"column":78}},"19":{"start":{"line":58,"column":6},"end":{"line":64,"column":8}},"20":{"start":{"line":69,"column":0},"end":{"line":89,"column":6}},"21":{"start":{"line":74,"column":29},"end":{"line":74,"column":68}},"22":{"start":{"line":79,"column":12},"end":{"line":79,"column":26}},"23":{"start":{"line":80,"column":38},"end":{"line":83,"column":26}},"24":{"start":{"line":84,"column":10},"end":{"line":84,"column":60}},"25":{"start":{"line":87,"column":10},"end":{"line":87,"column":62}}},"fnMap":{"0":{"name":"(anonymous_0)","decl":{"start":{"line":21,"column":12},"end":{"line":21,"column":13}},"loc":{"start":{"line":21,"column":31},"end":{"line":37,"column":5}},"line":21},"1":{"name":"(anonymous_1)","decl":{"start":{"line":40,"column":21},"end":{"line":40,"column":22}},"loc":{"start":{"line":40,"column":41},"end":{"line":55,"column":5}},"line":40},"2":{"name":"(anonymous_2)","decl":{"start":{"line":56,"column":12},"end":{"line":56,"column":13}},"loc":{"start":{"line":56,"column":42},"end":{"line":65,"column":5}},"line":56},"3":{"name":"(anonymous_3)","decl":{"start":{"line":74,"column":16},"end":{"line":74,"column":17}},"loc":{"start":{"line":74,"column":29},"end":{"line":74,"column":68}},"line":74},"4":{"name":"(anonymous_4)","decl":{"start":{"line":77,"column":25},"end":{"line":77,"column":26}},"loc":{"start":{"line":77,"column":45},"end":{"line":85,"column":9}},"line":77},"5":{"name":"(anonymous_5)","decl":{"start":{"line":86,"column":16},"end":{"line":86,"column":17}},"loc":{"start":{"line":87,"column":10},"end":{"line":87,"column":62}},"line":87}},"branchMap":{"0":{"loc":{"start":{"line":5,"column":14},"end":{"line":5,"column":47}},"type":"binary-expr","locations":[{"start":{"line":5,"column":14},"end":{"line":5,"column":41}},{"start":{"line":5,"column":45},"end":{"line":5,"column":47}}],"line":5},"1":{"loc":{"start":{"line":6,"column":18},"end":{"line":6,"column":55}},"type":"binary-expr","locations":[{"start":{"line":6,"column":18},"end":{"line":6,"column":49}},{"start":{"line":6,"column":53},"end":{"line":6,"column":55}}],"line":6},"2":{"loc":{"start":{"line":8,"column":15},"end":{"line":8,"column":61}},"type":"binary-expr","locations":[{"start":{"line":8,"column":15},"end":{"line":8,"column":21}},{"start":{"line":8,"column":25},"end":{"line":8,"column":47}},{"start":{"line":8,"column":51},"end":{"line":8,"column":61}}],"line":8},"3":{"loc":{"start":{"line":11,"column":0},"end":{"line":16,"column":1}},"type":"if","locations":[{"start":{"line":11,"column":0},"end":{"line":16,"column":1}},{"start":{},"end":{}}],"line":11},"4":{"loc":{"start":{"line":30,"column":18},"end":{"line":30,"column":43}},"type":"binary-expr","locations":[{"start":{"line":30,"column":18},"end":{"line":30,"column":34}},{"start":{"line":30,"column":38},"end":{"line":30,"column":43}}],"line":30},"5":{"loc":{"start":{"line":34,"column":15},"end":{"line":34,"column":34}},"type":"binary-expr","locations":[{"start":{"line":34,"column":15},"end":{"line":34,"column":28}},{"start":{"line":34,"column":32},"end":{"line":34,"column":34}}],"line":34},"6":{"loc":{"start":{"line":43,"column":6},"end":{"line":47,"column":7}},"type":"if","locations":[{"start":{"line":43,"column":6},"end":{"line":47,"column":7}},{"start":{},"end":{}}],"line":43},"7":{"loc":{"start":{"line":61,"column":16},"end":{"line":61,"column":35}},"type":"binary-expr","locations":[{"start":{"line":61,"column":16},"end":{"line":61,"column":30}},{"start":{"line":61,"column":34},"end":{"line":61,"column":35}}],"line":61},"8":{"loc":{"start":{"line":69,"column":17},"end":{"line":89,"column":5}},"type":"cond-expr","locations":[{"start":{"line":70,"column":4},"end":{"line":70,"column":16}},{"start":{"line":71,"column":4},"end":{"line":89,"column":5}}],"line":69}},"s":{"0":8,"1":8,"2":8,"3":8,"4":8,"5":8,"6":8,"7":8,"8":8,"9":8,"10":0,"11":0,"12":0,"13":0,"14":0,"15":0,"16":0,"17":0,"18":0,"19":0,"20":8,"21":0,"22":0,"23":0,"24":0,"25":3},"f":{"0":0,"1":0,"2":0,"3":0,"4":0,"5":3},"b":{"0":[8,0],"1":[8,0],"2":[8,8,8],"3":[8,0],"4":[0,0],"5":[0,0],"6":[0,0],"7":[0,0],"8":[0,8]},"_coverageSchema":"1a1c01bbd47fc00a2c39e90264f33305004495a9","hash":"0927130be57ef725790cf94aad993236275a6924"}
,"C:\\Users\\admin\\mushroom-shop\\backend\\src\\config\\supabase.js": {"path":"C:\\Users\\admin\\mushroom-shop\\backend\\src\\config\\supabase.js","statementMap":{"0":{"start":{"line":1,"column":25},"end":{"line":1,"column":57}},"1":{"start":{"line":2,"column":15},"end":{"line":2,"column":41}},"2":{"start":{"line":4,"column":21},"end":{"line":4,"column":45}},"3":{"start":{"line":5,"column":25},"end":{"line":5,"column":62}},"4":{"start":{"line":6,"column":17},"end":{"line":6,"column":46}},"5":{"start":{"line":8,"column":0},"end":{"line":34,"column":1}},"6":{"start":{"line":9,"column":2},"end":{"line":9,"column":63}},"7":{"start":{"line":11,"column":2},"end":{"line":15,"column":3}},"8":{"start":{"line":12,"column":4},"end":{"line":14,"column":6}},"9":{"start":{"line":17,"column":24},"end":{"line":22,"column":4}},"10":{"start":{"line":24,"column":23},"end":{"line":31,"column":10}},"11":{"start":{"line":33,"column":2},"end":{"line":33,"column":51}}},"fnMap":{},"branchMap":{"0":{"loc":{"start":{"line":8,"column":0},"end":{"line":34,"column":1}},"type":"if","locations":[{"start":{"line":8,"column":0},"end":{"line":34,"column":1}},{"start":{"line":10,"column":7},"end":{"line":34,"column":1}}],"line":8},"1":{"loc":{"start":{"line":8,"column":4},"end":{"line":8,"column":63}},"type":"binary-expr","locations":[{"start":{"line":8,"column":4},"end":{"line":8,"column":17}},{"start":{"line":8,"column":21},"end":{"line":8,"column":63}}],"line":8},"2":{"loc":{"start":{"line":11,"column":2},"end":{"line":15,"column":3}},"type":"if","locations":[{"start":{"line":11,"column":2},"end":{"line":15,"column":3}},{"start":{},"end":{}}],"line":11},"3":{"loc":{"start":{"line":24,"column":23},"end":{"line":31,"column":10}},"type":"cond-expr","locations":[{"start":{"line":25,"column":6},"end":{"line":30,"column":8}},{"start":{"line":31,"column":6},"end":{"line":31,"column":10}}],"line":24}},"s":{"0":13,"1":13,"2":13,"3":13,"4":13,"5":13,"6":7,"7":6,"8":0,"9":6,"10":6,"11":6},"f":{},"b":{"0":[7,6],"1":[13,6],"2":[0,6],"3":[6,0]},"_coverageSchema":"1a1c01bbd47fc00a2c39e90264f33305004495a9","hash":"e77117c377ae0a97052a839ddeb6675e9697e0b4"}
,"C:\\Users\\admin\\mushroom-shop\\backend\\src\\controllers\\authController.js": {"path":"C:\\Users\\admin\\mushroom-shop\\backend\\src\\controllers\\authController.js","statementMap":{"0":{"start":{"line":1,"column":16},"end":{"line":1,"column":34}},"1":{"start":{"line":3,"column":15},"end":{"line":3,"column":31}},"2":{"start":{"line":4,"column":20},"end":{"line":4,"column":54}},"3":{"start":{"line":5,"column":23},"end":{"line":5,"column":52}},"4":{"start":{"line":6,"column":30},"end":{"line":6,"column":63}},"5":{"start":{"line":7,"column":41},"end":{"line":7,"column":67}},"6":{"start":{"line":8,"column":11},"end":{"line":8,"column":34}},"7":{"start":{"line":9,"column":40},"end":{"line":9,"column":69}},"8":{"start":{"line":10,"column":43},"end":{"line":10,"column":71}},"9":{"start":{"line":12,"column":23},"end":{"line":27,"column":2}},"10":{"start":{"line":34,"column":0},"end":{"line":75,"column":3}},"11":{"start":{"line":35,"column":2},"end":{"line":41,"column":3}},"12":{"start":{"line":36,"column":4},"end":{"line":40,"column":6}},"13":{"start":{"line":43,"column":52},"end":{"line":43,"column":60}},"14":{"start":{"line":45,"column":2},"end":{"line":74,"column":3}},"15":{"start":{"line":46,"column":28},"end":{"line":51,"column":6}},"16":{"start":{"line":53,"column":4},"end":{"line":53,"column":60}},"17":{"start":{"line":53,"column":15},"end":{"line":53,"column":60}},"18":{"start":{"line":56,"column":4},"end":{"line":61,"column":7}},"19":{"start":{"line":63,"column":4},"end":{"line":71,"column":6}},"20":{"start":{"line":73,"column":4},"end":{"line":73,"column":72}},"21":{"start":{"line":77,"column":20},"end":{"line":85,"column":2}},"22":{"start":{"line":92,"column":0},"end":{"line":137,"column":3}},"23":{"start":{"line":93,"column":2},"end":{"line":100,"column":3}},"24":{"start":{"line":95,"column":4},"end":{"line":99,"column":6}},"25":{"start":{"line":102,"column":30},"end":{"line":102,"column":38}},"26":{"start":{"line":104,"column":2},"end":{"line":136,"column":3}},"27":{"start":{"line":105,"column":28},"end":{"line":108,"column":6}},"28":{"start":{"line":109,"column":4},"end":{"line":109,"column":60}},"29":{"start":{"line":109,"column":15},"end":{"line":109,"column":60}},"30":{"start":{"line":112,"column":29},"end":{"line":116,"column":15}},"31":{"start":{"line":118,"column":4},"end":{"line":118,"column":50}},"32":{"start":{"line":120,"column":4},"end":{"line":133,"column":7}},"33":{"start":{"line":135,"column":4},"end":{"line":135,"column":65}},"34":{"start":{"line":144,"column":0},"end":{"line":165,"column":3}},"35":{"start":{"line":145,"column":2},"end":{"line":162,"column":3}},"36":{"start":{"line":147,"column":4},"end":{"line":159,"column":5}},"37":{"start":{"line":148,"column":25},"end":{"line":148,"column":50}},"38":{"start":{"line":149,"column":20},"end":{"line":149,"column":58}},"39":{"start":{"line":150,"column":6},"end":{"line":158,"column":7}},"40":{"start":{"line":154,"column":12},"end":{"line":154,"column":51}},"41":{"start":{"line":155,"column":8},"end":{"line":157,"column":9}},"42":{"start":{"line":156,"column":10},"end":{"line":156,"column":58}},"43":{"start":{"line":163,"column":2},"end":{"line":163,"column":23}},"44":{"start":{"line":164,"column":2},"end":{"line":164,"column":63}},"45":{"start":{"line":167,"column":25},"end":{"line":175,"column":2}},"46":{"start":{"line":181,"column":0},"end":{"line":202,"column":2}},"47":{"start":{"line":185,"column":4},"end":{"line":200,"column":5}},"48":{"start":{"line":186,"column":47},"end":{"line":186,"column":55}},"49":{"start":{"line":187,"column":21},"end":{"line":192,"column":7}},"50":{"start":{"line":193,"column":6},"end":{"line":193,"column":34}},"51":{"start":{"line":195,"column":6},"end":{"line":199,"column":8}},"52":{"start":{"line":204,"column":24},"end":{"line":218,"column":2}},"53":{"start":{"line":224,"column":0},"end":{"line":240,"column":3}},"54":{"start":{"line":225,"column":2},"end":{"line":239,"column":3}},"55":{"start":{"line":226,"column":60},"end":{"line":226,"column":68}},"56":{"start":{"line":227,"column":23},"end":{"line":230,"column":6}},"57":{"start":{"line":231,"column":4},"end":{"line":231,"column":63}},"58":{"start":{"line":231,"column":26},"end":{"line":231,"column":63}},"59":{"start":{"line":232,"column":4},"end":{"line":232,"column":36}},"60":{"start":{"line":234,"column":4},"end":{"line":238,"column":6}},"61":{"start":{"line":242,"column":28},"end":{"line":265,"column":2}},"62":{"start":{"line":271,"column":0},"end":{"line":318,"column":2}},"63":{"start":{"line":276,"column":4},"end":{"line":316,"column":5}},"64":{"start":{"line":277,"column":25},"end":{"line":277,"column":33}},"65":{"start":{"line":278,"column":22},"end":{"line":290,"column":7}},"66":{"start":{"line":292,"column":22},"end":{"line":292,"column":70}},"67":{"start":{"line":294,"column":6},"end":{"line":309,"column":9}},"68":{"start":{"line":311,"column":6},"end":{"line":315,"column":8}},"69":{"start":{"line":324,"column":28},"end":{"line":326,"column":2}},"70":{"start":{"line":328,"column":0},"end":{"line":341,"column":3}},"71":{"start":{"line":329,"column":2},"end":{"line":340,"column":3}},"72":{"start":{"line":330,"column":23},"end":{"line":330,"column":31}},"73":{"start":{"line":331,"column":19},"end":{"line":331,"column":42}},"74":{"start":{"line":332,"column":4},"end":{"line":332,"column":52}},"75":{"start":{"line":333,"column":4},"end":{"line":333,"column":57}},"76":{"start":{"line":335,"column":4},"end":{"line":339,"column":6}},"77":{"start":{"line":343,"column":25},"end":{"line":348,"column":2}},"78":{"start":{"line":350,"column":29},"end":{"line":362,"column":2}},"79":{"start":{"line":368,"column":0},"end":{"line":384,"column":2}},"80":{"start":{"line":372,"column":4},"end":{"line":382,"column":5}},"81":{"start":{"line":373,"column":24},"end":{"line":373,"column":32}},"82":{"start":{"line":374,"column":21},"end":{"line":374,"column":61}},"83":{"start":{"line":375,"column":6},"end":{"line":375,"column":34}},"84":{"start":{"line":377,"column":6},"end":{"line":381,"column":8}},"85":{"start":{"line":390,"column":0},"end":{"line":407,"column":2}},"86":{"start":{"line":394,"column":4},"end":{"line":405,"column":5}},"87":{"start":{"line":395,"column":33},"end":{"line":395,"column":41}},"88":{"start":{"line":396,"column":21},"end":{"line":396,"column":69}},"89":{"start":{"line":397,"column":6},"end":{"line":397,"column":57}},"90":{"start":{"line":397,"column":24},"end":{"line":397,"column":57}},"91":{"start":{"line":398,"column":6},"end":{"line":398,"column":34}},"92":{"start":{"line":400,"column":6},"end":{"line":404,"column":8}},"93":{"start":{"line":413,"column":0},"end":{"line":438,"column":3}},"94":{"start":{"line":414,"column":2},"end":{"line":437,"column":3}},"95":{"start":{"line":415,"column":17},"end":{"line":415,"column":63}},"96":{"start":{"line":416,"column":4},"end":{"line":430,"column":7}},"97":{"start":{"line":432,"column":4},"end":{"line":436,"column":6}},"98":{"start":{"line":440,"column":0},"end":{"line":440,"column":24}}},"fnMap":{"0":{"name":"(anonymous_0)","decl":{"start":{"line":34,"column":55},"end":{"line":34,"column":56}},"loc":{"start":{"line":34,"column":75},"end":{"line":75,"column":1}},"line":34},"1":{"name":"(anonymous_1)","decl":{"start":{"line":92,"column":49},"end":{"line":92,"column":50}},"loc":{"start":{"line":92,"column":69},"end":{"line":137,"column":1}},"line":92},"2":{"name":"(anonymous_2)","decl":{"start":{"line":144,"column":23},"end":{"line":144,"column":24}},"loc":{"start":{"line":144,"column":43},"end":{"line":165,"column":1}},"line":144},"3":{"name":"(anonymous_3)","decl":{"start":{"line":184,"column":2},"end":{"line":184,"column":3}},"loc":{"start":{"line":184,"column":22},"end":{"line":201,"column":3}},"line":184},"4":{"name":"(anonymous_4)","decl":{"start":{"line":224,"column":58},"end":{"line":224,"column":59}},"loc":{"start":{"line":224,"column":78},"end":{"line":240,"column":1}},"line":224},"5":{"name":"(anonymous_5)","decl":{"start":{"line":275,"column":2},"end":{"line":275,"column":3}},"loc":{"start":{"line":275,"column":22},"end":{"line":317,"column":3}},"line":275},"6":{"name":"(anonymous_6)","decl":{"start":{"line":328,"column":72},"end":{"line":328,"column":73}},"loc":{"start":{"line":328,"column":92},"end":{"line":341,"column":1}},"line":328},"7":{"name":"(anonymous_7)","decl":{"start":{"line":371,"column":2},"end":{"line":371,"column":3}},"loc":{"start":{"line":371,"column":22},"end":{"line":383,"column":3}},"line":371},"8":{"name":"(anonymous_8)","decl":{"start":{"line":393,"column":2},"end":{"line":393,"column":3}},"loc":{"start":{"line":393,"column":22},"end":{"line":406,"column":3}},"line":393},"9":{"name":"(anonymous_9)","decl":{"start":{"line":413,"column":34},"end":{"line":413,"column":35}},"loc":{"start":{"line":413,"column":54},"end":{"line":438,"column":1}},"line":413}},"branchMap":{"0":{"loc":{"start":{"line":35,"column":2},"end":{"line":41,"column":3}},"type":"if","locations":[{"start":{"line":35,"column":2},"end":{"line":41,"column":3}},{"start":{},"end":{}}],"line":35},"1":{"loc":{"start":{"line":35,"column":6},"end":{"line":35,"column":33}},"type":"binary-expr","locations":[{"start":{"line":35,"column":6},"end":{"line":35,"column":15}},{"start":{"line":35,"column":19},"end":{"line":35,"column":33}}],"line":35},"2":{"loc":{"start":{"line":43,"column":33},"end":{"line":43,"column":47}},"type":"default-arg","locations":[{"start":{"line":43,"column":40},"end":{"line":43,"column":47}}],"line":43},"3":{"loc":{"start":{"line":53,"column":4},"end":{"line":53,"column":60}},"type":"if","locations":[{"start":{"line":53,"column":4},"end":{"line":53,"column":60}},{"start":{},"end":{}}],"line":53},"4":{"loc":{"start":{"line":73,"column":29},"end":{"line":73,"column":65}},"type":"binary-expr","locations":[{"start":{"line":73,"column":29},"end":{"line":73,"column":40}},{"start":{"line":73,"column":44},"end":{"line":73,"column":65}}],"line":73},"5":{"loc":{"start":{"line":93,"column":2},"end":{"line":100,"column":3}},"type":"if","locations":[{"start":{"line":93,"column":2},"end":{"line":100,"column":3}},{"start":{},"end":{}}],"line":93},"6":{"loc":{"start":{"line":93,"column":6},"end":{"line":93,"column":32}},"type":"binary-expr","locations":[{"start":{"line":93,"column":6},"end":{"line":93,"column":15}},{"start":{"line":93,"column":19},"end":{"line":93,"column":32}}],"line":93},"7":{"loc":{"start":{"line":109,"column":4},"end":{"line":109,"column":60}},"type":"if","locations":[{"start":{"line":109,"column":4},"end":{"line":109,"column":60}},{"start":{},"end":{}}],"line":109},"8":{"loc":{"start":{"line":125,"column":18},"end":{"line":127,"column":47}},"type":"cond-expr","locations":[{"start":{"line":126,"column":12},"end":{"line":126,"column":28}},{"start":{"line":127,"column":12},"end":{"line":127,"column":47}}],"line":125},"9":{"loc":{"start":{"line":127,"column":12},"end":{"line":127,"column":47}},"type":"binary-expr","locations":[{"start":{"line":127,"column":12},"end":{"line":127,"column":41}},{"start":{"line":127,"column":45},"end":{"line":127,"column":47}}],"line":127},"10":{"loc":{"start":{"line":128,"column":14},"end":{"line":128,"column":76}},"type":"cond-expr","locations":[{"start":{"line":128,"column":23},"end":{"line":128,"column":34}},{"start":{"line":128,"column":37},"end":{"line":128,"column":76}}],"line":128},"11":{"loc":{"start":{"line":128,"column":37},"end":{"line":128,"column":76}},"type":"binary-expr","locations":[{"start":{"line":128,"column":37},"end":{"line":128,"column":65}},{"start":{"line":128,"column":69},"end":{"line":128,"column":76}}],"line":128},"12":{"loc":{"start":{"line":129,"column":24},"end":{"line":129,"column":66}},"type":"cond-expr","locations":[{"start":{"line":129,"column":33},"end":{"line":129,"column":61}},{"start":{"line":129,"column":64},"end":{"line":129,"column":66}}],"line":129},"13":{"loc":{"start":{"line":129,"column":33},"end":{"line":129,"column":61}},"type":"binary-expr","locations":[{"start":{"line":129,"column":33},"end":{"line":129,"column":55}},{"start":{"line":129,"column":59},"end":{"line":129,"column":61}}],"line":129},"14":{"loc":{"start":{"line":130,"column":19},"end":{"line":130,"column":56}},"type":"cond-expr","locations":[{"start":{"line":130,"column":28},"end":{"line":130,"column":51}},{"start":{"line":130,"column":54},"end":{"line":130,"column":56}}],"line":130},"15":{"loc":{"start":{"line":130,"column":28},"end":{"line":130,"column":51}},"type":"binary-expr","locations":[{"start":{"line":130,"column":28},"end":{"line":130,"column":45}},{"start":{"line":130,"column":49},"end":{"line":130,"column":51}}],"line":130},"1
[...]
:{},"end":{}}],"line":318},"85":{"loc":{"start":{"line":320,"column":2},"end":{"line":320,"column":80}},"type":"if","locations":[{"start":{"line":320,"column":2},"end":{"line":320,"column":80}},{"start":{},"end":{}}],"line":320},"86":{"loc":{"start":{"line":321,"column":2},"end":{"line":355,"column":3}},"type":"if","locations":[{"start":{"line":321,"column":2},"end":{"line":355,"column":3}},{"start":{},"end":{}}],"line":321},"87":{"loc":{"start":{"line":324,"column":4},"end":{"line":328,"column":5}},"type":"if","locations":[{"start":{"line":324,"column":4},"end":{"line":328,"column":5}},{"start":{},"end":{}}],"line":324},"88":{"loc":{"start":{"line":331,"column":62},"end":{"line":331,"column":118}},"type":"cond-expr","locations":[{"start":{"line":331,"column":100},"end":{"line":331,"column":108}},{"start":{"line":331,"column":111},"end":{"line":331,"column":118}}],"line":331},"89":{"loc":{"start":{"line":331,"column":63},"end":{"line":331,"column":96}},"type":"binary-expr","locations":[{"start":{"line":331,"column":63},"end":{"line":331,"column":77}},{"start":{"line":331,"column":81},"end":{"line":331,"column":96}}],"line":331},"90":{"loc":{"start":{"line":332,"column":4},"end":{"line":336,"column":5}},"type":"if","locations":[{"start":{"line":332,"column":4},"end":{"line":336,"column":5}},{"start":{},"end":{}}],"line":332},"91":{"loc":{"start":{"line":341,"column":6},"end":{"line":347,"column":7}},"type":"if","locations":[{"start":{"line":341,"column":6},"end":{"line":347,"column":7}},{"start":{},"end":{}}],"line":341},"92":{"loc":{"start":{"line":353,"column":4},"end":{"line":353,"column":68}},"type":"if","locations":[{"start":{"line":353,"column":4},"end":{"line":353,"column":68}},{"start":{},"end":{}}],"line":353},"93":{"loc":{"start":{"line":354,"column":4},"end":{"line":354,"column":97}},"type":"if","locations":[{"start":{"line":354,"column":4},"end":{"line":354,"column":97}},{"start":{},"end":{}}],"line":354},"94":{"loc":{"start":{"line":354,"column":62},"end":{"line":354,"column":96}},"type":"binary-expr","locations":[{"start":{"line":354,"column":62},"end":{"line":354,"column":79}},{"start":{"line":354,"column":83},"end":{"line":354,"column":96}}],"line":354},"95":{"loc":{"start":{"line":358,"column":2},"end":{"line":371,"column":3}},"type":"if","locations":[{"start":{"line":358,"column":2},"end":{"line":371,"column":3}},{"start":{},"end":{}}],"line":358},"96":{"loc":{"start":{"line":358,"column":6},"end":{"line":358,"column":101}},"type":"binary-expr","locations":[{"start":{"line":358,"column":6},"end":{"line":358,"column":32}},{"start":{"line":358,"column":36},"end":{"line":358,"column":101}}],"line":358},"97":{"loc":{"start":{"line":360,"column":4},"end":{"line":370,"column":5}},"type":"if","locations":[{"start":{"line":360,"column":4},"end":{"line":370,"column":5}},{"start":{},"end":{}}],"line":360},"98":{"loc":{"start":{"line":362,"column":8},"end":{"line":363,"column":26}},"type":"binary-expr","locations":[{"start":{"line":362,"column":8},"end":{"line":362,"column":59}},{"start":{"line":363,"column":8},"end":{"line":363,"column":26}}],"line":362},"99":{"loc":{"start":{"line":365,"column":6},"end":{"line":369,"column":7}},"type":"if","locations":[{"start":{"line":365,"column":6},"end":{"line":369,"column":7}},{"start":{},"end":{}}],"line":365},"100":{"loc":{"start":{"line":377,"column":2},"end":{"line":381,"column":3}},"type":"if","locations":[{"start":{"line":377,"column":2},"end":{"line":381,"column":3}},{"start":{},"end":{}}],"line":377},"101":{"loc":{"start":{"line":387,"column":2},"end":{"line":391,"column":3}},"type":"if","locations":[{"start":{"line":387,"column":2},"end":{"line":391,"column":3}},{"start":{},"end":{}}],"line":387}},"s":{"0":10,"1":10,"2":10,"3":9,"4":9,"5":0,"6":0,"7":0,"8":9,"9":0,"10":9,"11":1,"12":1,"13":0,"14":0,"15":0,"16":0,"17":0,"18":0,"19":0,"20":0,"21":0,"22":0,"23":0,"24":1,"25":1,"26":0,"27":1,"28":0,"29":0,"30":0,"31":0,"32":0,"33":0,"34":0,"35":0,"36":0,"37":0,"38":0,"39":0,"40":0,"41":0,"42":0,"43":0,"44":0,"45":0,"46":0,"47":0,"48":0,"49":0,"50":0,"51":0,"52":0,"53":0,"54":0,"55":0,"56":0,"57":0,"58":0,"59":3,"60":3,"61":0,"62":0,"63":0,"64":3,"65":0,"66":0,"67":0,"68":0,"69":0,"70":0,"71":0,"72":0,"73":0,"74":0,"75":0,"76":0,"77":0,"78":0,"79":0,"80":0,"81":0,"82":0,"83":0,"84":0,"85":0,"86":0,"87":0,"88":0,"89":3,"90":3,"91":3,"92":27,"93":3,"94":0,"95":0,"96":0,"97":3,"98":0,"99":3,"100":3,"101":3,"102":3,"103":3,"104":0,"105":0,"106":0,"107":3,"108":13,"109":3,"110":0,"111":0,"112":0,"113":3,"114":3,"115":3,"116":11,"117":3,"118":3,"119":3,"120":3,"121":3,"122":3,"123":27,"124":27,"125":3,"126":3,"127":3,"128":3,"129":3,"130":0,"131":0,"132":0,"133":3,"134":3,"135":0,"136":0,"137":0,"138":3,"139":0,"140":0,"141":0,"142":3,"143":3,"144":3,"145":0,"146":0,"147":0,"148":3,"149":1,"150":0,"151":0,"152":0,"153":1,"154":1,"155":0,"156":0,"157":0,"158":1,"159":1,"160":1,"161":1,"162":0,"163":1,"164":0,"165":1,"166":0,"167":1,"168":0,"169":1,"170":0,"171":1,"172":0,"173":0,"174":0,"175":0,"176":0,"177":0,"178":0,"179":0,"180":0,"181":0,"182":0,"183":0,"184":0,"185":0,"186":0,"187":0,"188":1,"189":0,"190":1,"191":0,"192":1,"193":1,"194":1,"195":0,"196":0,"197":0,"198":0,"199":0,"200":0,"201":0,"202":0,"203":0,"204":0,"205":0,"206":0,"207":0,"208":0,"209":0,"210":0,"211":0,"212":0,"213":0,"214":0,"215":0,"216":0,"217":0,"218":0,"219":0,"220":0,"221":1,"222":1,"223":1,"224":1,"225":10,"226":1,"227":0,"228":0,"229":0,"230":1,"231":1,"232":0,"233":0,"234":0,"235":1,"236":2,"237":2,"238":0,"239":0,"240":0,"241":2,"242":10},"f":{"0":9,"1":9,"2":1,"3":0,"4":0,"5":0,"6":0,"7":0,"8":0,"9":0,"10":3,"11":0,"12":0,"13":0,"14":27,"15":13,"16":11,"17":27,"18":1,"19":0,"20":0,"21":0,"22":0,"23":0,"24":10,"25":2},"b":{"0":[9,0],"1":[0,0],"2":[0,9],"3":[1],"4":[0,1],"5":[1,1],"6":[0,0],"7":[0,0],"8":[0,0],"9":[0,0],"10":[0,0],"11":[0,0],"12":[0,0],"13":[0,1],"14":[1,0],"15":[0,0],"16":[0,0],"17":[0,0],"18":[0,0],"19":[0,0,0,0],"20":[0,0],"21":[0,0],"22":[0,0],"23":[0,0],"24":[0,0],"25":[0,0],"26":[0,0],"27":[0,0],"28":[0,0],"29":[0,3],"30":[3,3,3],"31":[0,3],"32":[3,0],"33":[0,0],"34":[0,0],"35":[0,0],"36":[0,0],"37":[0,0],"38":[0,0],"39":[0,0],"40":[3,0],"41":[0,3],"42":[0,3],"43":[3,0],"44":[3,0],"45":[0,3],"46":[0,3],"47":[3,0],"48":[0,3],"49":[3,0],"50":[3,0],"51":[3,0],"52":[3,0],"53":[3,0],"54":[3,0],"55":[0,27],"56":[3,0],"57":[3,0],"58":[0,3],"59":[0,3],"60":[0,3],"61":[3,3],"62":[3,3],"63":[3,3],"64":[3,3],"65":[3,3],"66":[3,3],"67":[0,3],"68":[0,1],"69":[0,1],"70":[1,1],"71":[1,0],"72":[0,1],"73":[0,1],"74":[0,1],"75":[0,1],"76":[0,1],"77":[0,1],"78":[0,0],"79":[0,0],"80":[0,0],"81":[0,0],"82":[0,0],"83":[0,1],"84":[0,1],"85":[1,0],"86":[0,1],"87":[0,0],"88":[0,0],"89":[0,0],"90":[0,0],"91":[0,0],"92":[0,0],"93":[0,0],"94":[0,0],"95":[1,0],"96":[1,1],"97":[1,0],"98":[10,0],"99":[0,1],"100":[0,1],"101":[0,2]},"_coverageSchema":"1a1c01bbd47fc00a2c39e90264f33305004495a9","hash":"eac3f76242f3c781c55160b3346914f36c4f050c"}
,"C:\\Users\\admin\\mushroom-shop\\backend\\src\\services\\promoService.js": {"path":"C:\\Users\\admin\\mushroom-shop\\backend\\src\\services\\promoService.js","statementMap":{"0":{"start":{"line":1,"column":20},"end":{"line":4,"column":1}},"1":{"start":{"line":7,"column":2},"end":{"line":9,"column":3}},"2":{"start":{"line":8,"column":4},"end":{"line":8,"column":62}},"3":{"start":{"line":11,"column":21},"end":{"line":11,"column":46}},"4":{"start":{"line":12,"column":16},"end":{"line":12,"column":39}},"5":{"start":{"line":14,"column":2},"end":{"line":16,"column":3}},"6":{"start":{"line":15,"column":4},"end":{"line":15,"column":58}},"7":{"start":{"line":18,"column":2},"end":{"line":23,"column":4}},"8":{"start":{"line":26,"column":0},"end":{"line":26,"column":39}}},"fnMap":{"0":{"name":"validatePromoCode","decl":{"start":{"line":6,"column":9},"end":{"line":6,"column":26}},"loc":{"start":{"line":6,"column":33},"end":{"line":24,"column":1}},"line":6}},"branchMap":{"0":{"loc":{"start":{"line":7,"column":2},"end":{"line":9,"column":3}},"type":"if","locations":[{"start":{"line":7,"column":2},"end":{"line":9,"column":3}},{"start":{},"end":{}}],"line":7},"1":{"loc":{"start":{"line":7,"column":6},"end":{"line":7,"column":39}},"type":"binary-expr","locations":[{"start":{"line":7,"column":6},"end":{"line":7,"column":11}},{"start":{"line":7,"column":15},"end":{"line":7,"column":39}}],"line":7},"2":{"loc":{"start":{"line":14,"column":2},"end":{"line":16,"column":3}},"type":"if","locations":[{"start":{"line":14,"column":2},"end":{"line":16,"column":3}},{"start":{},"end":{}}],"line":14}},"s":{"0":8,"1":0,"2":0,"3":0,"4":0,"5":0,"6":0,"7":0,"8":8},"f":{"0":0},"b":{"0":[0,0],"1":[0,0],"2":[0,0]},"_coverageSchema":"1a1c01bbd47fc00a2c39e90264f33305004495a9","hash":"aaa58e85a8dd49786d5ae256658b4bf5a0857412"}
,"C:\\Users\\admin\\mushroom-shop\\backend\\src\\services\\smsService.js": {"path":"C:\\Users\\admin\\mushroom-shop\\backend\\src\\services\\smsService.js","statementMap":{"0":{"start":{"line":1,"column":15},"end":{"line":1,"column":32}},"1":{"start":{"line":2,"column":15},"end":{"line":2,"column":41}},"2":{"start":{"line":5,"column":16},"end":{"line":5,"column":58}},"3":{"start":{"line":6,"column":2},"end":{"line":8,"column":3}},"4":{"start":{"line":7,"column":4},"end":{"line":7,"column":25}},"5":{"start":{"line":9,"column":2},"end":{"line":11,"column":3}},"6":{"start":{"line":10,"column":4},"end":{"line":10,"column":31}},"7":{"start":{"line":12,"column":2},"end":{"line":14,"column":3}},"8":{"start":{"line":13,"column":4},"end":{"line":13,"column":27}},"9":{"start":{"line":15,"column":2},"end":{"line":17,"column":3}},"10":{"start":{"line":16,"column":4},"end":{"line":16,"column":25}},"11":{"start":{"line":18,"column":2},"end":{"line":18,"column":36}},"12":{"start":{"line":22,"column":14},"end":{"line":22,"column":50}},"13":{"start":{"line":23,"column":16},"end":{"line":23,"column":51}},"14":{"start":{"line":24,"column":15},"end":{"line":24,"column":52}},"15":{"start":{"line":27,"column":4},"end":{"line":29,"column":37}},"16":{"start":{"line":31,"column":2},"end":{"line":37,"column":3}},"17":{"start":{"line":32,"column":4},"end":{"line":32,"column":66}},"18":{"start":{"line":33,"column":4},"end":{"line":33,"column":50}},"19":{"start":{"line":34,"column":4},"end":{"line":34,"column":34}},"20":{"start":{"line":35,"column":4},"end":{"line":35,"column":46}},"21":{"start":{"line":36,"column":4},"end":{"line":36,"column":11}},"22":{"start":{"line":39,"column":2},"end":{"line":52,"column":3}},"23":{"start":{"line":40,"column":19},"end":{"line":40,"column":37}},"24":{"start":{"line":41,"column":27},"end":{"line":41,"column":53}},"25":{"start":{"line":43,"column":4},"end":{"line":47,"column":7}},"26":{"start":{"line":49,"column":4},"end":{"line":49,"column":53}},"27":{"start":{"line":51,"column":4},"end":{"line":51,"column":95}},"28":{"start":{"line":55,"column":0},"end":{"line":55,"column":32}}},"fnMap":{"0":{"name":"formatPhoneToE164","decl":{"start":{"line":4,"column":9},"end":{"line":4,"column":26}},"loc":{"start":{"line":4,"column":34},"end":{"line":19,"column":1}},"line":4},"1":{"name":"sendOtpSms","decl":{"start":{"line":21,"column":15},"end":{"line":21,"column":25}},"loc":{"start":{"line":21,"column":40},"end":{"line":53,"column":1}},"line":21}},"branchMap":{"0":{"loc":{"start":{"line":6,"column":2},"end":{"line":8,"column":3}},"type":"if","locations":[{"start":{"line":6,"column":2},"end":{"line":8,"column":3}},{"start":{},"end":{}}],"line":6},"1":{"loc":{"start":{"line":6,"column":6},"end":{"line":6,"column":55}},"type":"binary-expr","locations":[{"start":{"line":6,"column":6},"end":{"line":6,"column":30}},{"start":{"line":6,"column":34},"end":{"line":6,"column":55}}],"line":6},"2":{"loc":{"start":{"line":9,"column":2},"end":{"line":11,"column":3}},"type":"if","locations":[{"start":{"line":9,"column":2},"end":{"line":11,"column":3}},{"start":{},"end":{}}],"line":9},"3":{"loc":{"start":{"line":12,"column":2},"end":{"line":14,"column":3}},"type":"if","locations":[{"start":{"line":12,"column":2},"end":{"line":14,"column":3}},{"start":{},"end":{}}],"line":12},"4":{"loc":{"start":{"line":15,"column":2},"end":{"line":17,"column":3}},"type":"if","locations":[{"start":{"line":15,"column":2},"end":{"line":17,"column":3}},{"start":{},"end":{}}],"line":15},"5":{"loc":{"start":{"line":15,"column":6},"end":{"line":15,"column":55}},"type":"binary-expr","locations":[{"start":{"line":15,"column":6},"end":{"line":15,"column":30}},{"start":{"line":15,"column":34},"end":{"line":15,"column":55}}],"line":15},"6":{"loc":{"start":{"line":22,"column":14},"end":{"line":22,"column":50}},"type":"binary-expr","locations":[{"start":{"line":22,"column":14},"end":{"line":22,"column":44}},{"start":{"line":22,"column":48},"end":{"line":22,"column":50}}],"line":22},"7":{"loc":{"start":{"line":23,"column":16},"end":{"line":23,"column":51}},"type":"binary-expr","locations":[{"start":{"line":23,"column":16},"end":{"line":23,"column":45}},{"start":{"line":23,"column":49},"end":{"line":23,"column":51}}],"line":23},"8":{"loc":{"start":{"line":24,"column":15},"end":{"line":24,"column":52}},"type":"binary-expr","locations":[{"start":{"line":24,"column":15},"end":{"line":24,"column":46}},{"start":{"line":24,"column":50},"end":{"line":24,"column":52}}],"line":24},"9":{"loc":{"start":{"line":27,"column":4},"end":{"line":29,"column":37}},"type":"binary-expr","locations":[{"start":{"line":27,"column":4},"end":{"line":27,"column":32}},{"start":{"line":27,"column":36},"end":{"line":27,"column":56}},{"start":{"line":28,"column":4},"end":{"line":28,"column":25}},{"start":{"line":28,"column":29},"end":{"line":28,"column":49}},{"start":{"line":29,"column":4},"end":{"line":29,"column":37}}],"line":27},"10":{"loc":{"start":{"line":31,"column":2},"end":{"line":37,"column":3}},"type":"if","locations":[{"start":{"line":31,"column":2},"end":{"line":37,"column":3}},{"start":{},"end":{}}],"line":31},"11":{"loc":{"start":{"line":31,"column":6},"end":{"line":31,"column":46}},"type":"binary-expr","locations":[{"start":{"line":31,"column":6},"end":{"line":31,"column":19}},{"start":{"line":31,"column":23},"end":{"line":31,"column":27}},{"start":{"line":31,"column":31},"end":{"line":31,"column":37}},{"start":{"line":31,"column":41},"end":{"line":31,"column":46}}],"line":31}},"s":{"0":8,"1":8,"2":0,"3":0,"4":0,"5":0,"6":0,"7":0,"8":0,"9":0,"10":0,"11":0,"12":2,"13":2,"14":2,"15":2,"16":2,"17":2,"18":2,"19":2,"20":2,"21":2,"22":0,"23":0,"24":0,"25":0,"26":0,"27":0,"28":8},"f":{"0":0,"1":2},"b":{"0":[0,0],"1":[0,0],"2":[0,0],"3":[0,0],"4":[0,0],"5":[0,0],"6":[2,0],"7":[2,0],"8":[2,0],"9":[2,2,2,0,0],"10":[2,0],"11":[2,0,0,0]},"_coverageSchema":"1a1c01bbd47fc00a2c39e90264f33305004495a9","hash":"8f9df1b98fdd9e3c1f29f5fcc753f2c3a659a2db"}
,"C:\\Users\\admin\\mushroom-shop\\backend\\src\\utils\\errorHandler.js": {"path":"C:\\Users\\admin\\mushroom-shop\\backend\\src\\utils\\errorHandler.js","statementMap":{"0":{"start":{"line":1,"column":17},"end":{"line":1,"column":46}},"1":{"start":{"line":4,"column":2},"end":{"line":4,"column":40}},"2":{"start":{"line":4,"column":23},"end":{"line":4,"column":40}},"3":{"start":{"line":6,"column":18},"end":{"line":12,"column":3}},"4":{"start":{"line":14,"column":2},"end":{"line":16,"column":3}},"5":{"start":{"line":15,"column":4},"end":{"line":15,"column":30}},"6":{"start":{"line":18,"column":2},"end":{"line":20,"column":3}},"7":{"start":{"line":19,"column":4},"end":{"line":19,"column":52}},"8":{"start":{"line":22,"column":2},"end":{"line":22,"column":21}},"9":{"start":{"line":23,"column":2},"end":{"line":23,"column":39}},"10":{"start":{"line":26,"column":0},"end":{"line":26,"column":29}}},"fnMap":{"0":{"name":"handleError","decl":{"start":{"line":3,"column":9},"end":{"line":3,"column":20}},"loc":{"start":{"line":3,"column":42},"end":{"line":24,"column":1}},"line":3}},"branchMap":{"0":{"loc":{"start":{"line":4,"column":2},"end":{"line":4,"column":40}},"type":"if","locations":[{"start":{"line":4,"column":2},"end":{"line":4,"column":40}},{"start":{},"end":{}}],"line":4},"1":{"loc":{"start":{"line":7,"column":11},"end":{"line":7,"column":49}},"type":"binary-expr","locations":[{"start":{"line":7,"column":11},"end":{"line":7,"column":22}},{"start":{"line":7,"column":26},"end":{"line":7,"column":49}}],"line":7},"2":{"loc":{"start":{"line":8,"column":10},"end":{"line":8,"column":40}},"type":"binary-expr","locations":[{"start":{"line":8,"column":10},"end":{"line":8,"column":18}},{"start":{"line":8,"column":22},"end":{"line":8,"column":40}}],"line":8},"3":{"loc":{"start":{"line":9,"column":13},"end":{"line":9,"column":32}},"type":"binary-expr","locations":[{"start":{"line":9,"column":13},"end":{"line":9,"column":24}},{"start":{"line":9,"column":28},"end":{"line":9,"column":32}}],"line":9},"4":{"loc":{"start":{"line":14,"column":2},"end":{"line":16,"column":3}},"type":"if","locations":[{"start":{"line":14,"column":2},"end":{"line":16,"column":3}},{"start":{},"end":{}}],"line":14},"5":{"loc":{"start":{"line":18,"column":2},"end":{"line":20,"column":3}},"type":"if","locations":[{"start":{"line":18,"column":2},"end":{"line":20,"column":3}},{"start":{},"end":{}}],"line":18}},"s":{"0":8,"1":0,"2":0,"3":0,"4":0,"5":0,"6":0,"7":0,"8":0,"9":0,"10":8},"f":{"0":0},"b":{"0":[0,0],"1":[0,0],"2":[0,0],"3":[0,0],"4":[0,0],"5":[0,0]},"_coverageSchema":"1a1c01bbd47fc00a2c39e90264f33305004495a9","hash":"b3e8981258291195e88b6ef1f5ad322bf7a04785"}
,"C:\\Users\\admin\\mushroom-shop\\backend\\src\\utils\\escapeRegExp.js": {"path":"C:\\Users\\admin\\mushroom-shop\\backend\\src\\utils\\escapeRegExp.js","statementMap":{"0":{"start":{"line":2,"column":2},"end":{"line":2,"column":62}},"1":{"start":{"line":5,"column":0},"end":{"line":5,"column":30}}},"fnMap":{"0":{"name":"escapeRegExp","decl":{"start":{"line":1,"column":9},"end":{"line":1,"column":21}},"loc":{"start":{"line":1,"column":29},"end":{"line":3,"column":1}},"line":1}},"branchMap":{},"s":{"0":30,"1":13},"f":{"0":30},"b":{},"_coverageSchema":"1a1c01bbd47fc00a2c39e90264f33305004495a9","hash":"7cfe410676185d73b9087535ba71e48e135b61ab"}
,"C:\\Users\\admin\\mushroom-shop\\backend\\src\\utils\\logger.js": {"path":"C:\\Users\\admin\\mushroom-shop\\backend\\src\\utils\\logger.js","statementMap":{"0":{"start":{"line":1,"column":16},"end":{"line":1,"column":34}},"1":{"start":{"line":3,"column":15},"end":{"line":20,"column":2}},"2":{"start":{"line":12,"column":28},"end":{"line":14,"column":18}},"3":{"start":{"line":15,"column":12},"end":{"line":15,"column":108}},"4":{"start":{"line":22,"column":0},"end":{"line":22,"column":24}}},"fnMap":{"0":{"name":"(anonymous_0)","decl":{"start":{"line":11,"column":10},"end":{"line":11,"column":11}},"loc":{"start":{"line":11,"column":61},"end":{"line":16,"column":11}},"line":11}},"branchMap":{"0":{"loc":{"start":{"line":4,"column":9},"end":{"line":4,"column":40}},"type":"binary-expr","locations":[{"start":{"line":4,"column":9},"end":{"line":4,"column":30}},{"start":{"line":4,"column":34},"end":{"line":4,"column":40}}],"line":4},"1":{"loc":{"start":{"line":8,"column":4},"end":{"line":17,"column":9}},"type":"cond-expr","locations":[{"start":{"line":9,"column":8},"end":{"line":9,"column":29}},{"start":{"line":10,"column":8},"end":{"line":17,"column":9}}],"line":8},"2":{"loc":{"start":{"line":12,"column":28},"end":{"line":14,"column":18}},"type":"cond-expr","locations":[{"start":{"line":13,"column":16},"end":{"line":13,"column":42}},{"start":{"line":14,"column":16},"end":{"line":14,"column":18}}],"line":12},"3":{"loc":{"start":{"line":15,"column":80},"end":{"line":15,"column":105}},"type":"cond-expr","locations":[{"start":{"line":15,"column":88},"end":{"line":15,"column":100}},{"start":{"line":15,"column":103},"end":{"line":15,"column":105}}],"line":15}},"s":{"0":13,"1":13,"2":28,"3":28,"4":13},"f":{"0":28},"b":{"0":[13,13],"1":[0,13],"2":[0,28],"3":[0,28]},"_coverageSchema":"1a1c01bbd47fc00a2c39e90264f33305004495a9","hash":"8d6b409e4b2f5ae455a8ac3f109a51857fd7eee3"}
}
