{"C:\\Users\\admin\\mushroom-shop\\backend\\src\\server.js": {"path":"C:\\Users\\admin\\mushroom-shop\\backend\\src\\server.js","statementMap":{"0":{"start":{"line":1,"column":0},"end":{"line":1,"column":27}},"1":{"start":{"line":2,"column":16},"end":{"line":2,"column":34}},"2":{"start":{"line":3,"column":13},"end":{"line":3,"column":28}},"3":{"start":{"line":4,"column":13},"end":{"line":4,"column":28}},"4":{"start":{"line":5,"column":11},"end":{"line":5,"column":33}},"5":{"start":{"line":6,"column":17},"end":{"line":6,"column":45}},"6":{"start":{"line":7,"column":17},"end":{"line":7,"column":45}},"7":{"start":{"line":8,"column":20},"end":{"line":8,"column":51}},"8":{"start":{"line":10,"column":19},"end":{"line":10,"column":58}},"9":{"start":{"line":11,"column":22},"end":{"line":11,"column":50}},"10":{"start":{"line":12,"column":20},"end":{"line":12,"column":46}},"11":{"start":{"line":13,"column":23},"end":{"line":13,"column":53}},"12":{"start":{"line":14,"column":23},"end":{"line":14,"column":52}},"13":{"start":{"line":16,"column":12},"end":{"line":16,"column":21}},"14":{"start":{"line":17,"column":13},"end":{"line":17,"column":37}},"15":{"start":{"line":20,"column":0},"end":{"line":26,"column":2}},"16":{"start":{"line":29,"column":0},"end":{"line":29,"column":41}},"17":{"start":{"line":31,"column":0},"end":{"line":31,"column":63}},"18":{"start":{"line":33,"column":0},"end":{"line":42,"column":3}},"19":{"start":{"line":34,"column":2},"end":{"line":40,"column":3}},"20":{"start":{"line":35,"column":4},"end":{"line":39,"column":6}},"21":{"start":{"line":41,"column":2},"end":{"line":41,"column":12}},"22":{"start":{"line":45,"column":0},"end":{"line":45,"column":33}},"23":{"start":{"line":46,"column":0},"end":{"line":46,"column":40}},"24":{"start":{"line":47,"column":0},"end":{"line":47,"column":36}},"25":{"start":{"line":48,"column":0},"end":{"line":48,"column":43}},"26":{"start":{"line":49,"column":0},"end":{"line":49,"column":42}},"27":{"start":{"line":52,"column":0},"end":{"line":59,"column":3}},"28":{"start":{"line":53,"column":2},"end":{"line":58,"column":5}},"29":{"start":{"line":62,"column":0},"end":{"line":68,"column":3}},"30":{"start":{"line":63,"column":2},"end":{"line":67,"column":4}},"31":{"start":{"line":71,"column":0},"end":{"line":71,"column":21}},"32":{"start":{"line":74,"column":21},"end":{"line":74,"column":53}},"33":{"start":{"line":75,"column":23},"end":{"line":75,"column":25}},"34":{"start":{"line":78,"column":17},"end":{"line":88,"column":4}},"35":{"start":{"line":79,"column":4},"end":{"line":79,"column":70}},"36":{"start":{"line":80,"column":4},"end":{"line":80,"column":64}},"37":{"start":{"line":81,"column":4},"end":{"line":83,"column":6}},"38":{"start":{"line":84,"column":4},"end":{"line":86,"column":6}},"39":{"start":{"line":87,"column":4},"end":{"line":87,"column":70}},"40":{"start":{"line":90,"column":2},"end":{"line":99,"column":5}},"41":{"start":{"line":91,"column":4},"end":{"line":98,"column":5}},"42":{"start":{"line":92,"column":23},"end":{"line":92,"column":31}},"43":{"start":{"line":93,"column":6},"end":{"line":93,"column":73}},"44":{"start":{"line":94,"column":6},"end":{"line":94,"column":42}},"45":{"start":{"line":96,"column":6},"end":{"line":96,"column":62}},"46":{"start":{"line":97,"column":6},"end":{"line":97,"column":22}},"47":{"start":{"line":102,"column":0},"end":{"line":104,"column":1}},"48":{"start":{"line":103,"column":2},"end":{"line":103,"column":28}},"49":{"start":{"line":106,"column":0},"end":{"line":106,"column":21}}},"fnMap":{"0":{"name":"(anonymous_0)","decl":{"start":{"line":33,"column":8},"end":{"line":33,"column":9}},"loc":{"start":{"line":33,"column":33},"end":{"line":42,"column":1}},"line":33},"1":{"name":"(anonymous_1)","decl":{"start":{"line":52,"column":23},"end":{"line":52,"column":24}},"loc":{"start":{"line":52,"column":37},"end":{"line":59,"column":1}},"line":52},"2":{"name":"(anonymous_2)","decl":{"start":{"line":62,"column":8},"end":{"line":62,"column":9}},"loc":{"start":{"line":62,"column":28},"end":{"line":68,"column":1}},"line":62},"3":{"name":"startServer","decl":{"start":{"line":77,"column":9},"end":{"line":77,"column":20}},"loc":{"start":{"line":77,"column":41},"end":{"line":100,"column":1}},"line":77},"4":{"name":"(anonymous_4)","decl":{"start":{"line":78,"column":34},"end":{"line":78,"column":35}},"loc":{"start":{"line":78,"column":40},"end":{"line":88,"column":3}},"line":78},"5":{"name":"(anonymous_5)","decl":{"start":{"line":90,"column":21},"end":{"line":90,"column":22}},"loc":{"start":{"line":90,"column":32},"end":{"line":99,"column":3}},"line":90}},"branchMap":{"0":{"loc":{"start":{"line":17,"column":13},"end":{"line":17,"column":37}},"type":"binary-expr","locations":[{"start":{"line":17,"column":13},"end":{"line":17,"column":29}},{"start":{"line":17,"column":33},"end":{"line":17,"column":37}}],"line":17},"1":{"loc":{"start":{"line":34,"column":2},"end":{"line":40,"column":3}},"type":"if","locations":[{"start":{"line":34,"column":2},"end":{"line":40,"column":3}},{"start":{},"end":{}}],"line":34},"2":{"loc":{"start":{"line":34,"column":6},"end":{"line":34,"column":71}},"type":"binary-expr","locations":[{"start":{"line":34,"column":6},"end":{"line":34,"column":32}},{"start":{"line":34,"column":36},"end":{"line":34,"column":54}},{"start":{"line":34,"column":58},"end":{"line":34,"column":71}}],"line":34},"3":{"loc":{"start":{"line":55,"column":18},"end":{"line":55,"column":70}},"type":"cond-expr","locations":[{"start":{"line":55,"column":30},"end":{"line":55,"column":46}},{"start":{"line":55,"column":49},"end":{"line":55,"column":70}}],"line":55},"4":{"loc":{"start":{"line":56,"column":17},"end":{"line":56,"column":75}},"type":"cond-expr","locations":[{"start":{"line":56,"column":35},"end":{"line":56,"column":51}},{"start":{"line":56,"column":54},"end":{"line":56,"column":75}}],"line":56},"5":{"loc":{"start":{"line":74,"column":21},"end":{"line":74,"column":53}},"type":"binary-expr","locations":[{"start":{"line":74,"column":21},"end":{"line":74,"column":45}},{"start":{"line":74,"column":49},"end":{"line":74,"column":53}}],"line":74},"6":{"loc":{"start":{"line":77,"column":27},"end":{"line":77,"column":39}},"type":"default-arg","locations":[{"start":{"line":77,"column":38},"end":{"line":77,"column":39}}],"line":77},"7":{"loc":{"start":{"line":82,"column":29},"end":{"line":82,"column":78}},"type":"cond-expr","locations":[{"start":{"line":82,"column":41},"end":{"line":82,"column":63}},{"start":{"line":82,"column":66},"end":{"line":82,"column":78}}],"line":82},"8":{"loc":{"start":{"line":85,"column":27},"end":{"line":85,"column":82}},"type":"cond-expr","locations":[{"start":{"line":85,"column":45},"end":{"line":85,"column":67}},{"start":{"line":85,"column":70},"end":{"line":85,"column":82}}],"line":85},"9":{"loc":{"start":{"line":91,"column":4},"end":{"line":98,"column":5}},"type":"if","locations":[{"start":{"line":91,"column":4},"end":{"line":98,"column":5}},{"start":{"line":95,"column":11},"end":{"line":98,"column":5}}],"line":91},"10":{"loc":{"start":{"line":91,"column":8},"end":{"line":91,"column":64}},"type":"binary-expr","locations":[{"start":{"line":91,"column":8},"end":{"line":91,"column":35}},{"start":{"line":91,"column":39},"end":{"line":91,"column":64}}],"line":91},"11":{"loc":{"start":{"line":102,"column":0},"end":{"line":104,"column":1}},"type":"if","locations":[{"start":{"line":102,"column":0},"end":{"line":104,"column":1}},{"start":{},"end":{}}],"line":102}},"s":{"0":3,"1":3,"2":3,"3":3,"4":3,"5":3,"6":3,"7":3,"8":3,"9":3,"10":3,"11":3,"12":3,"13":3,"14":3,"15":3,"16":3,"17":3,"18":3,"19":0,"20":0,"21":0,"22":3,"23":3,"24":3,"25":3,"26":3,"27":3,"28":0,"29":3,"30":0,"31":3,"32":3,"33":3,"34":0,"35":0,"36":0,"37":0,"38":0,"39":0,"40":0,"41":0,"42":0,"43":0,"44":0,"45":0,"46":0,"47":3,"48":0,"49":3},"f":{"0":0,"1":0,"2":0,"3":0,"4":0,"5":0},"b":{"0":[3,0],"1":[0,0],"2":[0,0,0],"3":[0,0],"4":[0,0],"5":[3,0],"6":[0],"7":[0,0],"8":[0,0],"9":[0,0],"10":[0,0],"11":[0,3]},"_coverageSchema":"1a1c01bbd47fc00a2c39e90264f33305004495a9","hash":"5c81110a082cf2f17d66b9eb5e55e4beb4e5c5df"}
,"C:\\Users\\admin\\mushroom-shop\\backend\\src\\config\\db.js": {"path":"C:\\Users\\admin\\mushroom-shop\\backend\\src\\config\\db.js","statementMap":{"0":{"start":{"line":1,"column":25},"end":{"line":1,"column":57}},"1":{"start":{"line":2,"column":15},"end":{"line":2,"column":34}},"2":{"start":{"line":4,"column":20},"end":{"line":4,"column":50}},"3":{"start":{"line":5,"column":20},"end":{"line":5,"column":55}},"4":{"start":{"line":8,"column":2},"end":{"line":8,"column":75}},"5":{"start":{"line":10,"column":23},"end":{"line":10,"column":27}},"6":{"start":{"line":11,"column":0},"end":{"line":13,"column":1}},"7":{"start":{"line":12,"column":2},"end":{"line":12,"column":60}},"8":{"start":{"line":16,"column":18},"end":{"line":204,"column":1}},"9":{"start":{"line":207,"column":26},"end":{"line":207,"column":57}},"10":{"start":{"line":210,"column":0},"end":{"line":217,"column":3}},"11":{"start":{"line":220,"column":0},"end":{"line":227,"column":3}},"12":{"start":{"line":230,"column":0},"end":{"line":238,"column":3}},"13":{"start":{"line":245,"column":4},"end":{"line":245,"column":23}},"14":{"start":{"line":246,"column":4},"end":{"line":246,"column":38}},"15":{"start":{"line":247,"column":4},"end":{"line":247,"column":22}},"16":{"start":{"line":248,"column":4},"end":{"line":248,"column":27}},"17":{"start":{"line":249,"column":4},"end":{"line":249,"column":27}},"18":{"start":{"line":250,"column":4},"end":{"line":250,"column":30}},"19":{"start":{"line":254,"column":4},"end":{"line":254,"column":16}},"20":{"start":{"line":258,"column":4},"end":{"line":258,"column":67}},"21":{"start":{"line":258,"column":43},"end":{"line":258,"column":65}},"22":{"start":{"line":259,"column":4},"end":{"line":259,"column":16}},"23":{"start":{"line":263,"column":4},"end":{"line":282,"column":5}},"24":{"start":{"line":264,"column":19},"end":{"line":264,"column":34}},"25":{"start":{"line":265,"column":22},"end":{"line":265,"column":41}},"26":{"start":{"line":266,"column":27},"end":{"line":266,"column":50}},"27":{"start":{"line":268,"column":23},"end":{"line":278,"column":8}},"28":{"start":{"line":269,"column":23},"end":{"line":275,"column":9}},"29":{"start":{"line":276,"column":8},"end":{"line":276,"column":43}},"30":{"start":{"line":277,"column":8},"end":{"line":277,"column":22}},"31":{"start":{"line":280,"column":6},"end":{"line":280,"column":27}},"32":{"start":{"line":281,"column":6},"end":{"line":281,"column":29}},"33":{"start":{"line":284,"column":4},"end":{"line":301,"column":5}},"34":{"start":{"line":285,"column":22},"end":{"line":285,"column":37}},"35":{"start":{"line":286,"column":24},"end":{"line":286,"column":65}},"36":{"start":{"line":286,"column":56},"end":{"line":286,"column":63}},"37":{"start":{"line":287,"column":6},"end":{"line":293,"column":9}},"38":{"start":{"line":288,"column":8},"end":{"line":291,"column":9}},"39":{"start":{"line":289,"column":30},"end":{"line":289,"column":53}},"40":{"start":{"line":290,"column":10},"end":{"line":290,"column":29}},"41":{"start":{"line":292,"column":8},"end":{"line":292,"column":20}},"42":{"start":{"line":294,"column":6},"end":{"line":299,"column":9}},"43":{"start":{"line":295,"column":8},"end":{"line":297,"column":9}},"44":{"start":{"line":296,"column":10},"end":{"line":296,"column":41}},"45":{"start":{"line":298,"column":8},"end":{"line":298,"column":20}},"46":{"start":{"line":300,"column":6},"end":{"line":300,"column":29}},"47":{"start":{"line":303,"column":4},"end":{"line":313,"column":5}},"48":{"start":{"line":304,"column":24},"end":{"line":304,"column":65}},"49":{"start":{"line":304,"column":56},"end":{"line":304,"column":63}},"50":{"start":{"line":305,"column":27},"end":{"line":307,"column":7}},"51":{"start":{"line":306,"column":8},"end":{"line":306,"column":30}},"52":{"start":{"line":308,"column":6},"end":{"line":310,"column":8}},"53":{"start":{"line":309,"column":18},"end":{"line":309,"column":41}},"54":{"start":{"line":311,"column":6},"end":{"line":311,"column":31}},"55":{"start":{"line":312,"column":6},"end":{"line":312,"column":32}},"56":{"start":{"line":317,"column":4},"end":{"line":317,"column":19}},"57":{"start":{"line":318,"column":4},"end":{"line":323,"column":5}},"58":{"start":{"line":319,"column":6},"end":{"line":322,"column":9}},"59":{"start":{"line":324,"column":4},"end":{"line":324,"column":64}},"60":{"start":{"line":328,"column":4},"end":{"line":328,"column":27}},"61":{"start":{"line":329,"column":4},"end":{"line":329,"column":16}},"62":{"start":{"line":333,"column":4},"end":{"line":333,"column":30}},"63":{"start":{"line":334,"column":4},"end":{"line":334,"column":16}},"64":{"start":{"line":338,"column":4},"end":{"line":338,"column":29}},"65":{"start":{"line":339,"column":4},"end":{"line":339,"column":16}},"66":{"start":{"line":343,"column":4},"end":{"line":343,"column":19}},"67":{"start":{"line":344,"column":4},"end":{"line":346,"column":6}},"68":{"start":{"line":350,"column":11},"end":{"line":358,"column":1}},"69":{"start":{"line":353,"column":4},"end":{"line":355,"column":5}},"70":{"start":{"line":354,"column":6},"end":{"line":354,"column":42}},"71":{"start":{"line":356,"column":4},"end":{"line":356,"column":39}},"72":{"start":{"line":360,"column":0},"end":{"line":360,"column":20}}},"fnMap":{"0":{"name":"(anonymous_0)","decl":{"start":{"line":244,"column":2},"end":{"line":244,"column":3}},"loc":{"start":{"line":244,"column":21},"end":{"line":251,"column":3}},"line":244},"1":{"name":"(anonymous_1)","decl":{"start":{"line":253,"column":2},"end":{"line":253,"column":3}},"loc":{"start":{"line":253,"column":23},"end":{"line":255,"column":3}},"line":253},"2":{"name":"(anonymous_2)","decl":{"start":{"line":257,"column":2},"end":{"line":257,"column":3}},"loc":{"start":{"line":257,"column":20},"end":{"line":260,"column":3}},"line":257},"3":{"name":"(anonymous_3)","decl":{"start":{"line":258,"column":33},"end":{"line":258,"column":34}},"loc":{"start":{"line":258,"column":43},"end":{"line":258,"column":65}},"line":258},"4":{"name":"(anonymous_4)","decl":{"start":{"line":262,"column":2},"end":{"line":262,"column":3}},"loc":{"start":{"line":262,"column":12},"end":{"line":314,"column":3}},"line":262},"5":{"name":"(anonymous_5)","decl":{"start":{"line":268,"column":40},"end":{"line":268,"column":41}},"loc":{"start":{"line":268,"column":49},"end":{"line":278,"column":7}},"line":268},"6":{"name":"(anonymous_6)","decl":{"start":{"line":286,"column":46},"end":{"line":286,"column":47}},"loc":{"start":{"line":286,"column":56},"end":{"line":286,"column":63}},"line":286},"7":{"name":"(anonymous_7)","decl":{"start":{"line":287,"column":56},"end":{"line":287,"column":57}},"loc":{"start":{"line":287,"column":66},"end":{"line":293,"column":7}},"line":287},"8":{"name":"(anonymous_8)","decl":{"start":{"line":294,"column":32},"end":{"line":294,"column":33}},"loc":{"start":{"line":294,"column":42},"end":{"line":299,"column":7}},"line":294},"9":{"name":"(anonymous_9)","decl":{"start":{"line":304,"column":46},"end":{"line":304,"column":47}},"loc":{"start":{"line":304,"column":56},"end":{"line":304,"column":63}},"line":304},"10":{"name":"(anonymous_10)","decl":{"start":{"line":305,"column":56},"end":{"line":305,"column":57}},"loc":{"start":{"line":306,"column":8},"end":{"line":306,"column":30}},"line":306},"11":{"name":"(anonymous_11)","decl":{"start":{"line":309,"column":8},"end":{"line":309,"column":9}},"loc":{"start":{"line":309,"column":18},"end":{"line":309,"column":41}},"line":309},"12":{"name":"(anonymous_12)","decl":{"start":{"line":316,"column":2},"end":{"line":316,"column":3}},"loc":{"start":{"line":316,"column":11},"end":{"line":325,"column":3}},"line":316},"13":{"name":"(anonymous_13)","decl":{"start":{"line":327,"column":2},"end":{"line":327,"column":3}},"loc":{"start":{"line":327,"column":15},"end":{"line":330,"column":3}},"line":327},"14":{"name":"(anonymous_14)","decl":{"start":{"line":332,"column":2},"end":{"line":332,"column":3}},"loc":{"start":{"line":332,"column":18},"end":{"line":335,"column":3}},"line":332},"15":{"name":"(anonymous_15)","decl":{"start":{"line":337,"column":2},"end":{"line":337,"column":3}},"loc":{"start":{"line":337,"column":11},"end":{"line":340,"column":3}},"line":337},"16":{"name":"(anonymous_16)","decl":{"start":{"line":342,"column":2},"end":{"line":342,"column":3}},"loc":{"start":{"line":342,"column":20},"end":{"line":347,"column":3}},"line":342},"17":{"name":"(anonymous_17)","decl":{"start":{"line":352,"column":8},"end":{"line":352,"column":9}},"loc":{"start":{"line":352,"column":19},"end":{"line":357,"column":3}},"line":352}},"branchMap":{"0":{"loc":{"start":{"line":4,"column":20},"end":{"line":4,"column":50}},"type":"binary-expr","locations":[{"start":{"line":4,"column":20},"end":{"line":4,"column":44}},{"start":{"line":4,"column":48},"end":{"line":4,"column":50}}],"line":4},"1":{"loc":{"start":{"line":5,"column":20},"end":{"line":5,"column":55}},"type":"binary-expr","locations":[{"start":{"line":5,"column":20},"end":{"line":5,"column":49}},{"start":{"line":5,"column":53},"end":{"line":5,"column":55}}],"line":5},"2":{"loc":{"start":{"line":8,"column":2},"end":{"line":8,"column":75}},"type":"binary-expr","locations":[{"start":{"line":8,"column":2},"end":{"line":8,"column":14}},{"start":{"line":8,"column":18},"end":{"line":8,"column":59}},{"start":{"line":8,"column":63},"end":{"line":8,"column":75}}],"line":8},"3":{"loc":{"start":{"line":11,"column":0},"end":{"line":13,"column":1}},"type":"if","locations":[{"start":{"line":11,"column":0},"end":{"line":13,"column":1}},{"start":{},"end":{}}],"line":11},"4":{"loc":{"start":{"line":253,"column":9},"end":{"line":253,"column":21}},"type":"default-arg","locations":[{"start":{"line":253,"column":18},"end":{"line":253,"column":21}}],"line":253},"5":{"loc":{"start":{"line":263,"column":4},"end":{"line":282,"column":5}},"type":"if","locations":[{"start":{"line":263,"column":4},"end":{"line":282,"column":5}},{"start":{},"end":{}}],"line":263},"6":{"loc":{"start":{"line":266,"column":27},"end":{"line":266,"column":50}},"type":"cond-expr","locations":[{"start":{"line":266,"column":37},"end":{"line":266,"column":41}},{"start":{"line":266,"column":44},"end":{"line":266,"column":50}}],"line":266},"7":{"loc":{"start":{"line":271,"column":12},"end":{"line":272,"column":83}},"type":"binary-expr","locations":[{"start":{"line":271,"column":12},"end":{"line":271,"column":18}},{"start":{"line":272,"column":12},"end":{"line":272,"column":83}}],"line":271},"8":{"loc":{"start":{"line":284,"column":4},"end":{"line":301,"column":5}},"type":"if","locations":[{"start":{"line":284,"column":4},"end":{"line":301,"column":5}},{"start":{},"end":{}}],"line":284},"9":{"loc":{"start":{"line":288,"column":8},"end":{"line":291,"column":9}},"type":"if","locations":[{"start":{"line":288,"column":8},"end":{"line":291,"column":9}},{"start":{},"end":{}}],"line":288},"10":{"loc":{"start":{"line":295,"column":8},"end":{"line":297,"column":9}},"type":"if","locations":[{"start":{"line":295,"column":8},"end":{"line":297,"column":9}},{"start":{},"end":{}}],"line":295},"11":{"loc":{"start":{"line":303,"column":4},"end":{"line":313,"column":5}},"type":"if","locations":[{"start":{"line":303,"column":4},"end":{"line":313,"column":5}},{"start":{},"end":{}}],"line":303},"12":{"loc":{"start":{"line":318,"column":4},"end":{"line":323,"column":5}},"type":"if","locations":[{"start":{"line":318,"column":4},"end":{"line":323,"column":5}},{"start":{},"end":{}}],"line":318},"13":{"loc":{"start":{"line":353,"column":4},"end":{"line":355,"column":5}},"type":"if","locations":[{"start":{"line":353,"column":4},"end":{"line":355,"column":5}},{"start":{},"end":{}}],"line":353}},"s":{"0":8,"1":8,"2":8,"3":8,"4":8,"5":8,"6":8,"7":0,"8":8,"9":8,"10":8,"11":8,"12":8,"13":30,"14":30,"15":30,"16":30,"17":30,"18":30,"19":17,"20":16,"21":103,"22":16,"23":30,"24":6,"25":6,"26":6,"27":6,"28":6,"29":6,"30":6,"31":6,"32":6,"33":30,"34":3,"35":3,"36":3,"37":3,"38":24,"39":3,"40":3,"41":21,"42":3,"43":3,"44":3,"45":0,"46":3,"47":30,"48":4,"49":4,"50":4,"51":29,"52":4,"53":29,"54":4,"55":4,"56":21,"57":21,"58":4,"59":17,"60":6,"61":6,"62":3,"63":3,"64":4,"65":4,"66":9,"67":9,"68":8,"69":30,"70":0,"71":30,"72":8},"f":{"0":30,"1":17,"2":16,"3":103,"4":30,"5":6,"6":3,"7":24,"8":3,"9":4,"10":29,"11":29,"12":21,"13":6,"14":3,"15":4,"16":9,"17":30},"b":{"0":[8,8],"1":[8,8],"2":[8,0,0],"3":[0,8],"4":[0],"5":[6,24],"6":[0,6],"7":[6,3],"8":[3,27],"9":[3,21],"10":[3,0],"11":[4,26],"12":[4,17],"13":[0,30]},"_coverageSchema":"1a1c01bbd47fc00a2c39e90264f33305004495a9","hash":"b053f6d6dcdfc233f284bbb4595dc7c101f7e357"}
,"C:\\Users\\admin\\mushroom-shop\\backend\\src\\config\\razorpay.js": {"path":"C:\\Users\\admin\\mushroom-shop\\backend\\src\\config\\razorpay.js","statementMap":{"0":{"start":{"line":1,"column":17},"end":{"line":1,"column":36}},"1":{"start":{"line":2,"column":15},"end":{"line":2,"column":32}},"2":{"start":{"line":4,"column":14},"end":{"line":4,"column":47}},"3":{"start":{"line":5,"column":18},"end":{"line":5,"column":55}},"4":{"start":{"line":7,"column":15},"end":{"line":7,"column":61}},"5":{"start":{"line":9,"column":23},"end":{"line":9,"column":27}},"6":{"start":{"line":10,"column":0},"end":{"line":15,"column":1}},"7":{"start":{"line":11,"column":2},"end":{"line":14,"column":5}},"8":{"start":{"line":17,"column":21},"end":{"line":56,"column":1}},"9":{"start":{"line":21,"column":6},"end":{"line":21,"column":65}},"10":{"start":{"line":23,"column":6},"end":{"line":35,"column":8}},"11":{"start":{"line":41,"column":8},"end":{"line":41,"column":22}},"12":{"start":{"line":42,"column":6},"end":{"line":46,"column":7}},"13":{"start":{"line":44,"column":8},"end":{"line":44,"column":75}},"14":{"start":{"line":45,"column":8},"end":{"line":45,"column":20}},"15":{"start":{"line":48,"column":34},"end":{"line":51,"column":22}},"16":{"start":{"line":53,"column":6},"end":{"line":53,"column":56}},"17":{"start":{"line":58,"column":0},"end":{"line":76,"column":6}},"18":{"start":{"line":63,"column":29},"end":{"line":63,"column":68}},"19":{"start":{"line":68,"column":12},"end":{"line":68,"column":26}},"20":{"start":{"line":69,"column":38},"end":{"line":72,"column":26}},"21":{"start":{"line":73,"column":10},"end":{"line":73,"column":60}}},"fnMap":{"0":{"name":"(anonymous_0)","decl":{"start":{"line":20,"column":12},"end":{"line":20,"column":13}},"loc":{"start":{"line":20,"column":31},"end":{"line":36,"column":5}},"line":20},"1":{"name":"(anonymous_1)","decl":{"start":{"line":39,"column":21},"end":{"line":39,"column":22}},"loc":{"start":{"line":39,"column":41},"end":{"line":54,"column":5}},"line":39},"2":{"name":"(anonymous_2)","decl":{"start":{"line":63,"column":16},"end":{"line":63,"column":17}},"loc":{"start":{"line":63,"column":29},"end":{"line":63,"column":68}},"line":63},"3":{"name":"(anonymous_3)","decl":{"start":{"line":66,"column":25},"end":{"line":66,"column":26}},"loc":{"start":{"line":66,"column":45},"end":{"line":74,"column":9}},"line":66}},"branchMap":{"0":{"loc":{"start":{"line":4,"column":14},"end":{"line":4,"column":47}},"type":"binary-expr","locations":[{"start":{"line":4,"column":14},"end":{"line":4,"column":41}},{"start":{"line":4,"column":45},"end":{"line":4,"column":47}}],"line":4},"1":{"loc":{"start":{"line":5,"column":18},"end":{"line":5,"column":55}},"type":"binary-expr","locations":[{"start":{"line":5,"column":18},"end":{"line":5,"column":49}},{"start":{"line":5,"column":53},"end":{"line":5,"column":55}}],"line":5},"2":{"loc":{"start":{"line":7,"column":15},"end":{"line":7,"column":61}},"type":"binary-expr","locations":[{"start":{"line":7,"column":15},"end":{"line":7,"column":21}},{"start":{"line":7,"column":25},"end":{"line":7,"column":47}},{"start":{"line":7,"column":51},"end":{"line":7,"column":61}}],"line":7},"3":{"loc":{"start":{"line":10,"column":0},"end":{"line":15,"column":1}},"type":"if","locations":[{"start":{"line":10,"column":0},"end":{"line":15,"column":1}},{"start":{},"end":{}}],"line":10},"4":{"loc":{"start":{"line":29,"column":18},"end":{"line":29,"column":43}},"type":"binary-expr","locations":[{"start":{"line":29,"column":18},"end":{"line":29,"column":34}},{"start":{"line":29,"column":38},"end":{"line":29,"column":43}}],"line":29},"5":{"loc":{"start":{"line":33,"column":15},"end":{"line":33,"column":34}},"type":"binary-expr","locations":[{"start":{"line":33,"column":15},"end":{"line":33,"column":28}},{"start":{"line":33,"column":32},"end":{"line":33,"column":34}}],"line":33},"6":{"loc":{"start":{"line":42,"column":6},"end":{"line":46,"column":7}},"type":"if","locations":[{"start":{"line":42,"column":6},"end":{"line":46,"column":7}},{"start":{},"end":{}}],"line":42},"7":{"loc":{"start":{"line":58,"column":17},"end":{"line":76,"column":5}},"type":"cond-expr","locations":[{"start":{"line":59,"column":4},"end":{"line":59,"column":16}},{"start":{"line":60,"column":4},"end":{"line":76,"column":5}}],"line":58}},"s":{"0":3,"1":3,"2":3,"3":3,"4":3,"5":3,"6":3,"7":0,"8":3,"9":0,"10":0,"11":0,"12":0,"13":0,"14":0,"15":0,"16":0,"17":3,"18":0,"19":0,"20":0,"21":0},"f":{"0":0,"1":0,"2":0,"3":0},"b":{"0":[3,0],"1":[3,0],"2":[3,3,0],"3":[0,3],"4":[0,0],"5":[0,0],"6":[0,0],"7":[3,0]},"_coverageSchema":"1a1c01bbd47fc00a2c39e90264f33305004495a9","hash":"5a7450920085de4a9ad6cf6dfc01377442097c87"}
,"C:\\Users\\admin\\mushroom-shop\\backend\\src\\controllers\\authController.js": {"path":"C:\\Users\\admin\\mushroom-shop\\backend\\src\\controllers\\authController.js","statementMap":{"0":{"start":{"line":1,"column":16},"end":{"line":1,"column":34}},"1":{"start":{"line":3,"column":15},"end":{"line":3,"column":31}},"2":{"start":{"line":4,"column":20},"end":{"line":4,"column":54}},"3":{"start":{"line":5,"column":23},"end":{"line":5,"column":52}},"4":{"start":{"line":6,"column":41},"end":{"line":6,"column":67}},"5":{"start":{"line":7,"column":11},"end":{"line":7,"column":34}},"6":{"start":{"line":13,"column":0},"end":{"line":32,"column":3}},"7":{"start":{"line":14,"column":2},"end":{"line":31,"column":3}},"8":{"start":{"line":15,"column":38},"end":{"line":15,"column":46}},"9":{"start":{"line":17,"column":4},"end":{"line":21,"column":5}},"10":{"start":{"line":18,"column":6},"end":{"line":20,"column":62}},"11":{"start":{"line":23,"column":19},"end":{"line":23,"column":78}},"12":{"start":{"line":24,"column":4},"end":{"line":24,"column":32}},"13":{"start":{"line":26,"column":4},"end":{"line":30,"column":6}},"14":{"start":{"line":38,"column":0},"end":{"line":61,"column":3}},"15":{"start":{"line":39,"column":2},"end":{"line":60,"column":3}},"16":{"start":{"line":40,"column":31},"end":{"line":40,"column":39}},"17":{"start":{"line":42,"column":4},"end":{"line":46,"column":5}},"18":{"start":{"line":43,"column":6},"end":{"line":45,"column":61}},"19":{"start":{"line":48,"column":44},"end":{"line":48,"column":52}},"20":{"start":{"line":49,"column":23},"end":{"line":52,"column":6}},"21":{"start":{"line":53,"column":4},"end":{"line":53,"column":36}},"22":{"start":{"line":55,"column":4},"end":{"line":59,"column":6}},"23":{"start":{"line":67,"column":0},"end":{"line":97,"column":3}},"24":{"start":{"line":68,"column":2},"end":{"line":96,"column":3}},"25":{"start":{"line":69,"column":23},"end":{"line":69,"column":31}},"26":{"start":{"line":70,"column":20},"end":{"line":76,"column":5}},"27":{"start":{"line":78,"column":20},"end":{"line":78,"column":68}},"28":{"start":{"line":80,"column":4},"end":{"line":89,"column":7}},"29":{"start":{"line":91,"column":4},"end":{"line":95,"column":6}},"30":{"start":{"line":103,"column":0},"end":{"line":119,"column":3}},"31":{"start":{"line":104,"column":2},"end":{"line":118,"column":3}},"32":{"start":{"line":105,"column":23},"end":{"line":105,"column":31}},"33":{"start":{"line":107,"column":6},"end":{"line":109,"column":14}},"34":{"start":{"line":110,"column":4},"end":{"line":110,"column":52}},"35":{"start":{"line":111,"column":4},"end":{"line":111,"column":57}},"36":{"start":{"line":113,"column":4},"end":{"line":117,"column":6}},"37":{"start":{"line":125,"column":0},"end":{"line":143,"column":3}},"38":{"start":{"line":126,"column":2},"end":{"line":142,"column":3}},"39":{"start":{"line":127,"column":32},"end":{"line":127,"column":40}},"40":{"start":{"line":128,"column":4},"end":{"line":129,"column":80}},"41":{"start":{"line":129,"column":6},"end":{"line":129,"column":80}},"42":{"start":{"line":130,"column":4},"end":{"line":139,"column":5}},"43":{"start":{"line":131,"column":21},"end":{"line":131,"column":66}},"44":{"start":{"line":132,"column":6},"end":{"line":132,"column":34}},"45":{"start":{"line":134,"column":6},"end":{"line":138,"column":8}},"46":{"start":{"line":141,"column":4},"end":{"line":141,"column":73}},"47":{"start":{"line":149,"column":0},"end":{"line":166,"column":3}},"48":{"start":{"line":150,"column":2},"end":{"line":165,"column":3}},"49":{"start":{"line":151,"column":17},"end":{"line":151,"column":63}},"50":{"start":{"line":152,"column":4},"end":{"line":158,"column":7}},"51":{"start":{"line":160,"column":4},"end":{"line":164,"column":6}},"52":{"start":{"line":168,"column":0},"end":{"line":168,"column":24}}},"fnMap":{"0":{"name":"(anonymous_0)","decl":{"start":{"line":13,"column":28},"end":{"line":13,"column":29}},"loc":{"start":{"line":13,"column":48},"end":{"line":32,"column":1}},"line":13},"1":{"name":"(anonymous_1)","decl":{"start":{"line":38,"column":27},"end":{"line":38,"column":28}},"loc":{"start":{"line":38,"column":47},"end":{"line":61,"column":1}},"line":38},"2":{"name":"(anonymous_2)","decl":{"start":{"line":67,"column":34},"end":{"line":67,"column":35}},"loc":{"start":{"line":67,"column":54},"end":{"line":97,"column":1}},"line":67},"3":{"name":"(anonymous_3)","decl":{"start":{"line":103,"column":37},"end":{"line":103,"column":38}},"loc":{"start":{"line":103,"column":57},"end":{"line":119,"column":1}},"line":103},"4":{"name":"(anonymous_4)","decl":{"start":{"line":125,"column":28},"end":{"line":125,"column":29}},"loc":{"start":{"line":125,"column":48},"end":{"line":143,"column":1}},"line":125},"5":{"name":"(anonymous_5)","decl":{"start":{"line":149,"column":34},"end":{"line":149,"column":35}},"loc":{"start":{"line":149,"column":54},"end":{"line":166,"column":1}},"line":149}},"branchMap":{"0":{"loc":{"start":{"line":17,"column":4},"end":{"line":21,"column":5}},"type":"if","locations":[{"start":{"line":17,"column":4},"end":{"line":21,"column":5}},{"start":{},"end":{}}],"line":17},"1":{"loc":{"start":{"line":28,"column":6},"end":{"line":28,"column":43}},"type":"binary-expr","locations":[{"start":{"line":28,"column":6},"end":{"line":28,"column":19}},{"start":{"line":28,"column":23},"end":{"line":28,"column":43}}],"line":28},"2":{"loc":{"start":{"line":29,"column":6},"end":{"line":29,"column":25}},"type":"binary-expr","locations":[{"start":{"line":29,"column":6},"end":{"line":29,"column":18}},{"start":{"line":29,"column":22},"end":{"line":29,"column":25}}],"line":29},"3":{"loc":{"start":{"line":42,"column":4},"end":{"line":46,"column":5}},"type":"if","locations":[{"start":{"line":42,"column":4},"end":{"line":46,"column":5}},{"start":{},"end":{}}],"line":42},"4":{"loc":{"start":{"line":42,"column":8},"end":{"line":42,"column":26}},"type":"binary-expr","locations":[{"start":{"line":42,"column":8},"end":{"line":42,"column":14}},{"start":{"line":42,"column":18},"end":{"line":42,"column":26}}],"line":42},"5":{"loc":{"start":{"line":57,"column":6},"end":{"line":57,"column":48}},"type":"binary-expr","locations":[{"start":{"line":57,"column":6},"end":{"line":57,"column":19}},{"start":{"line":57,"column":23},"end":{"line":57,"column":48}}],"line":57},"6":{"loc":{"start":{"line":58,"column":6},"end":{"line":58,"column":25}},"type":"binary-expr","locations":[{"start":{"line":58,"column":6},"end":{"line":58,"column":18}},{"start":{"line":58,"column":22},"end":{"line":58,"column":25}}],"line":58},"7":{"loc":{"start":{"line":84,"column":22},"end":{"line":84,"column":51}},"type":"binary-expr","locations":[{"start":{"line":84,"column":22},"end":{"line":84,"column":45}},{"start":{"line":84,"column":49},"end":{"line":84,"column":51}}],"line":84},"8":{"loc":{"start":{"line":86,"column":19},"end":{"line":86,"column":47}},"type":"binary-expr","locations":[{"start":{"line":86,"column":19},"end":{"line":86,"column":39}},{"start":{"line":86,"column":43},"end":{"line":86,"column":47}}],"line":86},"9":{"loc":{"start":{"line":87,"column":22},"end":{"line":87,"column":51}},"type":"binary-expr","locations":[{"start":{"line":87,"column":22},"end":{"line":87,"column":45}},{"start":{"line":87,"column":49},"end":{"line":87,"column":51}}],"line":87},"10":{"loc":{"start":{"line":88,"column":22},"end":{"line":88,"column":51}},"type":"binary-expr","locations":[{"start":{"line":88,"column":22},"end":{"line":88,"column":45}},{"start":{"line":88,"column":49},"end":{"line":88,"column":51}}],"line":88},"11":{"loc":{"start":{"line":93,"column":6},"end":{"line":93,"column":47}},"type":"binary-expr","locations":[{"start":{"line":93,"column":6},"end":{"line":93,"column":17}},{"start":{"line":93,"column":21},"end":{"line":93,"column":47}}],"line":93},"12":{"loc":{"start":{"line":94,"column":6},"end":{"line":94,"column":23}},"type":"binary-expr","locations":[{"start":{"line":94,"column":6},"end":{"line":94,"column":16}},{"start":{"line":94,"column":20},"end":{"line":94,"column":23}}],"line":94},"13":{"loc":{"start":{"line":107,"column":6},"end":{"line":109,"column":14}},"type":"cond-expr","locations":[{"start":{"line":108,"column":10},"end":{"line":108,"column":47}},{"start":{"line":109,"column":10},"end":{"line":109,"column":14}}],"line":107},"14":{"loc":{"start":{"line":107,"column":6},"end":{"line":107,"column":33}},"type":"binary-expr","locations":[{"start":{"line":107,"column":6},"end":{"line":107,"column":14}},{"start":{"line":107,"column":18},"end":{"line":107,"column":33}}],"line":107},"15":{"loc":{"start":{"line":115,"column":6},"end":{"line":115,"column":47}},"type":"binary-expr","locations":[{"start":{"line":115,"column":6},"end":{"line":115,"column":17}},{"start":{"line":115,"column":21},"end":{"line":115,"column":47}}],"line":115},"16":{"loc":{"start":{"line":116,"column":6},"end":{"line":116,"column":23}},"type":"binary-expr","locations":[{"start":{"line":116,"column":6},"end":{"line":116,"column":16}},{"start":{"line":116,"column":20},"end":{"line":116,"column":23}}],"line":116},"17":{"loc":{"start":{"line":128,"column":4},"end":{"line":129,"column":80}},"type":"if","locations":[{"start":{"line":128,"column":4},"end":{"line":129,"column":80}},{"start":{},"end":{}}],"line":128},"18":{"loc":{"start":{"line":128,"column":8},"end":{"line":128,"column":27}},"type":"binary-expr","locations":[{"start":{"line":128,"column":8},"end":{"line":128,"column":14}},{"start":{"line":128,"column":18},"end":{"line":128,"column":27}}],"line":128},"19":{"loc":{"start":{"line":136,"column":8},"end":{"line":136,"column":43}},"type":"binary-expr","locations":[{"start":{"line":136,"column":8},"end":{"line":136,"column":19}},{"start":{"line":136,"column":23},"end":{"line":136,"column":43}}],"line":136},"20":{"loc":{"start":{"line":137,"column":8},"end":{"line":137,"column":25}},"type":"binary-expr","locations":[{"start":{"line":137,"column":8},"end":{"line":137,"column":18}},{"start":{"line":137,"column":22},"end":{"line":137,"column":25}}],"line":137},"21":{"loc":{"start":{"line":141,"column":29},"end":{"line":141,"column":66}},"type":"binary-expr","locations":[{"start":{"line":141,"column":29},"end":{"line":141,"column":42}},{"start":{"line":141,"column":46},"end":{"line":141,"column":66}}],"line":141},"22":{"loc":{"start":{"line":156,"column":22},"end":{"line":156,"column":48}},"type":"binary-expr","locations":[{"start":{"line":156,"column":22},"end":{"line":156,"column":42}},{"start":{"line":156,"column":46},"end":{"line":156,"column":48}}],"line":156},"23":{"loc":{"start":{"line":162,"column":6},"end":{"line":162,"column":45}},"type":"binary-expr","locations":[{"start":{"line":162,"column":6},"end":{"line":162,"column":19}},{"start":{"line":162,"column":23},"end":{"line":162,"column":45}}],"line":162},"24":{"loc":{"start":{"line":163,"column":6},"end":{"line":163,"column":25}},"type":"binary-expr","locations":[{"start":{"line":163,"column":6},"end":{"line":163,"column":18}},{"start":{"line":163,"column":22},"end":{"line":163,"column":25}}],"line":163}},"s":{"0":3,"1":3,"2":3,"3":3,"4":3,"5":3,"6":3,"7":0,"8":0,"9":0,"10":0,"11":0,"12":0,"13":0,"14":3,"15":0,"16":0,"17":0,"18":0,"19":0,"20":0,"21":0,"22":0,"23":3,"24":0,"25":0,"26":0,"27":0,"28":0,"29":0,"30":3,"31":0,"32":0,"33":0,"34":0,"35":0,"36":0,"37":3,"38":0,"39":0,"40":0,"41":0,"42":0,"43":0,"44":0,"45":0,"46":0,"47":3,"48":0,"49":0,"50":0,"51":0,"52":3},"f":{"0":0,"1":0,"2":0,"3":0,"4":0,"5":0},"b":{"0":[0,0],"1":[0,0],"2":[0,0],"3":[0,0],"4":[0,0],"5":[0,0],"6":[0,0],"7":[0,0],"8":[0,0],"9":[0,0],"10":[0,0],"11":[0,0],"12":[0,0],"13":[0,0],"14":[0,0],"15":[0,0],"16":[0,0],"17":[0,0],"18":[0,0],"19":[0,0],"20":[0,0],"21":[0,0],"22":[0,0],"23":[0,0],"24":[0,0]},"_coverageSchema":"1a1c01bbd47fc00a2c39e90264f33305004495a9","hash":"88c788f552355a9eea199b1c86b28cbb94d377ed"}
,"C:\\Users\\admin\\mushroom-shop\\backend\\src\\errors\\AppError.js": {"path":"C:\\Users\\admin\\mushroom-shop\\backend\\src\\errors\\AppError.js","statementMap":{"0":{"start":{"line":9,"column":4},"end":{"line":9,"column":19}},"1":{"start":{"line":10,"column":4},"end":{"line":10,"column":38}},"2":{"start":{"line":11,"column":4},"end":{"line":11,"column":33}},"3":{"start":{"line":12,"column":4},"end":{"line":12,"column":21}},"4":{"start":{"line":13,"column":4},"end":{"line":13,"column":27}},"5":{"start":{"line":14,"column":4},"end":{"line":14,"column":29}},"6":{"start":{"line":15,"column":4},"end":{"line":15,"column":30}},"7":{"start":{"line":16,"column":4},"end":{"line":16,"column":52}},"8":{"start":{"line":20,"column":4},"end":{"line":25,"column":6}},"9":{"start":{"line":29,"column":4},"end":{"line":29,"column":62}},"10":{"start":{"line":33,"column":4},"end":{"line":33,"column":63}},"11":{"start":{"line":37,"column":4},"end":{"line":37,"column":60}},"12":{"start":{"line":41,"column":0},"end":{"line":41,"column":26}}},"fnMap":{"0":{"name":"(anonymous_0)","decl":{"start":{"line":2,"column":2},"end":{"line":2,"column":3}},"loc":{"start":{"line":8,"column":4},"end":{"line":17,"column":3}},"line":8},"1":{"name":"(anonymous_1)","decl":{"start":{"line":19,"column":2},"end":{"line":19,"column":3}},"loc":{"start":{"line":19,"column":11},"end":{"line":26,"column":3}},"line":19},"2":{"name":"(anonymous_2)","decl":{"start":{"line":28,"column":2},"end":{"line":28,"column":3}},"loc":{"start":{"line":28,"column":45},"end":{"line":30,"column":3}},"line":28},"3":{"name":"(anonymous_3)","decl":{"start":{"line":32,"column":2},"end":{"line":32,"column":3}},"loc":{"start":{"line":32,"column":64},"end":{"line":34,"column":3}},"line":32},"4":{"name":"(anonymous_4)","decl":{"start":{"line":36,"column":2},"end":{"line":36,"column":3}},"loc":{"start":{"line":36,"column":66},"end":{"line":38,"column":3}},"line":36}},"branchMap":{"0":{"loc":{"start":{"line":4,"column":4},"end":{"line":4,"column":20}},"type":"default-arg","locations":[{"start":{"line":4,"column":17},"end":{"line":4,"column":20}}],"line":4},"1":{"loc":{"start":{"line":5,"column":4},"end":{"line":5,"column":22}},"type":"default-arg","locations":[{"start":{"line":5,"column":11},"end":{"line":5,"column":22}}],"line":5},"2":{"loc":{"start":{"line":6,"column":4},"end":{"line":6,"column":18}},"type":"default-arg","locations":[{"start":{"line":6,"column":14},"end":{"line":6,"column":18}}],"line":6},"3":{"loc":{"start":{"line":7,"column":4},"end":{"line":7,"column":17}},"type":"default-arg","locations":[{"start":{"line":7,"column":15},"end":{"line":7,"column":17}}],"line":7},"4":{"loc":{"start":{"line":28,"column":29},"end":{"line":28,"column":43}},"type":"default-arg","locations":[{"start":{"line":28,"column":39},"end":{"line":28,"column":43}}],"line":28},"5":{"loc":{"start":{"line":32,"column":22},"end":{"line":32,"column":46}},"type":"default-arg","locations":[{"start":{"line":32,"column":32},"end":{"line":32,"column":46}}],"line":32},"6":{"loc":{"start":{"line":32,"column":48},"end":{"line":32,"column":62}},"type":"default-arg","locations":[{"start":{"line":32,"column":58},"end":{"line":32,"column":62}}],"line":32},"7":{"loc":{"start":{"line":36,"column":18},"end":{"line":36,"column":48}},"type":"default-arg","locations":[{"start":{"line":36,"column":28},"end":{"line":36,"column":48}}],"line":36},"8":{"loc":{"start":{"line":36,"column":50},"end":{"line":36,"column":64}},"type":"default-arg","locations":[{"start":{"line":36,"column":60},"end":{"line":36,"column":64}}],"line":36}},"s":{"0":0,"1":0,"2":0,"3":0,"4":0,"5":0,"6":0,"7":0,"8":0,"9":0,"10":0,"11":0,"12":3},"f":{"0":0,"1":0,"2":0,"3":0,"4":0},"b":{"0":[0],"1":[0],"2":[0],"3":[0],"4":[0],"5":[0],"6":[0],"7":[0],"8":[0]},"_coverageSchema":"1a1c01bbd47fc00a2c39e90264f33305004495a9","hash":"7f94dfb42528a0ac224cc45778421aa1c0654d2d"}
,"C:\\Users\\admin\\mushroom-shop\\backend\\src\\lib\\response.js": {"path":"C:\\Users\\admin\\mushroom-shop\\backend\\src\\lib\\response.js","statementMap":{"0":{"start":{"line":2,"column":2},"end":{"line":2,"column":64}},"1":{"start":{"line":11,"column":2},"end":{"line":11,"column":75}},"2":{"start":{"line":14,"column":0},"end":{"line":14,"column":36}}},"fnMap":{"0":{"name":"success","decl":{"start":{"line":1,"column":9},"end":{"line":1,"column":16}},"loc":{"start":{"line":1,"column":58},"end":{"line":3,"column":1}},"line":1},"1":{"name":"error","decl":{"start":{"line":5,"column":9},"end":{"line":5,"column":14}},"loc":{"start":{"line":10,"column":2},"end":{"line":12,"column":1}},"line":10}},"branchMap":{"0":{"loc":{"start":{"line":1,"column":22},"end":{"line":1,"column":31}},"type":"default-arg","locations":[{"start":{"line":1,"column":29},"end":{"line":1,"column":31}}],"line":1},"1":{"loc":{"start":{"line":1,"column":33},"end":{"line":1,"column":42}},"type":"default-arg","locations":[{"start":{"line":1,"column":40},"end":{"line":1,"column":42}}],"line":1},"2":{"loc":{"start":{"line":1,"column":44},"end":{"line":1,"column":56}},"type":"default-arg","locations":[{"start":{"line":1,"column":53},"end":{"line":1,"column":56}}],"line":1},"3":{"loc":{"start":{"line":7,"column":2},"end":{"line":7,"column":35}},"type":"default-arg","locations":[{"start":{"line":7,"column":12},"end":{"line":7,"column":35}}],"line":7},"4":{"loc":{"start":{"line":8,"column":2},"end":{"line":8,"column":14}},"type":"default-arg","locations":[{"start":{"line":8,"column":11},"end":{"line":8,"column":14}}],"line":8},"5":{"loc":{"start":{"line":9,"column":2},"end":{"line":9,"column":23}},"type":"default-arg","locations":[{"start":{"line":9,"column":9},"end":{"line":9,"column":23}}],"line":9}},"s":{"0":4,"1":0,"2":3},"f":{"0":4,"1":0},"b":{"0":[0],"1":[2],"2":[2],"3":[0],"4":[0],"5":[0]},"_coverageSchema":"1a1c01bbd47fc00a2c39e90264f33305004495a9","hash":"8adb96854beb0cdb43a4dae7b8c8e85812fcf628"}
,"C:\\Users\\admin\\mushroom-shop\\backend\\src\\middleware\\auth.js": {"path":"C:\\Users\\admin\\mushroom-shop\\backend\\src\\middleware\\auth.js","statementMap":{"0":{"start":{"line":1,"column":12},"end":{"line":1,"column":35}},"1":{"start":{"line":3,"column":19},"end":{"line":3,"column":76}},"2":{"start":{"line":5,"column":0},"end":{"line":20,"column":2}},"3":{"start":{"line":6,"column":21},"end":{"line":6,"column":46}},"4":{"start":{"line":7,"column":16},"end":{"line":7,"column":54}},"5":{"start":{"line":9,"column":2},"end":{"line":11,"column":3}},"6":{"start":{"line":10,"column":4},"end":{"line":10,"column":80}},"7":{"start":{"line":13,"column":2},"end":{"line":19,"column":3}},"8":{"start":{"line":14,"column":21},"end":{"line":14,"column":50}},"9":{"start":{"line":15,"column":4},"end":{"line":15,"column":24}},"10":{"start":{"line":16,"column":4},"end":{"line":16,"column":11}},"11":{"start":{"line":18,"column":4},"end":{"line":18,"column":69}}},"fnMap":{"0":{"name":"(anonymous_0)","decl":{"start":{"line":5,"column":17},"end":{"line":5,"column":18}},"loc":{"start":{"line":5,"column":37},"end":{"line":20,"column":1}},"line":5}},"branchMap":{"0":{"loc":{"start":{"line":3,"column":19},"end":{"line":3,"column":76}},"type":"binary-expr","locations":[{"start":{"line":3,"column":19},"end":{"line":3,"column":41}},{"start":{"line":3,"column":45},"end":{"line":3,"column":76}}],"line":3},"1":{"loc":{"start":{"line":7,"column":16},"end":{"line":7,"column":54}},"type":"binary-expr","locations":[{"start":{"line":7,"column":16},"end":{"line":7,"column":26}},{"start":{"line":7,"column":30},"end":{"line":7,"column":54}}],"line":7},"2":{"loc":{"start":{"line":9,"column":2},"end":{"line":11,"column":3}},"type":"if","locations":[{"start":{"line":9,"column":2},"end":{"line":11,"column":3}},{"start":{},"end":{}}],"line":9}},"s":{"0":3,"1":3,"2":3,"3":3,"4":3,"5":3,"6":0,"7":3,"8":3,"9":3,"10":3,"11":0},"f":{"0":3},"b":{"0":[3,0],"1":[3,3],"2":[0,3]},"_coverageSchema":"1a1c01bbd47fc00a2c39e90264f33305004495a9","hash":"e696084f54b8ca764f5a7c10fee0370ac6aa052a"}
,"C:\\Users\\admin\\mushroom-shop\\backend\\src\\middleware\\roles.js": {"path":"C:\\Users\\admin\\mushroom-shop\\backend\\src\\middleware\\roles.js","statementMap":{"0":{"start":{"line":4,"column":2},"end":{"line":12,"column":4}},"1":{"start":{"line":5,"column":4},"end":{"line":7,"column":5}},"2":{"start":{"line":6,"column":6},"end":{"line":6,"column":73}},"3":{"start":{"line":8,"column":4},"end":{"line":8,"column":46}},"4":{"start":{"line":8,"column":32},"end":{"line":8,"column":46}},"5":{"start":{"line":9,"column":4},"end":{"line":11,"column":66}},"6":{"start":{"line":16,"column":2},"end":{"line":23,"column":4}},"7":{"start":{"line":17,"column":4},"end":{"line":18,"column":73}},"8":{"start":{"line":18,"column":6},"end":{"line":18,"column":73}},"9":{"start":{"line":19,"column":4},"end":{"line":19,"column":53}},"10":{"start":{"line":19,"column":39},"end":{"line":19,"column":53}},"11":{"start":{"line":20,"column":4},"end":{"line":22,"column":66}},"12":{"start":{"line":26,"column":0},"end":{"line":26,"column":49}}},"fnMap":{"0":{"name":"requireRole","decl":{"start":{"line":3,"column":9},"end":{"line":3,"column":20}},"loc":{"start":{"line":3,"column":27},"end":{"line":13,"column":1}},"line":3},"1":{"name":"(anonymous_1)","decl":{"start":{"line":4,"column":9},"end":{"line":4,"column":10}},"loc":{"start":{"line":4,"column":29},"end":{"line":12,"column":3}},"line":4},"2":{"name":"requireAnyRole","decl":{"start":{"line":15,"column":9},"end":{"line":15,"column":23}},"loc":{"start":{"line":15,"column":36},"end":{"line":24,"column":1}},"line":15},"3":{"name":"(anonymous_3)","decl":{"start":{"line":16,"column":9},"end":{"line":16,"column":10}},"loc":{"start":{"line":16,"column":29},"end":{"line":23,"column":3}},"line":16}},"branchMap":{"0":{"loc":{"start":{"line":5,"column":4},"end":{"line":7,"column":5}},"type":"if","locations":[{"start":{"line":5,"column":4},"end":{"line":7,"column":5}},{"start":{},"end":{}}],"line":5},"1":{"loc":{"start":{"line":8,"column":4},"end":{"line":8,"column":46}},"type":"if","locations":[{"start":{"line":8,"column":4},"end":{"line":8,"column":46}},{"start":{},"end":{}}],"line":8},"2":{"loc":{"start":{"line":15,"column":24},"end":{"line":15,"column":34}},"type":"default-arg","locations":[{"start":{"line":15,"column":32},"end":{"line":15,"column":34}}],"line":15},"3":{"loc":{"start":{"line":17,"column":4},"end":{"line":18,"column":73}},"type":"if","locations":[{"start":{"line":17,"column":4},"end":{"line":18,"column":73}},{"start":{},"end":{}}],"line":17},"4":{"loc":{"start":{"line":19,"column":4},"end":{"line":19,"column":53}},"type":"if","locations":[{"start":{"line":19,"column":4},"end":{"line":19,"column":53}},{"start":{},"end":{}}],"line":19}},"s":{"0":9,"1":3,"2":0,"3":3,"4":3,"5":0,"6":0,"7":0,"8":0,"9":0,"10":0,"11":0,"12":3},"f":{"0":9,"1":3,"2":0,"3":0},"b":{"0":[0,3],"1":[3,0],"2":[0],"3":[0,0],"4":[0,0]},"_coverageSchema":"1a1c01bbd47fc00a2c39e90264f33305004495a9","hash":"470ffcbdd35f87fdeb1576f47f5be1acbf2b7a19"}
,"C:\\Users\\admin\\mushroom-shop\\backend\\src\\middleware\\validate.js": {"path":"C:\\Users\\admin\\mushroom-shop\\backend\\src\\middleware\\validate.js","statementMap":{"0":{"start":{"line":1,"column":12},"end":{"line":1,"column":26}},"1":{"start":{"line":2,"column":32},"end":{"line":2,"column":58}},"2":{"start":{"line":5,"column":2},"end":{"line":13,"column":4}},"3":{"start":{"line":6,"column":29},"end":{"line":6,"column":97}},"4":{"start":{"line":7,"column":4},"end":{"line":10,"column":5}},"5":{"start":{"line":8,"column":22},"end":{"line":8,"column":68}},"6":{"start":{"line":8,"column":47},"end":{"line":8,"column":56}},"7":{"start":{"line":9,"column":6},"end":{"line":9,"column":45}},"8":{"start":{"line":11,"column":4},"end":{"line":11,"column":21}},"9":{"start":{"line":12,"column":4},"end":{"line":12,"column":18}},"10":{"start":{"line":16,"column":0},"end":{"line":16,"column":39}}},"fnMap":{"0":{"name":"validateBody","decl":{"start":{"line":4,"column":9},"end":{"line":4,"column":21}},"loc":{"start":{"line":4,"column":30},"end":{"line":14,"column":1}},"line":4},"1":{"name":"(anonymous_1)","decl":{"start":{"line":5,"column":9},"end":{"line":5,"column":10}},"loc":{"start":{"line":5,"column":29},"end":{"line":13,"column":3}},"line":5},"2":{"name":"(anonymous_2)","decl":{"start":{"line":8,"column":40},"end":{"line":8,"column":41}},"loc":{"start":{"line":8,"column":47},"end":{"line":8,"column":56}},"line":8}},"branchMap":{"0":{"loc":{"start":{"line":7,"column":4},"end":{"line":10,"column":5}},"type":"if","locations":[{"start":{"line":7,"column":4},"end":{"line":10,"column":5}},{"start":{},"end":{}}],"line":7}},"s":{"0":3,"1":3,"2":6,"3":2,"4":2,"5":0,"6":0,"7":0,"8":2,"9":2,"10":3},"f":{"0":6,"1":2,"2":0},"b":{"0":[0,2]},"_coverageSchema":"1a1c01bbd47fc00a2c39e90264f33305004495a9","hash":"7ce42985cecb8d4039e44c0e2fad2ca24cdc157b"}
,"C:\\Users\\admin\\mushroom-shop\\backend\\src\\repositories\\categoryRepository.js": {"path":"C:\\Users\\admin\\mushroom-shop\\backend\\src\\repositories\\categoryRepository.js","statementMap":{"0":{"start":{"line":1,"column":11},"end":{"line":1,"column":34}},"1":{"start":{"line":4,"column":26},"end":{"line":4,"column":65}},"2":{"start":{"line":5,"column":2},"end":{"line":5,"column":25}},"3":{"start":{"line":9,"column":26},"end":{"line":13,"column":13}},"4":{"start":{"line":14,"column":2},"end":{"line":16,"column":3}},"5":{"start":{"line":15,"column":4},"end":{"line":15,"column":39}},"6":{"start":{"line":17,"column":2},"end":{"line":17,"column":25}},"7":{"start":{"line":21,"column":26},"end":{"line":21,"column":78}},"8":{"start":{"line":22,"column":2},"end":{"line":22,"column":25}},"9":{"start":{"line":26,"column":26},"end":{"line":30,"column":13}},"10":{"start":{"line":31,"column":2},"end":{"line":31,"column":25}},"11":{"start":{"line":35,"column":17},"end":{"line":39,"column":23}},"12":{"start":{"line":39,"column":19},"end":{"line":39,"column":22}},"13":{"start":{"line":40,"column":26},"end":{"line":40,"column":32}},"14":{"start":{"line":41,"column":2},"end":{"line":46,"column":3}},"15":{"start":{"line":42,"column":4},"end":{"line":44,"column":5}},"16":{"start":{"line":43,"column":6},"end":{"line":43,"column":65}},"17":{"start":{"line":45,"column":4},"end":{"line":45,"column":42}},"18":{"start":{"line":47,"column":2},"end":{"line":47,"column":25}},"19":{"start":{"line":50,"column":0},"end":{"line":56,"column":2}}},"fnMap":{"0":{"name":"findAll","decl":{"start":{"line":3,"column":15},"end":{"line":3,"column":22}},"loc":{"start":{"line":3,"column":25},"end":{"line":6,"column":1}},"line":3},"1":{"name":"findById","decl":{"start":{"line":8,"column":15},"end":{"line":8,"column":23}},"loc":{"start":{"line":8,"column":28},"end":{"line":18,"column":1}},"line":8},"2":{"name":"create","decl":{"start":{"line":20,"column":15},"end":{"line":20,"column":21}},"loc":{"start":{"line":20,"column":31},"end":{"line":23,"column":1}},"line":20},"3":{"name":"update","decl":{"start":{"line":25,"column":15},"end":{"line":25,"column":21}},"loc":{"start":{"line":25,"column":35},"end":{"line":32,"column":1}},"line":25},"4":{"name":"remove","decl":{"start":{"line":34,"column":15},"end":{"line":34,"column":21}},"loc":{"start":{"line":34,"column":26},"end":{"line":48,"column":1}},"line":34},"5":{"name":"(anonymous_5)","decl":{"start":{"line":39,"column":10},"end":{"line":39,"column":11}},"loc":{"start":{"line":39,"column":19},"end":{"line":39,"column":22}},"line":39}},"branchMap":{"0":{"loc":{"start":{"line":14,"column":2},"end":{"line":16,"column":3}},"type":"if","locations":[{"start":{"line":14,"column":2},"end":{"line":16,"column":3}},{"start":{},"end":{}}],"line":14},"1":{"loc":{"start":{"line":14,"column":6},"end":{"line":14,"column":48}},"type":"binary-expr","locations":[{"start":{"line":14,"column":6},"end":{"line":14,"column":11}},{"start":{"line":14,"column":15},"end":{"line":14,"column":48}}],"line":14},"2":{"loc":{"start":{"line":41,"column":2},"end":{"line":46,"column":3}},"type":"if","locations":[{"start":{"line":41,"column":2},"end":{"line":46,"column":3}},{"start":{},"end":{}}],"line":41},"3":{"loc":{"start":{"line":42,"column":4},"end":{"line":44,"column":5}},"type":"if","locations":[{"start":{"line":42,"column":4},"end":{"line":44,"column":5}},{"start":{},"end":{}}],"line":42}},"s":{"0":5,"1":6,"2":6,"3":2,"4":2,"5":2,"6":0,"7":2,"8":2,"9":0,"10":0,"11":1,"12":1,"13":1,"14":1,"15":1,"16":0,"17":1,"18":0,"19":5},"f":{"0":6,"1":2,"2":2,"3":0,"4":1,"5":1},"b":{"0":[2,0],"1":[2,2],"2":[1,0],"3":[0,1]},"_coverageSchema":"1a1c01bbd47fc00a2c39e90264f33305004495a9","hash":"9124cecf63258bb6a12238cace6112578cae44fb"}
,"C:\\Users\\admin\\mushroom-shop\\backend\\src\\repositories\\productRepository.js": {"path":"C:\\Users\\admin\\mushroom-shop\\backend\\src\\repositories\\productRepository.js","statementMap":{"0":{"start":{"line":1,"column":11},"end":{"line":1,"column":34}},"1":{"start":{"line":4,"column":26},"end":{"line":4,"column":63}},"2":{"start":{"line":5,"column":2},"end":{"line":5,"column":25}},"3":{"start":{"line":9,"column":26},"end":{"line":13,"column":13}},"4":{"start":{"line":14,"column":2},"end":{"line":16,"column":3}},"5":{"start":{"line":15,"column":4},"end":{"line":15,"column":39}},"6":{"start":{"line":17,"column":2},"end":{"line":17,"column":25}},"7":{"start":{"line":21,"column":26},"end":{"line":21,"column":76}},"8":{"start":{"line":22,"column":2},"end":{"line":22,"column":25}},"9":{"start":{"line":26,"column":26},"end":{"line":30,"column":13}},"10":{"start":{"line":31,"column":2},"end":{"line":31,"column":25}},"11":{"start":{"line":35,"column":26},"end":{"line":39,"column":13}},"12":{"start":{"line":40,"column":2},"end":{"line":40,"column":25}},"13":{"start":{"line":43,"column":0},"end":{"line":49,"column":2}}},"fnMap":{"0":{"name":"findAll","decl":{"start":{"line":3,"column":15},"end":{"line":3,"column":22}},"loc":{"start":{"line":3,"column":25},"end":{"line":6,"column":1}},"line":3},"1":{"name":"findById","decl":{"start":{"line":8,"column":15},"end":{"line":8,"column":23}},"loc":{"start":{"line":8,"column":28},"end":{"line":18,"column":1}},"line":8},"2":{"name":"create","decl":{"start":{"line":20,"column":15},"end":{"line":20,"column":21}},"loc":{"start":{"line":20,"column":31},"end":{"line":23,"column":1}},"line":20},"3":{"name":"update","decl":{"start":{"line":25,"column":15},"end":{"line":25,"column":21}},"loc":{"start":{"line":25,"column":35},"end":{"line":32,"column":1}},"line":25},"4":{"name":"remove","decl":{"start":{"line":34,"column":15},"end":{"line":34,"column":21}},"loc":{"start":{"line":34,"column":26},"end":{"line":41,"column":1}},"line":34}},"branchMap":{"0":{"loc":{"start":{"line":14,"column":2},"end":{"line":16,"column":3}},"type":"if","locations":[{"start":{"line":14,"column":2},"end":{"line":16,"column":3}},{"start":{},"end":{}}],"line":14},"1":{"loc":{"start":{"line":14,"column":6},"end":{"line":14,"column":48}},"type":"binary-expr","locations":[{"start":{"line":14,"column":6},"end":{"line":14,"column":11}},{"start":{"line":14,"column":15},"end":{"line":14,"column":48}}],"line":14}},"s":{"0":5,"1":2,"2":2,"3":3,"4":3,"5":1,"6":2,"7":3,"8":3,"9":2,"10":2,"11":2,"12":2,"13":5},"f":{"0":2,"1":3,"2":3,"3":2,"4":2},"b":{"0":[1,2],"1":[3,1]},"_coverageSchema":"1a1c01bbd47fc00a2c39e90264f33305004495a9","hash":"b6269d0196e645920ac31706d99fed03401edc45"}
,"C:\\Users\\admin\\mushroom-shop\\backend\\src\\repositories\\userRepository.js": {"path":"C:\\Users\\admin\\mushroom-shop\\backend\\src\\repositories\\userRepository.js","statementMap":{"0":{"start":{"line":1,"column":11},"end":{"line":1,"column":34}},"1":{"start":{"line":4,"column":26},"end":{"line":8,"column":13}},"2":{"start":{"line":9,"column":2},"end":{"line":11,"column":3}},"3":{"start":{"line":10,"column":4},"end":{"line":10,"column":39}},"4":{"start":{"line":12,"column":2},"end":{"line":12,"column":25}},"5":{"start":{"line":16,"column":26},"end":{"line":20,"column":13}},"6":{"start":{"line":21,"column":2},"end":{"line":23,"column":3}},"7":{"start":{"line":22,"column":4},"end":{"line":22,"column":39}},"8":{"start":{"line":24,"column":2},"end":{"line":24,"column":25}},"9":{"start":{"line":28,"column":26},"end":{"line":28,"column":73}},"10":{"start":{"line":29,"column":2},"end":{"line":29,"column":25}},"11":{"start":{"line":33,"column":26},"end":{"line":37,"column":13}},"12":{"start":{"line":38,"column":2},"end":{"line":38,"column":25}},"13":{"start":{"line":43,"column":44},"end":{"line":43,"column":62}},"14":{"start":{"line":44,"column":2},"end":{"line":46,"column":3}},"15":{"start":{"line":45,"column":4},"end":{"line":45,"column":63}},"16":{"start":{"line":48,"column":2},"end":{"line":48,"column":56}},"17":{"start":{"line":49,"column":2},"end":{"line":49,"column":41}},"18":{"start":{"line":52,"column":0},"end":{"line":58,"column":2}}},"fnMap":{"0":{"name":"findByEmail","decl":{"start":{"line":3,"column":15},"end":{"line":3,"column":26}},"loc":{"start":{"line":3,"column":34},"end":{"line":13,"column":1}},"line":3},"1":{"name":"findById","decl":{"start":{"line":15,"column":15},"end":{"line":15,"column":23}},"loc":{"start":{"line":15,"column":28},"end":{"line":25,"column":1}},"line":15},"2":{"name":"create","decl":{"start":{"line":27,"column":15},"end":{"line":27,"column":21}},"loc":{"start":{"line":27,"column":31},"end":{"line":30,"column":1}},"line":27},"3":{"name":"update","decl":{"start":{"line":32,"column":15},"end":{"line":32,"column":21}},"loc":{"start":{"line":32,"column":35},"end":{"line":39,"column":1}},"line":32},"4":{"name":"remove","decl":{"start":{"line":41,"column":15},"end":{"line":41,"column":21}},"loc":{"start":{"line":41,"column":26},"end":{"line":50,"column":1}},"line":41}},"branchMap":{"0":{"loc":{"start":{"line":9,"column":2},"end":{"line":11,"column":3}},"type":"if","locations":[{"start":{"line":9,"column":2},"end":{"line":11,"column":3}},{"start":{},"end":{}}],"line":9},"1":{"loc":{"start":{"line":9,"column":6},"end":{"line":9,"column":48}},"type":"binary-expr","locations":[{"start":{"line":9,"column":6},"end":{"line":9,"column":11}},{"start":{"line":9,"column":15},"end":{"line":9,"column":48}}],"line":9},"2":{"loc":{"start":{"line":21,"column":2},"end":{"line":23,"column":3}},"type":"if","locations":[{"start":{"line":21,"column":2},"end":{"line":23,"column":3}},{"start":{},"end":{}}],"line":21},"3":{"loc":{"start":{"line":21,"column":6},"end":{"line":21,"column":48}},"type":"binary-expr","locations":[{"start":{"line":21,"column":6},"end":{"line":21,"column":11}},{"start":{"line":21,"column":15},"end":{"line":21,"column":48}}],"line":21},"4":{"loc":{"start":{"line":44,"column":2},"end":{"line":46,"column":3}},"type":"if","locations":[{"start":{"line":44,"column":2},"end":{"line":46,"column":3}},{"start":{},"end":{}}],"line":44},"5":{"loc":{"start":{"line":44,"column":6},"end":{"line":44,"column":25}},"type":"binary-expr","locations":[{"start":{"line":44,"column":6},"end":{"line":44,"column":12}},{"start":{"line":44,"column":16},"end":{"line":44,"column":25}}],"line":44}},"s":{"0":6,"1":1,"2":1,"3":0,"4":1,"5":3,"6":3,"7":1,"8":2,"9":1,"10":1,"11":1,"12":1,"13":1,"14":1,"15":0,"16":1,"17":1,"18":6},"f":{"0":1,"1":3,"2":1,"3":1,"4":1},"b":{"0":[0,1],"1":[1,0],"2":[1,2],"3":[3,1],"4":[0,1],"5":[1,1]},"_coverageSchema":"1a1c01bbd47fc00a2c39e90264f33305004495a9","hash":"7e126ccb44dc706951d5279b8efee89d702ec46c"}
,"C:\\Users\\admin\\mushroom-shop\\backend\\src\\routes\\categories.js": {"path":"C:\\Users\\admin\\mushroom-shop\\backend\\src\\routes\\categories.js","statementMap":{"0":{"start":{"line":1,"column":16},"end":{"line":1,"column":34}},"1":{"start":{"line":3,"column":15},"end":{"line":3,"column":31}},"2":{"start":{"line":4,"column":23},"end":{"line":4,"column":52}},"3":{"start":{"line":5,"column":24},"end":{"line":5,"column":54}},"4":{"start":{"line":7,"column":18},"end":{"line":7,"column":38}},"5":{"start":{"line":8,"column":24},"end":{"line":8,"column":62}},"6":{"start":{"line":9,"column":41},"end":{"line":9,"column":67}},"7":{"start":{"line":10,"column":30},"end":{"line":10,"column":63}},"8":{"start":{"line":14,"column":0},"end":{"line":25,"column":3}},"9":{"start":{"line":15,"column":2},"end":{"line":24,"column":3}},"10":{"start":{"line":16,"column":23},"end":{"line":16,"column":61}},"11":{"start":{"line":17,"column":4},"end":{"line":17,"column":36}},"12":{"start":{"line":19,"column":4},"end":{"line":23,"column":6}},"13":{"start":{"line":29,"column":0},"end":{"line":53,"column":2}},"14":{"start":{"line":42,"column":4},"end":{"line":51,"column":5}},"15":{"start":{"line":43,"column":21},"end":{"line":43,"column":67}},"16":{"start":{"line":44,"column":6},"end":{"line":44,"column":43}},"17":{"start":{"line":46,"column":6},"end":{"line":50,"column":8}},"18":{"start":{"line":56,"column":31},"end":{"line":58,"column":26}},"19":{"start":{"line":60,"column":4},"end":{"line":67,"column":50}},"20":{"start":{"line":61,"column":18},"end":{"line":61,"column":31}},"21":{"start":{"line":64,"column":22},"end":{"line":64,"column":56}},"22":{"start":{"line":65,"column":8},"end":{"line":65,"column":50}},"23":{"start":{"line":67,"column":26},"end":{"line":67,"column":42}},"24":{"start":{"line":68,"column":2},"end":{"line":68,"column":50}},"25":{"start":{"line":73,"column":0},"end":{"line":87,"column":3}},"26":{"start":{"line":74,"column":2},"end":{"line":86,"column":3}},"27":{"start":{"line":75,"column":20},"end":{"line":78,"column":5}},"28":{"start":{"line":79,"column":4},"end":{"line":79,"column":33}},"29":{"start":{"line":81,"column":4},"end":{"line":85,"column":6}},"30":{"start":{"line":91,"column":0},"end":{"line":104,"column":3}},"31":{"start":{"line":92,"column":2},"end":{"line":103,"column":3}},"32":{"start":{"line":93,"column":4},"end":{"line":93,"column":56}},"33":{"start":{"line":94,"column":4},"end":{"line":96,"column":7}},"34":{"start":{"line":98,"column":4},"end":{"line":102,"column":6}},"35":{"start":{"line":106,"column":0},"end":{"line":106,"column":24}}},"fnMap":{"0":{"name":"(anonymous_0)","decl":{"start":{"line":14,"column":16},"end":{"line":14,"column":17}},"loc":{"start":{"line":14,"column":36},"end":{"line":25,"column":1}},"line":14},"1":{"name":"(anonymous_1)","decl":{"start":{"line":41,"column":2},"end":{"line":41,"column":3}},"loc":{"start":{"line":41,"column":22},"end":{"line":52,"column":3}},"line":41},"2":{"name":"generateNextCategoryUid","decl":{"start":{"line":55,"column":15},"end":{"line":55,"column":38}},"loc":{"start":{"line":55,"column":41},"end":{"line":69,"column":1}},"line":55},"3":{"name":"(anonymous_3)","decl":{"start":{"line":61,"column":11},"end":{"line":61,"column":12}},"loc":{"start":{"line":61,"column":18},"end":{"line":61,"column":31}},"line":61},"4":{"name":"(anonymous_4)","decl":{"start":{"line":63,"column":11},"end":{"line":63,"column":12}},"loc":{"start":{"line":63,"column":20},"end":{"line":66,"column":7}},"line":63},"5":{"name":"(anonymous_5)","decl":{"start":{"line":67,"column":14},"end":{"line":67,"column":15}},"loc":{"start":{"line":67,"column":26},"end":{"line":67,"column":42}},"line":67},"6":{"name":"(anonymous_6)","decl":{"start":{"line":73,"column":46},"end":{"line":73,"column":47}},"loc":{"start":{"line":73,"column":66},"end":{"line":87,"column":1}},"line":73},"7":{"name":"(anonymous_7)","decl":{"start":{"line":91,"column":49},"end":{"line":91,"column":50}},"loc":{"start":{"line":91,"column":69},"end":{"line":104,"column":1}},"line":91}},"branchMap":{"0":{"loc":{"start":{"line":21,"column":6},"end":{"line":21,"column":51}},"type":"binary-expr","locations":[{"start":{"line":21,"column":6},"end":{"line":21,"column":19}},{"start":{"line":21,"column":23},"end":{"line":21,"column":51}}],"line":21},"1":{"loc":{"start":{"line":22,"column":6},"end":{"line":22,"column":25}},"type":"binary-expr","locations":[{"start":{"line":22,"column":6},"end":{"line":22,"column":18}},{"start":{"line":22,"column":22},"end":{"line":22,"column":25}}],"line":22},"2":{"loc":{"start":{"line":48,"column":8},"end":{"line":48,"column":52}},"type":"binary-expr","locations":[{"start":{"line":48,"column":8},"end":{"line":48,"column":21}},{"start":{"line":48,"column":25},"end":{"line":48,"column":52}}],"line":48},"3":{"loc":{"start":{"line":49,"column":8},"end":{"line":49,"column":27}},"type":"binary-expr","locations":[{"start":{"line":49,"column":8},"end":{"line":49,"column":20}},{"start":{"line":49,"column":24},"end":{"line":49,"column":27}}],"line":49},"4":{"loc":{"start":{"line":65,"column":15},"end":{"line":65,"column":49}},"type":"cond-expr","locations":[{"start":{"line":65,"column":23},"end":{"line":65,"column":45}},{"start":{"line":65,"column":48},"end":{"line":65,"column":49}}],"line":65},"5":{"loc":{"start":{"line":83,"column":6},"end":{"line":83,"column":50}},"type":"binary-expr","locations":[{"start":{"line":83,"column":6},"end":{"line":83,"column":19}},{"start":{"line":83,"column":23},"end":{"line":83,"column":50}}],"line":83},"6":{"loc":{"start":{"line":84,"column":6},"end":{"line":84,"column":25}},"type":"binary-expr","locations":[{"start":{"line":84,"column":6},"end":{"line":84,"column":18}},{"start":{"line":84,"column":22},"end":{"line":84,"column":25}}],"line":84},"7":{"loc":{"start":{"line":100,"column":6},"end":{"line":100,"column":50}},"type":"binary-expr","locations":[{"start":{"line":100,"column":6},"end":{"line":100,"column":19}},{"start":{"line":100,"column":23},"end":{"line":100,"column":50}}],"line":100},"8":{"loc":{"start":{"line":101,"column":6},"end":{"line":101,"column":25}},"type":"binary-expr","locations":[{"start":{"line":101,"column":6},"end":{"line":101,"column":18}},{"start":{"line":101,"column":22},"end":{"line":101,"column":25}}],"line":101}},"s":{"0":3,"1":3,"2":3,"3":3,"4":3,"5":3,"6":3,"7":3,"8":3,"9":1,"10":1,"11":1,"12":0,"13":3,"14":1,"15":1,"16":1,"17":0,"18":0,"19":0,"20":0,"21":0,"22":0,"23":0,"24":0,"25":3,"26":0,"27":0,"28":0,"29":0,"30":3,"31":0,"32":0,"33":0,"34":0,"35":3},"f":{"0":1,"1":1,"2":0,"3":0,"4":0,"5":0,"6":0,"7":0},"b":{"0":[0,0],"1":[0,0],"2":[0,0],"3":[0,0],"4":[0,0],"5":[0,0],"6":[0,0],"7":[0,0],"8":[0,0]},"_coverageSchema":"1a1c01bbd47fc00a2c39e90264f33305004495a9","hash":"8a2aa93c457bef5a0ab7af40eb5543d62d8b06c8"}
,"C:\\Users\\admin\\mushroom-shop\\backend\\src\\routes\\orders.js": {"path":"C:\\Users\\admin\\mushroom-shop\\backend\\src\\routes\\orders.js","statementMap":{"0":{"start":{"line":1,"column":16},"end":{"line":1,"column":34}},"1":{"start":{"line":2,"column":15},"end":{"line":2,"column":32}},"2":{"start":{"line":4,"column":15},"end":{"line":4,"column":31}},"3":{"start":{"line":5,"column":11},"end":{"line":5,"column":34}},"4":{"start":{"line":6,"column":17},"end":{"line":6,"column":46}},"5":{"start":{"line":7,"column":23},"end":{"line":7,"column":52}},"6":{"start":{"line":8,"column":41},"end":{"line":8,"column":67}},"7":{"start":{"line":11,"column":21},"end":{"line":15,"column":3}},"8":{"start":{"line":17,"column":2},"end":{"line":24,"column":5}},"9":{"start":{"line":18,"column":20},"end":{"line":18,"column":68}},"10":{"start":{"line":19,"column":16},"end":{"line":19,"column":37}},"11":{"start":{"line":20,"column":4},"end":{"line":23,"column":5}},"12":{"start":{"line":21,"column":6},"end":{"line":21,"column":47}},"13":{"start":{"line":22,"column":6},"end":{"line":22,"column":50}},"14":{"start":{"line":26,"column":2},"end":{"line":80,"column":4}},"15":{"start":{"line":85,"column":2},"end":{"line":85,"column":11}},"16":{"start":{"line":90,"column":0},"end":{"line":247,"column":3}},"17":{"start":{"line":91,"column":2},"end":{"line":246,"column":3}},"18":{"start":{"line":92,"column":67},"end":{"line":92,"column":75}},"19":{"start":{"line":94,"column":4},"end":{"line":96,"column":5}},"20":{"start":{"line":95,"column":6},"end":{"line":95,"column":54}},"21":{"start":{"line":99,"column":23},"end":{"line":99,"column":94}},"22":{"start":{"line":100,"column":21},"end":{"line":102,"column":12}},"23":{"start":{"line":103,"column":27},"end":{"line":103,"column":54}},"24":{"start":{"line":106,"column":24},"end":{"line":106,"column":26}},"25":{"start":{"line":107,"column":4},"end":{"line":114,"column":5}},"26":{"start":{"line":108,"column":6},"end":{"line":110,"column":7}},"27":{"start":{"line":109,"column":8},"end":{"line":109,"column":82}},"28":{"start":{"line":111,"column":6},"end":{"line":111,"column":87}},"29":{"start":{"line":112,"column":11},"end":{"line":114,"column":5}},"30":{"start":{"line":113,"column":6},"end":{"line":113,"column":47}},"31":{"start":{"line":117,"column":33},"end":{"line":117,"column":70}},"32":{"start":{"line":120,"column":26},"end":{"line":120,"column":27}},"33":{"start":{"line":121,"column":4},"end":{"line":121,"column":55}},"34":{"start":{"line":121,"column":33},"end":{"line":121,"column":55}},"35":{"start":{"line":122,"column":4},"end":{"line":122,"column":56}},"36":{"start":{"line":122,"column":34},"end":{"line":122,"column":56}},"37":{"start":{"line":124,"column":19},"end":{"line":124,"column":20}},"38":{"start":{"line":125,"column":25},"end":{"line":125,"column":26}},"39":{"start":{"line":126,"column":20},"end":{"line":126,"column":21}},"40":{"start":{"line":127,"column":23},"end":{"line":127,"column":25}},"41":{"start":{"line":130,"column":4},"end":{"line":171,"column":5}},"42":{"start":{"line":131,"column":22},"end":{"line":131,"column":66}},"43":{"start":{"line":131,"column":45},"end":{"line":131,"column":65}},"44":{"start":{"line":132,"column":6},"end":{"line":138,"column":7}},"45":{"start":{"line":133,"column":8},"end":{"line":137,"column":10}},"46":{"start":{"line":140,"column":23},"end":{"line":140,"column":59}},"47":{"start":{"line":141,"column":6},"end":{"line":147,"column":7}},"48":{"start":{"line":142,"column":8},"end":{"line":146,"column":10}},"49":{"start":{"line":149,"column":24},"end":{"line":149,"column":37}},"50":{"start":{"line":150,"column":27},"end":{"line":150,"column":47}},"51":{"start":{"line":152,"column":27},"end":{"line":152,"column":57}},"52":{"start":{"line":153,"column":37},"end":{"line":153,"column":64}},"53":{"start":{"line":154,"column":22},"end":{"line":154,"column":71}},"54":{"start":{"line":155,"column":24},"end":{"line":155,"column":56}},"55":{"start":{"line":157,"column":6},"end":{"line":157,"column":31}},"56":{"start":{"line":158,"column":6},"end":{"line":158,"column":37}},"57":{"start":{"line":159,"column":6},"end":{"line":159,"column":27}},"58":{"start":{"line":161,"column":6},"end":{"line":170,"column":9}},"59":{"start":{"line":173,"column":27},"end":{"line":173,"column":52}},"60":{"start":{"line":174,"column":18},"end":{"line":174,"column":72}},"61":{"start":{"line":176,"column":22},"end":{"line":176,"column":32}},"62":{"start":{"line":177,"column":26},"end":{"line":177,"column":153}},"63":{"start":{"line":178,"column":24},"end":{"line":178,"column":52}},"64":{"start":{"line":180,"column":37},"end":{"line":180,"column":73}},"65":{"start":{"line":181,"column":27},"end":{"line":185,"column":10}},"66":{"start":{"line":183,"column":17},"end":{"line":183,"column":79}},"67":{"start":{"line":186,"column":25},"end":{"line":186,"column":75}},"68":{"start":{"line":187,"column":29},"end":{"line":187,"column":61}},"69":{"start":{"line":190,"column":25},"end":{"line":190,"column":63}},"70":{"start":{"line":191,"column":47},"end":{"line":210,"column":15}},"71":{"start":{"line":214,"column":26},"end":{"line":214,"column":49}},"72":{"start":{"line":215,"column":21},"end":{"line":223,"column":6}},"73":{"start":{"line":226,"column":4},"end":{"line":229,"column":29}},"74":{"start":{"line":231,"column":4},"end":{"line":231,"column":45}},"75":{"start":{"line":233,"column":4},"end":{"line":243,"column":7}},"76":{"start":{"line":245,"column":4},"end":{"line":245,"column":70}},"77":{"start":{"line":251,"column":0},"end":{"line":341,"column":3}},"78":{"start":{"line":252,"column":2},"end":{"line":340,"column":3}},"79":{"start":{"line":254,"column":6},"end":{"line":254,"column":14}},"80":{"start":{"line":256,"column":4},"end":{"line":258,"column":5}},"81":{"start":{"line":257,"column":6},"end":{"line":257,"column":64}},"82":{"start":{"line":260,"column":20},"end":{"line":264,"column":6}},"83":{"start":{"line":266,"column":4},"end":{"line":326,"column":5}},"84":{"start":{"line":268,"column":28},"end":{"line":268,"column":56}},"85":{"start":{"line":269,"column":38},"end":{"line":273,"column":17}},"86":{"start":{"line":275,"column":8},"end":{"line":277,"column":50}},"87":{"start":{"line":278,"column":44},"end":{"line":290,"column":17}},"88":{"start":{"line":292,"column":6},"end":{"line":298,"column":7}},"89":{"start":{"line":293,"column":8},"end":{"line":297,"column":10}},"90":{"start":{"line":301,"column":6},"end":{"line":320,"column":7}},"91":{"start":{"line":302,"column":8},"end":{"line":319,"column":9}},"92":{"start":{"line":303,"column":59},"end":{"line":307,"column":21}},"93":{"start":{"line":309,"column":10},"end":{"line":309,"column":51}},"94":{"start":{"line":309,"column":42},"end":{"line":309,"column":51}},"95":{"start":{"line":311,"column":27},"end":{"line":314,"column":11}},"96":{"start":{"line":315,"column":10},"end":{"line":318,"column":38}},"97":{"start":{"line":322,"column":6},"end":{"line":325,"column":9}},"98":{"start":{"line":328,"column":4},"end":{"line":331,"column":50}},"99":{"start":{"line":333,"column":4},"end":{"line":333,"column":66}},"100":{"start":{"line":335,"column":4},"end":{"line":339,"column":6}},"101":{"start":{"line":345,"column":0},"end":{"line":355,"column":3}},"102":{"start":{"line":346,"column":2},"end":{"line":354,"column":3}},"103":{"start":{"line":347,"column":4},"end":{"line":347,"column":48}},"104":{"start":{"line":349,"column":4},"end":{"line":353,"column":6}},"105":{"start":{"line":359,"column":0},"end":{"line":421,"column":3}},"106":{"start":{"line":360,"column":2},"end":{"line":420,"column":3}},"107":{"start":{"line":361,"column":4},"end":{"line":363,"column":5}},"108":{"start":{"line":362,"column":6},"end":{"line":362,"column":67}},"109":{"start":{"line":365,"column":28},"end":{"line":365,"column":60}},"110":{"start":{"line":366,"column":4},"end":{"line":372,"column":5}},"111":{"start":{"line":367,"column":6},"end":{"line":371,"column":8}},"112":{"start":{"line":374,"column":58},"end":{"line":378,"column":15}},"113":{"start":{"line":379,"column":4},"end":{"line":397,"column":5}},"114":{"start":{"line":380,"column":60},"end":{"line":386,"column":17}},"115":{"start":{"line":387,"column":6},"end":{"line":393,"column":7}},"116":{"start":{"line":388,"column":8},"end":{"line":392,"column":10}},"117":{"start":{"line":394,"column":6},"end":{"line":396,"column":9}},"118":{"start":{"line":399,"column":57},"end":{"line":403,"column":15}},"119":{"start":{"line":405,"column":4},"end":{"line":411,"column":5}},"120":{"start":{"line":406,"column":6},"end":{"line":410,"column":8}},"121":{"start":{"line":413,"column":4},"end":{"line":413,"column":80}},"122":{"start":{"line":415,"column":4},"end":{"line":419,"column":6}},"123":{"start":{"line":425,"column":0},"end":{"line":440,"column":3}},"124":{"start":{"line":426,"column":2},"end":{"line":439,"column":3}},"125":{"start":{"line":427,"column":36},"end":{"line":430,"column":37}},"126":{"start":{"line":432,"column":4},"end":{"line":434,"column":5}},"127":{"start":{"line":433,"column":6},"end":{"line":433,"column":79}},"128":{"start":{"line":436,"column":4},"end":{"line":436,"column":32}},"129":{"start":{"line":438,"column":4},"end":{"line":438,"column":77}},"130":{"start":{"line":444,"column":0},"end":{"line":487,"column":3}},"131":{"start":{"line":445,"column":2},"end":{"line":486,"column":3}},"132":{"start":{"line":446,"column":4},"end":{"line":448,"column":5}},"133":{"start":{"line":447,"column":6},"end":{"line":447,"column":67}},"134":{"start":{"line":450,"column":47},"end":{"line":452,"column":18}},"135":{"start":{"line":453,"column":4},"end":{"line":459,"column":5}},"136":{"start":{"line":454,"column":6},"end":{"line":458,"column":8}},"137":{"start":{"line":461,"column":28},"end":{"line":461,"column":62}},"138":{"start":{"line":462,"column":20},"end":{"line":462,"column":22}},"139":{"start":{"line":463,"column":4},"end":{"line":467,"column":5}},"140":{"start":{"line":464,"column":6},"end":{"line":466,"column":9}},"141":{"start":{"line":465,"column":8},"end":{"line":465,"column":32}},"142":{"start":{"line":469,"column":27},"end":{"line":472,"column":7}},"143":{"start":{"line":469,"column":46},"end":{"line":472,"column":5}},"144":{"start":{"line":475,"column":4},"end":{"line":477,"column":6}},"145":{"start":{"line":476,"column":16},"end":{"line":476,"column":63}},"146":{"start":{"line":479,"column":4},"end":{"line":479,"column":40}},"147":{"start":{"line":481,"column":4},"end":{"line":485,"column":6}},"148":{"start":{"line":491,"column":0},"end":{"line":541,"column":3}},"149":{"start":{"line":492,"column":2},"end":{"line":540,"column":3}},"150":{"start":{"line":493,"column":4},"end":{"line":495,"column":5}},"151":{"start":{"line":494,"column":6},"end":{"line":494,"column":67}},"152":{"start":{"line":497,"column":32},"end":{"line":497,"column":40}},"153":{"start":{"line":498,"column":4},"end":{"line":500,"column":5}},"154":{"start":{"line":499,"column":6},"end":{"line":499,"column":68}},"155":{"start":{"line":502,"column":45},"end":{"line":506,"column":15}},"156":{"start":{"line":507,"column":4},"end":{"line":509,"column":5}},"157":{"start":{"line":508,"column":6},"end":{"line":508,"column":56}},"158":{"start":{"line":511,"column":26},"end":{"line":514,"column":5}},"159":{"start":{"line":516,"column":4},"end":{"line":518,"column":5}},"160":{"start":{"line":517,"column":6},"end":{"line":517,"column":75}},"161":{"start":{"line":520,"column":42},"end":{"line":524,"column":15}},"162":{"start":{"line":526,"column":4},"end":{"line":528,"column":5}},"163":{"start":{"line":527,"column":6},"end":{"line":527,"column":79}},"164":{"start":{"line":530,"column":4},"end":{"line":533,"column":7}},"165":{"start":{"line":535,"column":4},"end":{"line":539,"column":6}},"166":{"start":{"line":545,"column":0},"end":{"line":623,"column":3}},"167":{"start":{"line":546,"column":2},"end":{"line":622,"column":3}},"168":{"start":{"line":547,"column":45},"end":{"line":551,"column":15}},"169":{"start":{"line":552,"column":4},"end":{"line":554,"column":5}},"170":{"start":{"line":553,"column":6},"end":{"line":553,"column":56}},"171":{"start":{"line":556,"column":20},"end":{"line":556,"column":45}},"172":{"start":{"line":557,"column":20},"end":{"line":557,"column":53}},"173":{"start":{"line":558,"column":4},"end":{"line":564,"column":5}},"174":{"start":{"line":559,"column":6},"end":{"line":563,"column":8}},"175":{"start":{"line":566,"column":4},"end":{"line":568,"column":5}},"176":{"start":{"line":567,"column":6},"end":{"line":567,"column":80}},"177":{"start":{"line":570,"column":23},"end":{"line":570,"column":31}},"178":{"start":{"lin
[...]
127,"column":20}},"63":{"start":{"line":132,"column":2},"end":{"line":136,"column":3}},"64":{"start":{"line":133,"column":16},"end":{"line":133,"column":72}},"65":{"start":{"line":134,"column":4},"end":{"line":134,"column":21}},"66":{"start":{"line":135,"column":4},"end":{"line":135,"column":14}},"67":{"start":{"line":139,"column":4},"end":{"line":139,"column":41}},"68":{"start":{"line":140,"column":2},"end":{"line":144,"column":3}},"69":{"start":{"line":141,"column":16},"end":{"line":141,"column":47}},"70":{"start":{"line":142,"column":4},"end":{"line":142,"column":21}},"71":{"start":{"line":143,"column":4},"end":{"line":143,"column":14}},"72":{"start":{"line":146,"column":19},"end":{"line":146,"column":21}},"73":{"start":{"line":147,"column":2},"end":{"line":147,"column":63}},"74":{"start":{"line":147,"column":34},"end":{"line":147,"column":63}},"75":{"start":{"line":148,"column":2},"end":{"line":149,"column":47}},"76":{"start":{"line":149,"column":4},"end":{"line":149,"column":47}},"77":{"start":{"line":150,"column":2},"end":{"line":150,"column":78}},"78":{"start":{"line":150,"column":35},"end":{"line":150,"column":78}},"79":{"start":{"line":151,"column":2},"end":{"line":152,"column":55}},"80":{"start":{"line":152,"column":4},"end":{"line":152,"column":55}},"81":{"start":{"line":153,"column":2},"end":{"line":153,"column":78}},"82":{"start":{"line":153,"column":39},"end":{"line":153,"column":78}},"83":{"start":{"line":154,"column":2},"end":{"line":179,"column":3}},"84":{"start":{"line":155,"column":37},"end":{"line":155,"column":65}},"85":{"start":{"line":156,"column":29},"end":{"line":158,"column":10}},"86":{"start":{"line":157,"column":34},"end":{"line":157,"column":38}},"87":{"start":{"line":159,"column":4},"end":{"line":163,"column":5}},"88":{"start":{"line":160,"column":18},"end":{"line":160,"column":70}},"89":{"start":{"line":161,"column":6},"end":{"line":161,"column":23}},"90":{"start":{"line":162,"column":6},"end":{"line":162,"column":16}},"91":{"start":{"line":164,"column":24},"end":{"line":164,"column":77}},"92":{"start":{"line":164,"column":51},"end":{"line":164,"column":76}},"93":{"start":{"line":165,"column":27},"end":{"line":167,"column":24}},"94":{"start":{"line":168,"column":23},"end":{"line":170,"column":5}},"95":{"start":{"line":171,"column":4},"end":{"line":177,"column":5}},"96":{"start":{"line":172,"column":18},"end":{"line":174,"column":7}},"97":{"start":{"line":175,"column":6},"end":{"line":175,"column":23}},"98":{"start":{"line":176,"column":6},"end":{"line":176,"column":16}},"99":{"start":{"line":178,"column":4},"end":{"line":178,"column":41}},"100":{"start":{"line":180,"column":2},"end":{"line":181,"column":45}},"101":{"start":{"line":181,"column":4},"end":{"line":181,"column":45}},"102":{"start":{"line":182,"column":2},"end":{"line":183,"column":55}},"103":{"start":{"line":183,"column":4},"end":{"line":183,"column":55}},"104":{"start":{"line":184,"column":2},"end":{"line":184,"column":80}},"105":{"start":{"line":184,"column":35},"end":{"line":184,"column":80}},"106":{"start":{"line":186,"column":42},"end":{"line":189,"column":3}},"107":{"start":{"line":190,"column":2},"end":{"line":194,"column":3}},"108":{"start":{"line":191,"column":16},"end":{"line":191,"column":40}},"109":{"start":{"line":192,"column":4},"end":{"line":192,"column":21}},"110":{"start":{"line":193,"column":4},"end":{"line":193,"column":14}},"111":{"start":{"line":195,"column":2},"end":{"line":195,"column":24}},"112":{"start":{"line":199,"column":26},"end":{"line":199,"column":61}},"113":{"start":{"line":200,"column":2},"end":{"line":204,"column":3}},"114":{"start":{"line":201,"column":16},"end":{"line":201,"column":40}},"115":{"start":{"line":202,"column":4},"end":{"line":202,"column":21}},"116":{"start":{"line":203,"column":4},"end":{"line":203,"column":14}},"117":{"start":{"line":205,"column":2},"end":{"line":205,"column":14}},"118":{"start":{"line":208,"column":0},"end":{"line":214,"column":2}}},"fnMap":{"0":{"name":"escapeRegExp","decl":{"start":{"line":4,"column":9},"end":{"line":4,"column":21}},"loc":{"start":{"line":4,"column":29},"end":{"line":6,"column":1}},"line":4},"1":{"name":"listProducts","decl":{"start":{"line":8,"column":15},"end":{"line":8,"column":27}},"loc":{"start":{"line":8,"column":30},"end":{"line":12,"column":1}},"line":8},"2":{"name":"getProduct","decl":{"start":{"line":14,"column":15},"end":{"line":14,"column":25}},"loc":{"start":{"line":14,"column":30},"end":{"line":23,"column":1}},"line":14},"3":{"name":"createProduct","decl":{"start":{"line":25,"column":15},"end":{"line":25,"column":28}},"loc":{"start":{"line":25,"column":38},"end":{"line":128,"column":1}},"line":25},"4":{"name":"(anonymous_4)","decl":{"start":{"line":64,"column":25},"end":{"line":64,"column":26}},"loc":{"start":{"line":64,"column":32},"end":{"line":64,"column":36}},"line":64},"5":{"name":"(anonymous_5)","decl":{"start":{"line":74,"column":44},"end":{"line":74,"column":45}},"loc":{"start":{"line":74,"column":51},"end":{"line":74,"column":68}},"line":74},"6":{"name":"updateProduct","decl":{"start":{"line":130,"column":15},"end":{"line":130,"column":28}},"loc":{"start":{"line":130,"column":49},"end":{"line":196,"column":1}},"line":130},"7":{"name":"(anonymous_7)","decl":{"start":{"line":157,"column":27},"end":{"line":157,"column":28}},"loc":{"start":{"line":157,"column":34},"end":{"line":157,"column":38}},"line":157},"8":{"name":"(anonymous_8)","decl":{"start":{"line":164,"column":44},"end":{"line":164,"column":45}},"loc":{"start":{"line":164,"column":51},"end":{"line":164,"column":76}},"line":164},"9":{"name":"deleteProduct","decl":{"start":{"line":198,"column":15},"end":{"line":198,"column":28}},"loc":{"start":{"line":198,"column":40},"end":{"line":206,"column":1}},"line":198}},"branchMap":{"0":{"loc":{"start":{"line":10,"column":2},"end":{"line":10,"column":44}},"type":"if","locations":[{"start":{"line":10,"column":2},"end":{"line":10,"column":44}},{"start":{},"end":{}}],"line":10},"1":{"loc":{"start":{"line":16,"column":2},"end":{"line":20,"column":3}},"type":"if","locations":[{"start":{"line":16,"column":2},"end":{"line":20,"column":3}},{"start":{},"end":{}}],"line":16},"2":{"loc":{"start":{"line":16,"column":6},"end":{"line":16,"column":20}},"type":"binary-expr","locations":[{"start":{"line":16,"column":6},"end":{"line":16,"column":11}},{"start":{"line":16,"column":15},"end":{"line":16,"column":20}}],"line":16},"3":{"loc":{"start":{"line":38,"column":2},"end":{"line":44,"column":3}},"type":"if","locations":[{"start":{"line":38,"column":2},"end":{"line":44,"column":3}},{"start":{},"end":{}}],"line":38},"4":{"loc":{"start":{"line":38,"column":6},"end":{"line":38,"column":63}},"type":"binary-expr","locations":[{"start":{"line":38,"column":6},"end":{"line":38,"column":11}},{"start":{"line":38,"column":15},"end":{"line":38,"column":27}},{"start":{"line":38,"column":31},"end":{"line":38,"column":50}},{"start":{"line":38,"column":54},"end":{"line":38,"column":63}}],"line":38},"5":{"loc":{"start":{"line":48,"column":4},"end":{"line":48,"column":63}},"type":"cond-expr","locations":[{"start":{"line":48,"column":30},"end":{"line":48,"column":51}},{"start":{"line":48,"column":54},"end":{"line":48,"column":63}}],"line":48},"6":{"loc":{"start":{"line":49,"column":2},"end":{"line":53,"column":3}},"type":"if","locations":[{"start":{"line":49,"column":2},"end":{"line":53,"column":3}},{"start":{},"end":{}}],"line":49},"7":{"loc":{"start":{"line":49,"column":6},"end":{"line":49,"column":59}},"type":"binary-expr","locations":[{"start":{"line":49,"column":6},"end":{"line":49,"column":30}},{"start":{"line":49,"column":34},"end":{"line":49,"column":59}}],"line":49},"8":{"loc":{"start":{"line":57,"column":2},"end":{"line":61,"column":3}},"type":"if","locations":[{"start":{"line":57,"column":2},"end":{"line":61,"column":3}},{"start":{},"end":{}}],"line":57},"9":{"loc":{"start":{"line":63,"column":27},"end":{"line":65,"column":8}},"type":"cond-expr","locations":[{"start":{"line":64,"column":6},"end":{"line":64,"column":37}},{"start":{"line":65,"column":6},"end":{"line":65,"column":8}}],"line":63},"10":{"loc":{"start":{"line":66,"column":2},"end":{"line":70,"column":3}},"type":"if","locations":[{"start":{"line":66,"column":2},"end":{"line":70,"column":3}},{"start":{},"end":{}}],"line":66},"11":{"loc":{"start":{"line":73,"column":2},"end":{"line":78,"column":3}},"type":"if","locations":[{"start":{"line":73,"column":2},"end":{"line":78,"column":3}},{"start":{},"end":{}}],"line":73},"12":{"loc":{"start":{"line":75,"column":18},"end":{"line":77,"column":12}},"type":"cond-expr","locations":[{"start":{"line":76,"column":8},"end":{"line":76,"column":57}},{"start":{"line":77,"column":8},"end":{"line":77,"column":12}}],"line":75},"13":{"loc":{"start":{"line":76,"column":8},"end":{"line":76,"column":57}},"type":"binary-expr","locations":[{"start":{"line":76,"column":8},"end":{"line":76,"column":31}},{"start":{"line":76,"column":35},"end":{"line":76,"column":57}}],"line":76},"14":{"loc":{"start":{"line":80,"column":2},"end":{"line":104,"column":3}},"type":"if","locations":[{"start":{"line":80,"column":2},"end":{"line":104,"column":3}},{"start":{},"end":{}}],"line":80},"15":{"loc":{"start":{"line":81,"column":27},"end":{"line":81,"column":50}},"type":"binary-expr","locations":[{"start":{"line":81,"column":27},"end":{"line":81,"column":38}},{"start":{"line":81,"column":42},"end":{"line":81,"column":50}}],"line":81},"16":{"loc":{"start":{"line":85,"column":4},"end":{"line":91,"column":5}},"type":"if","locations":[{"start":{"line":85,"column":4},"end":{"line":91,"column":5}},{"start":{},"end":{}}],"line":85},"17":{"loc":{"start":{"line":94,"column":4},"end":{"line":98,"column":5}},"type":"if","locations":[{"start":{"line":94,"column":4},"end":{"line":98,"column":5}},{"start":{},"end":{}}],"line":94},"18":{"loc":{"start":{"line":99,"column":4},"end":{"line":103,"column":5}},"type":"if","locations":[{"start":{"line":99,"column":4},"end":{"line":103,"column":5}},{"start":{},"end":{}}],"line":99},"19":{"loc":{"start":{"line":107,"column":8},"end":{"line":107,"column":24}},"type":"cond-expr","locations":[{"start":{"line":107,"column":13},"end":{"line":107,"column":19}},{"start":{"line":107,"column":22},"end":{"line":107,"column":24}}],"line":107},"20":{"loc":{"start":{"line":111,"column":15},"end":{"line":111,"column":74}},"type":"cond-expr","locations":[{"start":{"line":111,"column":27},"end":{"line":111,"column":48}},{"start":{"line":111,"column":51},"end":{"line":111,"column":74}}],"line":111},"21":{"loc":{"start":{"line":113,"column":6},"end":{"line":114,"column":100}},"type":"binary-expr","locations":[{"start":{"line":113,"column":6},"end":{"line":113,"column":15}},{"start":{"line":114,"column":6},"end":{"line":114,"column":100}}],"line":113},"22":{"loc":{"start":{"line":116,"column":16},"end":{"line":116,"column":40}},"type":"binary-expr","locations":[{"start":{"line":116,"column":16},"end":{"line":116,"column":26}},{"start":{"line":116,"column":30},"end":{"line":116,"column":40}}],"line":116},"23":{"loc":{"start":{"line":117,"column":14},"end":{"line":117,"column":41}},"type":"binary-expr","locations":[{"start":{"line":117,"column":14},"end":{"line":117,"column":36}},{"start":{"line":117,"column":40},"end":{"line":117,"column":41}}],"line":117},"24":{"loc":{"start":{"line":118,"column":11},"end":{"line":118,"column":37}},"type":"binary-expr","locations":[{"start":{"line":118,"column":11},"end":{"line":118,"column":30}},{"start":{"line":118,"column":34},"end":{"line":118,"column":37}}],"line":118},"25":{"loc":{"start":{"line":122,"column":2},"end":{"line":126,"column":3}},"type":"if","locations":[{"start":{"line":122,"column":2},"end":{"line":126,"column":3}},{"start":{},"end":{}}],"line":122},"26":{"loc":{"start":{"line":132,"column":2},"end":{"line":136,"column":3}},"type":"if","locations":[{"start":{"line":132,"column":2},"end":{"line":136,"column":3}},{"start":{},"end":{}}],"line":132},"27":{"loc":{"start":{"line":140,"column":2},"end":{"line":144,"column":3}},"type":"if","locations":[{"start":{"line":140,"column":2},"end":{"line":144,"column":3}},{"start":{},"end":{}}],"line":140},"28":{"loc":{"start":{"line":140,"column":6},"end":{"line":140,"column":36}},"type":"binary-expr","locations":[{"start":{"line":140,"column":6},"end":{"line":140,"column":16}},{"start":{"line":140,"column":20},"end":{"line":140,"column":36}}],"line":140},"29":{"loc":{"start":{"line":147,"column":2},"end":{"line":147,"column":63}},"type":"if","locations":[{"start":{"line":147,"column":2},"end":{"line":147,"column":63}},{"start":{},"end":{}}],"line":147},"30":{"loc":{"start":{"line":148,"column":2},"end":{"line":149,"column":47}},"type":"if","locations":[{"start":{"line":148,"column":2},"end":{"line":149,"column":47}},{"start":{},"end":{}}],"line":148},"31":{"loc":{"start":{"line":150,"column":2},"end":{"line":150,"column":78}},"type":"if","locations":[{"start":{"line":150,"column":2},"end":{"line":150,"column":78}},{"start":{},"end":{}}],"line":150},"32":{"loc":{"start":{"line":151,"column":2},"end":{"line":152,"column":55}},"type":"if","locations":[{"start":{"line":151,"column":2},"end":{"line":152,"column":55}},{"start":{},"end":{}}],"line":151},"33":{"loc":{"start":{"line":153,"column":2},"end":{"line":153,"column":78}},"type":"if","locations":[{"start":{"line":153,"column":2},"end":{"line":153,"column":78}},{"start":{},"end":{}}],"line":153},"34":{"loc":{"start":{"line":154,"column":2},"end":{"line":179,"column":3}},"type":"if","locations":[{"start":{"line":154,"column":2},"end":{"line":179,"column":3}},{"start":{},"end":{}}],"line":154},"35":{"loc":{"start":{"line":156,"column":29},"end":{"line":158,"column":10}},"type":"cond-expr","locations":[{"start":{"line":157,"column":8},"end":{"line":157,"column":39}},{"start":{"line":158,"column":8},"end":{"line":158,"column":10}}],"line":156},"36":{"loc":{"start":{"line":159,"column":4},"end":{"line":163,"column":5}},"type":"if","locations":[{"start":{"line":159,"column":4},"end":{"line":163,"column":5}},{"start":{},"end":{}}],"line":159},"37":{"loc":{"start":{"line":165,"column":27},"end":{"line":167,"column":24}},"type":"cond-expr","locations":[{"start":{"line":166,"column":8},"end":{"line":166,"column":57}},{"start":{"line":167,"column":8},"end":{"line":167,"column":24}}],"line":165},"38":{"loc":{"start":{"line":166,"column":8},"end":{"line":166,"column":57}},"type":"binary-expr","locations":[{"start":{"line":166,"column":8},"end":{"line":166,"column":31}},{"start":{"line":166,"column":35},"end":{"line":166,"column":57}}],"line":166},"39":{"loc":{"start":{"line":171,"column":4},"end":{"line":177,"column":5}},"type":"if","locations":[{"start":{"line":171,"column":4},"end":{"line":177,"column":5}},{"start":{},"end":{}}],"line":171},"40":{"loc":{"start":{"line":180,"column":2},"end":{"line":181,"column":45}},"type":"if","locations":[{"start":{"line":180,"column":2},"end":{"line":181,"column":45}},{"start":{},"end":{}}],"line":180},"41":{"loc":{"start":{"line":182,"column":2},"end":{"line":183,"column":55}},"type":"if","locations":[{"start":{"line":182,"column":2},"end":{"line":183,"column":55}},{"start":{},"end":{}}],"line":182},"42":{"loc":{"start":{"line":184,"column":2},"end":{"line":184,"column":80}},"type":"if","locations":[{"start":{"line":184,"column":2},"end":{"line":184,"column":80}},{"start":{},"end":{}}],"line":184},"43":{"loc":{"start":{"line":190,"column":2},"end":{"line":194,"column":3}},"type":"if","locations":[{"start":{"line":190,"column":2},"end":{"line":194,"column":3}},{"start":{},"end":{}}],"line":190},"44":{"loc":{"start":{"line":200,"column":2},"end":{"line":204,"column":3}},"type":"if","locations":[{"start":{"line":200,"column":2},"end":{"line":204,"column":3}},{"start":{},"end":{}}],"line":200}},"s":{"0":5,"1":5,"2":0,"3":1,"4":1,"5":0,"6":1,"7":0,"8":0,"9":0,"10":0,"11":0,"12":0,"13":3,"14":3,"15":0,"16":0,"17":0,"18":3,"19":3,"20":3,"21":0,"22":0,"23":0,"24":3,"25":3,"26":0,"27":0,"28":0,"29":3,"30":13,"31":3,"32":0,"33":0,"34":0,"35":3,"36":3,"37":3,"38":11,"39":3,"40":3,"41":0,"42":0,"43":0,"44":0,"45":0,"46":0,"47":0,"48":0,"49":0,"50":0,"51":0,"52":0,"53":0,"54":0,"55":0,"56":3,"57":3,"58":3,"59":0,"60":0,"61":0,"62":3,"63":1,"64":0,"65":0,"66":0,"67":1,"68":1,"69":0,"70":0,"71":0,"72":1,"73":1,"74":1,"75":1,"76":0,"77":1,"78":0,"79":1,"80":0,"81":1,"82":0,"83":1,"84":0,"85":0,"86":0,"87":0,"88":0,"89":0,"90":0,"91":0,"92":0,"93":0,"94":0,"95":0,"96":0,"97":0,"98":0,"99":0,"100":1,"101":0,"102":1,"103":0,"104":1,"105":1,"106":1,"107":1,"108":0,"109":0,"110":0,"111":1,"112":2,"113":2,"114":0,"115":0,"116":0,"117":2,"118":5},"f":{"0":0,"1":1,"2":0,"3":3,"4":13,"5":11,"6":1,"7":0,"8":0,"9":2},"b":{"0":[0,1],"1":[0,0],"2":[0,0],"3":[0,3],"4":[3,3,3,3],"5":[0,3],"6":[0,3],"7":[3,0],"8":[0,3],"9":[3,0],"10":[0,3],"11":[3,0],"12":[3,0],"13":[3,0],"14":[0,3],"15":[0,0],"16":[0,0],"17":[0,0],"18":[0,0],"19":[0,3],"20":[0,3],"21":[3,3],"22":[3,3],"23":[3,3],"24":[3,3],"25":[0,3],"26":[0,1],"27":[0,1],"28":[1,1],"29":[1,0],"30":[0,1],"31":[0,1],"32":[0,1],"33":[0,1],"34":[0,1],"35":[0,0],"36":[0,0],"37":[0,0],"38":[0,0],"39":[0,0],"40":[0,1],"41":[0,1],"42":[1,0],"43":[0,1],"44":[0,2]},"_coverageSchema":"1a1c01bbd47fc00a2c39e90264f33305004495a9","hash":"d185d32f9769e483fd34194c49064702d8a1a154"}
,"C:\\Users\\admin\\mushroom-shop\\backend\\src\\utils\\errorHandler.js": {"path":"C:\\Users\\admin\\mushroom-shop\\backend\\src\\utils\\errorHandler.js","statementMap":{"0":{"start":{"line":1,"column":17},"end":{"line":1,"column":46}},"1":{"start":{"line":4,"column":2},"end":{"line":4,"column":40}},"2":{"start":{"line":4,"column":23},"end":{"line":4,"column":40}},"3":{"start":{"line":6,"column":18},"end":{"line":12,"column":3}},"4":{"start":{"line":14,"column":2},"end":{"line":16,"column":3}},"5":{"start":{"line":15,"column":4},"end":{"line":15,"column":30}},"6":{"start":{"line":18,"column":2},"end":{"line":20,"column":3}},"7":{"start":{"line":19,"column":4},"end":{"line":19,"column":52}},"8":{"start":{"line":22,"column":2},"end":{"line":22,"column":21}},"9":{"start":{"line":23,"column":2},"end":{"line":23,"column":39}},"10":{"start":{"line":26,"column":0},"end":{"line":26,"column":29}}},"fnMap":{"0":{"name":"handleError","decl":{"start":{"line":3,"column":9},"end":{"line":3,"column":20}},"loc":{"start":{"line":3,"column":42},"end":{"line":24,"column":1}},"line":3}},"branchMap":{"0":{"loc":{"start":{"line":4,"column":2},"end":{"line":4,"column":40}},"type":"if","locations":[{"start":{"line":4,"column":2},"end":{"line":4,"column":40}},{"start":{},"end":{}}],"line":4},"1":{"loc":{"start":{"line":7,"column":11},"end":{"line":7,"column":49}},"type":"binary-expr","locations":[{"start":{"line":7,"column":11},"end":{"line":7,"column":22}},{"start":{"line":7,"column":26},"end":{"line":7,"column":49}}],"line":7},"2":{"loc":{"start":{"line":8,"column":10},"end":{"line":8,"column":40}},"type":"binary-expr","locations":[{"start":{"line":8,"column":10},"end":{"line":8,"column":18}},{"start":{"line":8,"column":22},"end":{"line":8,"column":40}}],"line":8},"3":{"loc":{"start":{"line":9,"column":13},"end":{"line":9,"column":32}},"type":"binary-expr","locations":[{"start":{"line":9,"column":13},"end":{"line":9,"column":24}},{"start":{"line":9,"column":28},"end":{"line":9,"column":32}}],"line":9},"4":{"loc":{"start":{"line":14,"column":2},"end":{"line":16,"column":3}},"type":"if","locations":[{"start":{"line":14,"column":2},"end":{"line":16,"column":3}},{"start":{},"end":{}}],"line":14},"5":{"loc":{"start":{"line":18,"column":2},"end":{"line":20,"column":3}},"type":"if","locations":[{"start":{"line":18,"column":2},"end":{"line":20,"column":3}},{"start":{},"end":{}}],"line":18}},"s":{"0":3,"1":0,"2":0,"3":0,"4":0,"5":0,"6":0,"7":0,"8":0,"9":0,"10":3},"f":{"0":0},"b":{"0":[0,0],"1":[0,0],"2":[0,0],"3":[0,0],"4":[0,0],"5":[0,0]},"_coverageSchema":"1a1c01bbd47fc00a2c39e90264f33305004495a9","hash":"b3e8981258291195e88b6ef1f5ad322bf7a04785"}
}
