TN:
SF:src\server.js
FN:33,(anonymous_0)
FN:52,(anonymous_1)
FN:62,(anonymous_2)
FN:77,startServer
FN:78,(anonymous_4)
FN:90,(anonymous_5)
FNF:6
FNH:0
FNDA:0,(anonymous_0)
FNDA:0,(anonymous_1)
FNDA:0,(anonymous_2)
FNDA:0,startServer
FNDA:0,(anonymous_4)
FNDA:0,(anonymous_5)
DA:1,3
DA:2,3
DA:3,3
DA:4,3
DA:5,3
DA:6,3
DA:7,3
DA:8,3
DA:10,3
DA:11,3
DA:12,3
DA:13,3
DA:14,3
DA:16,3
DA:17,3
DA:20,3
DA:29,3
DA:31,3
DA:33,3
DA:34,0
DA:35,0
DA:41,0
DA:45,3
DA:46,3
DA:47,3
DA:48,3
DA:49,3
DA:52,3
DA:53,0
DA:62,3
DA:63,0
DA:71,3
DA:74,3
DA:75,3
DA:78,0
DA:79,0
DA:80,0
DA:81,0
DA:84,0
DA:87,0
DA:90,0
DA:91,0
DA:92,0
DA:93,0
DA:94,0
DA:96,0
DA:97,0
DA:102,3
DA:103,0
DA:106,3
LF:50
LH:31
BRDA:17,0,0,3
BRDA:17,0,1,0
BRDA:34,1,0,0
BRDA:34,1,1,0
BRDA:34,2,0,0
BRDA:34,2,1,0
BRDA:34,2,2,0
BRDA:55,3,0,0
BRDA:55,3,1,0
BRDA:56,4,0,0
BRDA:56,4,1,0
BRDA:74,5,0,3
BRDA:74,5,1,0
BRDA:77,6,0,0
BRDA:82,7,0,0
BRDA:82,7,1,0
BRDA:85,8,0,0
BRDA:85,8,1,0
BRDA:91,9,0,0
BRDA:91,9,1,0
BRDA:91,10,0,0
BRDA:91,10,1,0
BRDA:102,11,0,0
BRDA:102,11,1,3
BRF:24
BRH:3
end_of_record
TN:
SF:src\config\db.js
FN:244,(anonymous_0)
FN:253,(anonymous_1)
FN:257,(anonymous_2)
FN:258,(anonymous_3)
FN:262,(anonymous_4)
FN:268,(anonymous_5)
FN:286,(anonymous_6)
FN:287,(anonymous_7)
FN:294,(anonymous_8)
FN:304,(anonymous_9)
FN:305,(anonymous_10)
FN:309,(anonymous_11)
FN:316,(anonymous_12)
FN:327,(anonymous_13)
FN:332,(anonymous_14)
FN:337,(anonymous_15)
FN:342,(anonymous_16)
FN:352,(anonymous_17)
FNF:18
FNH:18
FNDA:30,(anonymous_0)
FNDA:17,(anonymous_1)
FNDA:16,(anonymous_2)
FNDA:103,(anonymous_3)
FNDA:30,(anonymous_4)
FNDA:6,(anonymous_5)
FNDA:3,(anonymous_6)
FNDA:24,(anonymous_7)
FNDA:3,(anonymous_8)
FNDA:4,(anonymous_9)
FNDA:29,(anonymous_10)
FNDA:29,(anonymous_11)
FNDA:21,(anonymous_12)
FNDA:6,(anonymous_13)
FNDA:3,(anonymous_14)
FNDA:4,(anonymous_15)
FNDA:9,(anonymous_16)
FNDA:30,(anonymous_17)
DA:1,8
DA:2,8
DA:4,8
DA:5,8
DA:8,8
DA:10,8
DA:11,8
DA:12,0
DA:16,8
DA:207,8
DA:210,8
DA:220,8
DA:230,8
DA:245,30
DA:246,30
DA:247,30
DA:248,30
DA:249,30
DA:250,30
DA:254,17
DA:258,103
DA:259,16
DA:263,30
DA:264,6
DA:265,6
DA:266,6
DA:268,6
DA:269,6
DA:276,6
DA:277,6
DA:280,6
DA:281,6
DA:284,30
DA:285,3
DA:286,3
DA:287,3
DA:288,24
DA:289,3
DA:290,3
DA:292,21
DA:294,3
DA:295,3
DA:296,3
DA:298,0
DA:300,3
DA:303,30
DA:304,4
DA:305,4
DA:306,29
DA:308,4
DA:309,29
DA:311,4
DA:312,4
DA:317,21
DA:318,21
DA:319,4
DA:324,17
DA:328,6
DA:329,6
DA:333,3
DA:334,3
DA:338,4
DA:339,4
DA:343,9
DA:344,9
DA:350,8
DA:353,30
DA:354,0
DA:356,30
DA:360,8
LF:70
LH:67
BRDA:4,0,0,8
BRDA:4,0,1,8
BRDA:5,1,0,8
BRDA:5,1,1,8
BRDA:8,2,0,8
BRDA:8,2,1,0
BRDA:8,2,2,0
BRDA:11,3,0,0
BRDA:11,3,1,8
BRDA:253,4,0,0
BRDA:263,5,0,6
BRDA:263,5,1,24
BRDA:266,6,0,0
BRDA:266,6,1,6
BRDA:271,7,0,6
BRDA:271,7,1,3
BRDA:284,8,0,3
BRDA:284,8,1,27
BRDA:288,9,0,3
BRDA:288,9,1,21
BRDA:295,10,0,3
BRDA:295,10,1,0
BRDA:303,11,0,4
BRDA:303,11,1,26
BRDA:318,12,0,4
BRDA:318,12,1,17
BRDA:353,13,0,0
BRDA:353,13,1,30
BRF:28
BRH:21
end_of_record
TN:
SF:src\config\razorpay.js
FN:20,(anonymous_0)
FN:39,(anonymous_1)
FN:63,(anonymous_2)
FN:66,(anonymous_3)
FNF:4
FNH:0
FNDA:0,(anonymous_0)
FNDA:0,(anonymous_1)
FNDA:0,(anonymous_2)
FNDA:0,(anonymous_3)
DA:1,3
DA:2,3
DA:4,3
DA:5,3
DA:7,3
DA:9,3
DA:10,3
DA:11,0
DA:17,3
DA:21,0
DA:23,0
DA:41,0
DA:42,0
DA:44,0
DA:45,0
DA:48,0
DA:53,0
DA:58,3
DA:63,0
DA:68,0
DA:69,0
DA:73,0
LF:22
LH:9
BRDA:4,0,0,3
BRDA:4,0,1,0
BRDA:5,1,0,3
BRDA:5,1,1,0
BRDA:7,2,0,3
BRDA:7,2,1,3
BRDA:7,2,2,0
BRDA:10,3,0,0
BRDA:10,3,1,3
BRDA:29,4,0,0
BRDA:29,4,1,0
BRDA:33,5,0,0
BRDA:33,5,1,0
BRDA:42,6,0,0
BRDA:42,6,1,0
BRDA:58,7,0,3
BRDA:58,7,1,0
BRF:17
BRH:6
end_of_record
TN:
SF:src\controllers\authController.js
FN:13,(anonymous_0)
FN:38,(anonymous_1)
FN:67,(anonymous_2)
FN:103,(anonymous_3)
FN:125,(anonymous_4)
FN:149,(anonymous_5)
FNF:6
FNH:0
FNDA:0,(anonymous_0)
FNDA:0,(anonymous_1)
FNDA:0,(anonymous_2)
FNDA:0,(anonymous_3)
FNDA:0,(anonymous_4)
FNDA:0,(anonymous_5)
DA:1,3
DA:3,3
DA:4,3
DA:5,3
DA:6,3
DA:7,3
DA:13,3
DA:14,0
DA:15,0
DA:17,0
DA:18,0
DA:23,0
DA:24,0
DA:26,0
DA:38,3
DA:39,0
DA:40,0
DA:42,0
DA:43,0
DA:48,0
DA:49,0
DA:53,0
DA:55,0
DA:67,3
DA:68,0
DA:69,0
DA:70,0
DA:78,0
DA:80,0
DA:91,0
DA:103,3
DA:104,0
DA:105,0
DA:107,0
DA:110,0
DA:111,0
DA:113,0
DA:125,3
DA:126,0
DA:127,0
DA:128,0
DA:129,0
DA:130,0
DA:131,0
DA:132,0
DA:134,0
DA:141,0
DA:149,3
DA:150,0
DA:151,0
DA:152,0
DA:160,0
DA:168,3
LF:53
LH:13
BRDA:17,0,0,0
BRDA:17,0,1,0
BRDA:28,1,0,0
BRDA:28,1,1,0
BRDA:29,2,0,0
BRDA:29,2,1,0
BRDA:42,3,0,0
BRDA:42,3,1,0
BRDA:42,4,0,0
BRDA:42,4,1,0
BRDA:57,5,0,0
BRDA:57,5,1,0
BRDA:58,6,0,0
BRDA:58,6,1,0
BRDA:84,7,0,0
BRDA:84,7,1,0
BRDA:86,8,0,0
BRDA:86,8,1,0
BRDA:87,9,0,0
BRDA:87,9,1,0
BRDA:88,10,0,0
BRDA:88,10,1,0
BRDA:93,11,0,0
BRDA:93,11,1,0
BRDA:94,12,0,0
BRDA:94,12,1,0
BRDA:107,13,0,0
BRDA:107,13,1,0
BRDA:107,14,0,0
BRDA:107,14,1,0
BRDA:115,15,0,0
BRDA:115,15,1,0
BRDA:116,16,0,0
BRDA:116,16,1,0
BRDA:128,17,0,0
BRDA:128,17,1,0
BRDA:128,18,0,0
BRDA:128,18,1,0
BRDA:136,19,0,0
BRDA:136,19,1,0
BRDA:137,20,0,0
BRDA:137,20,1,0
BRDA:141,21,0,0
BRDA:141,21,1,0
BRDA:156,22,0,0
BRDA:156,22,1,0
BRDA:162,23,0,0
BRDA:162,23,1,0
BRDA:163,24,0,0
BRDA:163,24,1,0
BRF:50
BRH:0
end_of_record
TN:
SF:src\errors\AppError.js
FN:2,(anonymous_0)
FN:19,(anonymous_1)
FN:28,(anonymous_2)
FN:32,(anonymous_3)
FN:36,(anonymous_4)
FNF:5
FNH:0
FNDA:0,(anonymous_0)
FNDA:0,(anonymous_1)
FNDA:0,(anonymous_2)
FNDA:0,(anonymous_3)
FNDA:0,(anonymous_4)
DA:9,0
DA:10,0
DA:11,0
DA:12,0
DA:13,0
DA:14,0
DA:15,0
DA:16,0
DA:20,0
DA:29,0
DA:33,0
DA:37,0
DA:41,3
LF:13
LH:1
BRDA:4,0,0,0
BRDA:5,1,0,0
BRDA:6,2,0,0
BRDA:7,3,0,0
BRDA:28,4,0,0
BRDA:32,5,0,0
BRDA:32,6,0,0
BRDA:36,7,0,0
BRDA:36,8,0,0
BRF:9
BRH:0
end_of_record
TN:
SF:src\lib\response.js
FN:1,success
FN:5,error
FNF:2
FNH:1
FNDA:4,success
FNDA:0,error
DA:2,4
DA:11,0
DA:14,3
LF:3
LH:2
BRDA:1,0,0,0
BRDA:1,1,0,2
BRDA:1,2,0,2
BRDA:7,3,0,0
BRDA:8,4,0,0
BRDA:9,5,0,0
BRF:6
BRH:2
end_of_record
TN:
SF:src\middleware\auth.js
FN:5,(anonymous_0)
FNF:1
FNH:1
FNDA:3,(anonymous_0)
DA:1,3
DA:3,3
DA:5,3
DA:6,3
DA:7,3
DA:9,3
DA:10,0
DA:13,3
DA:14,3
DA:15,3
DA:16,3
DA:18,0
LF:12
LH:10
BRDA:3,0,0,3
BRDA:3,0,1,0
BRDA:7,1,0,3
BRDA:7,1,1,3
BRDA:9,2,0,0
BRDA:9,2,1,3
BRF:6
BRH:4
end_of_record
TN:
SF:src\middleware\roles.js
FN:3,requireRole
FN:4,(anonymous_1)
FN:15,requireAnyRole
FN:16,(anonymous_3)
FNF:4
FNH:2
FNDA:9,requireRole
FNDA:3,(anonymous_1)
FNDA:0,requireAnyRole
FNDA:0,(anonymous_3)
DA:4,9
DA:5,3
DA:6,0
DA:8,3
DA:9,0
DA:16,0
DA:17,0
DA:18,0
DA:19,0
DA:20,0
DA:26,3
LF:11
LH:4
BRDA:5,0,0,0
BRDA:5,0,1,3
BRDA:8,1,0,3
BRDA:8,1,1,0
BRDA:15,2,0,0
BRDA:17,3,0,0
BRDA:17,3,1,0
BRDA:19,4,0,0
BRDA:19,4,1,0
BRF:9
BRH:2
end_of_record
TN:
SF:src\middleware\validate.js
FN:4,validateBody
FN:5,(anonymous_1)
FN:8,(anonymous_2)
FNF:3
FNH:2
FNDA:6,validateBody
FNDA:2,(anonymous_1)
FNDA:0,(anonymous_2)
DA:1,3
DA:2,3
DA:5,6
DA:6,2
DA:7,2
DA:8,0
DA:9,0
DA:11,2
DA:12,2
DA:16,3
LF:10
LH:8
BRDA:7,0,0,0
BRDA:7,0,1,2
BRF:2
BRH:1
end_of_record
TN:
SF:src\repositories\categoryRepository.js
FN:3,findAll
FN:8,findById
FN:20,create
FN:25,update
FN:34,remove
FN:39,(anonymous_5)
FNF:6
FNH:5
FNDA:6,findAll
FNDA:2,findById
FNDA:2,create
FNDA:0,update
FNDA:1,remove
FNDA:1,(anonymous_5)
DA:1,5
DA:4,6
DA:5,6
DA:9,2
DA:14,2
DA:15,2
DA:17,0
DA:21,2
DA:22,2
DA:26,0
DA:31,0
DA:35,1
DA:39,1
DA:40,1
DA:41,1
DA:42,1
DA:43,0
DA:45,1
DA:47,0
DA:50,5
LF:20
LH:15
BRDA:14,0,0,2
BRDA:14,0,1,0
BRDA:14,1,0,2
BRDA:14,1,1,2
BRDA:41,2,0,1
BRDA:41,2,1,0
BRDA:42,3,0,0
BRDA:42,3,1,1
BRF:8
BRH:5
end_of_record
TN:
SF:src\repositories\productRepository.js
FN:3,findAll
FN:8,findById
FN:20,create
FN:25,update
FN:34,remove
FNF:5
FNH:5
FNDA:2,findAll
FNDA:3,findById
FNDA:3,create
FNDA:2,update
FNDA:2,remove
DA:1,5
DA:4,2
DA:5,2
DA:9,3
DA:14,3
DA:15,1
DA:17,2
DA:21,3
DA:22,3
DA:26,2
DA:31,2
DA:35,2
DA:40,2
DA:43,5
LF:14
LH:14
BRDA:14,0,0,1
BRDA:14,0,1,2
BRDA:14,1,0,3
BRDA:14,1,1,1
BRF:4
BRH:4
end_of_record
TN:
SF:src\repositories\userRepository.js
FN:3,findByEmail
FN:15,findById
FN:27,create
FN:32,update
FN:41,remove
FNF:5
FNH:5
FNDA:1,findByEmail
FNDA:3,findById
FNDA:1,create
FNDA:1,update
FNDA:1,remove
DA:1,6
DA:4,1
DA:9,1
DA:10,0
DA:12,1
DA:16,3
DA:21,3
DA:22,1
DA:24,2
DA:28,1
DA:29,1
DA:33,1
DA:38,1
DA:43,1
DA:44,1
DA:45,0
DA:48,1
DA:49,1
DA:52,6
LF:19
LH:17
BRDA:9,0,0,0
BRDA:9,0,1,1
BRDA:9,1,0,1
BRDA:9,1,1,0
BRDA:21,2,0,1
BRDA:21,2,1,2
BRDA:21,3,0,3
BRDA:21,3,1,1
BRDA:44,4,0,0
BRDA:44,4,1,1
BRDA:44,5,0,1
BRDA:44,5,1,1
BRF:12
BRH:9
end_of_record
TN:
SF:src\routes\categories.js
FN:14,(anonymous_0)
FN:41,(anonymous_1)
FN:55,generateNextCategoryUid
FN:61,(anonymous_3)
FN:63,(anonymous_4)
FN:67,(anonymous_5)
FN:73,(anonymous_6)
FN:91,(anonymous_7)
FNF:8
FNH:2
FNDA:1,(anonymous_0)
FNDA:1,(anonymous_1)
FNDA:0,generateNextCategoryUid
FNDA:0,(anonymous_3)
FNDA:0,(anonymous_4)
FNDA:0,(anonymous_5)
FNDA:0,(anonymous_6)
FNDA:0,(anonymous_7)
DA:1,3
DA:3,3
DA:4,3
DA:5,3
DA:7,3
DA:8,3
DA:9,3
DA:10,3
DA:14,3
DA:15,1
DA:16,1
DA:17,1
DA:19,0
DA:29,3
DA:42,1
DA:43,1
DA:44,1
DA:46,0
DA:56,0
DA:60,0
DA:61,0
DA:64,0
DA:65,0
DA:67,0
DA:68,0
DA:73,3
DA:74,0
DA:75,0
DA:79,0
DA:81,0
DA:91,3
DA:92,0
DA:93,0
DA:94,0
DA:98,0
DA:106,3
LF:36
LH:19
BRDA:21,0,0,0
BRDA:21,0,1,0
BRDA:22,1,0,0
BRDA:22,1,1,0
BRDA:48,2,0,0
BRDA:48,2,1,0
BRDA:49,3,0,0
BRDA:49,3,1,0
BRDA:65,4,0,0
BRDA:65,4,1,0
BRDA:83,5,0,0
BRDA:83,5,1,0
BRDA:84,6,0,0
BRDA:84,6,1,0
BRDA:100,7,0,0
BRDA:100,7,1,0
BRDA:101,8,0,0
BRDA:101,8,1,0
BRF:18
BRH:0
end_of_record
TN:
SF:src\routes\orders.js
FN:10,buildInvoiceData
FN:17,(anonymous_1)
FN:83,getShippingCharge
FN:90,(anonymous_3)
FN:131,(anonymous_4)
FN:183,(anonymous_5)
FN:251,(anonymous_6)
FN:345,(anonymous_7)
FN:359,(anonymous_8)
FN:425,(anonymous_9)
FN:444,(anonymous_10)
FN:464,(anonymous_11)
FN:469,(anonymous_12)
FN:476,(anonymous_13)
FN:491,(anonymous_14)
FN:545,(anonymous_15)
FN:627,(anonymous_16)
FN:656,(anonymous_17)
FN:747,(anonymous_18)
FN:794,(anonymous_19)
FNF:20
FNH:0
FNDA:0,buildInvoiceData
FNDA:0,(anonymous_1)
FNDA:0,getShippingCharge
FNDA:0,(anonymous_3)
FNDA:0,(anonymous_4)
FNDA:0,(anonymous_5)
FNDA:0,(anonymous_6)
FNDA:0,(anonymous_7)
FNDA:0,(anonymous_8)
FNDA:0,(anonymous_9)
FNDA:0,(anonymous_10)
FNDA:0,(anonymous_11)
FNDA:0,(anonymous_12)
FNDA:0,(anonymous_13)
FNDA:0,(anonymous_14)
FNDA:0,(anonymous_15)
FNDA:0,(anonymous_16)
FNDA:0,(anonymous_17)
FNDA:0,(anonymous_18)
FNDA:0,(anonymous_19)
DA:1,3
DA:2,3
DA:4,3
DA:5,3
DA:6,3
DA:7,3
DA:8,3
DA:11,0
DA:17,0
DA:18,0
DA:19,0
DA:20,0
DA:21,0
DA:22,0
DA:26,0
DA:85,0
DA:90,3
DA:91,0
DA:92,0
DA:94,0
DA:95,0
DA:99,0
DA:100,0
DA:103,0
DA:106,0
DA:107,0
DA:108,0
DA:109,0
DA:111,0
DA:112,0
DA:113,0
DA:117,0
DA:120,0
DA:121,0
DA:122,0
DA:124,0
DA:125,0
DA:126,0
DA:127,0
DA:130,0
DA:131,0
DA:132,0
DA:133,0
DA:140,0
DA:141,0
DA:142,0
DA:149,0
DA:150,0
DA:152,0
DA:153,0
DA:154,0
DA:155,0
DA:157,0
DA:158,0
DA:159,0
DA:161,0
DA:173,0
DA:174,0
DA:176,0
DA:177,0
DA:178,0
DA:180,0
DA:181,0
DA:183,0
DA:186,0
DA:187,0
DA:190,0
DA:191,0
DA:214,0
DA:215,0
DA:226,0
DA:231,0
DA:233,0
DA:245,0
DA:251,3
DA:252,0
DA:254,0
DA:256,0
DA:257,0
DA:260,0
DA:266,0
DA:268,0
DA:269,0
DA:275,0
DA:278,0
DA:292,0
DA:293,0
DA:301,0
DA:302,0
DA:303,0
DA:309,0
DA:311,0
DA:315,0
DA:322,0
DA:328,0
DA:333,0
DA:335,0
DA:345,3
DA:346,0
DA:347,0
DA:349,0
DA:359,3
DA:360,0
DA:361,0
DA:362,0
DA:365,0
DA:366,0
DA:367,0
DA:374,0
DA:379,0
DA:380,0
DA:387,0
DA:388,0
DA:394,0
DA:399,0
DA:405,0
DA:406,0
DA:413,0
DA:415,0
DA:425,3
DA:426,0
DA:427,0
DA:432,0
DA:433,0
DA:436,0
DA:438,0
DA:444,3
DA:445,0
DA:446,0
DA:447,0
DA:450,0
DA:453,0
DA:454,0
DA:461,0
DA:462,0
DA:463,0
DA:464,0
DA:465,0
DA:469,0
DA:475,0
DA:476,0
DA:479,0
DA:481,0
DA:491,3
DA:492,0
DA:493,0
DA:494,0
DA:497,0
DA:498,0
DA:499,0
DA:502,0
DA:507,0
DA:508,0
DA:511,0
DA:516,0
DA:517,0
DA:520,0
DA:526,0
DA:527,0
DA:530,0
DA:535,0
DA:545,3
DA:546,0
DA:547,0
DA:552,0
DA:553,0
DA:556,0
DA:557,0
DA:558,0
DA:559,0
DA:566,0
DA:567,0
DA:570,0
DA:571,0
DA:572,0
DA:575,0
DA:583,0
DA:589,0
DA:590,0
DA:598,0
DA:599,0
DA:600,0
DA:606,0
DA:608,0
DA:609,0
DA:616,0
DA:621,0
DA:627,3
DA:628,0
DA:629,0
DA:634,0
DA:635,0
DA:639,0
DA:644,0
DA:645,0
DA:647,0
DA:656,3
DA:657,0
DA:658,0
DA:659,0
DA:660,0
DA:663,0
DA:668,0
DA:669,0
DA:672,0
DA:677,0
DA:678,0
DA:679,0
DA:747,0
DA:785,0
DA:786,0
DA:788,0
DA:794,3
DA:795,0
DA:796,0
DA:801,0
DA:802,0
DA:806,0
DA:807,0
DA:809,0
DA:810,0
DA:811,0
DA:813,0
DA:814,0
DA:815,0
DA:816,0
DA:818,0
DA:819,0
DA:820,0
DA:821,0
DA:823,0
DA:824,0
DA:825,0
DA:826,0
DA:831,0
DA:833,0
DA:838,0
DA:845,0
DA:847,0
DA:849,0
DA:853,0
DA:862,0
DA:863,0
DA:871,0
DA:876,0
DA:881,0
DA:888,0
DA:902,0
DA:906,3
LF:249
LH:19
BRDA:17,0,0,0
BRDA:17,0,1,0
BRDA:20,1,0,0
BRDA:20,1,1,0
BRDA:39,2,0,0
BRDA:39,2,1,0
BRDA:39,3,0,0
BRDA:39,3,1,0
BRDA:40,4,0,0
BRDA:40,4,1,0
BRDA:41,5,0,0
BRDA:41,5,1,0
BRDA:41,6,0,0
BRDA:41,6,1,0
BRDA:42,7,0,0
BRDA:42,7,1,0
BRDA:45,8,0,0
BRDA:45,8,1,0
BRDA:46,9,0,0
BRDA:46,9,1,0
BRDA:47,10,0,0
BRDA:47,10,1,0
BRDA:48,11,0,0
BRDA:48,11,1,0
BRDA:48,11,2,0
BRDA:49,12,0,0
BRDA:49,12,1,0
BRDA:54,13,0,0
BRDA:54,13,1,0
BRDA:79,14,0,0
BRDA:79,14,1,0
BRDA:94,15,0,0
BRDA:94,15,1,0
BRDA:94,16,0,0
BRDA:94,16,1,0
BRDA:99,17,0,0
BRDA:99,17,1,0
BRDA:99,17,2,0
BRDA:99,17,3,0
BRDA:101,18,0,0
BRDA:101,18,1,0
BRDA:101,18,2,0
BRDA:101,18,3,0
BRDA:107,19,0,0
BRDA:107,19,1,0
BRDA:108,20,0,0
BRDA:108,20,1,0
BRDA:108,21,0,0
BRDA:108,21,1,0
BRDA:111,22,0,0
BRDA:111,22,1,0
BRDA:112,23,0,0
BRDA:112,23,1,0
BRDA:112,24,0,0
BRDA:112,24,1,0
BRDA:121,25,0,0
BRDA:121,25,1,0
BRDA:122,26,0,0
BRDA:122,26,1,0
BRDA:132,27,0,0
BRDA:132,27,1,0
BRDA:140,28,0,0
BRDA:140,28,1,0
BRDA:141,29,0,0
BRDA:141,29,1,0
BRDA:141,30,0,0
BRDA:141,30,1,0
BRDA:181,31,0,0
BRDA:181,31,1,0
BRDA:183,32,0,0
BRDA:183,32,1,0
BRDA:196,33,0,0
BRDA:196,33,1,0
BRDA:196,33,2,0
BRDA:205,34,0,0
BRDA:205,34,1,0
BRDA:239,35,0,0
BRDA:239,35,1,0
BRDA:241,36,0,0
BRDA:241,36,1,0
BRDA:245,37,0,0
BRDA:245,37,1,0
BRDA:256,38,0,0
BRDA:256,38,1,0
BRDA:256,39,0,0
BRDA:256,39,1,0
BRDA:256,39,2,0
BRDA:266,40,0,0
BRDA:266,40,1,0
BRDA:275,41,0,0
BRDA:275,41,1,0
BRDA:275,42,0,0
BRDA:275,42,1,0
BRDA:292,43,0,0
BRDA:292,43,1,0
BRDA:295,44,0,0
BRDA:295,44,1,0
BRDA:301,45,0,0
BRDA:301,45,1,0
BRDA:301,46,0,0
BRDA:301,46,1,0
BRDA:309,47,0,0
BRDA:309,47,1,0
BRDA:309,48,0,0
BRDA:309,48,1,0
BRDA:313,49,0,0
BRDA:313,49,1,0
BRDA:337,50,0,0
BRDA:337,50,1,0
BRDA:351,51,0,0
BRDA:351,51,1,0
BRDA:361,52,0,0
BRDA:361,52,1,0
BRDA:366,53,0,0
BRDA:366,53,1,0
BRDA:366,54,0,0
BRDA:366,54,1,0
BRDA:379,55,0,0
BRDA:379,55,1,0
BRDA:379,56,0,0
BRDA:379,56,1,0
BRDA:387,57,0,0
BRDA:387,57,1,0
BRDA:390,58,0,0
BRDA:390,58,1,0
BRDA:395,59,0,0
BRDA:395,59,1,0
BRDA:405,60,0,0
BRDA:405,60,1,0
BRDA:408,61,0,0
BRDA:408,61,1,0
BRDA:413,62,0,0
BRDA:413,62,1,0
BRDA:417,63,0,0
BRDA:417,63,1,0
BRDA:432,64,0,0
BRDA:432,64,1,0
BRDA:433,65,0,0
BRDA:433,65,1,0
BRDA:438,66,0,0
BRDA:438,66,1,0
BRDA:446,67,0,0
BRDA:446,67,1,0
BRDA:453,68,0,0
BRDA:453,68,1,0
BRDA:456,69,0,0
BRDA:456,69,1,0
BRDA:463,70,0,0
BRDA:463,70,1,0
BRDA:471,71,0,0
BRDA:471,71,1,0
BRDA:483,72,0,0
BRDA:483,72,1,0
BRDA:493,73,0,0
BRDA:493,73,1,0
BRDA:498,74,0,0
BRDA:498,74,1,0
BRDA:507,75,0,0
BRDA:507,75,1,0
BRDA:507,76,0,0
BRDA:507,76,1,0
BRDA:516,77,0,0
BRDA:516,77,1,0
BRDA:526,78,0,0
BRDA:526,78,1,0
BRDA:527,79,0,0
BRDA:527,79,1,0
BRDA:537,80,0,0
BRDA:537,80,1,0
BRDA:552,81,0,0
BRDA:552,81,1,0
BRDA:552,82,0,0
BRDA:552,82,1,0
BRDA:558,83,0,0
BRDA:558,83,1,0
BRDA:558,84,0,0
BRDA:558,84,1,0
BRDA:566,85,0,0
BRDA:566,85,1,0
BRDA:571,86,0,0
BRDA:571,86,1,0
BRDA:571,87,0,0
BRDA:571,87,1,0
BRDA:571,87,2,0
BRDA:579,88,0,0
BRDA:579,88,1,0
BRDA:589,89,0,0
BRDA:589,89,1,0
BRDA:592,90,0,0
BRDA:592,90,1,0
BRDA:598,91,0,0
BRDA:598,91,1,0
BRDA:598,92,0,0
BRDA:598,92,1,0
BRDA:606,93,0,0
BRDA:606,93,1,0
BRDA:606,94,0,0
BRDA:606,94,1,0
BRDA:608,95,0,0
BRDA:608,95,1,0
BRDA:621,96,0,0
BRDA:621,96,1,0
BRDA:634,97,0,0
BRDA:634,97,1,0
BRDA:634,98,0,0
BRDA:634,98,1,0
BRDA:649,99,0,0
BRDA:649,99,1,0
BRDA:659,100,0,0
BRDA:659,100,1,0
BRDA:668,101,0,0
BRDA:668,101,1,0
BRDA:668,102,0,0
BRDA:668,102,1,0
BRDA:723,103,0,0
BRDA:723,103,1,0
BRDA:724,104,0,0
BRDA:724,104,1,0
BRDA:728,105,0,0
BRDA:728,105,1,0
BRDA:766,106,0,0
BRDA:766,106,1,0
BRDA:772,107,0,0
BRDA:772,107,1,0
BRDA:801,108,0,0
BRDA:801,108,1,0
BRDA:801,109,0,0
BRDA:801,109,1,0
BRDA:813,110,0,0
BRDA:813,110,1,0
BRDA:813,111,0,0
BRDA:813,111,1,0
BRDA:818,112,0,0
BRDA:818,112,1,0
BRDA:818,113,0,0
BRDA:818,113,1,0
BRDA:823,114,0,0
BRDA:823,114,1,0
BRDA:831,115,0,0
BRDA:831,115,1,0
BRDA:833,116,0,0
BRDA:833,116,1,0
BRDA:834,117,0,0
BRDA:834,117,1,0
BRDA:834,117,2,0
BRDA:845,118,0,0
BRDA:845,118,1,0
BRDA:847,119,0,0
BRDA:847,119,1,0
BRDA:849,120,0,0
BRDA:849,120,1,0
BRDA:862,121,0,0
BRDA:862,121,1,0
BRDA:868,122,0,0
BRDA:868,122,1,0
BRDA:868,122,2,0
BRDA:891,123,0,0
BRDA:891,123,1,0
BRDA:892,124,0,0
BRDA:892,124,1,0
BRDA:893,125,0,0
BRDA:893,125,1,0
BRDA:893,125,2,0
BRDA:897,126,0,0
BRDA:897,126,1,0
BRDA:902,127,0,0
BRDA:902,127,1,0
BRF:267
BRH:0
end_of_record
TN:
SF:src\routes\products.js
FN:14,(anonymous_0)
FN:29,(anonymous_1)
FN:42,escapeRegExp
FN:65,(anonymous_3)
FN:81,(anonymous_4)
FN:96,(anonymous_5)
FNF:6
FNH:2
FNDA:0,(anonymous_0)
FNDA:0,(anonymous_1)
FNDA:0,escapeRegExp
FNDA:1,(anonymous_3)
FNDA:0,(anonymous_4)
FNDA:1,(anonymous_5)
DA:1,3
DA:3,3
DA:4,3
DA:5,3
DA:7,3
DA:8,3
DA:9,3
DA:10,3
DA:14,3
DA:15,0
DA:16,0
DA:17,0
DA:19,0
DA:29,3
DA:30,0
DA:31,0
DA:32,0
DA:34,0
DA:43,0
DA:48,3
DA:66,1
DA:67,1
DA:68,1
DA:70,0
DA:81,3
DA:82,0
DA:83,0
DA:84,0
DA:86,0
DA:96,3
DA:97,1
DA:98,1
DA:99,1
DA:103,0
DA:111,3
LF:35
LH:20
BRDA:21,0,0,0
BRDA:21,0,1,0
BRDA:22,1,0,0
BRDA:22,1,1,0
BRDA:36,2,0,0
BRDA:36,2,1,0
BRDA:37,3,0,0
BRDA:37,3,1,0
BRDA:72,4,0,0
BRDA:72,4,1,0
BRDA:73,5,0,0
BRDA:73,5,1,0
BRDA:88,6,0,0
BRDA:88,6,1,0
BRDA:89,7,0,0
BRDA:89,7,1,0
BRDA:105,8,0,0
BRDA:105,8,1,0
BRDA:106,9,0,0
BRDA:106,9,1,0
BRF:20
BRH:0
end_of_record
TN:
SF:src\routes\trainings.js
FN:12,(anonymous_0)
FN:29,(anonymous_1)
FN:38,(anonymous_2)
FN:43,(anonymous_3)
FN:52,(anonymous_4)
FN:57,(anonymous_5)
FN:66,(anonymous_6)
FN:72,(anonymous_7)
FN:81,(anonymous_8)
FN:89,(anonymous_9)
FN:97,(anonymous_10)
FN:102,(anonymous_11)
FN:111,(anonymous_12)
FN:118,(anonymous_13)
FN:126,(anonymous_14)
FNF:15
FNH:0
FNDA:0,(anonymous_0)
FNDA:0,(anonymous_1)
FNDA:0,(anonymous_2)
FNDA:0,(anonymous_3)
FNDA:0,(anonymous_4)
FNDA:0,(anonymous_5)
FNDA:0,(anonymous_6)
FNDA:0,(anonymous_7)
FNDA:0,(anonymous_8)
FNDA:0,(anonymous_9)
FNDA:0,(anonymous_10)
FNDA:0,(anonymous_11)
FNDA:0,(anonymous_12)
FNDA:0,(anonymous_13)
FNDA:0,(anonymous_14)
DA:1,3
DA:3,3
DA:4,3
DA:5,3
DA:7,3
DA:8,3
DA:9,3
DA:12,3
DA:13,0
DA:14,0
DA:15,0
DA:16,0
DA:17,0
DA:19,0
DA:26,0
DA:29,0
DA:30,0
DA:31,0
DA:33,0
DA:38,3
DA:39,0
DA:40,0
DA:43,0
DA:44,0
DA:45,0
DA:47,0
DA:52,3
DA:53,0
DA:54,0
DA:57,0
DA:58,0
DA:59,0
DA:61,0
DA:66,3
DA:67,0
DA:68,0
DA:69,0
DA:72,0
DA:73,0
DA:74,0
DA:76,0
DA:81,3
DA:82,0
DA:83,0
DA:84,0
DA:85,0
DA:89,0
DA:90,0
DA:91,0
DA:93,0
DA:97,0
DA:98,0
DA:102,0
DA:103,0
DA:104,0
DA:106,0
DA:111,3
DA:112,0
DA:113,0
DA:114,0
DA:118,0
DA:119,0
DA:120,0
DA:122,0
DA:126,0
DA:127,0
DA:129,0
DA:133,3
LF:68
LH:14
BRDA:15,0,0,0
BRDA:15,0,1,0
BRDA:16,1,0,0
BRDA:16,1,1,0
BRDA:22,2,0,0
BRDA:22,2,1,0
BRDA:22,2,2,0
BRDA:30,3,0,0
BRDA:30,3,1,0
BRDA:31,4,0,0
BRDA:31,4,1,0
BRDA:33,5,0,0
BRDA:33,5,1,0
BRDA:44,6,0,0
BRDA:44,6,1,0
BRDA:47,7,0,0
BRDA:47,7,1,0
BRDA:58,8,0,0
BRDA:58,8,1,0
BRDA:61,9,0,0
BRDA:61,9,1,0
BRDA:68,10,0,0
BRDA:68,10,1,0
BRDA:73,11,0,0
BRDA:73,11,1,0
BRDA:74,12,0,0
BRDA:74,12,1,0
BRDA:76,13,0,0
BRDA:76,13,1,0
BRDA:84,14,0,0
BRDA:84,14,1,0
BRDA:90,15,0,0
BRDA:90,15,1,0
BRDA:90,16,0,0
BRDA:90,16,1,0
BRDA:90,16,2,0
BRDA:103,17,0,0
BRDA:103,17,1,0
BRDA:104,18,0,0
BRDA:104,18,1,0
BRDA:106,19,0,0
BRDA:106,19,1,0
BRDA:119,20,0,0
BRDA:119,20,1,0
BRDA:119,21,0,0
BRDA:119,21,1,0
BRDA:119,21,2,0
BRDA:129,22,0,0
BRDA:129,22,1,0
BRF:49
BRH:0
end_of_record
TN:
SF:src\services\authService.js
FN:15,(anonymous_0)
FN:44,(anonymous_1)
FN:119,(anonymous_2)
FN:152,(anonymous_3)
FN:166,(anonymous_4)
FN:228,(anonymous_5)
FNF:6
FNH:0
FNDA:0,(anonymous_0)
FNDA:0,(anonymous_1)
FNDA:0,(anonymous_2)
FNDA:0,(anonymous_3)
FNDA:0,(anonymous_4)
FNDA:0,(anonymous_5)
DA:1,3
DA:2,3
DA:3,3
DA:4,3
DA:6,3
DA:9,3
DA:16,0
DA:20,0
DA:22,0
DA:24,0
DA:31,0
DA:32,0
DA:33,0
DA:34,0
DA:35,0
DA:36,0
DA:38,0
DA:45,0
DA:46,0
DA:48,0
DA:49,0
DA:54,0
DA:55,0
DA:56,0
DA:60,0
DA:61,0
DA:65,0
DA:68,0
DA:70,0
DA:71,0
DA:73,0
DA:75,0
DA:81,0
DA:83,0
DA:84,0
DA:85,0
DA:88,0
DA:89,0
DA:90,0
DA:92,0
DA:93,0
DA:94,0
DA:95,0
DA:96,0
DA:101,0
DA:107,0
DA:120,0
DA:121,0
DA:122,0
DA:123,0
DA:124,0
DA:125,0
DA:128,0
DA:129,0
DA:130,0
DA:131,0
DA:132,0
DA:135,0
DA:141,0
DA:153,0
DA:158,0
DA:159,0
DA:160,0
DA:161,0
DA:163,0
DA:168,0
DA:169,0
DA:170,0
DA:171,0
DA:172,0
DA:175,0
DA:176,0
DA:177,0
DA:178,0
DA:179,0
DA:180,0
DA:181,0
DA:182,0
DA:183,0
DA:184,0
DA:185,0
DA:187,0
DA:192,0
DA:195,0
DA:196,0
DA:198,0
DA:203,0
DA:206,0
DA:207,0
DA:210,0
DA:211,0
DA:212,0
DA:213,0
DA:216,0
DA:220,0
DA:221,0
DA:222,0
DA:223,0
DA:225,0
DA:229,0
DA:230,0
DA:231,0
DA:232,0
DA:236,3
LF:104
LH:7
BRDA:6,0,0,3
BRDA:6,0,1,0
BRDA:27,1,0,0
BRDA:27,1,1,0
BRDA:28,2,0,0
BRDA:28,2,1,0
BRDA:44,3,0,0
BRDA:48,4,0,0
BRDA:48,4,1,0
BRDA:54,5,0,0
BRDA:54,5,1,0
BRDA:60,6,0,0
BRDA:60,6,1,0
BRDA:60,7,0,0
BRDA:60,7,1,0
BRDA:70,8,0,0
BRDA:70,8,1,0
BRDA:70,8,2,0
BRDA:71,9,0,0
BRDA:71,9,1,0
BRDA:73,10,0,0
BRDA:73,10,1,0
BRDA:78,11,0,0
BRDA:78,11,1,0
BRDA:81,12,0,0
BRDA:81,12,1,0
BRDA:84,13,0,0
BRDA:84,13,1,0
BRDA:89,14,0,0
BRDA:89,14,1,0
BRDA:89,15,0,0
BRDA:89,15,1,0
BRDA:92,16,0,0
BRDA:92,16,1,0
BRDA:93,17,0,0
BRDA:93,17,1,0
BRDA:113,18,0,0
BRDA:113,18,1,0
BRDA:122,19,0,0
BRDA:122,19,1,0
BRDA:122,20,0,0
BRDA:122,20,1,0
BRDA:128,21,0,0
BRDA:128,21,1,0
BRDA:129,22,0,0
BRDA:129,22,1,0
BRDA:158,23,0,0
BRDA:158,23,1,0
BRDA:158,24,0,0
BRDA:158,24,1,0
BRDA:166,25,0,0
BRDA:169,26,0,0
BRDA:169,26,1,0
BRDA:169,27,0,0
BRDA:169,27,1,0
BRDA:176,28,0,0
BRDA:176,28,1,0
BRDA:178,29,0,0
BRDA:178,29,1,0
BRDA:180,30,0,0
BRDA:180,30,1,0
BRDA:182,31,0,0
BRDA:182,31,1,0
BRDA:184,32,0,0
BRDA:184,32,1,0
BRDA:187,33,0,0
BRDA:187,33,1,0
BRDA:188,34,0,0
BRDA:188,34,1,0
BRDA:188,34,2,0
BRDA:198,35,0,0
BRDA:198,35,1,0
BRDA:199,36,0,0
BRDA:199,36,1,0
BRDA:199,36,2,0
BRDA:210,37,0,0
BRDA:210,37,1,0
BRDA:220,38,0,0
BRDA:220,38,1,0
BRDA:228,39,0,0
BRDA:230,40,0,0
BRDA:230,40,1,0
BRF:82
BRH:1
end_of_record
TN:
SF:src\services\categoryService.js
FN:4,listCategories
FN:14,escapeSlug
FN:18,generateNextCategoryUid
FN:27,(anonymous_3)
FN:29,(anonymous_4)
FN:33,(anonymous_5)
FN:37,createCategory
FN:60,(anonymous_7)
FN:89,updateCategory
FN:105,deleteCategory
FN:117,(anonymous_10)
FNF:11
FNH:6
FNDA:1,listCategories
FNDA:2,escapeSlug
FNDA:0,generateNextCategoryUid
FNDA:0,(anonymous_3)
FNDA:0,(anonymous_4)
FNDA:0,(anonymous_5)
FNDA:2,createCategory
FNDA:8,(anonymous_7)
FNDA:0,updateCategory
FNDA:1,deleteCategory
FNDA:10,(anonymous_10)
DA:1,4
DA:2,4
DA:5,1
DA:6,1
DA:7,0
DA:8,0
DA:9,0
DA:11,1
DA:15,2
DA:19,0
DA:20,0
DA:21,0
DA:22,0
DA:23,0
DA:26,0
DA:27,0
DA:30,0
DA:31,0
DA:33,0
DA:34,0
DA:38,2
DA:39,2
DA:40,0
DA:41,0
DA:42,0
DA:44,2
DA:45,2
DA:48,2
DA:49,2
DA:50,0
DA:53,0
DA:54,0
DA:58,2
DA:59,2
DA:60,8
DA:61,2
DA:62,0
DA:65,0
DA:66,0
DA:70,2
DA:72,2
DA:80,2
DA:81,2
DA:82,0
DA:83,0
DA:84,0
DA:86,2
DA:90,0
DA:91,0
DA:92,0
DA:93,0
DA:94,0
DA:96,0
DA:97,0
DA:98,0
DA:99,0
DA:100,0
DA:102,0
DA:107,1
DA:108,1
DA:109,0
DA:110,0
DA:111,0
DA:115,1
DA:116,1
DA:117,10
DA:118,1
DA:122,1
DA:125,4
LF:69
LH:29
BRDA:6,0,0,0
BRDA:6,0,1,1
BRDA:20,1,0,0
BRDA:20,1,1,0
BRDA:26,2,0,0
BRDA:26,2,1,0
BRDA:31,3,0,0
BRDA:31,3,1,0
BRDA:39,4,0,0
BRDA:39,4,1,2
BRDA:39,5,0,2
BRDA:39,5,1,2
BRDA:45,6,0,2
BRDA:45,6,1,0
BRDA:49,7,0,0
BRDA:49,7,1,2
BRDA:58,8,0,2
BRDA:58,8,1,0
BRDA:60,9,0,2
BRDA:60,9,1,0
BRDA:61,10,0,0
BRDA:61,10,1,2
BRDA:70,11,0,2
BRDA:70,11,1,0
BRDA:76,12,0,2
BRDA:76,12,1,2
BRDA:77,13,0,2
BRDA:77,13,1,2
BRDA:81,14,0,0
BRDA:81,14,1,2
BRDA:91,15,0,0
BRDA:91,15,1,0
BRDA:92,16,0,0
BRDA:92,16,1,0
BRDA:94,17,0,0
BRDA:94,17,1,0
BRDA:97,18,0,0
BRDA:97,18,1,0
BRDA:108,19,0,0
BRDA:108,19,1,1
BRDA:116,20,0,1
BRDA:116,20,1,0
BRDA:116,21,0,1
BRDA:116,21,1,1
BRF:44
BRH:19
end_of_record
TN:
SF:src\services\productService.js
FN:4,escapeRegExp
FN:8,listProducts
FN:14,getProduct
FN:25,createProduct
FN:64,(anonymous_4)
FN:74,(anonymous_5)
FN:130,updateProduct
FN:157,(anonymous_7)
FN:164,(anonymous_8)
FN:198,deleteProduct
FNF:10
FNH:6
FNDA:0,escapeRegExp
FNDA:1,listProducts
FNDA:0,getProduct
FNDA:3,createProduct
FNDA:13,(anonymous_4)
FNDA:11,(anonymous_5)
FNDA:1,updateProduct
FNDA:0,(anonymous_7)
FNDA:0,(anonymous_8)
FNDA:2,deleteProduct
DA:1,5
DA:2,5
DA:5,0
DA:9,1
DA:10,1
DA:11,1
DA:15,0
DA:16,0
DA:17,0
DA:18,0
DA:19,0
DA:22,0
DA:37,3
DA:38,3
DA:39,0
DA:42,0
DA:43,0
DA:46,3
DA:48,3
DA:49,3
DA:50,0
DA:51,0
DA:52,0
DA:56,3
DA:57,3
DA:58,0
DA:59,0
DA:60,0
DA:63,3
DA:64,13
DA:66,3
DA:67,0
DA:68,0
DA:69,0
DA:72,3
DA:73,3
DA:74,11
DA:75,3
DA:80,3
DA:81,0
DA:82,0
DA:85,0
DA:86,0
DA:89,0
DA:90,0
DA:93,0
DA:94,0
DA:95,0
DA:96,0
DA:97,0
DA:99,0
DA:100,0
DA:101,0
DA:102,0
DA:106,3
DA:121,3
DA:122,3
DA:123,0
DA:124,0
DA:125,0
DA:127,3
DA:132,1
DA:133,0
DA:134,0
DA:135,0
DA:139,1
DA:140,1
DA:141,0
DA:142,0
DA:143,0
DA:146,1
DA:147,1
DA:148,1
DA:149,0
DA:150,1
DA:151,1
DA:152,0
DA:153,1
DA:154,1
DA:155,0
DA:156,0
DA:157,0
DA:159,0
DA:160,0
DA:161,0
DA:162,0
DA:164,0
DA:165,0
DA:168,0
DA:171,0
DA:172,0
DA:175,0
DA:176,0
DA:178,0
DA:180,1
DA:181,0
DA:182,1
DA:183,0
DA:184,1
DA:186,1
DA:190,1
DA:191,0
DA:192,0
DA:193,0
DA:195,1
DA:199,2
DA:200,2
DA:201,0
DA:202,0
DA:203,0
DA:205,2
DA:208,5
LF:112
LH:44
BRDA:10,0,0,0
BRDA:10,0,1,1
BRDA:16,1,0,0
BRDA:16,1,1,0
BRDA:16,2,0,0
BRDA:16,2,1,0
BRDA:38,3,0,0
BRDA:38,3,1,3
BRDA:38,4,0,3
BRDA:38,4,1,3
BRDA:38,4,2,3
BRDA:38,4,3,3
BRDA:48,5,0,0
BRDA:48,5,1,3
BRDA:49,6,0,0
BRDA:49,6,1,3
BRDA:49,7,0,3
BRDA:49,7,1,0
BRDA:57,8,0,0
BRDA:57,8,1,3
BRDA:63,9,0,3
BRDA:63,9,1,0
BRDA:66,10,0,0
BRDA:66,10,1,3
BRDA:73,11,0,3
BRDA:73,11,1,0
BRDA:75,12,0,3
BRDA:75,12,1,0
BRDA:76,13,0,3
BRDA:76,13,1,0
BRDA:80,14,0,0
BRDA:80,14,1,3
BRDA:81,15,0,0
BRDA:81,15,1,0
BRDA:85,16,0,0
BRDA:85,16,1,0
BRDA:94,17,0,0
BRDA:94,17,1,0
BRDA:99,18,0,0
BRDA:99,18,1,0
BRDA:107,19,0,0
BRDA:107,19,1,3
BRDA:111,20,0,0
BRDA:111,20,1,3
BRDA:113,21,0,3
BRDA:113,21,1,3
BRDA:116,22,0,3
BRDA:116,22,1,3
BRDA:117,23,0,3
BRDA:117,23,1,3
BRDA:118,24,0,3
BRDA:118,24,1,3
BRDA:122,25,0,0
BRDA:122,25,1,3
BRDA:132,26,0,0
BRDA:132,26,1,1
BRDA:140,27,0,0
BRDA:140,27,1,1
BRDA:140,28,0,1
BRDA:140,28,1,1
BRDA:147,29,0,1
BRDA:147,29,1,0
BRDA:148,30,0,0
BRDA:148,30,1,1
BRDA:150,31,0,0
BRDA:150,31,1,1
BRDA:151,32,0,0
BRDA:151,32,1,1
BRDA:153,33,0,0
BRDA:153,33,1,1
BRDA:154,34,0,0
BRDA:154,34,1,1
BRDA:156,35,0,0
BRDA:156,35,1,0
BRDA:159,36,0,0
BRDA:159,36,1,0
BRDA:165,37,0,0
BRDA:165,37,1,0
BRDA:166,38,0,0
BRDA:166,38,1,0
BRDA:171,39,0,0
BRDA:171,39,1,0
BRDA:180,40,0,0
BRDA:180,40,1,1
BRDA:182,41,0,0
BRDA:182,41,1,1
BRDA:184,42,0,1
BRDA:184,42,1,0
BRDA:190,43,0,0
BRDA:190,43,1,1
BRDA:200,44,0,0
BRDA:200,44,1,2
BRF:92
BRH:42
end_of_record
TN:
SF:src\utils\errorHandler.js
FN:3,handleError
FNF:1
FNH:0
FNDA:0,handleError
DA:1,3
DA:4,0
DA:6,0
DA:14,0
DA:15,0
DA:18,0
DA:19,0
DA:22,0
DA:23,0
DA:26,3
LF:10
LH:2
BRDA:4,0,0,0
BRDA:4,0,1,0
BRDA:7,1,0,0
BRDA:7,1,1,0
BRDA:8,2,0,0
BRDA:8,2,1,0
BRDA:9,3,0,0
BRDA:9,3,1,0
BRDA:14,4,0,0
BRDA:14,4,1,0
BRDA:18,5,0,0
BRDA:18,5,1,0
BRF:12
BRH:0
end_of_record
