TN:
SF:src\server.js
FN:30,(anonymous_0)
FN:33,(anonymous_1)
FN:59,(anonymous_2)
FN:69,(anonymous_3)
FN:88,(anonymous_4)
FN:97,(anonymous_5)
FN:122,(anonymous_6)
FN:132,(anonymous_7)
FN:148,runMigrations
FN:236,(anonymous_9)
FN:240,(anonymous_10)
FN:249,startServer
FN:250,(anonymous_12)
FN:265,(anonymous_13)
FN:266,(anonymous_14)
FN:267,(anonymous_15)
FN:273,(anonymous_16)
FN:287,(anonymous_17)
FNF:18
FNH:3
FNDA:0,(anonymous_0)
FNDA:0,(anonymous_1)
FNDA:3,(anonymous_2)
FNDA:5,(anonymous_3)
FNDA:14,(anonymous_4)
FNDA:0,(anonymous_5)
FNDA:0,(anonymous_6)
FNDA:0,(anonymous_7)
FNDA:0,runMigrations
FNDA:0,(anonymous_9)
FNDA:0,(anonymous_10)
FNDA:0,startServer
FNDA:0,(anonymous_12)
FNDA:0,(anonymous_13)
FNDA:0,(anonymous_14)
FNDA:0,(anonymous_15)
FNDA:0,(anonymous_16)
FNDA:0,(anonymous_17)
DA:1,8
DA:2,8
DA:3,8
DA:4,8
DA:5,8
DA:6,8
DA:7,8
DA:8,8
DA:9,8
DA:10,8
DA:12,8
DA:13,8
DA:14,8
DA:15,8
DA:16,8
DA:17,8
DA:18,8
DA:19,8
DA:20,8
DA:21,8
DA:22,8
DA:23,8
DA:24,8
DA:26,8
DA:27,8
DA:29,8
DA:30,0
DA:33,0
DA:41,8
DA:44,8
DA:47,8
DA:57,8
DA:58,8
DA:59,3
DA:68,8
DA:69,5
DA:79,8
DA:80,8
DA:81,8
DA:82,8
DA:86,8
DA:89,14
DA:90,1
DA:95,8
DA:97,8
DA:98,0
DA:99,0
DA:105,0
DA:109,8
DA:110,8
DA:111,8
DA:112,8
DA:113,8
DA:114,8
DA:115,8
DA:116,8
DA:117,8
DA:118,8
DA:119,8
DA:122,8
DA:123,0
DA:132,8
DA:133,0
DA:141,8
DA:144,8
DA:145,8
DA:149,0
DA:150,0
DA:151,0
DA:152,0
DA:153,0
DA:154,0
DA:155,0
DA:157,0
DA:165,0
DA:168,0
DA:235,0
DA:236,0
DA:240,0
DA:241,0
DA:242,0
DA:244,0
DA:250,0
DA:251,0
DA:252,0
DA:253,0
DA:256,0
DA:259,0
DA:260,0
DA:264,0
DA:265,0
DA:266,0
DA:267,0
DA:270,0
DA:273,0
DA:274,0
DA:275,0
DA:276,0
DA:277,0
DA:279,0
DA:280,0
DA:285,8
DA:287,0
DA:290,8
LF:104
LH:61
BRDA:27,0,0,8
BRDA:27,0,1,0
BRDA:29,1,0,0
BRDA:29,1,1,8
BRDA:31,2,0,0
BRDA:31,2,1,8
BRDA:32,3,0,0
BRDA:32,3,1,0
BRDA:49,4,0,8
BRDA:49,4,1,0
BRDA:58,5,0,8
BRDA:58,5,1,0
BRDA:68,6,0,8
BRDA:68,6,1,0
BRDA:89,7,0,1
BRDA:89,7,1,13
BRDA:89,8,0,14
BRDA:89,8,1,14
BRDA:98,9,0,0
BRDA:98,9,1,0
BRDA:98,10,0,0
BRDA:98,10,1,0
BRDA:98,10,2,0
BRDA:125,11,0,0
BRDA:125,11,1,0
BRDA:126,12,0,0
BRDA:126,12,1,0
BRDA:144,13,0,8
BRDA:144,13,1,0
BRDA:149,14,0,0
BRDA:149,14,1,0
BRDA:152,15,0,0
BRDA:152,15,1,0
BRDA:153,16,0,0
BRDA:153,16,1,0
BRDA:155,17,0,0
BRDA:155,17,1,0
BRDA:155,18,0,0
BRDA:155,18,1,0
BRDA:249,19,0,0
BRDA:254,20,0,0
BRDA:254,20,1,0
BRDA:257,21,0,0
BRDA:257,21,1,0
BRDA:259,22,0,0
BRDA:259,22,1,0
BRDA:274,23,0,0
BRDA:274,23,1,0
BRDA:274,24,0,0
BRDA:274,24,1,0
BRDA:285,25,0,0
BRDA:285,25,1,8
BRF:52
BRH:12
end_of_record
TN:
SF:src\config\db.js
FN:465,(anonymous_0)
FN:474,(anonymous_1)
FN:479,(anonymous_2)
FN:480,(anonymous_3)
FN:484,(anonymous_4)
FN:490,(anonymous_5)
FN:526,(anonymous_6)
FN:527,(anonymous_7)
FN:533,(anonymous_8)
FN:540,(anonymous_9)
FN:550,(anonymous_10)
FN:551,(anonymous_11)
FN:555,(anonymous_12)
FN:562,(anonymous_13)
FN:573,(anonymous_14)
FN:578,(anonymous_15)
FN:583,(anonymous_16)
FN:585,(anonymous_17)
FN:600,(anonymous_18)
FN:605,(anonymous_19)
FN:608,(anonymous_20)
FN:609,(anonymous_21)
FN:616,(anonymous_22)
FN:626,(anonymous_23)
FN:627,(anonymous_24)
FN:629,(anonymous_25)
FN:633,(anonymous_26)
FN:634,(anonymous_27)
FN:638,(anonymous_28)
FN:639,(anonymous_29)
FN:643,(anonymous_30)
FN:644,(anonymous_31)
FN:648,(anonymous_32)
FN:653,(anonymous_33)
FN:667,(anonymous_34)
FN:672,(anonymous_35)
FN:677,(anonymous_36)
FN:683,(anonymous_37)
FN:689,(anonymous_38)
FN:695,(anonymous_39)
FN:700,(anonymous_40)
FN:705,(anonymous_41)
FN:710,(anonymous_42)
FN:715,(anonymous_43)
FN:720,(anonymous_44)
FN:725,(anonymous_45)
FN:730,(anonymous_46)
FN:735,(anonymous_47)
FN:745,(anonymous_48)
FN:756,(anonymous_49)
FN:765,(anonymous_50)
FNF:51
FNH:21
FNDA:120,(anonymous_0)
FNDA:60,(anonymous_1)
FNDA:77,(anonymous_2)
FNDA:245,(anonymous_3)
FNDA:116,(anonymous_4)
FNDA:28,(anonymous_5)
FNDA:24,(anonymous_6)
FNDA:66,(anonymous_7)
FNDA:47,(anonymous_8)
FNDA:24,(anonymous_9)
FNDA:4,(anonymous_10)
FNDA:31,(anonymous_11)
FNDA:31,(anonymous_12)
FNDA:83,(anonymous_13)
FNDA:28,(anonymous_14)
FNDA:28,(anonymous_15)
FNDA:2,(anonymous_16)
FNDA:0,(anonymous_17)
FNDA:0,(anonymous_18)
FNDA:0,(anonymous_19)
FNDA:0,(anonymous_20)
FNDA:0,(anonymous_21)
FNDA:0,(anonymous_22)
FNDA:0,(anonymous_23)
FNDA:0,(anonymous_24)
FNDA:0,(anonymous_25)
FNDA:0,(anonymous_26)
FNDA:0,(anonymous_27)
FNDA:0,(anonymous_28)
FNDA:0,(anonymous_29)
FNDA:0,(anonymous_30)
FNDA:0,(anonymous_31)
FNDA:4,(anonymous_32)
FNDA:33,(anonymous_33)
FNDA:0,(anonymous_34)
FNDA:0,(anonymous_35)
FNDA:0,(anonymous_36)
FNDA:0,(anonymous_37)
FNDA:0,(anonymous_38)
FNDA:0,(anonymous_39)
FNDA:0,(anonymous_40)
FNDA:0,(anonymous_41)
FNDA:0,(anonymous_42)
FNDA:0,(anonymous_43)
FNDA:0,(anonymous_44)
FNDA:0,(anonymous_45)
FNDA:0,(anonymous_46)
FNDA:0,(anonymous_47)
FNDA:0,(anonymous_48)
FNDA:120,(anonymous_49)
FNDA:11,(anonymous_50)
DA:1,13
DA:2,13
DA:3,13
DA:4,13
DA:5,13
DA:7,13
DA:8,13
DA:12,13
DA:20,13
DA:21,13
DA:23,0
DA:27,13
DA:401,13
DA:402,13
DA:403,0
DA:407,13
DA:410,13
DA:420,13
DA:430,13
DA:440,13
DA:451,13
DA:466,120
DA:467,120
DA:468,120
DA:469,120
DA:470,120
DA:471,120
DA:475,60
DA:476,60
DA:480,245
DA:481,77
DA:485,116
DA:486,28
DA:487,28
DA:488,28
DA:490,28
DA:491,28
DA:498,28
DA:499,11
DA:500,11
DA:501,11
DA:502,11
DA:504,28
DA:505,4
DA:506,4
DA:507,4
DA:508,4
DA:509,4
DA:511,28
DA:512,28
DA:515,28
DA:516,28
DA:519,116
DA:520,24
DA:521,24
DA:522,4
DA:523,4
DA:524,4
DA:526,24
DA:527,24
DA:528,66
DA:529,66
DA:531,66
DA:533,24
DA:534,47
DA:535,24
DA:536,24
DA:538,23
DA:540,24
DA:541,24
DA:542,24
DA:544,0
DA:546,24
DA:549,116
DA:550,4
DA:551,4
DA:552,31
DA:554,4
DA:555,31
DA:557,4
DA:558,4
DA:563,83
DA:564,83
DA:565,7
DA:570,76
DA:574,28
DA:575,28
DA:579,28
DA:580,28
DA:584,2
DA:585,2
DA:586,0
DA:587,0
DA:588,0
DA:589,0
DA:590,0
DA:591,0
DA:592,0
DA:593,0
DA:594,0
DA:595,0
DA:597,2
DA:601,0
DA:602,0
DA:607,0
DA:608,0
DA:609,0
DA:610,0
DA:611,0
DA:612,0
DA:613,0
DA:614,0
DA:615,0
DA:616,0
DA:617,0
DA:618,0
DA:620,0
DA:623,0
DA:627,0
DA:628,0
DA:629,0
DA:630,0
DA:634,0
DA:635,0
DA:639,0
DA:640,0
DA:644,0
DA:645,0
DA:649,4
DA:650,4
DA:654,33
DA:655,33
DA:656,33
DA:657,0
DA:659,33
DA:668,0
DA:669,0
DA:673,0
DA:674,0
DA:678,0
DA:679,0
DA:680,0
DA:684,0
DA:685,0
DA:686,0
DA:690,0
DA:691,0
DA:692,0
DA:696,0
DA:697,0
DA:701,0
DA:702,0
DA:706,0
DA:707,0
DA:711,0
DA:712,0
DA:716,0
DA:717,0
DA:721,0
DA:722,0
DA:726,0
DA:727,0
DA:731,0
DA:732,0
DA:736,0
DA:737,0
DA:738,0
DA:740,0
DA:742,0
DA:746,0
DA:747,0
DA:748,0
DA:750,0
DA:754,13
DA:757,120
DA:758,0
DA:760,120
DA:764,13
DA:765,13
LF:179
LH:100
BRDA:7,0,0,13
BRDA:7,0,1,7
BRDA:8,1,0,13
BRDA:8,1,1,7
BRDA:12,2,0,13
BRDA:12,2,1,0
BRDA:12,2,2,0
BRDA:12,2,3,0
BRDA:12,2,4,0
BRDA:12,2,5,0
BRDA:12,2,6,0
BRDA:21,3,0,0
BRDA:21,3,1,13
BRDA:402,4,0,0
BRDA:402,4,1,13
BRDA:402,5,0,13
BRDA:402,5,1,13
BRDA:474,6,0,0
BRDA:474,7,0,60
BRDA:475,8,0,60
BRDA:475,8,1,60
BRDA:485,9,0,28
BRDA:485,9,1,88
BRDA:488,10,0,0
BRDA:488,10,1,28
BRDA:493,11,0,28
BRDA:493,11,1,11
BRDA:498,12,0,11
BRDA:498,12,1,17
BRDA:499,13,0,11
BRDA:499,13,1,11
BRDA:500,14,0,11
BRDA:500,14,1,11
BRDA:501,15,0,11
BRDA:501,15,1,11
BRDA:502,16,0,11
BRDA:502,16,1,11
BRDA:504,17,0,4
BRDA:504,17,1,24
BRDA:505,18,0,4
BRDA:505,18,1,0
BRDA:505,18,2,0
BRDA:506,19,0,4
BRDA:506,19,1,0
BRDA:509,20,0,4
BRDA:509,20,1,0
BRDA:519,21,0,24
BRDA:519,21,1,92
BRDA:521,22,0,4
BRDA:521,22,1,20
BRDA:522,23,0,4
BRDA:522,23,1,0
BRDA:523,24,0,0
BRDA:523,24,1,4
BRDA:524,25,0,0
BRDA:524,25,1,4
BRDA:528,26,0,66
BRDA:528,26,1,0
BRDA:534,27,0,24
BRDA:534,27,1,23
BRDA:541,28,0,24
BRDA:541,28,1,0
BRDA:549,29,0,4
BRDA:549,29,1,112
BRDA:564,30,0,7
BRDA:564,30,1,76
BRDA:583,31,0,0
BRDA:584,32,0,0
BRDA:584,33,0,2
BRDA:588,34,0,0
BRDA:588,34,1,0
BRDA:589,35,0,0
BRDA:589,35,1,0
BRDA:590,36,0,0
BRDA:590,36,1,0
BRDA:590,37,0,0
BRDA:590,37,1,0
BRDA:591,38,0,0
BRDA:591,38,1,0
BRDA:591,39,0,0
BRDA:591,39,1,0
BRDA:592,40,0,0
BRDA:592,40,1,0
BRDA:592,41,0,0
BRDA:592,41,1,0
BRDA:593,42,0,0
BRDA:593,42,1,0
BRDA:593,43,0,0
BRDA:593,43,1,0
BRDA:594,44,0,0
BRDA:594,44,1,0
BRDA:594,45,0,0
BRDA:594,45,1,0
BRDA:611,46,0,0
BRDA:611,46,1,0
BRDA:615,47,0,0
BRDA:615,47,1,0
BRDA:618,48,0,0
BRDA:618,48,1,0
BRDA:629,49,0,0
BRDA:629,49,1,0
BRDA:656,50,0,0
BRDA:656,50,1,33
BRDA:672,51,0,0
BRDA:672,52,0,0
BRDA:736,53,0,0
BRDA:736,53,1,0
BRDA:746,54,0,0
BRDA:746,54,1,0
BRDA:757,55,0,0
BRDA:757,55,1,120
BRF:111
BRH:50
end_of_record
TN:
SF:src\config\jwt.js
FNF:0
FNH:0
DA:1,8
DA:2,8
DA:4,8
DA:5,0
DA:6,0
DA:7,0
DA:9,0
DA:15,8
DA:17,8
DA:19,8
LF:10
LH:6
BRDA:4,0,0,0
BRDA:4,0,1,8
BRDA:5,1,0,0
BRDA:5,1,1,0
BRDA:15,2,0,8
BRDA:15,2,1,0
BRDA:17,3,0,8
BRDA:17,3,1,8
BRF:8
BRH:4
end_of_record
TN:
SF:src\config\razorpay.js
FN:21,(anonymous_0)
FN:40,(anonymous_1)
FN:56,(anonymous_2)
FN:74,(anonymous_3)
FN:77,(anonymous_4)
FN:86,(anonymous_5)
FNF:6
FNH:1
FNDA:0,(anonymous_0)
FNDA:0,(anonymous_1)
FNDA:0,(anonymous_2)
FNDA:0,(anonymous_3)
FNDA:0,(anonymous_4)
FNDA:3,(anonymous_5)
DA:1,8
DA:2,8
DA:3,8
DA:5,8
DA:6,8
DA:8,8
DA:10,8
DA:11,8
DA:12,8
DA:18,8
DA:22,0
DA:24,0
DA:42,0
DA:43,0
DA:45,0
DA:46,0
DA:49,0
DA:54,0
DA:57,0
DA:58,0
DA:69,8
DA:74,0
DA:79,0
DA:80,0
DA:84,0
DA:87,3
LF:26
LH:12
BRDA:5,0,0,8
BRDA:5,0,1,0
BRDA:6,1,0,8
BRDA:6,1,1,0
BRDA:8,2,0,8
BRDA:8,2,1,8
BRDA:8,2,2,8
BRDA:11,3,0,8
BRDA:11,3,1,0
BRDA:30,4,0,0
BRDA:30,4,1,0
BRDA:34,5,0,0
BRDA:34,5,1,0
BRDA:43,6,0,0
BRDA:43,6,1,0
BRDA:61,7,0,0
BRDA:61,7,1,0
BRDA:69,8,0,0
BRDA:69,8,1,8
BRF:19
BRH:7
end_of_record
TN:
SF:src\config\supabase.js
FNF:0
FNH:0
DA:1,13
DA:2,13
DA:4,13
DA:5,13
DA:6,13
DA:8,13
DA:9,7
DA:11,6
DA:12,0
DA:17,6
DA:24,6
DA:33,6
LF:12
LH:11
BRDA:8,0,0,7
BRDA:8,0,1,6
BRDA:8,1,0,13
BRDA:8,1,1,6
BRDA:11,2,0,0
BRDA:11,2,1,6
BRDA:24,3,0,6
BRDA:24,3,1,0
BRF:8
BRH:6
end_of_record
TN:
SF:src\controllers\authController.js
FN:34,(anonymous_0)
FN:92,(anonymous_1)
FN:144,(anonymous_2)
FN:184,(anonymous_3)
FN:224,(anonymous_4)
FN:275,(anonymous_5)
FN:328,(anonymous_6)
FN:371,(anonymous_7)
FN:393,(anonymous_8)
FN:413,(anonymous_9)
FNF:10
FNH:2
FNDA:0,(anonymous_0)
FNDA:0,(anonymous_1)
FNDA:0,(anonymous_2)
FNDA:0,(anonymous_3)
FNDA:0,(anonymous_4)
FNDA:0,(anonymous_5)
FNDA:0,(anonymous_6)
FNDA:3,(anonymous_7)
FNDA:1,(anonymous_8)
FNDA:0,(anonymous_9)
DA:1,8
DA:3,8
DA:4,8
DA:5,8
DA:6,8
DA:7,8
DA:8,8
DA:9,8
DA:10,8
DA:12,8
DA:34,8
DA:35,0
DA:36,0
DA:43,0
DA:45,0
DA:46,0
DA:53,0
DA:56,0
DA:63,0
DA:73,0
DA:77,8
DA:92,8
DA:93,0
DA:95,0
DA:102,0
DA:104,0
DA:105,0
DA:109,0
DA:112,0
DA:118,0
DA:120,0
DA:135,0
DA:144,8
DA:145,0
DA:147,0
DA:148,0
DA:149,0
DA:150,0
DA:154,0
DA:155,0
DA:156,0
DA:163,0
DA:164,0
DA:167,8
DA:181,8
DA:185,0
DA:186,0
DA:187,0
DA:193,0
DA:195,0
DA:204,8
DA:224,8
DA:225,0
DA:226,0
DA:227,0
DA:231,0
DA:232,0
DA:234,0
DA:242,8
DA:271,8
DA:276,0
DA:277,0
DA:278,0
DA:292,0
DA:294,0
DA:311,0
DA:324,8
DA:328,8
DA:329,0
DA:330,0
DA:331,0
DA:332,0
DA:333,0
DA:335,0
DA:343,8
DA:350,8
DA:368,8
DA:372,3
DA:373,3
DA:374,3
DA:375,2
DA:377,1
DA:390,8
DA:394,1
DA:395,1
DA:396,1
DA:397,0
DA:398,0
DA:400,1
DA:413,8
DA:414,0
DA:415,0
DA:416,0
DA:432,0
DA:440,8
LF:95
LH:37
BRDA:35,0,0,0
BRDA:35,0,1,0
BRDA:35,1,0,0
BRDA:35,1,1,0
BRDA:43,2,0,0
BRDA:53,3,0,0
BRDA:53,3,1,0
BRDA:73,4,0,0
BRDA:73,4,1,0
BRDA:93,5,0,0
BRDA:93,5,1,0
BRDA:93,6,0,0
BRDA:93,6,1,0
BRDA:109,7,0,0
BRDA:109,7,1,0
BRDA:125,8,0,0
BRDA:125,8,1,0
BRDA:127,9,0,0
BRDA:127,9,1,0
BRDA:128,10,0,0
BRDA:128,10,1,0
BRDA:128,11,0,0
BRDA:128,11,1,0
BRDA:129,12,0,0
BRDA:129,12,1,0
BRDA:129,13,0,0
BRDA:129,13,1,0
BRDA:130,14,0,0
BRDA:130,14,1,0
BRDA:130,15,0,0
BRDA:130,15,1,0
BRDA:131,16,0,0
BRDA:131,16,1,0
BRDA:131,17,0,0
BRDA:131,17,1,0
BRDA:135,18,0,0
BRDA:135,18,1,0
BRDA:147,19,0,0
BRDA:147,19,1,0
BRDA:147,20,0,0
BRDA:147,20,1,0
BRDA:149,21,0,0
BRDA:149,21,1,0
BRDA:150,22,0,0
BRDA:150,22,1,0
BRDA:155,23,0,0
BRDA:155,23,1,0
BRDA:197,24,0,0
BRDA:197,24,1,0
BRDA:198,25,0,0
BRDA:198,25,1,0
BRDA:231,26,0,0
BRDA:231,26,1,0
BRDA:236,27,0,0
BRDA:236,27,1,0
BRDA:237,28,0,0
BRDA:237,28,1,0
BRDA:282,29,0,0
BRDA:282,29,1,0
BRDA:283,30,0,0
BRDA:283,30,1,0
BRDA:284,31,0,0
BRDA:284,31,1,0
BRDA:285,32,0,0
BRDA:285,32,1,0
BRDA:286,33,0,0
BRDA:286,33,1,0
BRDA:298,34,0,0
BRDA:298,34,1,0
BRDA:300,35,0,0
BRDA:300,35,1,0
BRDA:301,36,0,0
BRDA:301,36,1,0
BRDA:302,37,0,0
BRDA:302,37,1,0
BRDA:303,38,0,0
BRDA:303,38,1,0
BRDA:304,39,0,0
BRDA:304,39,1,0
BRDA:305,40,0,0
BRDA:305,40,1,0
BRDA:306,41,0,0
BRDA:306,41,1,0
BRDA:307,42,0,0
BRDA:307,42,1,0
BRDA:308,43,0,0
BRDA:308,43,1,0
BRDA:313,44,0,0
BRDA:313,44,1,0
BRDA:314,45,0,0
BRDA:314,45,1,0
BRDA:331,46,0,0
BRDA:331,46,1,0
BRDA:337,47,0,0
BRDA:337,47,1,0
BRDA:338,48,0,0
BRDA:338,48,1,0
BRDA:379,49,0,1
BRDA:379,49,1,0
BRDA:380,50,0,1
BRDA:380,50,1,0
BRDA:397,51,0,0
BRDA:397,51,1,0
BRDA:402,52,0,1
BRDA:402,52,1,0
BRDA:403,53,0,1
BRDA:403,53,1,0
BRDA:420,54,0,0
BRDA:420,54,1,0
BRDA:422,55,0,0
BRDA:422,55,1,0
BRDA:423,56,0,0
BRDA:423,56,1,0
BRDA:424,57,0,0
BRDA:424,57,1,0
BRDA:425,58,0,0
BRDA:425,58,1,0
BRDA:426,59,0,0
BRDA:426,59,1,0
BRDA:427,60,0,0
BRDA:427,60,1,0
BRDA:428,61,0,0
BRDA:428,61,1,0
BRDA:429,62,0,0
BRDA:429,62,1,0
BRDA:434,63,0,0
BRDA:434,63,1,0
BRDA:435,64,0,0
BRDA:435,64,1,0
BRF:129
BRH:4
end_of_record
TN:
SF:src\errors\AppError.js
FN:2,(anonymous_0)
FN:19,(anonymous_1)
FN:28,(anonymous_2)
FN:32,(anonymous_3)
FN:36,(anonymous_4)
FN:40,(anonymous_5)
FN:44,(anonymous_6)
FN:48,(anonymous_7)
FNF:8
FNH:0
FNDA:0,(anonymous_0)
FNDA:0,(anonymous_1)
FNDA:0,(anonymous_2)
FNDA:0,(anonymous_3)
FNDA:0,(anonymous_4)
FNDA:0,(anonymous_5)
FNDA:0,(anonymous_6)
FNDA:0,(anonymous_7)
DA:9,0
DA:10,0
DA:11,0
DA:12,0
DA:13,0
DA:14,0
DA:15,0
DA:16,0
DA:20,0
DA:29,0
DA:33,0
DA:37,0
DA:41,0
DA:45,0
DA:49,0
DA:53,8
LF:16
LH:1
BRDA:4,0,0,0
BRDA:5,1,0,0
BRDA:6,2,0,0
BRDA:7,3,0,0
BRDA:28,4,0,0
BRDA:32,5,0,0
BRDA:32,6,0,0
BRDA:36,7,0,0
BRDA:36,8,0,0
BRDA:40,9,0,0
BRDA:40,10,0,0
BRDA:44,11,0,0
BRDA:44,12,0,0
BRDA:48,13,0,0
BRDA:48,14,0,0
BRF:15
BRH:0
end_of_record
TN:
SF:src\lib\authCookie.js
FN:4,setAuthCookie
FN:18,clearAuthCookie
FNF:2
FNH:0
FNDA:0,setAuthCookie
FNDA:0,clearAuthCookie
DA:5,0
DA:6,0
DA:19,0
DA:27,8
LF:4
LH:1
BRF:0
BRH:0
end_of_record
TN:
SF:src\lib\response.js
FN:1,success
FN:5,error
FNF:2
FNH:2
FNDA:8,success
FNDA:7,error
DA:2,8
DA:11,7
DA:14,8
LF:3
LH:3
BRDA:1,0,0,0
BRDA:1,1,0,6
BRDA:1,2,0,6
BRDA:7,3,0,0
BRDA:8,4,0,0
BRDA:9,5,0,7
BRF:6
BRH:3
end_of_record
TN:
SF:src\lib\sse.js
FN:5,addSseSubscriber
FN:11,(anonymous_1)
FN:12,(anonymous_2)
FN:18,sendSseEvent
FN:20,(anonymous_4)
FNF:5
FNH:1
FNDA:0,addSseSubscriber
FNDA:0,(anonymous_1)
FNDA:0,(anonymous_2)
FNDA:2,sendSseEvent
FNDA:0,(anonymous_4)
DA:1,8
DA:3,8
DA:6,0
DA:7,0
DA:10,0
DA:11,0
DA:12,0
DA:13,0
DA:15,0
DA:19,2
DA:20,2
DA:21,0
DA:22,0
DA:23,0
DA:30,8
LF:15
LH:5
BRDA:13,0,0,0
BRDA:13,0,1,0
BRDA:22,1,0,0
BRDA:22,1,1,0
BRDA:22,2,0,0
BRDA:22,2,1,0
BRF:6
BRH:0
end_of_record
TN:
SF:src\middleware\auth.js
FN:15,(anonymous_0)
FN:90,(anonymous_1)
FNF:2
FNH:1
FNDA:9,(anonymous_0)
FNDA:0,(anonymous_1)
DA:1,8
DA:2,8
DA:3,8
DA:4,8
DA:15,8
DA:16,9
DA:17,9
DA:20,9
DA:21,0
DA:24,9
DA:25,0
DA:29,9
DA:30,9
DA:31,9
DA:32,9
DA:37,9
DA:52,9
DA:54,0
DA:59,0
DA:60,0
DA:66,0
DA:68,0
DA:71,0
DA:79,0
DA:83,0
DA:84,0
DA:93,0
DA:104,0
DA:108,0
DA:109,0
DA:110,0
DA:111,0
DA:113,0
DA:116,0
DA:117,0
LF:35
LH:15
BRDA:17,0,0,9
BRDA:17,0,1,9
BRDA:20,1,0,0
BRDA:20,1,1,9
BRDA:20,2,0,9
BRDA:20,2,1,0
BRDA:20,2,2,0
BRDA:24,3,0,0
BRDA:24,3,1,9
BRDA:29,4,0,9
BRDA:29,4,1,0
BRDA:41,5,0,9
BRDA:41,5,1,9
BRDA:41,5,2,0
BRDA:41,6,0,9
BRDA:41,6,1,0
BRDA:42,7,0,9
BRDA:42,7,1,0
BRDA:42,8,0,9
BRDA:42,8,1,9
BRDA:43,9,0,9
BRDA:43,9,1,0
BRDA:43,10,0,9
BRDA:43,10,1,0
BRDA:44,11,0,9
BRDA:44,11,1,0
BRDA:44,12,0,9
BRDA:44,12,1,9
BRDA:45,13,0,9
BRDA:45,13,1,0
BRDA:45,14,0,9
BRDA:45,14,1,9
BRDA:46,15,0,9
BRDA:46,15,1,0
BRDA:46,16,0,9
BRDA:46,16,1,9
BRDA:47,17,0,9
BRDA:47,17,1,0
BRDA:47,18,0,9
BRDA:47,18,1,9
BRDA:48,19,0,9
BRDA:48,19,1,0
BRDA:48,20,0,9
BRDA:48,20,1,9
BRDA:49,21,0,9
BRDA:49,21,1,0
BRDA:49,22,0,9
BRDA:49,22,1,9
BRDA:50,23,0,9
BRDA:50,23,1,0
BRDA:50,24,0,9
BRDA:50,24,1,9
BRDA:68,25,0,0
BRDA:68,25,1,0
BRDA:68,26,0,0
BRDA:68,26,1,0
BRDA:79,27,0,0
BRDA:79,27,1,0
BRDA:83,28,0,0
BRDA:83,28,1,0
BRDA:87,29,0,0
BRDA:87,29,1,0
BRDA:87,29,2,0
BRDA:88,30,0,0
BRDA:88,30,1,0
BRDA:89,31,0,0
BRDA:89,31,1,0
BRDA:96,32,0,0
BRDA:96,32,1,0
BRDA:96,33,0,0
BRDA:96,33,1,0
BRDA:97,34,0,0
BRDA:97,34,1,0
BRDA:99,35,0,0
BRDA:99,35,1,0
BRDA:100,36,0,0
BRDA:100,36,1,0
BRF:77
BRH:35
end_of_record
TN:
SF:src\middleware\roles.js
FN:13,requireRole
FN:14,(anonymous_1)
FN:29,requireAnyRole
FN:30,(anonymous_3)
FNF:4
FNH:2
FNDA:88,requireRole
FNDA:3,(anonymous_1)
FNDA:0,requireAnyRole
FNDA:0,(anonymous_3)
DA:14,88
DA:15,3
DA:16,0
DA:19,3
DA:20,3
DA:23,0
DA:30,0
DA:31,0
DA:32,0
DA:34,0
DA:35,0
DA:37,0
DA:43,8
LF:13
LH:5
BRDA:15,0,0,0
BRDA:15,0,1,3
BRDA:19,1,0,3
BRDA:19,1,1,0
BRDA:29,2,0,0
BRDA:31,3,0,0
BRDA:31,3,1,0
BRDA:34,4,0,0
BRDA:34,4,1,0
BRF:9
BRH:2
end_of_record
TN:
SF:src\middleware\validate.js
FN:4,validateBody
FN:5,(anonymous_1)
FN:11,(anonymous_2)
FNF:3
FNH:3
FNDA:304,validateBody
FNDA:13,(anonymous_1)
FNDA:1,(anonymous_2)
DA:1,8
DA:2,8
DA:5,304
DA:6,13
DA:10,13
DA:11,1
DA:12,1
DA:14,12
DA:15,12
DA:19,8
LF:10
LH:10
BRDA:10,0,0,1
BRDA:10,0,1,12
BRF:2
BRH:2
end_of_record
TN:
SF:src\modules\orders\OrderStateService.js
FN:69,isValidTransition
FN:81,restockOrderItems
FN:124,(anonymous_2)
FN:140,assertForwardOnly
FN:157,assertCancellable
FN:169,resolveState
FNF:6
FNH:3
FNDA:10,isValidTransition
FNDA:4,restockOrderItems
FNDA:0,(anonymous_2)
FNDA:0,assertForwardOnly
FNDA:2,assertCancellable
FNDA:0,resolveState
DA:1,8
DA:2,8
DA:4,8
DA:33,8
DA:70,10
DA:71,10
DA:72,10
DA:73,9
DA:82,4
DA:83,0
DA:87,4
DA:88,0
DA:89,0
DA:92,4
DA:94,4
DA:95,4
DA:97,4
DA:98,4
DA:104,4
DA:105,0
DA:106,0
DA:109,4
DA:110,4
DA:112,4
DA:117,4
DA:119,0
DA:124,4
DA:125,0
DA:132,8
DA:141,0
DA:142,0
DA:143,0
DA:144,0
DA:145,0
DA:147,0
DA:148,0
DA:158,2
DA:159,2
DA:160,2
DA:161,0
DA:170,0
DA:173,0
DA:182,0
DA:185,0
DA:186,0
DA:187,0
DA:190,0
DA:191,0
DA:194,0
DA:195,0
DA:198,0
DA:199,0
DA:200,0
DA:202,0
DA:203,0
DA:204,0
DA:205,0
DA:206,0
DA:207,0
DA:209,0
DA:210,0
DA:214,0
DA:217,8
LF:63
LH:26
BRDA:70,0,0,0
BRDA:70,0,1,10
BRDA:72,1,0,1
BRDA:72,1,1,9
BRDA:82,2,0,0
BRDA:82,2,1,4
BRDA:82,3,0,4
BRDA:82,3,1,4
BRDA:87,4,0,0
BRDA:87,4,1,4
BRDA:95,5,0,0
BRDA:95,5,1,4
BRDA:104,6,0,0
BRDA:104,6,1,4
BRDA:109,7,0,4
BRDA:109,7,1,0
BRDA:110,8,0,4
BRDA:110,8,1,0
BRDA:141,9,0,0
BRDA:141,9,1,0
BRDA:144,10,0,0
BRDA:144,10,1,0
BRDA:147,11,0,0
BRDA:147,11,1,0
BRDA:159,12,0,2
BRDA:159,12,1,0
BRDA:160,13,0,0
BRDA:160,13,1,2
BRDA:182,14,0,0
BRDA:182,14,1,0
BRDA:185,15,0,0
BRDA:185,15,1,0
BRDA:186,16,0,0
BRDA:186,16,1,0
BRDA:187,17,0,0
BRDA:187,17,1,0
BRDA:190,18,0,0
BRDA:190,18,1,0
BRDA:190,19,0,0
BRDA:190,19,1,0
BRDA:191,20,0,0
BRDA:191,20,1,0
BRDA:194,21,0,0
BRDA:194,21,1,0
BRDA:194,22,0,0
BRDA:194,22,1,0
BRDA:195,23,0,0
BRDA:195,23,1,0
BRDA:198,24,0,0
BRDA:198,24,1,0
BRDA:198,25,0,0
BRDA:198,25,1,0
BRDA:199,26,0,0
BRDA:199,26,1,0
BRDA:200,27,0,0
BRDA:200,27,1,0
BRDA:202,28,0,0
BRDA:202,28,1,0
BRDA:202,29,0,0
BRDA:202,29,1,0
BRDA:203,30,0,0
BRDA:203,30,1,0
BRDA:204,31,0,0
BRDA:204,31,1,0
BRDA:205,32,0,0
BRDA:205,32,1,0
BRDA:206,33,0,0
BRDA:206,33,1,0
BRDA:209,34,0,0
BRDA:209,34,1,0
BRDA:214,35,0,0
BRDA:214,35,1,0
BRF:72
BRH:13
end_of_record
TN:
SF:src\modules\payments\PaymentService.js
FN:12,generateRefundIdempotencyKey
FN:34,initiateRazorpayRefund
FN:63,verifyWebhookSignature
FNF:3
FNH:3
FNDA:6,generateRefundIdempotencyKey
FNDA:3,initiateRazorpayRefund
FNDA:3,verifyWebhookSignature
DA:1,8
DA:2,8
DA:3,8
DA:13,6
DA:14,6
DA:17,6
DA:35,3
DA:36,3
DA:38,3
DA:48,3
DA:49,0
DA:51,3
DA:52,3
DA:64,3
DA:65,3
DA:66,3
DA:70,3
DA:72,0
DA:73,0
DA:77,8
LF:20
LH:17
BRDA:12,0,0,3
BRDA:34,1,0,0
BRDA:64,2,0,0
BRDA:64,2,1,3
BRDA:64,3,0,3
BRDA:64,3,1,3
BRF:6
BRH:4
end_of_record
TN:
SF:src\modules\refunds\RefundAuditService.js
FN:13,logRefundAction
FNF:1
FNH:1
FNDA:7,logRefundAction
DA:1,8
DA:2,8
DA:14,7
DA:16,7
DA:17,7
DA:18,7
DA:19,5
DA:20,5
DA:21,2
DA:23,0
DA:24,0
DA:27,7
DA:39,7
DA:41,7
DA:43,0
DA:48,8
LF:16
LH:13
BRDA:13,0,0,6
BRDA:13,1,0,0
BRDA:18,2,0,5
BRDA:18,2,1,2
BRDA:18,3,0,7
BRDA:18,3,1,7
BRDA:19,4,0,5
BRDA:19,4,1,0
BRDA:19,4,2,0
BRDA:20,5,0,5
BRDA:20,5,1,0
BRDA:21,6,0,0
BRDA:21,6,1,2
BRDA:21,7,0,2
BRDA:21,7,1,2
BRDA:33,8,0,7
BRDA:33,8,1,0
BRDA:34,9,0,5
BRDA:34,9,1,2
BRDA:39,10,0,5
BRDA:39,10,1,2
BRF:21
BRH:15
end_of_record
TN:
SF:src\modules\refunds\RefundController.js
FN:25,requireAdmin
FN:39,(anonymous_1)
FN:47,(anonymous_2)
FN:70,(anonymous_3)
FN:78,(anonymous_4)
FN:100,(anonymous_5)
FN:108,(anonymous_6)
FN:131,(anonymous_7)
FN:139,(anonymous_8)
FN:161,(anonymous_9)
FN:168,(anonymous_10)
FN:191,(anonymous_11)
FN:199,(anonymous_12)
FN:222,(anonymous_13)
FN:230,(anonymous_14)
FN:251,(anonymous_15)
FN:273,(anonymous_16)
FN:278,(anonymous_17)
FN:282,(anonymous_18)
FN:300,(anonymous_19)
FN:304,(anonymous_20)
FN:317,(anonymous_21)
FN:317,(anonymous_22)
FN:318,(anonymous_23)
FN:319,(anonymous_24)
FN:340,(anonymous_25)
FNF:26
FNH:4
FNDA:5,requireAdmin
FNDA:1,(anonymous_1)
FNDA:0,(anonymous_2)
FNDA:1,(anonymous_3)
FNDA:0,(anonymous_4)
FNDA:0,(anonymous_5)
FNDA:0,(anonymous_6)
FNDA:3,(anonymous_7)
FNDA:0,(anonymous_8)
FNDA:0,(anonymous_9)
FNDA:0,(anonymous_10)
FNDA:0,(anonymous_11)
FNDA:0,(anonymous_12)
FNDA:0,(anonymous_13)
FNDA:0,(anonymous_14)
FNDA:0,(anonymous_15)
FNDA:0,(anonymous_16)
FNDA:0,(anonymous_17)
FNDA:0,(anonymous_18)
FNDA:0,(anonymous_19)
FNDA:0,(anonymous_20)
FNDA:0,(anonymous_21)
FNDA:0,(anonymous_22)
FNDA:0,(anonymous_23)
FNDA:0,(anonymous_24)
FNDA:0,(anonymous_25)
DA:1,8
DA:2,8
DA:3,8
DA:4,8
DA:5,8
DA:6,8
DA:7,8
DA:8,8
DA:9,8
DA:10,8
DA:11,8
DA:13,8
DA:19,8
DA:22,8
DA:26,5
DA:27,0
DA:29,5
DA:35,8
DA:40,1
DA:41,1
DA:42,1
DA:43,0
DA:44,0
DA:48,0
DA:52,0
DA:58,1
DA:66,8
DA:71,1
DA:72,1
DA:73,1
DA:74,1
DA:75,1
DA:79,0
DA:83,1
DA:88,0
DA:96,8
DA:101,0
DA:102,0
DA:103,0
DA:104,0
DA:105,0
DA:109,0
DA:113,0
DA:119,0
DA:127,8
DA:132,3
DA:133,3
DA:134,3
DA:135,0
DA:136,0
DA:140,0
DA:144,0
DA:150,3
DA:158,8
DA:162,0
DA:163,0
DA:164,0
DA:165,0
DA:169,0
DA:173,0
DA:179,0
DA:187,8
DA:192,0
DA:193,0
DA:194,0
DA:195,0
DA:196,0
DA:200,0
DA:204,0
DA:210,0
DA:218,8
DA:223,0
DA:224,0
DA:225,0
DA:226,0
DA:227,0
DA:231,0
DA:235,0
DA:240,0
DA:248,8
DA:252,0
DA:253,0
DA:254,0
DA:255,0
DA:257,0
DA:258,0
DA:259,0
DA:262,0
DA:264,0
DA:265,0
DA:268,0
DA:269,0
DA:272,0
DA:273,0
DA:274,0
DA:277,0
DA:278,0
DA:279,0
DA:282,0
DA:283,0
DA:284,0
DA:285,0
DA:298,0
DA:299,0
DA:300,0
DA:302,0
DA:303,0
DA:304,0
DA:305,0
DA:314,0
DA:315,0
DA:316,0
DA:317,0
DA:318,0
DA:319,0
DA:323,0
DA:329,0
DA:337,8
DA:341,0
DA:342,0
DA:343,0
DA:345,0
DA:350,8
LF:123
LH:40
BRDA:26,0,0,0
BRDA:26,0,1,5
BRDA:42,1,0,1
BRDA:42,1,1,0
BRDA:48,2,0,0
BRDA:48,2,1,0
BRDA:48,2,2,0
BRDA:48,2,3,0
BRDA:79,3,0,0
BRDA:79,3,1,0
BRDA:79,3,2,0
BRDA:79,3,3,0
BRDA:109,4,0,0
BRDA:109,4,1,0
BRDA:109,4,2,0
BRDA:109,4,3,0
BRDA:140,5,0,0
BRDA:140,5,1,0
BRDA:140,5,2,0
BRDA:140,5,3,0
BRDA:169,6,0,0
BRDA:169,6,1,0
BRDA:169,6,2,0
BRDA:169,6,3,0
BRDA:200,7,0,0
BRDA:200,7,1,0
BRDA:200,7,2,0
BRDA:200,7,3,0
BRDA:231,8,0,0
BRDA:231,8,1,0
BRDA:231,8,2,0
BRDA:231,8,3,0
BRDA:253,9,0,0
BRDA:253,9,1,0
BRDA:254,10,0,0
BRDA:254,10,1,0
BRDA:262,11,0,0
BRDA:262,11,1,0
BRDA:262,12,0,0
BRDA:262,12,1,0
BRDA:273,13,0,0
BRDA:273,13,1,0
BRDA:278,14,0,0
BRDA:278,14,1,0
BRDA:283,15,0,0
BRDA:283,15,1,0
BRDA:283,16,0,0
BRDA:283,16,1,0
BRDA:284,17,0,0
BRDA:284,17,1,0
BRDA:284,18,0,0
BRDA:284,18,1,0
BRDA:287,19,0,0
BRDA:287,19,1,0
BRDA:288,20,0,0
BRDA:288,20,1,0
BRDA:299,21,0,0
BRDA:299,21,1,0
BRDA:302,22,0,0
BRDA:302,22,1,0
BRDA:305,23,0,0
BRDA:305,23,1,0
BRDA:305,23,2,0
BRDA:305,23,3,0
BRDA:305,23,4,0
BRDA:305,23,5,0
BRDA:315,24,0,0
BRDA:315,24,1,0
BRDA:317,25,0,0
BRDA:317,25,1,0
BRDA:318,26,0,0
BRDA:318,26,1,0
BRDA:342,27,0,0
BRDA:342,27,1,0
BRF:74
BRH:2
end_of_record
TN:
SF:src\modules\refunds\RefundRepository.js
FN:7,findOrderById
FN:27,updateOrder
FN:85,findRefundById
FN:101,findRefundsByOrderId
FN:117,findRefundByRazorpayRefundId
FN:133,createRefund
FN:153,updateRefund
FN:173,listAllRefunds
FN:193,listAuditLogs
FN:211,findPotentialOrphanedOrders
FN:228,(anonymous_10)
FNF:11
FNH:7
FNDA:7,findOrderById
FNDA:10,updateOrder
FNDA:0,findRefundById
FNDA:3,findRefundsByOrderId
FNDA:1,findRefundByRazorpayRefundId
FNDA:3,createRefund
FNDA:4,updateRefund
FNDA:0,listAllRefunds
FNDA:2,listAuditLogs
FNDA:0,findPotentialOrphanedOrders
FNDA:0,(anonymous_10)
DA:1,8
DA:2,8
DA:8,7
DA:14,7
DA:15,0
DA:17,7
DA:28,10
DA:37,10
DA:39,0
DA:48,0
DA:49,0
DA:52,0
DA:56,0
DA:57,0
DA:58,0
DA:61,0
DA:67,0
DA:68,0
DA:69,0
DA:72,0
DA:73,0
DA:76,0
DA:77,0
DA:79,10
DA:86,0
DA:92,0
DA:93,0
DA:95,0
DA:102,3
DA:107,3
DA:108,0
DA:109,0
DA:111,3
DA:118,1
DA:124,1
DA:125,0
DA:127,1
DA:134,3
DA:143,3
DA:144,0
DA:145,0
DA:147,3
DA:154,4
DA:163,4
DA:164,0
DA:165,0
DA:167,4
DA:174,0
DA:175,0
DA:177,0
DA:183,0
DA:184,0
DA:185,0
DA:187,0
DA:194,2
DA:195,2
DA:196,2
DA:198,2
DA:200,2
DA:201,0
DA:202,0
DA:204,2
DA:212,0
DA:216,0
DA:222,0
DA:223,0
DA:224,0
DA:228,0
DA:231,8
LF:69
LH:27
BRDA:14,0,0,0
BRDA:14,0,1,7
BRDA:14,1,0,7
BRDA:14,1,1,0
BRDA:37,2,0,0
BRDA:37,2,1,10
BRDA:39,3,0,0
BRDA:39,3,1,0
BRDA:39,3,2,0
BRDA:39,3,3,0
BRDA:39,3,4,0
BRDA:39,3,5,0
BRDA:39,3,6,0
BRDA:48,4,0,0
BRDA:48,4,1,0
BRDA:58,5,0,0
BRDA:58,5,1,0
BRDA:67,6,0,0
BRDA:67,6,1,0
BRDA:92,7,0,0
BRDA:92,7,1,0
BRDA:92,8,0,0
BRDA:92,8,1,0
BRDA:107,9,0,0
BRDA:107,9,1,3
BRDA:111,10,0,3
BRDA:111,10,1,0
BRDA:124,11,0,0
BRDA:124,11,1,1
BRDA:124,12,0,1
BRDA:124,12,1,0
BRDA:143,13,0,0
BRDA:143,13,1,3
BRDA:163,14,0,0
BRDA:163,14,1,4
BRDA:173,15,0,0
BRDA:173,16,0,0
BRDA:183,17,0,0
BRDA:183,17,1,0
BRDA:187,18,0,0
BRDA:187,18,1,0
BRDA:187,19,0,0
BRDA:187,19,1,0
BRDA:193,20,0,0
BRDA:195,21,0,2
BRDA:195,21,1,0
BRDA:200,22,0,0
BRDA:200,22,1,2
BRDA:204,23,0,2
BRDA:204,23,1,0
BRDA:222,24,0,0
BRDA:222,24,1,0
BRDA:228,25,0,0
BRDA:228,25,1,0
BRF:54
BRH:12
end_of_record
TN:
SF:src\modules\refunds\RefundService.js
FN:16,sendRefundNotification
FN:58,(anonymous_1)
FN:70,requestCustomerCancellation
FN:114,executeRefundProcess
FN:122,(anonymous_4)
FN:281,approveCancellation
FN:334,rejectCancellation
FN:365,adminDirectCancellation
FN:410,initiatePartialRefund
FN:432,retryFailedRefund
FN:461,runAutoRefundSweep
FN:534,manualRefundInitiate
FN:581,manualRefundComplete
FN:593,(anonymous_13)
FN:621,approveOrder
FN:649,(anonymous_15)
FN:651,(anonymous_16)
FN:653,(anonymous_17)
FN:662,rejectOrder
FN:685,(anonymous_19)
FN:687,(anonymous_20)
FN:689,(anonymous_21)
FNF:22
FNH:6
FNDA:4,sendRefundNotification
FNDA:0,(anonymous_1)
FNDA:1,requestCustomerCancellation
FNDA:3,executeRefundProcess
FNDA:0,(anonymous_4)
FNDA:1,approveCancellation
FNDA:1,rejectCancellation
FNDA:0,adminDirectCancellation
FNDA:3,initiatePartialRefund
FNDA:0,retryFailedRefund
FNDA:0,runAutoRefundSweep
FNDA:0,manualRefundInitiate
FNDA:0,manualRefundComplete
FNDA:0,(anonymous_13)
FNDA:0,approveOrder
FNDA:0,(anonymous_15)
FNDA:0,(anonymous_16)
FNDA:0,(anonymous_17)
FNDA:0,rejectOrder
FNDA:0,(anonymous_19)
FNDA:0,(anonymous_20)
FNDA:0,(anonymous_21)
DA:1,8
DA:2,8
DA:3,8
DA:4,8
DA:5,8
DA:6,8
DA:7,8
DA:8,8
DA:9,8
DA:10,8
DA:11,8
DA:17,4
DA:18,4
DA:20,0
DA:21,0
DA:22,0
DA:24,0
DA:26,0
DA:27,0
DA:29,0
DA:30,0
DA:32,0
DA:33,0
DA:35,0
DA:36,0
DA:38,0
DA:39,0
DA:41,0
DA:42,0
DA:44,0
DA:45,0
DA:48,0
DA:50,0
DA:51,0
DA:52,0
DA:53,0
DA:55,0
DA:56,0
DA:57,0
DA:58,0
DA:60,0
DA:71,1
DA:72,1
DA:74,1
DA:75,0
DA:78,1
DA:79,0
DA:82,1
DA:85,1
DA:86,0
DA:90,1
DA:98,1
DA:106,1
DA:108,1
DA:115,3
DA:116,0
DA:120,3
DA:121,3
DA:122,0
DA:124,3
DA:125,0
DA:126,0
DA:132,0
DA:133,0
DA:136,3
DA:139,3
DA:142,3
DA:148,3
DA:151,3
DA:158,3
DA:159,3
DA:161,3
DA:165,3
DA:177,3
DA:180,3
DA:187,0
DA:193,0
DA:199,0
DA:202,0
DA:205,0
DA:214,0
DA:216,0
DA:218,3
DA:220,3
DA:222,3
DA:229,0
DA:244,3
DA:251,3
DA:254,0
DA:263,0
DA:264,0
DA:268,0
DA:270,0
DA:282,1
DA:283,1
DA:285,1
DA:287,1
DA:288,0
DA:291,1
DA:293,1
DA:295,1
DA:300,1
DA:308,1
DA:312,1
DA:313,0
DA:317,0
DA:318,0
DA:319,0
DA:323,1
DA:324,0
DA:328,1
DA:335,1
DA:336,1
DA:338,1
DA:339,0
DA:343,1
DA:349,1
DA:357,1
DA:359,1
DA:366,0
DA:367,0
DA:369,0
DA:372,0
DA:380,0
DA:382,0
DA:390,0
DA:393,0
DA:394,0
DA:395,0
DA:399,0
DA:400,0
DA:404,0
DA:411,3
DA:412,3
DA:414,3
DA:415,1
DA:418,2
DA:419,2
DA:421,2
DA:422,0
DA:425,2
DA:426,2
DA:433,0
DA:434,0
DA:436,0
DA:437,0
DA:440,0
DA:441,0
DA:444,0
DA:447,0
DA:452,0
DA:462,0
DA:464,0
DA:465,0
DA:466,0
DA:468,0
DA:469,0
DA:470,0
DA:472,0
DA:475,0
DA:478,0
DA:480,0
DA:481,0
DA:485,0
DA:486,0
DA:489,0
DA:497,0
DA:498,0
DA:501,0
DA:504,0
DA:513,0
DA:520,0
DA:523,0
DA:527,0
DA:535,0
DA:536,0
DA:538,0
DA:539,0
DA:542,0
DA:545,0
DA:558,0
DA:566,0
DA:573,0
DA:575,0
DA:582,0
DA:583,0
DA:585,0
DA:586,0
DA:589,0
DA:592,0
DA:593,0
DA:594,0
DA:595,0
DA:601,0
DA:606,0
DA:613,0
DA:615,0
DA:622,0
DA:623,0
DA:625,0
DA:626,0
DA:627,0
DA:630,0
DA:631,0
DA:632,0
DA:635,0
DA:636,0
DA:642,0
DA:651,0
DA:652,0
DA:653,0
DA:656,0
DA:663,0
DA:664,0
DA:666,0
DA:668,0
DA:676,0
DA:678,0
DA:687,0
DA:688,0
DA:689,0
DA:692,0
DA:695,8
LF:223
LH:72
BRDA:16,0,0,1
BRDA:18,1,0,4
BRDA:18,1,1,0
BRDA:22,2,0,0
BRDA:22,2,1,0
BRDA:24,3,0,0
BRDA:24,3,1,0
BRDA:24,3,2,0
BRDA:24,3,3,0
BRDA:24,3,4,0
BRDA:24,3,5,0
BRDA:24,3,6,0
BRDA:32,4,0,0
BRDA:32,4,1,0
BRDA:35,5,0,0
BRDA:35,5,1,0
BRDA:35,6,0,0
BRDA:35,6,1,0
BRDA:38,7,0,0
BRDA:38,7,1,0
BRDA:48,8,0,0
BRDA:48,8,1,0
BRDA:55,9,0,0
BRDA:55,9,1,0
BRDA:72,10,0,0
BRDA:72,10,1,1
BRDA:74,11,0,0
BRDA:74,11,1,1
BRDA:78,12,0,0
BRDA:78,12,1,1
BRDA:85,13,0,0
BRDA:85,13,1,1
BRDA:114,14,0,0
BRDA:114,15,0,0
BRDA:115,16,0,0
BRDA:115,16,1,3
BRDA:121,17,0,3
BRDA:121,17,1,0
BRDA:122,18,0,0
BRDA:122,18,1,0
BRDA:122,18,2,0
BRDA:124,19,0,0
BRDA:124,19,1,3
BRDA:130,20,0,0
BRDA:130,20,1,0
BRDA:136,21,0,3
BRDA:136,21,1,0
BRDA:148,22,0,3
BRDA:148,22,1,0
BRDA:148,23,0,0
BRDA:148,23,1,0
BRDA:197,24,0,0
BRDA:197,24,1,0
BRDA:220,25,0,3
BRDA:220,25,1,0
BRDA:223,26,0,0
BRDA:223,26,1,3
BRDA:263,27,0,0
BRDA:263,27,1,0
BRDA:281,28,0,0
BRDA:281,29,0,0
BRDA:281,30,0,0
BRDA:283,31,0,0
BRDA:283,31,1,1
BRDA:287,32,0,0
BRDA:287,32,1,1
BRDA:287,33,0,1
BRDA:287,33,1,0
BRDA:291,34,0,1
BRDA:291,34,1,0
BRDA:293,35,0,1
BRDA:293,35,1,0
BRDA:312,36,0,0
BRDA:312,36,1,1
BRDA:323,37,0,0
BRDA:323,37,1,1
BRDA:328,38,0,1
BRDA:328,38,1,1
BRDA:334,39,0,0
BRDA:334,40,0,0
BRDA:336,41,0,0
BRDA:336,41,1,1
BRDA:338,42,0,0
BRDA:338,42,1,1
BRDA:352,43,0,1
BRDA:352,43,1,0
BRDA:365,44,0,0
BRDA:365,45,0,0
BRDA:367,46,0,0
BRDA:367,46,1,0
BRDA:380,47,0,0
BRDA:380,47,1,0
BRDA:393,48,0,0
BRDA:393,48,1,0
BRDA:393,49,0,0
BRDA:393,49,1,0
BRDA:410,50,0,0
BRDA:410,51,0,0
BRDA:412,52,0,0
BRDA:412,52,1,3
BRDA:414,53,0,1
BRDA:414,53,1,2
BRDA:414,54,0,3
BRDA:414,54,1,1
BRDA:414,54,2,1
BRDA:418,55,0,2
BRDA:418,55,1,2
BRDA:421,56,0,0
BRDA:421,56,1,2
BRDA:425,57,0,2
BRDA:425,57,1,0
BRDA:434,58,0,0
BRDA:434,58,1,0
BRDA:436,59,0,0
BRDA:436,59,1,0
BRDA:441,60,0,0
BRDA:441,60,1,0
BRDA:444,61,0,0
BRDA:444,61,1,0
BRDA:444,62,0,0
BRDA:444,62,1,0
BRDA:449,63,0,0
BRDA:449,63,1,0
BRDA:472,64,0,0
BRDA:472,64,1,0
BRDA:475,65,0,0
BRDA:475,65,1,0
BRDA:480,66,0,0
BRDA:480,66,1,0
BRDA:480,67,0,0
BRDA:480,67,1,0
BRDA:485,68,0,0
BRDA:485,68,1,0
BRDA:497,69,0,0
BRDA:497,69,1,0
BRDA:534,70,0,0
BRDA:534,71,0,0
BRDA:534,72,0,0
BRDA:534,73,0,0
BRDA:536,74,0,0
BRDA:536,74,1,0
BRDA:538,75,0,0
BRDA:538,75,1,0
BRDA:542,76,0,0
BRDA:542,76,1,0
BRDA:548,77,0,0
BRDA:548,77,1,0
BRDA:550,78,0,0
BRDA:550,78,1,0
BRDA:581,79,0,0
BRDA:581,80,0,0
BRDA:583,81,0,0
BRDA:583,81,1,0
BRDA:585,82,0,0
BRDA:585,82,1,0
BRDA:589,83,0,0
BRDA:589,83,1,0
BRDA:594,84,0,0
BRDA:594,84,1,0
BRDA:621,85,0,0
BRDA:621,86,0,0
BRDA:623,87,0,0
BRDA:623,87,1,0
BRDA:625,88,0,0
BRDA:625,88,1,0
BRDA:626,89,0,0
BRDA:626,89,1,0
BRDA:630,90,0,0
BRDA:630,90,1,0
BRDA:631,91,0,0
BRDA:631,91,1,0
BRDA:635,92,0,0
BRDA:635,92,1,0
BRDA:652,93,0,0
BRDA:652,93,1,0
BRDA:662,94,0,0
BRDA:662,95,0,0
BRDA:662,96,0,0
BRDA:664,97,0,0
BRDA:664,97,1,0
BRDA:666,98,0,0
BRDA:666,98,1,0
BRDA:688,99,0,0
BRDA:688,99,1,0
BRF:184
BRH:35
end_of_record
TN:
SF:src\modules\refunds\RefundValidator.js
FNF:0
FNH:0
DA:1,8
DA:3,8
DA:16,8
DA:31,8
DA:51,8
DA:76,8
DA:96,8
LF:7
LH:7
BRF:0
BRH:0
end_of_record
TN:
SF:src\modules\refunds\RefundWebhookHandler.js
FN:12,handleWebhookEvent
FN:123,(anonymous_1)
FN:154,(anonymous_2)
FN:155,(anonymous_3)
FN:168,handleWebhookRequest
FN:200,(anonymous_5)
FN:201,(anonymous_6)
FNF:7
FNH:3
FNDA:1,handleWebhookEvent
FNDA:0,(anonymous_1)
FNDA:0,(anonymous_2)
FNDA:0,(anonymous_3)
FNDA:1,handleWebhookRequest
FNDA:1,(anonymous_5)
FNDA:0,(anonymous_6)
DA:1,8
DA:2,8
DA:3,8
DA:4,8
DA:5,8
DA:6,8
DA:13,1
DA:14,1
DA:16,1
DA:18,1
DA:19,1
DA:21,1
DA:22,1
DA:23,0
DA:24,0
DA:28,1
DA:29,0
DA:30,0
DA:34,1
DA:40,1
DA:41,1
DA:42,1
DA:43,1
DA:44,1
DA:46,1
DA:51,1
DA:54,1
DA:63,1
DA:65,1
DA:69,0
DA:70,0
DA:72,0
DA:73,0
DA:74,0
DA:75,0
DA:78,0
DA:79,0
DA:80,0
DA:84,0
DA:89,0
DA:90,0
DA:91,0
DA:97,0
DA:106,0
DA:108,0
DA:112,0
DA:113,0
DA:114,0
DA:117,0
DA:118,0
DA:119,0
DA:120,0
DA:123,0
DA:125,0
DA:126,0
DA:129,0
DA:136,0
DA:137,0
DA:147,0
DA:150,0
DA:153,0
DA:154,0
DA:155,0
DA:157,0
DA:161,0
DA:169,1
DA:170,1
DA:171,1
DA:174,1
DA:175,0
DA:176,0
DA:178,1
DA:179,0
DA:180,0
DA:183,1
DA:184,1
DA:185,0
DA:186,0
DA:188,1
DA:190,1
DA:191,0
DA:192,0
DA:196,1
DA:199,1
DA:200,1
DA:201,0
DA:203,1
DA:205,0
DA:206,0
DA:210,8
LF:90
LH:39
BRDA:16,0,0,1
BRDA:16,0,1,0
BRDA:16,0,2,0
BRDA:16,0,3,0
BRDA:22,1,0,0
BRDA:22,1,1,1
BRDA:28,2,0,0
BRDA:28,2,1,1
BRDA:41,3,0,1
BRDA:41,3,1,0
BRDA:42,4,0,1
BRDA:42,4,1,0
BRDA:47,5,0,1
BRDA:47,5,1,0
BRDA:48,6,0,1
BRDA:48,6,1,0
BRDA:59,7,0,1
BRDA:59,7,1,0
BRDA:63,8,0,1
BRDA:63,8,1,0
BRDA:73,9,0,0
BRDA:73,9,1,0
BRDA:78,10,0,0
BRDA:78,10,1,0
BRDA:86,11,0,0
BRDA:86,11,1,0
BRDA:90,12,0,0
BRDA:90,12,1,0
BRDA:106,13,0,0
BRDA:106,13,1,0
BRDA:118,14,0,0
BRDA:118,14,1,0
BRDA:123,15,0,0
BRDA:123,15,1,0
BRDA:125,16,0,0
BRDA:125,16,1,0
BRDA:125,17,0,0
BRDA:125,17,1,0
BRDA:174,18,0,0
BRDA:174,18,1,1
BRDA:178,19,0,0
BRDA:178,19,1,1
BRDA:183,20,0,1
BRDA:183,20,1,0
BRDA:183,21,0,0
BRDA:183,21,1,0
BRDA:184,22,0,0
BRDA:184,22,1,1
BRDA:190,23,0,0
BRDA:190,23,1,1
BRDA:196,24,0,0
BRDA:196,24,1,1
BRF:52
BRH:15
end_of_record
TN:
SF:src\repositories\categoryRepository.js
FN:3,findAll
FN:8,findById
FN:20,create
FN:25,update
FN:34,remove
FN:39,(anonymous_5)
FNF:6
FNH:5
FNDA:6,findAll
FNDA:2,findById
FNDA:2,create
FNDA:0,update
FNDA:1,remove
FNDA:1,(anonymous_5)
DA:1,10
DA:4,6
DA:5,6
DA:9,2
DA:14,2
DA:15,2
DA:17,0
DA:21,2
DA:22,2
DA:26,0
DA:31,0
DA:35,1
DA:39,1
DA:40,1
DA:41,1
DA:42,1
DA:43,0
DA:45,1
DA:47,0
DA:50,10
LF:20
LH:15
BRDA:14,0,0,2
BRDA:14,0,1,0
BRDA:14,1,0,2
BRDA:14,1,1,2
BRDA:14,1,2,0
BRDA:41,2,0,1
BRDA:41,2,1,0
BRDA:42,3,0,0
BRDA:42,3,1,1
BRF:9
BRH:5
end_of_record
TN:
SF:src\repositories\productRepository.js
FN:3,findAll
FN:38,countAll
FN:55,findById
FN:67,create
FN:72,update
FN:81,remove
FNF:6
FNH:5
FNDA:9,findAll
FNDA:0,countAll
FNDA:6,findById
FNDA:3,create
FNDA:2,update
FNDA:2,remove
DA:1,10
DA:4,9
DA:6,9
DA:8,9
DA:9,0
DA:12,9
DA:13,0
DA:14,0
DA:17,9
DA:18,0
DA:19,0
DA:20,0
DA:21,0
DA:22,0
DA:23,0
DA:27,9
DA:28,0
DA:29,0
DA:30,0
DA:31,0
DA:34,9
DA:35,9
DA:39,0
DA:40,0
DA:42,0
DA:43,0
DA:46,0
DA:47,0
DA:48,0
DA:51,0
DA:52,0
DA:56,6
DA:61,6
DA:62,4
DA:64,2
DA:68,3
DA:69,3
DA:73,2
DA:78,2
DA:82,2
DA:87,2
DA:90,10
LF:42
LH:20
BRDA:3,0,0,8
BRDA:8,1,0,0
BRDA:8,1,1,9
BRDA:8,2,0,9
BRDA:8,2,1,0
BRDA:12,3,0,0
BRDA:12,3,1,9
BRDA:17,4,0,0
BRDA:17,4,1,9
BRDA:22,5,0,0
BRDA:22,5,1,0
BRDA:27,6,0,0
BRDA:27,6,1,9
BRDA:27,7,0,9
BRDA:27,7,1,0
BRDA:28,8,0,0
BRDA:28,8,1,0
BRDA:29,9,0,0
BRDA:29,9,1,0
BRDA:38,10,0,0
BRDA:42,11,0,0
BRDA:42,11,1,0
BRDA:42,12,0,0
BRDA:42,12,1,0
BRDA:46,13,0,0
BRDA:46,13,1,0
BRDA:61,14,0,4
BRDA:61,14,1,2
BRDA:61,15,0,6
BRDA:61,15,1,4
BRDA:61,15,2,0
BRF:31
BRH:11
end_of_record
TN:
SF:src\repositories\userRepository.js
FN:3,findByEmail
FN:15,findByPhone
FN:27,findById
FN:39,create
FN:44,update
FN:53,remove
FNF:6
FNH:5
FNDA:4,findByEmail
FNDA:0,findByPhone
FNDA:3,findById
FNDA:1,create
FNDA:1,update
FNDA:1,remove
DA:1,11
DA:4,4
DA:9,4
DA:10,0
DA:12,4
DA:16,0
DA:21,0
DA:22,0
DA:24,0
DA:28,3
DA:33,3
DA:34,1
DA:36,2
DA:40,1
DA:41,1
DA:45,1
DA:50,1
DA:54,1
DA:55,1
DA:56,0
DA:59,1
DA:60,1
DA:63,11
LF:23
LH:17
BRDA:9,0,0,0
BRDA:9,0,1,4
BRDA:9,1,0,4
BRDA:9,1,1,0
BRDA:9,1,2,0
BRDA:21,2,0,0
BRDA:21,2,1,0
BRDA:21,3,0,0
BRDA:21,3,1,0
BRDA:21,3,2,0
BRDA:33,4,0,1
BRDA:33,4,1,2
BRDA:33,5,0,3
BRDA:33,5,1,1
BRDA:33,5,2,0
BRDA:55,6,0,0
BRDA:55,6,1,1
BRDA:55,7,0,1
BRDA:55,7,1,1
BRF:19
BRH:9
end_of_record
TN:
SF:src\routes\blogs.js
FN:31,(anonymous_0)
FN:49,(anonymous_1)
FN:62,(anonymous_2)
FN:75,(anonymous_3)
FN:88,(anonymous_4)
FN:101,(anonymous_5)
FNF:6
FNH:0
FNDA:0,(anonymous_0)
FNDA:0,(anonymous_1)
FNDA:0,(anonymous_2)
FNDA:0,(anonymous_3)
FNDA:0,(anonymous_4)
FNDA:0,(anonymous_5)
DA:1,8
DA:3,8
DA:4,8
DA:5,8
DA:6,8
DA:7,8
DA:8,8
DA:10,8
DA:12,8
DA:21,8
DA:31,8
DA:32,0
DA:33,0
DA:34,0
DA:39,0
DA:41,0
DA:49,8
DA:50,0
DA:51,0
DA:52,0
DA:54,0
DA:62,8
DA:63,0
DA:64,0
DA:65,0
DA:67,0
DA:75,8
DA:76,0
DA:77,0
DA:78,0
DA:80,0
DA:88,8
DA:89,0
DA:90,0
DA:91,0
DA:93,0
DA:101,8
DA:102,0
DA:103,0
DA:104,0
DA:106,0
DA:114,8
LF:42
LH:17
BRDA:33,0,0,0
BRDA:33,1,0,0
BRDA:33,2,0,0
BRDA:43,3,0,0
BRDA:43,3,1,0
BRDA:44,4,0,0
BRDA:44,4,1,0
BRDA:56,5,0,0
BRDA:56,5,1,0
BRDA:57,6,0,0
BRDA:57,6,1,0
BRDA:69,7,0,0
BRDA:69,7,1,0
BRDA:70,8,0,0
BRDA:70,8,1,0
BRDA:82,9,0,0
BRDA:82,9,1,0
BRDA:83,10,0,0
BRDA:83,10,1,0
BRDA:95,11,0,0
BRDA:95,11,1,0
BRDA:96,12,0,0
BRDA:96,12,1,0
BRDA:108,13,0,0
BRDA:108,13,1,0
BRDA:109,14,0,0
BRDA:109,14,1,0
BRF:27
BRH:0
end_of_record
TN:
SF:src\routes\categories.js
FN:15,(anonymous_0)
FN:43,(anonymous_1)
FN:57,generateNextCategoryUid
FN:64,(anonymous_3)
FN:66,(anonymous_4)
FN:70,(anonymous_5)
FN:87,(anonymous_6)
FN:106,(anonymous_7)
FNF:8
FNH:2
FNDA:1,(anonymous_0)
FNDA:1,(anonymous_1)
FNDA:0,generateNextCategoryUid
FNDA:0,(anonymous_3)
FNDA:0,(anonymous_4)
FNDA:0,(anonymous_5)
FNDA:0,(anonymous_6)
FNDA:0,(anonymous_7)
DA:1,8
DA:3,8
DA:4,8
DA:5,8
DA:7,8
DA:8,8
DA:9,8
DA:10,8
DA:11,8
DA:15,8
DA:16,1
DA:17,1
DA:18,1
DA:20,0
DA:30,8
DA:44,1
DA:45,1
DA:46,1
DA:48,0
DA:58,0
DA:63,0
DA:64,0
DA:67,0
DA:68,0
DA:70,0
DA:71,0
DA:76,8
DA:88,0
DA:89,0
DA:93,0
DA:95,0
DA:106,8
DA:107,0
DA:108,0
DA:109,0
DA:113,0
DA:121,8
LF:37
LH:20
BRDA:22,0,0,0
BRDA:22,0,1,0
BRDA:23,1,0,0
BRDA:23,1,1,0
BRDA:50,2,0,0
BRDA:50,2,1,0
BRDA:51,3,0,0
BRDA:51,3,1,0
BRDA:68,4,0,0
BRDA:68,4,1,0
BRDA:97,5,0,0
BRDA:97,5,1,0
BRDA:98,6,0,0
BRDA:98,6,1,0
BRDA:115,7,0,0
BRDA:115,7,1,0
BRDA:116,8,0,0
BRDA:116,8,1,0
BRF:18
BRH:0
end_of_record
TN:
SF:src\routes\locations.js
FN:8,(anonymous_0)
FN:22,(anonymous_1)
FNF:2
FNH:0
FNDA:0,(anonymous_0)
FNDA:0,(anonymous_1)
DA:1,8
DA:3,8
DA:4,8
DA:5,8
DA:8,8
DA:9,0
DA:10,0
DA:11,0
DA:13,0
DA:22,8
DA:23,0
DA:24,0
DA:25,0
DA:26,0
DA:28,0
DA:30,0
DA:38,8
LF:17
LH:7
BRDA:15,0,0,0
BRDA:15,0,1,0
BRDA:16,1,0,0
BRDA:16,1,1,0
BRDA:25,2,0,0
BRDA:25,2,1,0
BRDA:32,3,0,0
BRDA:32,3,1,0
BRDA:33,4,0,0
BRDA:33,4,1,0
BRF:10
BRH:0
end_of_record
TN:
SF:src\routes\orders.js
FN:23,buildInvoiceData
FN:30,(anonymous_1)
FN:96,getShippingCharge
FN:101,restoreStock
FN:170,(anonymous_4)
FN:246,(anonymous_5)
FN:299,(anonymous_6)
FN:379,(anonymous_7)
FN:389,(anonymous_8)
FN:404,(anonymous_9)
FN:405,(anonymous_10)
FN:481,(anonymous_11)
FN:521,(anonymous_12)
FN:535,(anonymous_13)
FN:558,(anonymous_14)
FN:611,(anonymous_15)
FN:627,(anonymous_16)
FN:657,(anonymous_17)
FN:670,(anonymous_18)
FN:691,(anonymous_19)
FN:723,(anonymous_20)
FN:778,(anonymous_21)
FN:790,(anonymous_22)
FN:806,(anonymous_23)
FN:822,(anonymous_24)
FN:827,(anonymous_25)
FN:839,(anonymous_26)
FN:869,(anonymous_27)
FN:963,(anonymous_28)
FN:976,(anonymous_29)
FN:980,(anonymous_30)
FN:989,(anonymous_31)
FN:1054,(anonymous_32)
FN:1073,(anonymous_33)
FN:1096,(anonymous_34)
FN:1136,(anonymous_35)
FN:1147,(anonymous_36)
FN:1165,(anonymous_37)
FN:1217,escapeHtml
FN:1228,(anonymous_39)
FN:1337,(anonymous_40)
FN:1389,(anonymous_41)
FN:1455,(anonymous_42)
FN:1563,(anonymous_43)
FN:1603,(anonymous_44)
FN:1654,(anonymous_45)
FN:1676,(anonymous_46)
FN:1698,(anonymous_47)
FN:1732,(anonymous_48)
FN:1742,(anonymous_49)
FN:1767,(anonymous_50)
FN:1777,(anonymous_51)
FN:1794,(anonymous_52)
FNF:53
FNH:1
FNDA:0,buildInvoiceData
FNDA:0,(anonymous_1)
FNDA:0,getShippingCharge
FNDA:0,restoreStock
FNDA:0,(anonymous_4)
FNDA:0,(anonymous_5)
FNDA:0,(anonymous_6)
FNDA:0,(anonymous_7)
FNDA:0,(anonymous_8)
FNDA:0,(anonymous_9)
FNDA:0,(anonymous_10)
FNDA:0,(anonymous_11)
FNDA:0,(anonymous_12)
FNDA:0,(anonymous_13)
FNDA:0,(anonymous_14)
FNDA:0,(anonymous_15)
FNDA:0,(anonymous_16)
FNDA:0,(anonymous_17)
FNDA:0,(anonymous_18)
FNDA:0,(anonymous_19)
FNDA:0,(anonymous_20)
FNDA:0,(anonymous_21)
FNDA:0,(anonymous_22)
FNDA:0,(anonymous_23)
FNDA:0,(anonymous_24)
FNDA:0,(anonymous_25)
FNDA:0,(anonymous_26)
FNDA:0,(anonymous_27)
FNDA:0,(anonymous_28)
FNDA:0,(anonymous_29)
FNDA:0,(anonymous_30)
FNDA:0,(anonymous_31)
FNDA:0,(anonymous_32)
FNDA:0,(anonymous_33)
FNDA:0,(anonymous_34)
FNDA:0,(anonymous_35)
FNDA:0,(anonymous_36)
FNDA:0,(anonymous_37)
FNDA:0,escapeHtml
FNDA:0,(anonymous_39)
FNDA:0,(anonymous_40)
FNDA:0,(anonymous_41)
FNDA:0,(anonymous_42)
FNDA:0,(anonymous_43)
FNDA:0,(anonymous_44)
FNDA:1,(anonymous_45)
FNDA:0,(anonymous_46)
FNDA:0,(anonymous_47)
FNDA:0,(anonymous_48)
FNDA:0,(anonymous_49)
FNDA:0,(anonymous_50)
FNDA:0,(anonymous_51)
FNDA:0,(anonymous_52)
DA:1,8
DA:2,8
DA:4,8
DA:5,8
DA:6,8
DA:7,8
DA:8,8
DA:9,8
DA:10,8
DA:11,8
DA:12,8
DA:13,8
DA:14,8
DA:15,8
DA:16,8
DA:17,8
DA:18,8
DA:19,8
DA:20,8
DA:21,8
DA:24,0
DA:30,0
DA:31,0
DA:32,0
DA:33,0
DA:34,0
DA:35,0
DA:39,0
DA:98,0
DA:102,0
DA:103,0
DA:104,0
DA:105,0
DA:110,0
DA:111,0
DA:117,0
DA:122,0
DA:123,0
DA:132,8
DA:166,8
DA:171,0
DA:183,0
DA:185,0
DA:186,0
DA:190,0
DA:199,0
DA:200,0
DA:201,0
DA:206,0
DA:209,0
DA:212,0
DA:213,0
DA:214,0
DA:215,0
DA:221,0
DA:224,0
DA:225,0
DA:229,0
DA:232,0
DA:233,0
DA:234,0
DA:235,0
DA:238,0
DA:239,0
DA:240,0
DA:241,0
DA:244,0
DA:245,0
DA:246,0
DA:247,0
DA:248,0
DA:249,0
DA:256,0
DA:259,0
DA:260,0
DA:264,0
DA:265,0
DA:266,0
DA:273,0
DA:278,0
DA:279,0
DA:280,0
DA:281,0
DA:287,0
DA:292,0
DA:295,0
DA:296,0
DA:297,0
DA:298,0
DA:299,0
DA:301,0
DA:302,0
DA:303,0
DA:306,0
DA:308,0
DA:309,0
DA:310,0
DA:311,0
DA:313,0
DA:314,0
DA:315,0
DA:317,0
DA:331,0
DA:332,0
DA:334,0
DA:337,0
DA:338,0
DA:339,0
DA:361,0
DA:368,0
DA:369,0
DA:372,0
DA:373,0
DA:379,0
DA:380,0
DA:381,0
DA:382,0
DA:387,0
DA:394,0
DA:395,0
DA:396,0
DA:400,0
DA:401,0
DA:410,0
DA:411,0
DA:422,0
DA:427,0
DA:430,0
DA:431,0
DA:432,0
DA:433,0
DA:434,0
DA:435,0
DA:436,0
DA:437,0
DA:439,0
DA:442,0
DA:452,0
DA:457,8
DA:472,8
DA:482,0
DA:483,0
DA:486,0
DA:487,0
DA:489,0
DA:496,0
DA:498,0
DA:513,0
DA:514,0
DA:517,0
DA:518,0
DA:522,0
DA:528,0
DA:529,0
DA:534,0
DA:535,0
DA:541,0
DA:547,0
DA:554,8
DA:559,0
DA:561,0
DA:563,0
DA:569,0
DA:571,0
DA:572,0
DA:578,0
DA:581,0
DA:596,0
DA:597,0
DA:607,0
DA:608,0
DA:612,0
DA:620,0
DA:621,0
DA:626,0
DA:627,0
DA:633,0
DA:642,0
DA:648,0
DA:649,0
DA:656,0
DA:657,0
DA:661,0
DA:665,0
DA:666,0
DA:667,0
DA:671,0
DA:678,0
DA:680,0
DA:691,8
DA:692,0
DA:693,0
DA:698,0
DA:699,0
DA:701,0
DA:711,8
DA:724,0
DA:725,0
DA:727,0
DA:732,0
DA:733,0
DA:740,0
DA:741,0
DA:747,0
DA:752,0
DA:758,0
DA:759,0
DA:766,0
DA:768,0
DA:778,8
DA:779,0
DA:780,0
DA:786,0
DA:787,0
DA:790,0
DA:798,0
DA:800,0
DA:806,8
DA:807,0
DA:808,0
DA:811,0
DA:812,0
DA:819,0
DA:820,0
DA:821,0
DA:822,0
DA:823,0
DA:827,0
DA:838,0
DA:839,0
DA:842,0
DA:844,0
DA:854,8
DA:870,0
DA:871,0
DA:873,0
DA:878,0
DA:879,0
DA:882,0
DA:885,0
DA:888,0
DA:889,0
DA:892,0
DA:893,0
DA:900,0
DA:904,0
DA:911,0
DA:916,0
DA:917,0
DA:920,0
DA:921,0
DA:922,0
DA:923,0
DA:924,0
DA:925,0
DA:926,0
DA:932,0
DA:933,0
DA:935,0
DA:936,0
DA:939,0
DA:940,0
DA:943,0
DA:949,0
DA:950,0
DA:953,0
DA:956,0
DA:966,0
DA:970,0
DA:971,0
DA:976,0
DA:977,0
DA:978,0
DA:985,0
DA:986,0
DA:990,0
DA:999,0
DA:1004,0
DA:1005,0
DA:1006,0
DA:1011,0
DA:1012,0
DA:1013,0
DA:1014,0
DA:1024,0
DA:1031,0
DA:1036,0
DA:1043,8
DA:1054,8
DA:1055,0
DA:1056,0
DA:1057,0
DA:1058,0
DA:1065,0
DA:1066,0
DA:1069,0
DA:1070,0
DA:1074,0
DA:1081,0
DA:1089,0
DA:1096,8
DA:1097,0
DA:1098,0
DA:1104,0
DA:1106,0
DA:1107,0
DA:1109,0
DA:1110,0
DA:1113,0
DA:1114,0
DA:1120,0
DA:1126,0
DA:1128,0
DA:1130,0
DA:1136,8
DA:1137,0
DA:1138,0
DA:1143,0
DA:1146,0
DA:1148,0
DA:1153,0
DA:1157,0
DA:1159,0
DA:1165,8
DA:1166,0
DA:1167,0
DA:1172,0
DA:1173,0
DA:1178,0
DA:1179,0
DA:1180,0
DA:1181,0
DA:1189,0
DA:1190,0
DA:1192,0
DA:1193,0
DA:1201,0
DA:1206,0
DA:1207,0
DA:1209,0
DA:1218,0
DA:1219,0
DA:1228,8
DA:1229,0
DA:1230,0
DA:1231,0
DA:1232,0
DA:1235,0
DA:1240,0
DA:1241,0
DA:1244,0
DA:1247,0
DA:1254,0
DA:1259,0
DA:1262,0
DA:1263,0
DA:1264,0
DA:1265,0
DA:1266,0
DA:1337,0
DA:1379,0
DA:1380,0
DA:1382,0
DA:1383,0
DA:1389,8
DA:1390,0
DA:1391,0
DA:1396,0
DA:1397,0
DA:1402,0
DA:1403,0
DA:1404,0
DA:1405,0
DA:1413,0
DA:1414,0
DA:1416,0
DA:1418,0
DA:1419,0
DA:1420,0
DA:1421,0
DA:1422,0
DA:1423,0
DA:1426,0
DA:1437,0
DA:1438,0
DA:1439,0
DA:1441,0
DA:1443,0
DA:1448,0
DA:1449,0
DA:1455,0
DA:1456,0
DA:1458,0
DA:1464,0
DA:1469,0
DA:1474,0
DA:1479,0
DA:1484,0
DA:1489,0
DA:1496,0
DA:1497,0
DA:1498,0
DA:1500,0
DA:1509,0
DA:1510,0
DA:1518,0
DA:1525,0
DA:1532,0
DA:1541,0
DA:1557,0
DA:1563,8
DA:1564,0
DA:1565,0
DA:1567,0
DA:1568,0
DA:1569,0
DA:1570,0
DA:1573,0
DA:1578,0
DA:1583,0
DA:1585,0
DA:1588,8
DA:1599,8
DA:1604,0
DA:1605,0
DA:1606,0
DA:1608,0
DA:1614,0
DA:1615,0
DA:1618,0
DA:1619,0
DA:1622,0
DA:1623,0
DA:1626,0
DA:1634,0
DA:1636,0
DA:1641,8
DA:1650,8
DA:1655,1
DA:1656,1
DA:1659,1
DA:1664,1
DA:1665,1
DA:1668,1
DA:1669,1
DA:1672,1
DA:1673,1
DA:1677,0
DA:1684,1
DA:1689,0
DA:1698,8
DA:1699,0
DA:1700,0
DA:1706,0
DA:1708,0
DA:1709,0
DA:1711,0
DA:1712,0
DA:1715,0
DA:1717,0
DA:1723,8
DA:1733,0
DA:1734,0
DA:1735,0
DA:1738,0
DA:1739,0
DA:1743,0
DA:1748,0
DA:1753,0
DA:1759,8
DA:1767,8
DA:1768,0
DA:1769,0
DA:1770,0
DA:1773,0
DA:1774,0
DA:1778,0
DA:1783,0
DA:1788,0
DA:1794,8
DA:1795,0
DA:1796,0
DA:1797,0
DA:1798,0
DA:1800,0
DA:1804,8
LF:486
LH:58
BRDA:30,0,0,0
BRDA:30,0,1,0
BRDA:33,1,0,0
BRDA:33,1,1,0
BRDA:52,2,0,0
BRDA:52,2,1,0
BRDA:52,3,0,0
BRDA:52,3,1,0
BRDA:53,4,0,0
BRDA:53,4,1,0
BRDA:53,5,0,0
BRDA:53,5,1,0
BRDA:54,6,0,0
BRDA:54,6,1,0
BRDA:54,7,0,0
BRDA:54,7,1,0
BRDA:55,8,0,0
BRDA:55,8,1,0
BRDA:58,9,0,0
BRDA:58,9,1,0
BRDA:59,10,0,0
BRDA:59,10,1,0
BRDA:60,11,0,0
BRDA:60,11,1,0
BRDA:61,12,0,0
BRDA:61,12,1,0
BRDA:61,12,2,0
BRDA:62,13,0,0
BRDA:62,13,1,0
BRDA:67,14,0,0
BRDA:67,14,1,0
BRDA:92,15,0,0
BRDA:92,15,1,0
BRDA:102,16,0,0
BRDA:102,16,1,0
BRDA:104,17,0,0
BRDA:104,17,1,0
BRDA:110,18,0,0
BRDA:110,18,1,0
BRDA:113,19,0,0
BRDA:113,19,1,0
BRDA:122,20,0,0
BRDA:122,20,1,0
BRDA:125,21,0,0
BRDA:125,21,1,0
BRDA:185,22,0,0
BRDA:185,22,1,0
BRDA:185,23,0,0
BRDA:185,23,1,0
BRDA:196,24,0,0
BRDA:196,24,1,0
BRDA:200,25,0,0
BRDA:200,25,1,0
BRDA:202,26,0,0
BRDA:202,26,1,0
BRDA:202,26,2,0
BRDA:202,26,3,0
BRDA:207,27,0,0
BRDA:207,27,1,0
BRDA:207,27,2,0
BRDA:207,27,3,0
BRDA:213,28,0,0
BRDA:213,28,1,0
BRDA:214,29,0,0
BRDA:214,29,1,0
BRDA:214,30,0,0
BRDA:214,30,1,0
BRDA:221,31,0,0
BRDA:221,31,1,0
BRDA:224,32,0,0
BRDA:224,32,1,0
BRDA:224,33,0,0
BRDA:224,33,1,0
BRDA:233,34,0,0
BRDA:233,34,1,0
BRDA:235,35,0,0
BRDA:235,35,1,0
BRDA:247,36,0,0
BRDA:247,36,1,0
BRDA:256,37,0,0
BRDA:256,37,1,0
BRDA:259,38,0,0
BRDA:259,38,1,0
BRDA:264,39,0,0
BRDA:264,39,1,0
BRDA:278,40,0,0
BRDA:278,40,1,0
BRDA:278,41,0,0
BRDA:278,41,1,0
BRDA:279,42,0,0
BRDA:279,42,1,0
BRDA:297,43,0,0
BRDA:297,43,1,0
BRDA:297,44,0,0
BRDA:297,44,1,0
BRDA:297,44,2,0
BRDA:299,45,0,0
BRDA:299,45,1,0
BRDA:301,46,0,0
BRDA:301,46,1,0
BRDA:326,47,0,0
BRDA:326,47,1,0
BRDA:327,48,0,0
BRDA:327,48,1,0
BRDA:338,49,0,0
BRDA:338,49,1,0
BRDA:338,49,2,0
BRDA:342,50,0,0
BRDA:342,50,1,0
BRDA:342,50,2,0
BRDA:342,50,3,0
BRDA:352,51,0,0
BRDA:352,51,1,0
BRDA:368,52,0,0
BRDA:368,52,1,0
BRDA:368,53,0,0
BRDA:368,53,1,0
BRDA:368,53,2,0
BRDA:394,54,0,0
BRDA:394,54,1,0
BRDA:394,55,0,0
BRDA:394,55,1,0
BRDA:396,56,0,0
BRDA:396,56,1,0
BRDA:400,57,0,0
BRDA:400,57,1,0
BRDA:400,58,0,0
BRDA:400,58,1,0
BRDA:400,58,2,0
BRDA:430,59,0,0
BRDA:430,59,1,0
BRDA:430,60,0,0
BRDA:430,60,1,0
BRDA:430,60,2,0
BRDA:432,61,0,0
BRDA:432,61,1,0
BRDA:433,62,0,0
BRDA:433,62,1,0
BRDA:434,63,0,0
BRDA:434,63,1,0
BRDA:435,64,0,0
BRDA:435,64,1,0
BRDA:436,65,0,0
BRDA:436,65,1,0
BRDA:437,66,0,0
BRDA:437,66,1,0
BRDA:448,67,0,0
BRDA:448,67,1,0
BRDA:452,68,0,0
BRDA:452,68,1,0
BRDA:486,69,0,0
BRDA:486,69,1,0
BRDA:496,70,0,0
BRDA:496,70,1,0
BRDA:513,71,0,0
BRDA:513,71,1,0
BRDA:514,72,0,0
BRDA:514,72,1,0
BRDA:522,73,0,0
BRDA:522,73,1,0
BRDA:522,73,2,0
BRDA:522,73,3,0
BRDA:534,74,0,0
BRDA:534,74,1,0
BRDA:547,75,0,0
BRDA:547,75,1,0
BRDA:569,76,0,0
BRDA:569,76,1,0
BRDA:578,77,0,0
BRDA:578,77,1,0
BRDA:578,78,0,0
BRDA:578,78,1,0
BRDA:596,79,0,0
BRDA:596,79,1,0
BRDA:599,80,0,0
BRDA:599,80,1,0
BRDA:612,81,0,0
BRDA:612,81,1,0
BRDA:612,81,2,0
BRDA:612,81,3,0
BRDA:626,82,0,0
BRDA:626,82,1,0
BRDA:648,83,0,0
BRDA:648,83,1,0
BRDA:648,84,0,0
BRDA:648,84,1,0
BRDA:656,85,0,0
BRDA:656,85,1,0
BRDA:656,86,0,0
BRDA:656,86,1,0
BRDA:666,87,0,0
BRDA:666,87,1,0
BRDA:671,88,0,0
BRDA:671,88,1,0
BRDA:671,88,2,0
BRDA:671,88,3,0
BRDA:682,89,0,0
BRDA:682,89,1,0
BRDA:698,90,0,0
BRDA:698,90,1,0
BRDA:703,91,0,0
BRDA:703,91,1,0
BRDA:732,92,0,0
BRDA:732,92,1,0
BRDA:732,93,0,0
BRDA:732,93,1,0
BRDA:740,94,0,0
BRDA:740,94,1,0
BRDA:743,95,0,0
BRDA:743,95,1,0
BRDA:748,96,0,0
BRDA:748,96,1,0
BRDA:758,97,0,0
BRDA:758,97,1,0
BRDA:761,98,0,0
BRDA:761,98,1,0
BRDA:766,99,0,0
BRDA:766,99,1,0
BRDA:770,100,0,0
BRDA:770,100,1,0
BRDA:786,101,0,0
BRDA:786,101,1,0
BRDA:787,102,0,0
BRDA:787,102,1,0
BRDA:790,103,0,0
BRDA:790,103,1,0
BRDA:793,104,0,0
BRDA:793,104,1,0
BRDA:800,105,0,0
BRDA:800,105,1,0
BRDA:811,106,0,0
BRDA:811,106,1,0
BRDA:814,107,0,0
BRDA:814,107,1,0
BRDA:821,108,0,0
BRDA:821,108,1,0
BRDA:829,109,0,0
BRDA:829,109,1,0
BRDA:831,110,0,0
BRDA:831,110,1,0
BRDA:833,111,0,0
BRDA:833,111,1,0
BRDA:833,111,2,0
BRDA:846,112,0,0
BRDA:846,112,1,0
BRDA:878,113,0,0
BRDA:878,113,1,0
BRDA:878,114,0,0
BRDA:878,114,1,0
BRDA:885,115,0,0
BRDA:885,115,1,0
BRDA:888,116,0,0
BRDA:888,116,1,0
BRDA:892,117,0,0
BRDA:892,117,1,0
BRDA:892,118,0,0
BRDA:892,118,1,0
BRDA:900,119,0,0
BRDA:900,119,1,0
BRDA:901,120,0,0
BRDA:901,120,1,0
BRDA:916,121,0,0
BRDA:916,121,1,0
BRDA:921,122,0,0
BRDA:921,122,1,0
BRDA:923,123,0,0
BRDA:923,123,1,0
BRDA:923,124,0,0
BRDA:923,124,1,0
BRDA:932,125,0,0
BRDA:932,125,1,0
BRDA:932,126,0,0
BRDA:932,126,1,0
BRDA:935,127,0,0
BRDA:935,127,1,0
BRDA:935,128,0,0
BRDA:935,128,1,0
BRDA:939,129,0,0
BRDA:939,129,1,0
BRDA:949,130,0,0
BRDA:949,130,1,0
BRDA:950,131,0,0
BRDA:950,131,1,0
BRDA:970,132,0,0
BRDA:970,132,1,0
BRDA:977,133,0,0
BRDA:977,133,1,0
BRDA:990,134,0,0
BRDA:990,134,1,0
BRDA:990,134,2,0
BRDA:990,134,3,0
BRDA:999,135,0,0
BRDA:999,135,1,0
BRDA:999,135,2,0
BRDA:999,135,3,0
BRDA:999,135,4,0
BRDA:1004,136,0,0
BRDA:1004,136,1,0
BRDA:1011,137,0,0
BRDA:1011,137,1,0
BRDA:1013,138,0,0
BRDA:1013,138,1,0
BRDA:1038,139,0,0
BRDA:1038,139,1,0
BRDA:1057,140,0,0
BRDA:1057,140,1,0
BRDA:1074,141,0,0
BRDA:1074,141,1,0
BRDA:1074,141,2,0
BRDA:1074,141,3,0
BRDA:1082,142,0,0
BRDA:1082,142,1,0
BRDA:1089,143,0,0
BRDA:1089,143,1,0
BRDA:1104,144,0,0
BRDA:1104,144,1,0
BRDA:1104,145,0,0
BRDA:1104,145,1,0
BRDA:1109,146,0,0
BRDA:1109,146,1,0
BRDA:1109,147,0,0
BRDA:1109,147,1,0
BRDA:1113,148,0,0
BRDA:1113,148,1,0
BRDA:1126,149,0,0
BRDA:1126,149,1,0
BRDA:1130,150,0,0
BRDA:1130,150,1,0
BRDA:1143,151,0,0
BRDA:1143,151,1,0
BRDA:1159,152,0,0
BRDA:1159,152,1,0
BRDA:1172,153,0,0
BRDA:1172,153,1,0
BRDA:1172,154,0,0
BRDA:1172,154,1,0
BRDA:1178,155,0,0
BRDA:1178,155,1,0
BRDA:1180,156,0,0
BRDA:1180,156,1,0
BRDA:1180,157,0,0
BRDA:1180,157,1,0
BRDA:1190,158,0,0
BRDA:1190,158,1,0
BRDA:1192,159,0,0
BRDA:1192,159,1,0
BRDA:1192,160,0,0
BRDA:1192,160,1,0
BRDA:1192,161,0,0
BRDA:1192,161,1,0
BRDA:1211,162,0,0
BRDA:1211,162,1,0
BRDA:1218,163,0,0
BRDA:1218,163,1,0
BRDA:1231,164,0,0
BRDA:1231,164,1,0
BRDA:1240,165,0,0
BRDA:1240,165,1,0
BRDA:1240,166,0,0
BRDA:1240,166,1,0
BRDA:1244,167,0,0
BRDA:1244,167,1,0
BRDA:1262,168,0,0
BRDA:1262,168,1,0
BRDA:1264,169,0,0
BRDA:1264,169,1,0
BRDA:1312,170,0,0
BRDA:1312,170,1,0
BRDA:1313,171,0,0
BRDA:1313,171,1,0
BRDA:1317,172,0,0
BRDA:1317,172,1,0
BRDA:1318,173,0,0
BRDA:1318,173,1,0
BRDA:1318,174,0,0
BRDA:1318,174,1,0
BRDA:1356,175,0,0
BRDA:1356,175,1,0
BRDA:1362,176,0,0
BRDA:1362,176,1,0
BRDA:1374,177,0,0
BRDA:1374,177,1,0
BRDA:1396,178,0,0
BRDA:1396,178,1,0
BRDA:1396,179,0,0
BRDA:1396,179,1,0
BRDA:1402,180,0,0
BRDA:1402,180,1,0
BRDA:1404,181,0,0
BRDA:1404,181,1,0
BRDA:1404,182,0,0
BRDA:1404,182,1,0
BRDA:1418,183,0,0
BRDA:1418,183,1,0
BRDA:1418,184,0,0
BRDA:1418,184,1,0
BRDA:1420,185,0,0
BRDA:1420,185,1,0
BRDA:1420,186,0,0
BRDA:1420,186,1,0
BRDA:1422,187,0,0
BRDA:1422,187,1,0
BRDA:1437,188,0,0
BRDA:1437,188,1,0
BRDA:1438,189,0,0
BRDA:1438,189,1,0
BRDA:1439,190,0,0
BRDA:1439,190,1,0
BRDA:1443,191,0,0
BRDA:1443,191,1,0
BRDA:1444,192,0,0
BRDA:1444,192,1,0
BRDA:1444,192,2,0
BRDA:1456,193,0,0
BRDA:1456,193,1,0
BRDA:1456,193,2,0
BRDA:1456,193,3,0
BRDA:1456,193,4,0
BRDA:1456,193,5,0
BRDA:1456,193,6,0
BRDA:1456,193,7,0
BRDA:1509,194,0,0
BRDA:1509,194,1,0
BRDA:1515,195,0,0
BRDA:1515,195,1,0
BRDA:1515,195,2,0
BRDA:1522,196,0,0
BRDA:1522,196,1,0
BRDA:1529,197,0,0
BRDA:1529,197,1,0
BRDA:1536,198,0,0
BRDA:1536,198,1,0
BRDA:1544,199,0,0
BRDA:1544,199,1,0
BRDA:1545,200,0,0
BRDA:1545,200,1,0
BRDA:1546,201,0,0
BRDA:1546,201,1,0
BRDA:1547,202,0,0
BRDA:1547,202,1,0
BRDA:1548,203,0,0
BRDA:1548,203,1,0
BRDA:1548,203,2,0
BRDA:1552,204,0,0
BRDA:1552,204,1,0
BRDA:1557,205,0,0
BRDA:1557,205,1,0
BRDA:1565,206,0,0
BRDA:1565,206,1,0
BRDA:1568,207,0,0
BRDA:1568,207,1,0
BRDA:1614,208,0,0
BRDA:1614,208,1,0
BRDA:1614,209,0,0
BRDA:1614,209,1,0
BRDA:1618,210,0,0
BRDA:1618,210,1,0
BRDA:1622,211,0,0
BRDA:1622,211,1,0
BRDA:1630,212,0,0
BRDA:1630,212,1,0
BRDA:1636,213,0,0
BRDA:1636,213,1,0
BRDA:1664,214,0,1
BRDA:1664,214,1,0
BRDA:1677,215,0,0
BRDA:1677,215,1,0
BRDA:1677,215,2,0
BRDA:1677,215,3,0
BRDA:1706,216,0,0
BRDA:1706,216,1,0
BRDA:1706,217,0,0
BRDA:1706,217,1,0
BRDA:1711,218,0,0
BRDA:1711,218,1,0
BRDA:1711,219,0,0
BRDA:1711,219,1,0
BRDA:1717,220,0,0
BRDA:1717,220,1,0
BRDA:1735,221,0,0
BRDA:1735,221,1,0
BRDA:1743,222,0,0
BRDA:1743,222,1,0
BRDA:1743,222,2,0
BRDA:1743,222,3,0
BRDA:1753,223,0,0
BRDA:1753,223,1,0
BRDA:1770,224,0,0
BRDA:1770,224,1,0
BRDA:1778,225,0,0
BRDA:1778,225,1,0
BRDA:1778,225,2,0
BRDA:1778,225,3,0
BRDA:1788,226,0,0
BRDA:1788,226,1,0
BRDA:1798,227,0,0
BRDA:1798,227,1,0
BRDA:1800,228,0,0
BRDA:1800,228,1,0
BRF:499
BRH:1
end_of_record
TN:
SF:src\routes\products.js
FN:15,(anonymous_0)
FN:37,(anonymous_1)
FN:53,(anonymous_2)
FN:94,(anonymous_3)
FN:131,(anonymous_4)
FN:146,(anonymous_5)
FNF:6
FNH:2
FNDA:0,(anonymous_0)
FNDA:0,(anonymous_1)
FNDA:0,(anonymous_2)
FNDA:1,(anonymous_3)
FNDA:0,(anonymous_4)
FNDA:1,(anonymous_5)
DA:1,8
DA:3,8
DA:4,8
DA:5,8
DA:7,8
DA:8,8
DA:9,8
DA:10,8
DA:11,8
DA:15,8
DA:16,0
DA:17,0
DA:18,0
DA:19,0
DA:20,0
DA:21,0
DA:22,0
DA:23,0
DA:24,0
DA:25,0
DA:27,0
DA:37,8
DA:38,0
DA:39,0
DA:40,0
DA:41,0
DA:43,0
DA:53,8
DA:54,0
DA:55,0
DA:56,0
DA:58,0
DA:68,8
DA:95,1
DA:96,1
DA:97,1
DA:99,0
DA:108,8
DA:131,8
DA:132,0
DA:133,0
DA:134,0
DA:136,0
DA:146,8
DA:147,1
DA:148,1
DA:149,1
DA:153,0
DA:161,8
LF:49
LH:23
BRDA:19,0,0,0
BRDA:19,0,1,0
BRDA:20,1,0,0
BRDA:20,1,1,0
BRDA:21,2,0,0
BRDA:21,2,1,0
BRDA:22,3,0,0
BRDA:22,3,1,0
BRDA:23,4,0,0
BRDA:23,4,1,0
BRDA:29,5,0,0
BRDA:29,5,1,0
BRDA:30,6,0,0
BRDA:30,6,1,0
BRDA:40,7,0,0
BRDA:40,7,1,0
BRDA:45,8,0,0
BRDA:45,8,1,0
BRDA:46,9,0,0
BRDA:46,9,1,0
BRDA:60,10,0,0
BRDA:60,10,1,0
BRDA:61,11,0,0
BRDA:61,11,1,0
BRDA:101,12,0,0
BRDA:101,12,1,0
BRDA:102,13,0,0
BRDA:102,13,1,0
BRDA:138,14,0,0
BRDA:138,14,1,0
BRDA:139,15,0,0
BRDA:139,15,1,0
BRDA:155,16,0,0
BRDA:155,16,1,0
BRDA:156,17,0,0
BRDA:156,17,1,0
BRF:36
BRH:0
end_of_record
TN:
SF:src\routes\promo.js
FN:8,(anonymous_0)
FNF:1
FNH:0
FNDA:0,(anonymous_0)
DA:1,8
DA:3,8
DA:4,8
DA:5,8
DA:8,8
DA:9,0
DA:10,0
DA:11,0
DA:12,0
DA:14,0
DA:22,8
LF:11
LH:6
BRDA:16,0,0,0
BRDA:16,0,1,0
BRDA:17,1,0,0
BRDA:17,1,1,0
BRF:4
BRH:0
end_of_record
TN:
SF:src\routes\search.js
FN:9,(anonymous_0)
FN:18,(anonymous_1)
FN:19,(anonymous_2)
FN:20,(anonymous_3)
FN:29,(anonymous_4)
FN:37,(anonymous_5)
FN:45,(anonymous_6)
FNF:7
FNH:0
FNDA:0,(anonymous_0)
FNDA:0,(anonymous_1)
FNDA:0,(anonymous_2)
FNDA:0,(anonymous_3)
FNDA:0,(anonymous_4)
FNDA:0,(anonymous_5)
FNDA:0,(anonymous_6)
DA:1,8
DA:3,8
DA:4,8
DA:5,8
DA:9,8
DA:10,0
DA:11,0
DA:12,0
DA:13,0
DA:17,0
DA:18,0
DA:19,0
DA:20,0
DA:23,0
DA:24,0
DA:25,0
DA:27,0
DA:30,0
DA:35,0
DA:38,0
DA:43,0
DA:46,0
DA:52,0
DA:54,0
DA:62,8
LF:25
LH:6
BRDA:11,0,0,0
BRDA:11,0,1,0
BRDA:12,1,0,0
BRDA:12,1,1,0
BRDA:23,2,0,0
BRDA:23,2,1,0
BRDA:24,3,0,0
BRDA:24,3,1,0
BRDA:25,4,0,0
BRDA:25,4,1,0
BRDA:27,5,0,0
BRDA:27,5,1,0
BRDA:30,6,0,0
BRDA:30,6,1,0
BRDA:30,6,2,0
BRDA:30,6,3,0
BRDA:35,7,0,0
BRDA:35,7,1,0
BRDA:38,8,0,0
BRDA:38,8,1,0
BRDA:38,8,2,0
BRDA:38,8,3,0
BRDA:43,9,0,0
BRDA:43,9,1,0
BRDA:46,10,0,0
BRDA:46,10,1,0
BRDA:46,10,2,0
BRDA:46,10,3,0
BRDA:46,10,4,0
BRDA:46,10,5,0
BRDA:56,11,0,0
BRDA:56,11,1,0
BRDA:57,12,0,0
BRDA:57,12,1,0
BRF:34
BRH:0
end_of_record
TN:
SF:src\routes\trainee.js
FN:92,(anonymous_0)
FN:162,(anonymous_1)
FN:206,(anonymous_2)
FN:256,(anonymous_3)
FN:312,(anonymous_4)
FN:343,(anonymous_5)
FN:375,(anonymous_6)
FNF:7
FNH:0
FNDA:0,(anonymous_0)
FNDA:0,(anonymous_1)
FNDA:0,(anonymous_2)
FNDA:0,(anonymous_3)
FNDA:0,(anonymous_4)
FNDA:0,(anonymous_5)
FNDA:0,(anonymous_6)
DA:1,8
DA:2,8
DA:3,8
DA:4,8
DA:5,8
DA:6,8
DA:7,8
DA:8,8
DA:9,8
DA:10,8
DA:12,8
DA:43,8
DA:50,8
DA:59,8
DA:66,8
DA:76,8
DA:92,8
DA:93,0
DA:94,0
DA:96,0
DA:99,0
DA:100,0
DA:101,0
DA:109,0
DA:110,0
DA:111,0
DA:112,0
DA:120,0
DA:121,0
DA:132,0
DA:133,0
DA:134,0
DA:141,0
DA:153,0
DA:162,8
DA:163,0
DA:164,0
DA:166,0
DA:169,0
DA:171,0
DA:172,0
DA:178,0
DA:179,0
DA:186,0
DA:187,0
DA:192,0
DA:194,0
DA:206,8
DA:207,0
DA:208,0
DA:210,0
DA:213,0
DA:215,0
DA:216,0
DA:222,0
DA:223,0
DA:231,0
DA:232,0
DA:237,0
DA:242,0
DA:256,8
DA:257,0
DA:258,0
DA:260,0
DA:262,0
DA:264,0
DA:265,0
DA:272,0
DA:273,0
DA:281,0
DA:287,0
DA:288,0
DA:300,0
DA:312,8
DA:313,0
DA:314,0
DA:316,0
DA:317,0
DA:319,0
DA:320,0
DA:323,0
DA:324,0
DA:327,0
DA:328,0
DA:332,0
DA:333,0
DA:335,0
DA:343,8
DA:344,0
DA:345,0
DA:347,0
DA:348,0
DA:351,0
DA:356,0
DA:357,0
DA:364,0
DA:365,0
DA:367,0
DA:375,8
DA:376,0
DA:377,0
DA:379,0
DA:380,0
DA:387,0
DA:388,0
DA:389,0
DA:392,0
DA:406,0
DA:410,8
LF:109
LH:24
BRDA:100,0,0,0
BRDA:100,0,1,0
BRDA:111,1,0,0
BRDA:111,1,1,0
BRDA:120,2,0,0
BRDA:120,2,1,0
BRDA:133,3,0,0
BRDA:133,3,1,0
BRDA:136,4,0,0
BRDA:136,4,1,0
BRDA:153,5,0,0
BRDA:153,5,1,0
BRDA:171,6,0,0
BRDA:171,6,1,0
BRDA:178,7,0,0
BRDA:178,7,1,0
BRDA:196,8,0,0
BRDA:196,8,1,0
BRDA:197,9,0,0
BRDA:197,9,1,0
BRDA:215,10,0,0
BRDA:215,10,1,0
BRDA:222,11,0,0
BRDA:222,11,1,0
BRDA:244,12,0,0
BRDA:244,12,1,0
BRDA:245,13,0,0
BRDA:245,13,1,0
BRDA:264,14,0,0
BRDA:264,14,1,0
BRDA:272,15,0,0
BRDA:272,15,1,0
BRDA:294,16,0,0
BRDA:294,16,1,0
BRDA:302,17,0,0
BRDA:302,17,1,0
BRDA:303,18,0,0
BRDA:303,18,1,0
BRDA:319,19,0,0
BRDA:319,19,1,0
BRDA:323,20,0,0
BRDA:323,20,1,0
BRDA:332,21,0,0
BRDA:332,21,1,0
BRDA:335,22,0,0
BRDA:335,22,1,0
BRDA:356,23,0,0
BRDA:356,23,1,0
BRDA:364,24,0,0
BRDA:364,24,1,0
BRDA:367,25,0,0
BRDA:367,25,1,0
BRDA:379,26,0,0
BRDA:379,26,1,0
BRDA:388,27,0,0
BRDA:388,27,1,0
BRDA:406,28,0,0
BRDA:406,28,1,0
BRF:58
BRH:0
end_of_record
TN:
SF:src\routes\trainings.js
FN:39,(anonymous_0)
FN:56,(anonymous_1)
FN:65,(anonymous_2)
FN:74,(anonymous_3)
FN:83,(anonymous_4)
FN:88,(anonymous_5)
FN:97,(anonymous_6)
FN:102,(anonymous_7)
FN:110,generateTrainingId
FN:115,validateTrainingDates
FN:140,validateTrainingPrices
FN:156,calculateDurationDays
FN:166,(anonymous_12)
FN:188,(anonymous_13)
FN:197,(anonymous_14)
FN:220,(anonymous_15)
FN:228,(anonymous_16)
FN:233,(anonymous_17)
FN:242,(anonymous_18)
FN:249,(anonymous_19)
FN:257,(anonymous_20)
FNF:21
FNH:0
FNDA:0,(anonymous_0)
FNDA:0,(anonymous_1)
FNDA:0,(anonymous_2)
FNDA:0,(anonymous_3)
FNDA:0,(anonymous_4)
FNDA:0,(anonymous_5)
FNDA:0,(anonymous_6)
FNDA:0,(anonymous_7)
FNDA:0,generateTrainingId
FNDA:0,validateTrainingDates
FNDA:0,validateTrainingPrices
FNDA:0,calculateDurationDays
FNDA:0,(anonymous_12)
FNDA:0,(anonymous_13)
FNDA:0,(anonymous_14)
FNDA:0,(anonymous_15)
FNDA:0,(anonymous_16)
FNDA:0,(anonymous_17)
FNDA:0,(anonymous_18)
FNDA:0,(anonymous_19)
FNDA:0,(anonymous_20)
DA:1,8
DA:3,8
DA:4,8
DA:5,8
DA:6,8
DA:8,8
DA:9,8
DA:10,8
DA:12,8
DA:25,8
DA:39,8
DA:40,0
DA:41,0
DA:42,0
DA:43,0
DA:44,0
DA:46,0
DA:53,0
DA:56,0
DA:57,0
DA:58,0
DA:60,0
DA:65,8
DA:66,0
DA:67,0
DA:68,0
DA:70,0
DA:74,0
DA:75,0
DA:76,0
DA:78,0
DA:83,8
DA:84,0
DA:85,0
DA:88,0
DA:89,0
DA:90,0
DA:92,0
DA:97,8
DA:98,0
DA:99,0
DA:102,0
DA:103,0
DA:104,0
DA:106,0
DA:111,0
DA:112,0
DA:116,0
DA:117,0
DA:119,0
DA:120,0
DA:121,0
DA:122,0
DA:123,0
DA:127,0
DA:128,0
DA:129,0
DA:130,0
DA:131,0
DA:132,0
DA:133,0
DA:137,0
DA:141,0
DA:142,0
DA:143,0
DA:144,0
DA:145,0
DA:147,0
DA:148,0
DA:150,0
DA:151,0
DA:153,0
DA:157,0
DA:158,0
DA:159,0
DA:160,0
DA:161,0
DA:162,0
DA:166,8
DA:167,0
DA:169,0
DA:171,0
DA:172,0
DA:174,0
DA:175,0
DA:177,0
DA:185,0
DA:188,0
DA:189,0
DA:190,0
DA:192,0
DA:197,8
DA:198,0
DA:199,0
DA:201,0
DA:203,0
DA:204,0
DA:206,0
DA:207,0
DA:209,0
DA:216,0
DA:220,0
DA:221,0
DA:222,0
DA:224,0
DA:228,0
DA:229,0
DA:233,0
DA:234,0
DA:235,0
DA:237,0
DA:242,8
DA:243,0
DA:244,0
DA:245,0
DA:249,0
DA:250,0
DA:251,0
DA:253,0
DA:257,0
DA:258,0
DA:260,0
DA:264,8
LF:123
LH:18
BRDA:42,0,0,0
BRDA:42,0,1,0
BRDA:43,1,0,0
BRDA:43,1,1,0
BRDA:49,2,0,0
BRDA:49,2,1,0
BRDA:49,2,2,0
BRDA:57,3,0,0
BRDA:57,3,1,0
BRDA:58,4,0,0
BRDA:58,4,1,0
BRDA:60,5,0,0
BRDA:60,5,1,0
BRDA:67,6,0,0
BRDA:67,6,1,0
BRDA:68,7,0,0
BRDA:68,7,1,0
BRDA:75,8,0,0
BRDA:75,8,1,0
BRDA:78,9,0,0
BRDA:78,9,1,0
BRDA:89,10,0,0
BRDA:89,10,1,0
BRDA:92,11,0,0
BRDA:92,11,1,0
BRDA:103,12,0,0
BRDA:103,12,1,0
BRDA:106,13,0,0
BRDA:106,13,1,0
BRDA:119,14,0,0
BRDA:119,14,1,0
BRDA:122,15,0,0
BRDA:122,15,1,0
BRDA:127,16,0,0
BRDA:127,16,1,0
BRDA:127,17,0,0
BRDA:127,17,1,0
BRDA:132,18,0,0
BRDA:132,18,1,0
BRDA:141,19,0,0
BRDA:141,19,1,0
BRDA:141,20,0,0
BRDA:141,20,1,0
BRDA:144,21,0,0
BRDA:144,21,1,0
BRDA:144,22,0,0
BRDA:144,22,1,0
BRDA:147,23,0,0
BRDA:147,23,1,0
BRDA:147,24,0,0
BRDA:147,24,1,0
BRDA:150,25,0,0
BRDA:150,25,1,0
BRDA:157,26,0,0
BRDA:157,26,1,0
BRDA:157,27,0,0
BRDA:157,27,1,0
BRDA:169,28,0,0
BRDA:169,28,1,0
BRDA:172,29,0,0
BRDA:172,29,1,0
BRDA:175,30,0,0
BRDA:175,30,1,0
BRDA:189,31,0,0
BRDA:189,31,1,0
BRDA:190,32,0,0
BRDA:190,32,1,0
BRDA:192,33,0,0
BRDA:192,33,1,0
BRDA:201,34,0,0
BRDA:201,34,1,0
BRDA:204,35,0,0
BRDA:204,35,1,0
BRDA:207,36,0,0
BRDA:207,36,1,0
BRDA:221,37,0,0
BRDA:221,37,1,0
BRDA:221,38,0,0
BRDA:221,38,1,0
BRDA:221,38,2,0
BRDA:234,39,0,0
BRDA:234,39,1,0
BRDA:235,40,0,0
BRDA:235,40,1,0
BRDA:237,41,0,0
BRDA:237,41,1,0
BRDA:250,42,0,0
BRDA:250,42,1,0
BRDA:250,43,0,0
BRDA:250,43,1,0
BRDA:250,43,2,0
BRDA:260,44,0,0
BRDA:260,44,1,0
BRF:93
BRH:0
end_of_record
TN:
SF:src\services\AuditLogService.js
FN:32,logAuditAction
FN:71,getAuditLogs
FNF:2
FNH:0
FNDA:0,logAuditAction
FNDA:0,getAuditLogs
DA:1,8
DA:2,8
DA:4,8
DA:33,0
DA:34,0
DA:35,0
DA:36,0
DA:37,0
DA:38,0
DA:39,0
DA:40,0
DA:41,0
DA:42,0
DA:43,0
DA:46,0
DA:58,0
DA:60,0
DA:62,0
DA:72,0
DA:73,0
DA:78,0
DA:80,0
DA:81,0
DA:85,8
LF:24
LH:4
BRDA:32,0,0,0
BRDA:32,1,0,0
BRDA:32,2,0,0
BRDA:36,3,0,0
BRDA:36,3,1,0
BRDA:36,4,0,0
BRDA:36,4,1,0
BRDA:37,5,0,0
BRDA:37,5,1,0
BRDA:37,5,2,0
BRDA:38,6,0,0
BRDA:38,6,1,0
BRDA:39,7,0,0
BRDA:39,7,1,0
BRDA:39,8,0,0
BRDA:39,8,1,0
BRDA:41,9,0,0
BRDA:41,9,1,0
BRDA:41,10,0,0
BRDA:41,10,1,0
BRDA:50,11,0,0
BRDA:50,11,1,0
BRDA:51,12,0,0
BRDA:51,12,1,0
BRDA:54,13,0,0
BRDA:54,13,1,0
BRDA:78,14,0,0
BRDA:78,14,1,0
BRF:28
BRH:0
end_of_record
TN:
SF:src\services\authService.js
FN:18,cleanupStore
FN:26,(anonymous_1)
FN:27,(anonymous_2)
FN:56,(anonymous_3)
FN:87,(anonymous_4)
FN:149,(anonymous_5)
FN:154,(anonymous_6)
FN:204,(anonymous_7)
FN:236,(anonymous_8)
FN:285,(anonymous_9)
FN:299,(anonymous_10)
FN:389,(anonymous_11)
FNF:12
FNH:2
FNDA:0,cleanupStore
FNDA:0,(anonymous_1)
FNDA:0,(anonymous_2)
FNDA:0,(anonymous_3)
FNDA:0,(anonymous_4)
FNDA:0,(anonymous_5)
FNDA:0,(anonymous_6)
FNDA:3,(anonymous_7)
FNDA:1,(anonymous_8)
FNDA:0,(anonymous_9)
FNDA:0,(anonymous_10)
FNDA:0,(anonymous_11)
DA:1,8
DA:2,8
DA:3,8
DA:4,8
DA:5,8
DA:6,8
DA:7,8
DA:8,8
DA:11,8
DA:12,8
DA:15,8
DA:19,0
DA:20,0
DA:21,0
DA:22,0
DA:26,8
DA:27,8
DA:57,0
DA:59,0
DA:60,0
DA:62,0
DA:70,0
DA:71,0
DA:73,0
DA:76,0
DA:88,0
DA:89,0
DA:91,0
DA:92,0
DA:97,0
DA:98,0
DA:99,0
DA:102,0
DA:103,0
DA:107,0
DA:109,0
DA:110,0
DA:113,0
DA:114,0
DA:115,0
DA:116,0
DA:117,0
DA:118,0
DA:121,0
DA:122,0
DA:123,0
DA:124,0
DA:125,0
DA:126,0
DA:130,0
DA:136,0
DA:137,0
DA:138,0
DA:146,0
DA:148,0
DA:149,0
DA:150,0
DA:152,0
DA:153,0
DA:154,0
DA:155,0
DA:157,0
DA:158,0
DA:161,0
DA:169,0
DA:170,0
DA:171,0
DA:172,0
DA:173,0
DA:178,0
DA:184,0
DA:205,3
DA:207,3
DA:208,3
DA:209,1
DA:210,1
DA:211,1
DA:214,2
DA:217,2
DA:218,2
DA:220,2
DA:226,2
DA:228,2
DA:230,2
DA:237,1
DA:238,1
DA:240,1
DA:241,1
DA:242,1
DA:243,1
DA:246,0
DA:247,0
DA:248,0
DA:249,0
DA:250,0
DA:253,0
DA:254,0
DA:255,0
DA:256,0
DA:259,0
DA:261,0
DA:262,0
DA:263,0
DA:264,0
DA:265,0
DA:268,0
DA:274,0
DA:286,0
DA:291,0
DA:292,0
DA:293,0
DA:294,0
DA:296,0
DA:301,0
DA:302,0
DA:303,0
DA:304,0
DA:305,0
DA:308,0
DA:309,0
DA:310,0
DA:311,0
DA:312,0
DA:313,0
DA:314,0
DA:315,0
DA:316,0
DA:317,0
DA:318,0
DA:319,0
DA:320,0
DA:321,0
DA:322,0
DA:323,0
DA:324,0
DA:325,0
DA:326,0
DA:327,0
DA:328,0
DA:330,0
DA:335,0
DA:338,0
DA:339,0
DA:341,0
DA:346,0
DA:347,0
DA:348,0
DA:352,0
DA:353,0
DA:354,0
DA:355,0
DA:356,0
DA:357,0
DA:362,0
DA:363,0
DA:364,0
DA:365,0
DA:366,0
DA:367,0
DA:371,0
DA:372,0
DA:373,0
DA:374,0
DA:377,0
DA:381,0
DA:382,0
DA:383,0
DA:384,0
DA:386,0
DA:390,0
DA:391,0
DA:392,0
DA:393,0
DA:397,8
LF:174
LH:33
BRDA:12,0,0,8
BRDA:12,0,1,8
BRDA:21,1,0,0
BRDA:21,1,1,0
BRDA:56,2,0,0
BRDA:65,3,0,0
BRDA:65,3,1,0
BRDA:66,4,0,0
BRDA:66,4,1,0
BRDA:70,5,0,0
BRDA:70,5,1,0
BRDA:78,6,0,0
BRDA:78,6,1,0
BRDA:87,7,0,0
BRDA:91,8,0,0
BRDA:91,8,1,0
BRDA:97,9,0,0
BRDA:97,9,1,0
BRDA:102,10,0,0
BRDA:102,10,1,0
BRDA:109,11,0,0
BRDA:109,11,1,0
BRDA:109,11,2,0
BRDA:110,12,0,0
BRDA:110,12,1,0
BRDA:114,13,0,0
BRDA:114,13,1,0
BRDA:117,14,0,0
BRDA:117,14,1,0
BRDA:121,15,0,0
BRDA:121,15,1,0
BRDA:123,16,0,0
BRDA:123,16,1,0
BRDA:133,17,0,0
BRDA:133,17,1,0
BRDA:136,18,0,0
BRDA:136,18,1,0
BRDA:138,19,0,0
BRDA:138,19,1,0
BRDA:146,20,0,0
BRDA:146,20,1,0
BRDA:148,21,0,0
BRDA:148,21,1,0
BRDA:150,22,0,0
BRDA:150,22,1,0
BRDA:152,23,0,0
BRDA:152,23,1,0
BRDA:155,24,0,0
BRDA:155,24,1,0
BRDA:157,25,0,0
BRDA:157,25,1,0
BRDA:165,26,0,0
BRDA:165,26,1,0
BRDA:169,27,0,0
BRDA:169,27,1,0
BRDA:172,28,0,0
BRDA:172,28,1,0
BRDA:190,29,0,0
BRDA:190,29,1,0
BRDA:192,30,0,0
BRDA:192,30,1,0
BRDA:193,31,0,0
BRDA:193,31,1,0
BRDA:194,32,0,0
BRDA:194,32,1,0
BRDA:195,33,0,0
BRDA:195,33,1,0
BRDA:196,34,0,0
BRDA:196,34,1,0
BRDA:197,35,0,0
BRDA:197,35,1,0
BRDA:198,36,0,0
BRDA:198,36,1,0
BRDA:199,37,0,0
BRDA:199,37,1,0
BRDA:208,38,0,1
BRDA:208,38,1,2
BRDA:208,39,0,3
BRDA:208,39,1,3
BRDA:214,40,0,2
BRDA:214,40,1,0
BRDA:240,41,0,1
BRDA:240,41,1,0
BRDA:246,42,0,0
BRDA:246,42,1,0
BRDA:253,43,0,0
BRDA:253,43,1,0
BRDA:262,44,0,0
BRDA:262,44,1,0
BRDA:262,45,0,0
BRDA:262,45,1,0
BRDA:291,46,0,0
BRDA:291,46,1,0
BRDA:291,47,0,0
BRDA:291,47,1,0
BRDA:299,48,0,0
BRDA:302,49,0,0
BRDA:302,49,1,0
BRDA:302,50,0,0
BRDA:302,50,1,0
BRDA:309,51,0,0
BRDA:309,51,1,0
BRDA:311,52,0,0
BRDA:311,52,1,0
BRDA:313,53,0,0
BRDA:313,53,1,0
BRDA:315,54,0,0
BRDA:315,54,1,0
BRDA:317,55,0,0
BRDA:317,55,1,0
BRDA:319,56,0,0
BRDA:319,56,1,0
BRDA:321,57,0,0
BRDA:321,57,1,0
BRDA:323,58,0,0
BRDA:323,58,1,0
BRDA:325,59,0,0
BRDA:325,59,1,0
BRDA:327,60,0,0
BRDA:327,60,1,0
BRDA:328,61,0,0
BRDA:328,61,1,0
BRDA:330,62,0,0
BRDA:330,62,1,0
BRDA:331,63,0,0
BRDA:331,63,1,0
BRDA:331,63,2,0
BRDA:341,64,0,0
BRDA:341,64,1,0
BRDA:342,65,0,0
BRDA:342,65,1,0
BRDA:342,65,2,0
BRDA:352,66,0,0
BRDA:352,66,1,0
BRDA:352,67,0,0
BRDA:352,67,1,0
BRDA:354,68,0,0
BRDA:354,68,1,0
BRDA:354,69,0,0
BRDA:354,69,1,0
BRDA:362,70,0,0
BRDA:362,70,1,0
BRDA:362,71,0,0
BRDA:362,71,1,0
BRDA:364,72,0,0
BRDA:364,72,1,0
BRDA:364,73,0,0
BRDA:364,73,1,0
BRDA:371,74,0,0
BRDA:371,74,1,0
BRDA:381,75,0,0
BRDA:381,75,1,0
BRDA:389,76,0,0
BRDA:391,77,0,0
BRDA:391,77,1,0
BRF:155
BRH:8
end_of_record
TN:
SF:src\services\blogService.js
FN:5,generateSlug
FN:14,listBlogs
FN:47,getBlogBySlug
FN:65,getBlogById
FN:82,createBlog
FN:131,publishBlog
FN:150,updateBlog
FN:190,deleteBlog
FN:202,checkAndUpdateLockStatus
FN:228,startBlogLockScheduler
FNF:10
FNH:0
FNDA:0,generateSlug
FNDA:0,listBlogs
FNDA:0,getBlogBySlug
FNDA:0,getBlogById
FNDA:0,createBlog
FNDA:0,publishBlog
FNDA:0,updateBlog
FNDA:0,deleteBlog
FNDA:0,checkAndUpdateLockStatus
FNDA:0,startBlogLockScheduler
DA:1,8
DA:2,8
DA:3,8
DA:6,0
DA:15,0
DA:17,0
DA:18,0
DA:19,0
DA:22,0
DA:24,0
DA:25,0
DA:28,0
DA:32,0
DA:34,0
DA:35,0
DA:38,0
DA:48,0
DA:55,0
DA:56,0
DA:57,0
DA:59,0
DA:62,0
DA:66,0
DA:72,0
DA:73,0
DA:74,0
DA:76,0
DA:79,0
DA:90,0
DA:92,0
DA:93,0
DA:98,0
DA:99,0
DA:102,0
DA:118,0
DA:124,0
DA:125,0
DA:128,0
DA:132,0
DA:143,0
DA:144,0
DA:147,0
DA:151,0
DA:153,0
DA:154,0
DA:157,0
DA:162,0
DA:163,0
DA:164,0
DA:170,0
DA:171,0
DA:173,0
DA:176,0
DA:183,0
DA:184,0
DA:187,0
DA:191,0
DA:193,0
DA:194,0
DA:197,0
DA:200,8
DA:203,0
DA:207,0
DA:219,0
DA:220,0
DA:223,0
DA:226,8
DA:229,0
DA:230,0
DA:233,0
DA:234,0
DA:237,8
LF:72
LH:6
BRDA:14,0,0,0
BRDA:14,1,0,0
BRDA:14,2,0,0
BRDA:14,3,0,0
BRDA:18,4,0,0
BRDA:18,4,1,0
BRDA:18,5,0,0
BRDA:18,5,1,0
BRDA:24,6,0,0
BRDA:24,6,1,0
BRDA:24,7,0,0
BRDA:24,7,1,0
BRDA:34,8,0,0
BRDA:34,8,1,0
BRDA:39,9,0,0
BRDA:39,9,1,0
BRDA:40,10,0,0
BRDA:40,10,1,0
BRDA:43,11,0,0
BRDA:43,11,1,0
BRDA:55,12,0,0
BRDA:55,12,1,0
BRDA:56,13,0,0
BRDA:56,13,1,0
BRDA:72,14,0,0
BRDA:72,14,1,0
BRDA:73,15,0,0
BRDA:73,15,1,0
BRDA:88,16,0,0
BRDA:89,17,0,0
BRDA:98,18,0,0
BRDA:98,18,1,0
BRDA:104,19,0,0
BRDA:104,19,1,0
BRDA:110,20,0,0
BRDA:110,20,1,0
BRDA:124,21,0,0
BRDA:124,21,1,0
BRDA:143,22,0,0
BRDA:143,22,1,0
BRDA:153,23,0,0
BRDA:153,23,1,0
BRDA:162,24,0,0
BRDA:162,24,1,0
BRDA:162,25,0,0
BRDA:162,25,1,0
BRDA:170,26,0,0
BRDA:170,26,1,0
BRDA:183,27,0,0
BRDA:183,27,1,0
BRDA:193,28,0,0
BRDA:193,28,1,0
BRDA:200,29,0,8
BRDA:200,29,1,8
BRDA:219,30,0,0
BRDA:219,30,1,0
BRDA:223,31,0,0
BRDA:223,31,1,0
BRDA:229,32,0,0
BRDA:229,32,1,0
BRF:60
BRH:2
end_of_record
TN:
SF:src\services\categoryService.js
FN:4,listCategories
FN:14,escapeSlug
FN:18,generateNextCategoryUid
FN:27,(anonymous_3)
FN:29,(anonymous_4)
FN:33,(anonymous_5)
FN:37,createCategory
FN:60,(anonymous_7)
FN:89,updateCategory
FN:105,deleteCategory
FN:117,(anonymous_10)
FNF:11
FNH:6
FNDA:1,listCategories
FNDA:2,escapeSlug
FNDA:0,generateNextCategoryUid
FNDA:0,(anonymous_3)
FNDA:0,(anonymous_4)
FNDA:0,(anonymous_5)
FNDA:2,createCategory
FNDA:8,(anonymous_7)
FNDA:0,updateCategory
FNDA:1,deleteCategory
FNDA:10,(anonymous_10)
DA:1,9
DA:2,9
DA:5,1
DA:6,1
DA:7,0
DA:8,0
DA:9,0
DA:11,1
DA:15,2
DA:19,0
DA:20,0
DA:21,0
DA:22,0
DA:23,0
DA:26,0
DA:27,0
DA:30,0
DA:31,0
DA:33,0
DA:34,0
DA:38,2
DA:39,2
DA:40,0
DA:41,0
DA:42,0
DA:44,2
DA:45,2
DA:48,2
DA:49,2
DA:50,0
DA:53,0
DA:54,0
DA:58,2
DA:59,2
DA:60,8
DA:61,2
DA:62,0
DA:65,0
DA:66,0
DA:70,2
DA:72,2
DA:80,2
DA:81,2
DA:82,0
DA:83,0
DA:84,0
DA:86,2
DA:90,0
DA:91,0
DA:92,0
DA:93,0
DA:94,0
DA:96,0
DA:97,0
DA:98,0
DA:99,0
DA:100,0
DA:102,0
DA:107,1
DA:108,1
DA:109,0
DA:110,0
DA:111,0
DA:115,1
DA:116,1
DA:117,10
DA:118,1
DA:122,1
DA:125,9
LF:69
LH:29
BRDA:6,0,0,0
BRDA:6,0,1,1
BRDA:20,1,0,0
BRDA:20,1,1,0
BRDA:26,2,0,0
BRDA:26,2,1,0
BRDA:31,3,0,0
BRDA:31,3,1,0
BRDA:39,4,0,0
BRDA:39,4,1,2
BRDA:39,5,0,2
BRDA:39,5,1,2
BRDA:45,6,0,2
BRDA:45,6,1,0
BRDA:49,7,0,0
BRDA:49,7,1,2
BRDA:58,8,0,2
BRDA:58,8,1,0
BRDA:60,9,0,2
BRDA:60,9,1,0
BRDA:61,10,0,0
BRDA:61,10,1,2
BRDA:70,11,0,2
BRDA:70,11,1,0
BRDA:76,12,0,2
BRDA:76,12,1,2
BRDA:77,13,0,2
BRDA:77,13,1,2
BRDA:81,14,0,0
BRDA:81,14,1,2
BRDA:91,15,0,0
BRDA:91,15,1,0
BRDA:92,16,0,0
BRDA:92,16,1,0
BRDA:94,17,0,0
BRDA:94,17,1,0
BRDA:97,18,0,0
BRDA:97,18,1,0
BRDA:108,19,0,0
BRDA:108,19,1,1
BRDA:116,20,0,1
BRDA:116,20,1,0
BRDA:116,21,0,1
BRDA:116,21,1,1
BRF:44
BRH:19
end_of_record
TN:
SF:src\services\emailService.js
FN:4,sendOtpEmail
FNF:1
FNH:0
FNDA:0,sendOtpEmail
DA:1,8
DA:2,8
DA:5,0
DA:6,0
DA:7,0
DA:10,0
DA:14,0
DA:15,0
DA:16,0
DA:17,0
DA:18,0
DA:19,0
DA:22,0
DA:23,0
DA:30,0
DA:67,0
DA:74,0
DA:76,0
DA:80,8
LF:19
LH:3
BRDA:5,0,0,0
BRDA:5,0,1,0
BRDA:6,1,0,0
BRDA:6,1,1,0
BRDA:7,2,0,0
BRDA:7,2,1,0
BRDA:10,3,0,0
BRDA:10,3,1,0
BRDA:10,3,2,0
BRDA:10,3,3,0
BRDA:10,3,4,0
BRDA:10,3,5,0
BRDA:14,4,0,0
BRDA:14,4,1,0
BRDA:25,5,0,0
BRDA:25,5,1,0
BRF:16
BRH:0
end_of_record
TN:
SF:src\services\locationService.js
FN:33,listStates
FN:37,getCities
FNF:2
FNH:0
FNDA:0,listStates
FNDA:0,getCities
DA:1,8
DA:34,0
DA:38,0
DA:39,0
DA:42,8
LF:5
LH:2
BRDA:38,0,0,0
BRDA:38,0,1,0
BRDA:38,1,0,0
BRDA:38,1,1,0
BRF:4
BRH:0
end_of_record
TN:
SF:src\services\notificationService.js
FN:44,getTransporter
FN:60,buildEmailHtml
FN:129,buildSmsMessage
FN:153,buildWhatsAppMessage
FN:172,sendEmail
FN:195,sendSms
FN:233,formatPhone
FN:237,sendViaCallmebot
FN:243,(anonymous_8)
FN:245,(anonymous_9)
FN:247,(anonymous_10)
FN:248,(anonymous_11)
FN:256,sendViaCustomApi
FN:261,(anonymous_13)
FN:262,(anonymous_14)
FN:264,(anonymous_15)
FN:265,(anonymous_16)
FN:273,sendWhatsApp
FN:296,sendInApp
FN:314,notify
FN:352,(anonymous_20)
FN:352,(anonymous_21)
FN:353,(anonymous_22)
FN:355,(anonymous_23)
FN:362,sendWhatsAppMessage
FN:380,sendInvoiceWhatsApp
FN:390,(anonymous_26)
FNF:27
FNH:0
FNDA:0,getTransporter
FNDA:0,buildEmailHtml
FNDA:0,buildSmsMessage
FNDA:0,buildWhatsAppMessage
FNDA:0,sendEmail
FNDA:0,sendSms
FNDA:0,formatPhone
FNDA:0,sendViaCallmebot
FNDA:0,(anonymous_8)
FNDA:0,(anonymous_9)
FNDA:0,(anonymous_10)
FNDA:0,(anonymous_11)
FNDA:0,sendViaCustomApi
FNDA:0,(anonymous_13)
FNDA:0,(anonymous_14)
FNDA:0,(anonymous_15)
FNDA:0,(anonymous_16)
FNDA:0,sendWhatsApp
FNDA:0,sendInApp
FNDA:0,notify
FNDA:0,(anonymous_20)
FNDA:0,(anonymous_21)
FNDA:0,(anonymous_22)
FNDA:0,(anonymous_23)
FNDA:0,sendWhatsAppMessage
FNDA:0,sendInvoiceWhatsApp
FNDA:0,(anonymous_26)
DA:1,8
DA:2,8
DA:3,8
DA:4,8
DA:7,8
DA:25,8
DA:43,8
DA:45,0
DA:46,0
DA:56,0
DA:61,0
DA:62,0
DA:63,0
DA:64,0
DA:66,0
DA:83,0
DA:85,0
DA:130,0
DA:131,0
DA:133,0
DA:149,0
DA:154,0
DA:155,0
DA:156,0
DA:157,0
DA:159,0
DA:168,0
DA:173,0
DA:174,0
DA:175,0
DA:176,0
DA:177,0
DA:179,0
DA:186,0
DA:187,0
DA:189,0
DA:190,0
DA:196,0
DA:197,0
DA:198,0
DA:200,0
DA:201,0
DA:202,0
DA:205,0
DA:208,0
DA:209,0
DA:210,0
DA:211,0
DA:212,0
DA:215,0
DA:216,0
DA:217,0
DA:219,0
DA:220,0
DA:222,0
DA:223,0
DA:228,8
DA:229,8
DA:230,8
DA:231,8
DA:234,0
DA:238,0
DA:239,0
DA:240,0
DA:241,0
DA:243,0
DA:244,0
DA:245,0
DA:246,0
DA:247,0
DA:248,0
DA:250,0
DA:251,0
DA:252,0
DA:257,0
DA:258,0
DA:259,0
DA:261,0
DA:262,0
DA:263,0
DA:264,0
DA:265,0
DA:267,0
DA:268,0
DA:269,0
DA:274,0
DA:275,0
DA:276,0
DA:278,0
DA:279,0
DA:281,0
DA:282,0
DA:283,0
DA:285,0
DA:287,0
DA:288,0
DA:290,0
DA:291,0
DA:297,0
DA:298,0
DA:305,0
DA:307,0
DA:308,0
DA:315,0
DA:316,0
DA:317,0
DA:318,0
DA:321,0
DA:323,0
DA:324,0
DA:327,0
DA:328,0
DA:329,0
DA:330,0
DA:334,0
DA:335,0
DA:336,0
DA:337,0
DA:341,0
DA:342,0
DA:345,0
DA:348,0
DA:352,0
DA:355,0
DA:356,0
DA:357,0
DA:363,0
DA:364,0
DA:365,0
DA:367,0
DA:368,0
DA:369,0
DA:371,0
DA:373,0
DA:375,0
DA:376,0
DA:381,0
DA:382,0
DA:383,0
DA:385,0
DA:389,0
DA:390,0
DA:391,0
DA:395,0
DA:407,0
DA:408,0
DA:409,0
DA:410,0
DA:411,0
DA:413,0
DA:416,8
LF:151
LH:12
BRDA:45,0,0,0
BRDA:45,0,1,0
BRDA:48,1,0,0
BRDA:48,1,1,0
BRDA:61,2,0,0
BRDA:61,2,1,0
BRDA:61,2,2,0
BRDA:62,3,0,0
BRDA:62,3,1,0
BRDA:63,4,0,0
BRDA:63,4,1,0
BRDA:63,4,2,0
BRDA:64,5,0,0
BRDA:64,5,1,0
BRDA:69,6,0,0
BRDA:69,6,1,0
BRDA:71,7,0,0
BRDA:71,7,1,0
BRDA:75,8,0,0
BRDA:75,8,1,0
BRDA:83,9,0,0
BRDA:83,9,1,0
BRDA:115,10,0,0
BRDA:115,10,1,0
BRDA:116,11,0,0
BRDA:116,11,1,0
BRDA:117,12,0,0
BRDA:117,12,1,0
BRDA:130,13,0,0
BRDA:130,13,1,0
BRDA:130,13,2,0
BRDA:131,14,0,0
BRDA:131,14,1,0
BRDA:131,14,2,0
BRDA:136,15,0,0
BRDA:136,15,1,0
BRDA:138,16,0,0
BRDA:138,16,1,0
BRDA:142,17,0,0
BRDA:142,17,1,0
BRDA:149,18,0,0
BRDA:149,18,1,0
BRDA:154,19,0,0
BRDA:154,19,1,0
BRDA:154,19,2,0
BRDA:156,20,0,0
BRDA:156,20,1,0
BRDA:156,20,2,0
BRDA:161,21,0,0
BRDA:161,21,1,0
BRDA:168,22,0,0
BRDA:168,22,1,0
BRDA:173,23,0,0
BRDA:173,23,1,0
BRDA:177,24,0,0
BRDA:177,24,1,0
BRDA:196,25,0,0
BRDA:196,25,1,0
BRDA:200,26,0,0
BRDA:200,26,1,0
BRDA:201,27,0,0
BRDA:201,27,1,0
BRDA:202,28,0,0
BRDA:202,28,1,0
BRDA:205,29,0,0
BRDA:205,29,1,0
BRDA:205,29,2,0
BRDA:205,29,3,0
BRDA:208,30,0,0
BRDA:208,30,1,0
BRDA:208,31,0,0
BRDA:208,31,1,0
BRDA:208,31,2,0
BRDA:208,31,3,0
BRDA:228,32,0,8
BRDA:228,32,1,8
BRDA:229,33,0,8
BRDA:229,33,1,8
BRDA:230,34,0,8
BRDA:230,34,1,8
BRDA:231,35,0,8
BRDA:231,35,1,8
BRDA:274,36,0,0
BRDA:274,36,1,0
BRDA:276,37,0,0
BRDA:276,37,1,0
BRDA:279,38,0,0
BRDA:279,38,1,0
BRDA:282,39,0,0
BRDA:282,39,1,0
BRDA:282,40,0,0
BRDA:282,40,1,0
BRDA:300,41,0,0
BRDA:300,41,1,0
BRDA:314,42,0,0
BRDA:316,43,0,0
BRDA:316,43,1,0
BRDA:323,44,0,0
BRDA:323,44,1,0
BRDA:323,45,0,0
BRDA:323,45,1,0
BRDA:327,46,0,0
BRDA:327,46,1,0
BRDA:328,47,0,0
BRDA:328,47,1,0
BRDA:329,48,0,0
BRDA:329,48,1,0
BRDA:334,49,0,0
BRDA:334,49,1,0
BRDA:335,50,0,0
BRDA:335,50,1,0
BRDA:336,51,0,0
BRDA:336,51,1,0
BRDA:341,52,0,0
BRDA:341,52,1,0
BRDA:349,53,0,0
BRDA:349,53,1,0
BRDA:355,54,0,0
BRDA:355,54,1,0
BRDA:355,54,2,0
BRDA:356,55,0,0
BRDA:356,55,1,0
BRDA:357,56,0,0
BRDA:357,56,1,0
BRDA:363,57,0,0
BRDA:363,57,1,0
BRDA:365,58,0,0
BRDA:365,58,1,0
BRDA:368,59,0,0
BRDA:368,59,1,0
BRDA:368,60,0,0
BRDA:368,60,1,0
BRDA:381,61,0,0
BRDA:381,61,1,0
BRDA:381,62,0,0
BRDA:381,62,1,0
BRDA:382,63,0,0
BRDA:382,63,1,0
BRDA:383,64,0,0
BRDA:383,64,1,0
BRDA:385,65,0,0
BRDA:385,65,1,0
BRDA:389,66,0,0
BRDA:389,66,1,0
BRDA:391,67,0,0
BRDA:391,67,1,0
BRDA:400,68,0,0
BRDA:400,68,1,0
BRDA:404,69,0,0
BRDA:404,69,1,0
BRDA:407,70,0,0
BRDA:407,70,1,0
BRF:152
BRH:8
end_of_record
TN:
SF:src\services\productService.js
FN:5,_computeStockStatus
FN:11,_attachStockStatus
FN:16,listProducts
FN:44,getNextProductId
FN:53,(anonymous_4)
FN:61,(anonymous_5)
FN:69,getProduct
FN:79,toBaseValue
FN:85,derivePriceFromWeightPricing
FN:87,(anonymous_9)
FN:96,createProduct
FN:126,(anonymous_11)
FN:134,(anonymous_12)
FN:142,(anonymous_13)
FN:157,(anonymous_14)
FN:184,(anonymous_15)
FN:194,(anonymous_16)
FN:206,(anonymous_17)
FN:265,updateProduct
FN:293,(anonymous_19)
FN:300,(anonymous_20)
FN:323,(anonymous_21)
FN:331,(anonymous_22)
FN:339,(anonymous_23)
FN:361,(anonymous_24)
FN:385,deleteProduct
FNF:26
FNH:11
FNDA:9,_computeStockStatus
FNDA:9,_attachStockStatus
FNDA:1,listProducts
FNDA:0,getNextProductId
FNDA:0,(anonymous_4)
FNDA:0,(anonymous_5)
FNDA:0,getProduct
FNDA:0,toBaseValue
FNDA:0,derivePriceFromWeightPricing
FNDA:0,(anonymous_9)
FNDA:3,createProduct
FNDA:0,(anonymous_11)
FNDA:0,(anonymous_12)
FNDA:0,(anonymous_13)
FNDA:27,(anonymous_14)
FNDA:13,(anonymous_15)
FNDA:11,(anonymous_16)
FNDA:27,(anonymous_17)
FNDA:1,updateProduct
FNDA:0,(anonymous_19)
FNDA:0,(anonymous_20)
FNDA:0,(anonymous_21)
FNDA:0,(anonymous_22)
FNDA:0,(anonymous_23)
FNDA:10,(anonymous_24)
FNDA:2,deleteProduct
DA:1,10
DA:2,10
DA:3,10
DA:6,9
DA:7,0
DA:8,0
DA:12,9
DA:13,9
DA:17,1
DA:20,1
DA:21,0
DA:22,0
DA:23,0
DA:24,0
DA:26,0
DA:27,0
DA:29,0
DA:30,0
DA:32,0
DA:39,1
DA:40,1
DA:41,1
DA:45,0
DA:46,0
DA:49,0
DA:50,0
DA:51,0
DA:52,0
DA:53,0
DA:54,0
DA:55,0
DA:60,0
DA:62,0
DA:63,0
DA:65,0
DA:66,0
DA:70,0
DA:71,0
DA:72,0
DA:73,0
DA:74,0
DA:76,0
DA:80,0
DA:81,0
DA:82,0
DA:86,0
DA:87,0
DA:88,0
DA:93,0
DA:109,3
DA:110,3
DA:111,0
DA:114,0
DA:115,0
DA:118,3
DA:119,0
DA:120,0
DA:121,0
DA:122,0
DA:126,0
DA:127,0
DA:128,0
DA:129,0
DA:130,0
DA:134,0
DA:135,0
DA:136,0
DA:137,0
DA:138,0
DA:142,0
DA:143,0
DA:144,0
DA:145,0
DA:148,0
DA:149,0
DA:155,3
DA:156,3
DA:157,27
DA:158,3
DA:159,0
DA:160,0
DA:161,0
DA:167,3
DA:168,0
DA:170,3
DA:172,3
DA:173,3
DA:176,3
DA:177,3
DA:178,0
DA:179,0
DA:180,0
DA:183,3
DA:184,13
DA:186,3
DA:187,0
DA:188,0
DA:189,0
DA:192,3
DA:193,3
DA:194,11
DA:195,3
DA:201,3
DA:202,3
DA:203,3
DA:204,3
DA:205,3
DA:207,27
DA:208,27
DA:210,3
DA:211,3
DA:215,3
DA:216,3
DA:219,3
DA:220,0
DA:223,0
DA:224,0
DA:227,3
DA:228,3
DA:229,0
DA:230,0
DA:231,0
DA:233,3
DA:234,0
DA:235,0
DA:236,0
DA:239,3
DA:256,3
DA:257,3
DA:258,0
DA:259,0
DA:260,0
DA:262,3
DA:267,1
DA:268,0
DA:269,0
DA:270,0
DA:274,1
DA:275,1
DA:276,0
DA:277,0
DA:278,0
DA:281,1
DA:282,1
DA:283,1
DA:284,0
DA:285,1
DA:286,1
DA:287,0
DA:288,1
DA:289,1
DA:290,1
DA:291,0
DA:292,0
DA:293,0
DA:295,0
DA:296,0
DA:297,0
DA:298,0
DA:300,0
DA:301,0
DA:304,0
DA:307,0
DA:308,0
DA:311,0
DA:312,0
DA:314,0
DA:316,1
DA:317,0
DA:318,1
DA:319,0
DA:320,1
DA:321,1
DA:323,0
DA:324,0
DA:325,0
DA:326,0
DA:327,0
DA:331,0
DA:332,0
DA:333,0
DA:334,0
DA:335,0
DA:339,0
DA:340,0
DA:341,0
DA:342,0
DA:345,0
DA:346,0
DA:350,0
DA:352,0
DA:353,0
DA:354,0
DA:358,1
DA:359,1
DA:360,1
DA:361,1
DA:362,10
DA:365,1
DA:366,0
DA:367,0
DA:368,0
DA:373,1
DA:377,1
DA:378,0
DA:379,0
DA:380,0
DA:382,1
DA:386,2
DA:387,2
DA:388,0
DA:389,0
DA:390,0
DA:392,2
DA:395,10
LF:215
LH:78
BRDA:6,0,0,9
BRDA:6,0,1,0
BRDA:7,1,0,0
BRDA:7,1,1,0
BRDA:12,2,0,0
BRDA:12,2,1,9
BRDA:16,3,0,1
BRDA:20,4,0,0
BRDA:20,4,1,1
BRDA:20,5,0,1
BRDA:20,5,1,1
BRDA:21,6,0,0
BRDA:21,6,1,0
BRDA:22,7,0,0
BRDA:22,7,1,0
BRDA:24,8,0,0
BRDA:24,8,1,0
BRDA:27,9,0,0
BRDA:27,9,1,0
BRDA:29,10,0,0
BRDA:29,10,1,0
BRDA:29,11,0,0
BRDA:29,11,1,0
BRDA:33,12,0,0
BRDA:33,12,1,0
BRDA:40,13,0,0
BRDA:40,13,1,1
BRDA:41,14,0,1
BRDA:41,14,1,0
BRDA:46,15,0,0
BRDA:46,15,1,0
BRDA:50,16,0,0
BRDA:50,16,1,0
BRDA:52,17,0,0
BRDA:52,17,1,0
BRDA:54,18,0,0
BRDA:54,18,1,0
BRDA:55,19,0,0
BRDA:55,19,1,0
BRDA:55,19,2,0
BRDA:55,19,3,0
BRDA:63,20,0,0
BRDA:63,20,1,0
BRDA:65,21,0,0
BRDA:65,21,1,0
BRDA:71,22,0,0
BRDA:71,22,1,0
BRDA:71,23,0,0
BRDA:71,23,1,0
BRDA:80,24,0,0
BRDA:80,24,1,0
BRDA:81,25,0,0
BRDA:81,25,1,0
BRDA:86,26,0,0
BRDA:86,26,1,0
BRDA:86,27,0,0
BRDA:86,27,1,0
BRDA:90,28,0,0
BRDA:90,28,1,0
BRDA:110,29,0,0
BRDA:110,29,1,3
BRDA:110,30,0,3
BRDA:110,30,1,3
BRDA:110,30,2,3
BRDA:118,31,0,0
BRDA:118,31,1,3
BRDA:118,32,0,3
BRDA:118,32,1,0
BRDA:119,33,0,0
BRDA:119,33,1,0
BRDA:119,34,0,0
BRDA:119,34,1,0
BRDA:127,35,0,0
BRDA:127,35,1,0
BRDA:134,36,0,0
BRDA:134,36,1,0
BRDA:134,37,0,0
BRDA:134,37,1,0
BRDA:135,38,0,0
BRDA:135,38,1,0
BRDA:144,39,0,0
BRDA:144,39,1,0
BRDA:156,40,0,3
BRDA:156,40,1,0
BRDA:158,41,0,0
BRDA:158,41,1,3
BRDA:167,42,0,0
BRDA:167,42,1,3
BRDA:167,43,0,3
BRDA:167,43,1,0
BRDA:172,44,0,3
BRDA:172,44,1,0
BRDA:173,45,0,0
BRDA:173,45,1,3
BRDA:177,46,0,0
BRDA:177,46,1,3
BRDA:183,47,0,3
BRDA:183,47,1,0
BRDA:186,48,0,0
BRDA:186,48,1,3
BRDA:193,49,0,3
BRDA:193,49,1,0
BRDA:195,50,0,3
BRDA:195,50,1,0
BRDA:196,51,0,3
BRDA:196,51,1,0
BRDA:202,52,0,3
BRDA:202,52,1,0
BRDA:203,53,0,3
BRDA:203,53,1,0
BRDA:205,54,0,3
BRDA:205,54,1,0
BRDA:208,55,0,0
BRDA:208,55,1,27
BRDA:210,56,0,3
BRDA:210,56,1,0
BRDA:215,57,0,3
BRDA:215,57,1,0
BRDA:219,58,0,0
BRDA:219,58,1,3
BRDA:228,59,0,0
BRDA:228,59,1,3
BRDA:233,60,0,0
BRDA:233,60,1,3
BRDA:244,61,0,3
BRDA:244,61,1,3
BRDA:246,62,0,3
BRDA:246,62,1,3
BRDA:248,63,0,3
BRDA:248,63,1,3
BRDA:250,64,0,3
BRDA:250,64,1,3
BRDA:251,65,0,3
BRDA:251,65,1,3
BRDA:252,66,0,3
BRDA:252,66,1,3
BRDA:257,67,0,0
BRDA:257,67,1,3
BRDA:267,68,0,0
BRDA:267,68,1,1
BRDA:275,69,0,0
BRDA:275,69,1,1
BRDA:275,70,0,1
BRDA:275,70,1,1
BRDA:282,71,0,1
BRDA:282,71,1,0
BRDA:283,72,0,0
BRDA:283,72,1,1
BRDA:285,73,0,0
BRDA:285,73,1,1
BRDA:286,74,0,0
BRDA:286,74,1,1
BRDA:288,75,0,0
BRDA:288,75,1,1
BRDA:289,76,0,0
BRDA:289,76,1,1
BRDA:290,77,0,0
BRDA:290,77,1,1
BRDA:292,78,0,0
BRDA:292,78,1,0
BRDA:295,79,0,0
BRDA:295,79,1,0
BRDA:301,80,0,0
BRDA:301,80,1,0
BRDA:302,81,0,0
BRDA:302,81,1,0
BRDA:307,82,0,0
BRDA:307,82,1,0
BRDA:316,83,0,0
BRDA:316,83,1,1
BRDA:318,84,0,0
BRDA:318,84,1,1
BRDA:320,85,0,1
BRDA:320,85,1,0
BRDA:321,86,0,0
BRDA:321,86,1,1
BRDA:324,87,0,0
BRDA:324,87,1,0
BRDA:331,88,0,0
BRDA:331,88,1,0
BRDA:331,89,0,0
BRDA:331,89,1,0
BRDA:332,90,0,0
BRDA:332,90,1,0
BRDA:341,91,0,0
BRDA:341,91,1,0
BRDA:353,92,0,0
BRDA:353,92,1,0
BRDA:354,93,0,0
BRDA:354,93,1,0
BRDA:354,94,0,0
BRDA:354,94,1,0
BRDA:358,95,0,1
BRDA:358,95,1,0
BRDA:358,96,0,1
BRDA:358,96,1,1
BRDA:360,97,0,1
BRDA:360,97,1,0
BRDA:362,98,0,10
BRDA:362,98,1,0
BRDA:365,99,0,0
BRDA:365,99,1,1
BRDA:377,100,0,0
BRDA:377,100,1,1
BRDA:387,101,0,0
BRDA:387,101,1,2
BRF:206
BRH:71
end_of_record
TN:
SF:src\services\promoService.js
FN:6,validatePromoCode
FNF:1
FNH:0
FNDA:0,validatePromoCode
DA:1,8
DA:7,0
DA:8,0
DA:11,0
DA:12,0
DA:14,0
DA:15,0
DA:18,0
DA:26,8
LF:9
LH:2
BRDA:7,0,0,0
BRDA:7,0,1,0
BRDA:7,1,0,0
BRDA:7,1,1,0
BRDA:14,2,0,0
BRDA:14,2,1,0
BRF:6
BRH:0
end_of_record
TN:
SF:src\services\smsService.js
FN:4,formatPhoneToE164
FN:21,sendOtpSms
FNF:2
FNH:1
FNDA:0,formatPhoneToE164
FNDA:2,sendOtpSms
DA:1,8
DA:2,8
DA:5,0
DA:6,0
DA:7,0
DA:9,0
DA:10,0
DA:12,0
DA:13,0
DA:15,0
DA:16,0
DA:18,0
DA:22,2
DA:23,2
DA:24,2
DA:27,2
DA:31,2
DA:32,2
DA:33,2
DA:34,2
DA:35,2
DA:36,2
DA:39,0
DA:40,0
DA:41,0
DA:43,0
DA:49,0
DA:51,0
DA:55,8
LF:29
LH:13
BRDA:6,0,0,0
BRDA:6,0,1,0
BRDA:6,1,0,0
BRDA:6,1,1,0
BRDA:9,2,0,0
BRDA:9,2,1,0
BRDA:12,3,0,0
BRDA:12,3,1,0
BRDA:15,4,0,0
BRDA:15,4,1,0
BRDA:15,5,0,0
BRDA:15,5,1,0
BRDA:22,6,0,2
BRDA:22,6,1,0
BRDA:23,7,0,2
BRDA:23,7,1,0
BRDA:24,8,0,2
BRDA:24,8,1,0
BRDA:27,9,0,2
BRDA:27,9,1,2
BRDA:27,9,2,2
BRDA:27,9,3,0
BRDA:27,9,4,0
BRDA:31,10,0,2
BRDA:31,10,1,0
BRDA:31,11,0,2
BRDA:31,11,1,0
BRDA:31,11,2,0
BRDA:31,11,3,0
BRF:29
BRH:8
end_of_record
TN:
SF:src\utils\errorHandler.js
FN:3,handleError
FNF:1
FNH:0
FNDA:0,handleError
DA:1,8
DA:4,0
DA:6,0
DA:14,0
DA:15,0
DA:18,0
DA:19,0
DA:22,0
DA:23,0
DA:26,8
LF:10
LH:2
BRDA:4,0,0,0
BRDA:4,0,1,0
BRDA:7,1,0,0
BRDA:7,1,1,0
BRDA:8,2,0,0
BRDA:8,2,1,0
BRDA:9,3,0,0
BRDA:9,3,1,0
BRDA:14,4,0,0
BRDA:14,4,1,0
BRDA:18,5,0,0
BRDA:18,5,1,0
BRF:12
BRH:0
end_of_record
TN:
SF:src\utils\escapeRegExp.js
FN:1,escapeRegExp
FNF:1
FNH:1
FNDA:30,escapeRegExp
DA:2,30
DA:5,13
LF:2
LH:2
BRF:0
BRH:0
end_of_record
TN:
SF:src\utils\logger.js
FN:11,(anonymous_0)
FNF:1
FNH:1
FNDA:28,(anonymous_0)
DA:1,13
DA:3,13
DA:12,28
DA:15,28
DA:22,13
LF:5
LH:5
BRDA:4,0,0,13
BRDA:4,0,1,13
BRDA:8,1,0,0
BRDA:8,1,1,13
BRDA:12,2,0,0
BRDA:12,2,1,28
BRDA:15,3,0,0
BRDA:15,3,1,28
BRF:8
BRH:5
end_of_record
